[2022-08-17 15:59:48,853] {taskinstance.py:1032} INFO - Dependencies all met for <TaskInstance: bar_data_dag.local_to_gcs_task manual__2022-08-17T15:51:53.623971+00:00 [queued]>
[2022-08-17 15:59:48,867] {taskinstance.py:1032} INFO - Dependencies all met for <TaskInstance: bar_data_dag.local_to_gcs_task manual__2022-08-17T15:51:53.623971+00:00 [queued]>
[2022-08-17 15:59:48,868] {taskinstance.py:1238} INFO - 
--------------------------------------------------------------------------------
[2022-08-17 15:59:48,869] {taskinstance.py:1239} INFO - Starting attempt 2 of 2
[2022-08-17 15:59:48,870] {taskinstance.py:1240} INFO - 
--------------------------------------------------------------------------------
[2022-08-17 15:59:48,886] {taskinstance.py:1259} INFO - Executing <Task(PythonOperator): local_to_gcs_task> on 2022-08-17 15:51:53.623971+00:00
[2022-08-17 15:59:48,893] {standard_task_runner.py:52} INFO - Started process 3137 to run task
[2022-08-17 15:59:48,897] {standard_task_runner.py:76} INFO - Running: ['***', 'tasks', 'run', 'bar_data_dag', 'local_to_gcs_task', 'manual__2022-08-17T15:51:53.623971+00:00', '--job-id', '171', '--raw', '--subdir', 'DAGS_FOLDER/upload_bar_data.py', '--cfg-path', '/tmp/tmpjymp1905', '--error-file', '/tmp/tmpaqbqdg5x']
[2022-08-17 15:59:48,899] {standard_task_runner.py:77} INFO - Job 171: Subtask local_to_gcs_task
[2022-08-17 15:59:49,012] {logging_mixin.py:109} INFO - Running <TaskInstance: bar_data_dag.local_to_gcs_task manual__2022-08-17T15:51:53.623971+00:00 [running]> on host 68a051b485fc
[2022-08-17 15:59:49,097] {taskinstance.py:1426} INFO - Exporting the following env vars:
AIRFLOW_CTX_DAG_OWNER=***
AIRFLOW_CTX_DAG_ID=bar_data_dag
AIRFLOW_CTX_TASK_ID=local_to_gcs_task
AIRFLOW_CTX_EXECUTION_DATE=2022-08-17T15:51:53.623971+00:00
AIRFLOW_CTX_DAG_RUN_ID=manual__2022-08-17T15:51:53.623971+00:00
[2022-08-17 15:59:56,267] {python.py:175} INFO - Done. Returned value was: None
[2022-08-17 15:59:56,281] {taskinstance.py:1277} INFO - Marking task as SUCCESS. dag_id=bar_data_dag, task_id=local_to_gcs_task, execution_date=20220817T155153, start_date=20220817T155948, end_date=20220817T155956
[2022-08-17 15:59:56,347] {local_task_job.py:154} INFO - Task exited with return code 0
[2022-08-17 15:59:56,383] {local_task_job.py:264} INFO - 0 downstream tasks scheduled from follow-on schedule check
