[2022-08-29 14:43:49,496] {taskinstance.py:1032} INFO - Dependencies all met for <TaskInstance: h1b_lca_data_v3.entry_task manual__2022-08-29T14:43:46.402943+00:00 [queued]>
[2022-08-29 14:43:49,510] {taskinstance.py:1032} INFO - Dependencies all met for <TaskInstance: h1b_lca_data_v3.entry_task manual__2022-08-29T14:43:46.402943+00:00 [queued]>
[2022-08-29 14:43:49,511] {taskinstance.py:1238} INFO - 
--------------------------------------------------------------------------------
[2022-08-29 14:43:49,513] {taskinstance.py:1239} INFO - Starting attempt 1 of 1
[2022-08-29 14:43:49,514] {taskinstance.py:1240} INFO - 
--------------------------------------------------------------------------------
[2022-08-29 14:43:49,530] {taskinstance.py:1259} INFO - Executing <Task(BashOperator): entry_task> on 2022-08-29 14:43:46.402943+00:00
[2022-08-29 14:43:49,538] {standard_task_runner.py:52} INFO - Started process 8905 to run task
[2022-08-29 14:43:49,544] {standard_task_runner.py:76} INFO - Running: ['***', 'tasks', 'run', 'h1b_lca_data_v3', 'entry_task', 'manual__2022-08-29T14:43:46.402943+00:00', '--job-id', '1433', '--raw', '--subdir', 'DAGS_FOLDER/upload_h1b_data_to_gcp.py', '--cfg-path', '/tmp/tmpwaa7dda6', '--error-file', '/tmp/tmpu6lyzn4i']
[2022-08-29 14:43:49,547] {standard_task_runner.py:77} INFO - Job 1433: Subtask entry_task
[2022-08-29 14:43:49,624] {logging_mixin.py:109} INFO - Running <TaskInstance: h1b_lca_data_v3.entry_task manual__2022-08-29T14:43:46.402943+00:00 [running]> on host efb24f1b01c6
[2022-08-29 14:43:49,674] {warnings.py:110} WARNING - /home/***/.local/lib/python3.7/site-packages/***/utils/context.py:152: AirflowContextDeprecationWarning: Accessing 'execution_date' from the template is deprecated and will be removed in a future version. Please use 'data_interval_start' or 'logical_date' instead.
  warnings.warn(_create_deprecation_warning(key, self._deprecation_replacements[key]))

[2022-08-29 14:43:49,715] {taskinstance.py:1426} INFO - Exporting the following env vars:
AIRFLOW_CTX_DAG_OWNER=***
AIRFLOW_CTX_DAG_ID=h1b_lca_data_v3
AIRFLOW_CTX_TASK_ID=entry_task
AIRFLOW_CTX_EXECUTION_DATE=2022-08-29T14:43:46.402943+00:00
AIRFLOW_CTX_DAG_RUN_ID=manual__2022-08-29T14:43:46.402943+00:00
[2022-08-29 14:43:49,719] {subprocess.py:62} INFO - Tmp dir root location: 
 /tmp
[2022-08-29 14:43:49,730] {subprocess.py:74} INFO - Running command: ['bash', '-c', 'echo /opt/***/LCA_Disclosure_Data_FY2022_Q8.xlsx ']
[2022-08-29 14:43:49,754] {subprocess.py:85} INFO - Output:
[2022-08-29 14:43:49,760] {subprocess.py:89} INFO - /opt/***/LCA_Disclosure_Data_FY2022_Q8.xlsx
[2022-08-29 14:43:49,761] {subprocess.py:93} INFO - Command exited with return code 0
[2022-08-29 14:43:49,800] {taskinstance.py:1277} INFO - Marking task as SUCCESS. dag_id=h1b_lca_data_v3, task_id=entry_task, execution_date=20220829T144346, start_date=20220829T144349, end_date=20220829T144349
[2022-08-29 14:43:49,844] {local_task_job.py:154} INFO - Task exited with return code 0
[2022-08-29 14:43:49,942] {local_task_job.py:264} INFO - 1 downstream tasks scheduled from follow-on schedule check
