[2022-08-23 16:01:47,235] {taskinstance.py:1032} INFO - Dependencies all met for <TaskInstance: api_dag.is_api_active scheduled__2022-08-22T00:00:00+00:00 [queued]>
[2022-08-23 16:01:47,277] {taskinstance.py:1032} INFO - Dependencies all met for <TaskInstance: api_dag.is_api_active scheduled__2022-08-22T00:00:00+00:00 [queued]>
[2022-08-23 16:01:47,279] {taskinstance.py:1238} INFO - 
--------------------------------------------------------------------------------
[2022-08-23 16:01:47,281] {taskinstance.py:1239} INFO - Starting attempt 3 of 3
[2022-08-23 16:01:47,282] {taskinstance.py:1240} INFO - 
--------------------------------------------------------------------------------
[2022-08-23 16:01:47,307] {taskinstance.py:1259} INFO - Executing <Task(HttpSensor): is_api_active> on 2022-08-22 00:00:00+00:00
[2022-08-23 16:01:47,326] {standard_task_runner.py:52} INFO - Started process 845 to run task
[2022-08-23 16:01:47,337] {standard_task_runner.py:76} INFO - Running: ['***', 'tasks', 'run', 'api_dag', 'is_api_active', 'scheduled__2022-08-22T00:00:00+00:00', '--job-id', '255', '--raw', '--subdir', 'DAGS_FOLDER/api_dag.py', '--cfg-path', '/tmp/tmpopvdnmvm', '--error-file', '/tmp/tmps8gqz1nl']
[2022-08-23 16:01:47,340] {standard_task_runner.py:77} INFO - Job 255: Subtask is_api_active
[2022-08-23 16:01:47,439] {logging_mixin.py:109} INFO - Running <TaskInstance: api_dag.is_api_active scheduled__2022-08-22T00:00:00+00:00 [running]> on host 7dedb8b41d8d
[2022-08-23 16:01:47,514] {taskinstance.py:1426} INFO - Exporting the following env vars:
AIRFLOW_CTX_DAG_OWNER=***
AIRFLOW_CTX_DAG_ID=api_dag
AIRFLOW_CTX_TASK_ID=is_api_active
AIRFLOW_CTX_EXECUTION_DATE=2022-08-22T00:00:00+00:00
AIRFLOW_CTX_DAG_RUN_ID=scheduled__2022-08-22T00:00:00+00:00
[2022-08-23 16:01:47,517] {http.py:101} INFO - Poking: posts/
[2022-08-23 16:01:47,538] {base.py:79} INFO - Using connection to: id: api_posts. Host: https://gorest.co.in/public/v2/, Port: None, Schema: , Login: , Password: None, extra: {}
[2022-08-23 16:01:47,541] {http.py:140} INFO - Sending 'GET' to url: https://gorest.co.in/public/v2/posts/
[2022-08-23 16:01:48,449] {base.py:249} INFO - Success criteria met. Exiting.
[2022-08-23 16:01:48,477] {taskinstance.py:1277} INFO - Marking task as SUCCESS. dag_id=api_dag, task_id=is_api_active, execution_date=20220822T000000, start_date=20220823T160147, end_date=20220823T160148
[2022-08-23 16:01:48,559] {local_task_job.py:154} INFO - Task exited with return code 0
[2022-08-23 16:01:48,609] {local_task_job.py:264} INFO - 1 downstream tasks scheduled from follow-on schedule check
