[2022-08-23 16:05:15,130] {taskinstance.py:1032} INFO - Dependencies all met for <TaskInstance: api_dag.is_api_active scheduled__2022-08-22T00:00:00+00:00 [queued]>
[2022-08-23 16:05:15,148] {taskinstance.py:1032} INFO - Dependencies all met for <TaskInstance: api_dag.is_api_active scheduled__2022-08-22T00:00:00+00:00 [queued]>
[2022-08-23 16:05:15,149] {taskinstance.py:1238} INFO - 
--------------------------------------------------------------------------------
[2022-08-23 16:05:15,150] {taskinstance.py:1239} INFO - Starting attempt 4 of 4
[2022-08-23 16:05:15,151] {taskinstance.py:1240} INFO - 
--------------------------------------------------------------------------------
[2022-08-23 16:05:15,167] {taskinstance.py:1259} INFO - Executing <Task(HttpSensor): is_api_active> on 2022-08-22 00:00:00+00:00
[2022-08-23 16:05:15,175] {standard_task_runner.py:52} INFO - Started process 999 to run task
[2022-08-23 16:05:15,180] {standard_task_runner.py:76} INFO - Running: ['***', 'tasks', 'run', 'api_dag', 'is_api_active', 'scheduled__2022-08-22T00:00:00+00:00', '--job-id', '258', '--raw', '--subdir', 'DAGS_FOLDER/api_dag.py', '--cfg-path', '/tmp/tmp59hnpv7v', '--error-file', '/tmp/tmp_m1iwzf9']
[2022-08-23 16:05:15,181] {standard_task_runner.py:77} INFO - Job 258: Subtask is_api_active
[2022-08-23 16:05:15,260] {logging_mixin.py:109} INFO - Running <TaskInstance: api_dag.is_api_active scheduled__2022-08-22T00:00:00+00:00 [running]> on host 7dedb8b41d8d
[2022-08-23 16:05:15,326] {taskinstance.py:1426} INFO - Exporting the following env vars:
AIRFLOW_CTX_DAG_OWNER=***
AIRFLOW_CTX_DAG_ID=api_dag
AIRFLOW_CTX_TASK_ID=is_api_active
AIRFLOW_CTX_EXECUTION_DATE=2022-08-22T00:00:00+00:00
AIRFLOW_CTX_DAG_RUN_ID=scheduled__2022-08-22T00:00:00+00:00
[2022-08-23 16:05:15,328] {http.py:101} INFO - Poking: posts/
[2022-08-23 16:05:15,345] {base.py:79} INFO - Using connection to: id: api_posts. Host: https://gorest.co.in/public/v2/, Port: None, Schema: , Login: , Password: None, extra: {}
[2022-08-23 16:05:15,350] {http.py:140} INFO - Sending 'GET' to url: https://gorest.co.in/public/v2/posts/
[2022-08-23 16:05:15,769] {base.py:249} INFO - Success criteria met. Exiting.
[2022-08-23 16:05:15,792] {taskinstance.py:1277} INFO - Marking task as SUCCESS. dag_id=api_dag, task_id=is_api_active, execution_date=20220822T000000, start_date=20220823T160515, end_date=20220823T160515
[2022-08-23 16:05:15,848] {local_task_job.py:154} INFO - Task exited with return code 0
[2022-08-23 16:05:15,894] {local_task_job.py:264} INFO - 1 downstream tasks scheduled from follow-on schedule check
