[2022-08-25 19:47:26,909] {taskinstance.py:1032} INFO - Dependencies all met for <TaskInstance: h1b_lca_data.download_data_task scheduled__2021-01-10T06:00:00+00:00 [queued]>
[2022-08-25 19:47:26,926] {taskinstance.py:1032} INFO - Dependencies all met for <TaskInstance: h1b_lca_data.download_data_task scheduled__2021-01-10T06:00:00+00:00 [queued]>
[2022-08-25 19:47:26,927] {taskinstance.py:1238} INFO - 
--------------------------------------------------------------------------------
[2022-08-25 19:47:26,928] {taskinstance.py:1239} INFO - Starting attempt 21 of 21
[2022-08-25 19:47:26,929] {taskinstance.py:1240} INFO - 
--------------------------------------------------------------------------------
[2022-08-25 19:47:26,944] {taskinstance.py:1259} INFO - Executing <Task(BashOperator): download_data_task> on 2021-01-10 06:00:00+00:00
[2022-08-25 19:47:26,955] {standard_task_runner.py:52} INFO - Started process 138 to run task
[2022-08-25 19:47:26,960] {standard_task_runner.py:76} INFO - Running: ['***', 'tasks', 'run', 'h1b_lca_data', 'download_data_task', 'scheduled__2021-01-10T06:00:00+00:00', '--job-id', '308', '--raw', '--subdir', 'DAGS_FOLDER/upload_h1b_data_to_gcp.py', '--cfg-path', '/tmp/tmpbl93uhp8', '--error-file', '/tmp/tmp4z4qjqr2']
[2022-08-25 19:47:26,963] {standard_task_runner.py:77} INFO - Job 308: Subtask download_data_task
[2022-08-25 19:47:27,062] {logging_mixin.py:109} INFO - Running <TaskInstance: h1b_lca_data.download_data_task scheduled__2021-01-10T06:00:00+00:00 [running]> on host c42a46c7ccf6
[2022-08-25 19:47:27,115] {warnings.py:110} WARNING - /home/***/.local/lib/python3.7/site-packages/***/utils/context.py:152: AirflowContextDeprecationWarning: Accessing 'execution_date' from the template is deprecated and will be removed in a future version. Please use 'data_interval_start' or 'logical_date' instead.
  warnings.warn(_create_deprecation_warning(key, self._deprecation_replacements[key]))

[2022-08-25 19:47:27,143] {taskinstance.py:1426} INFO - Exporting the following env vars:
AIRFLOW_CTX_DAG_OWNER=***
AIRFLOW_CTX_DAG_ID=h1b_lca_data
AIRFLOW_CTX_TASK_ID=download_data_task
AIRFLOW_CTX_EXECUTION_DATE=2021-01-10T06:00:00+00:00
AIRFLOW_CTX_DAG_RUN_ID=scheduled__2021-01-10T06:00:00+00:00
[2022-08-25 19:47:27,147] {subprocess.py:62} INFO - Tmp dir root location: 
 /tmp
[2022-08-25 19:47:27,149] {subprocess.py:74} INFO - Running command: ['bash', '-c', 'curl -sSL https://www.dol.gov/sites/dolgov/files/ETA/oflc/pdfs/LCA_Disclosure_Data_FY2021_Q1.xlsx > /opt/***/LCA_Disclosure_Data_FY2021_Q1.xlsx']
[2022-08-25 19:47:27,168] {subprocess.py:85} INFO - Output:
[2022-08-25 19:48:01,805] {subprocess.py:93} INFO - Command exited with return code 0
[2022-08-25 19:48:01,848] {taskinstance.py:1277} INFO - Marking task as SUCCESS. dag_id=h1b_lca_data, task_id=download_data_task, execution_date=20210110T060000, start_date=20220825T194726, end_date=20220825T194801
[2022-08-25 19:48:01,933] {local_task_job.py:154} INFO - Task exited with return code 0
[2022-08-25 19:48:02,948] {local_task_job.py:264} INFO - 1 downstream tasks scheduled from follow-on schedule check
