[2022-08-25 20:00:07,566] {taskinstance.py:1032} INFO - Dependencies all met for <TaskInstance: h1b_lca_data.download_data_task scheduled__2021-01-10T06:00:00+00:00 [queued]>
[2022-08-25 20:00:07,581] {taskinstance.py:1032} INFO - Dependencies all met for <TaskInstance: h1b_lca_data.download_data_task scheduled__2021-01-10T06:00:00+00:00 [queued]>
[2022-08-25 20:00:07,582] {taskinstance.py:1238} INFO - 
--------------------------------------------------------------------------------
[2022-08-25 20:00:07,583] {taskinstance.py:1239} INFO - Starting attempt 22 of 22
[2022-08-25 20:00:07,584] {taskinstance.py:1240} INFO - 
--------------------------------------------------------------------------------
[2022-08-25 20:00:07,601] {taskinstance.py:1259} INFO - Executing <Task(BashOperator): download_data_task> on 2021-01-10 06:00:00+00:00
[2022-08-25 20:00:07,608] {standard_task_runner.py:52} INFO - Started process 116 to run task
[2022-08-25 20:00:07,616] {standard_task_runner.py:76} INFO - Running: ['***', 'tasks', 'run', 'h1b_lca_data', 'download_data_task', 'scheduled__2021-01-10T06:00:00+00:00', '--job-id', '313', '--raw', '--subdir', 'DAGS_FOLDER/upload_h1b_data_to_gcp.py', '--cfg-path', '/tmp/tmpr78mlpx4', '--error-file', '/tmp/tmpyzsklbna']
[2022-08-25 20:00:07,619] {standard_task_runner.py:77} INFO - Job 313: Subtask download_data_task
[2022-08-25 20:00:07,707] {logging_mixin.py:109} INFO - Running <TaskInstance: h1b_lca_data.download_data_task scheduled__2021-01-10T06:00:00+00:00 [running]> on host f6e4118e3ac5
[2022-08-25 20:00:07,763] {warnings.py:110} WARNING - /home/***/.local/lib/python3.7/site-packages/***/utils/context.py:152: AirflowContextDeprecationWarning: Accessing 'execution_date' from the template is deprecated and will be removed in a future version. Please use 'data_interval_start' or 'logical_date' instead.
  warnings.warn(_create_deprecation_warning(key, self._deprecation_replacements[key]))

[2022-08-25 20:00:07,786] {taskinstance.py:1426} INFO - Exporting the following env vars:
AIRFLOW_CTX_DAG_OWNER=***
AIRFLOW_CTX_DAG_ID=h1b_lca_data
AIRFLOW_CTX_TASK_ID=download_data_task
AIRFLOW_CTX_EXECUTION_DATE=2021-01-10T06:00:00+00:00
AIRFLOW_CTX_DAG_RUN_ID=scheduled__2021-01-10T06:00:00+00:00
[2022-08-25 20:00:07,789] {subprocess.py:62} INFO - Tmp dir root location: 
 /tmp
[2022-08-25 20:00:07,791] {subprocess.py:74} INFO - Running command: ['bash', '-c', 'curl -sSL https://www.dol.gov/sites/dolgov/files/ETA/oflc/pdfs/LCA_Disclosure_Data_FY2021_Q1.xlsx > /opt/***/LCA_Disclosure_Data_FY2021_Q1.xlsx']
[2022-08-25 20:00:07,811] {subprocess.py:85} INFO - Output:
[2022-08-25 20:01:11,800] {subprocess.py:93} INFO - Command exited with return code 0
[2022-08-25 20:01:11,831] {taskinstance.py:1277} INFO - Marking task as SUCCESS. dag_id=h1b_lca_data, task_id=download_data_task, execution_date=20210110T060000, start_date=20220825T200007, end_date=20220825T200111
[2022-08-25 20:01:11,879] {local_task_job.py:154} INFO - Task exited with return code 0
[2022-08-25 20:01:11,923] {local_task_job.py:264} INFO - 1 downstream tasks scheduled from follow-on schedule check
