[2022-08-25 20:37:38,149] {taskinstance.py:1032} INFO - Dependencies all met for <TaskInstance: h1b_lca_data.download_data_task scheduled__2021-01-10T06:00:00+00:00 [queued]>
[2022-08-25 20:37:38,164] {taskinstance.py:1032} INFO - Dependencies all met for <TaskInstance: h1b_lca_data.download_data_task scheduled__2021-01-10T06:00:00+00:00 [queued]>
[2022-08-25 20:37:38,165] {taskinstance.py:1238} INFO - 
--------------------------------------------------------------------------------
[2022-08-25 20:37:38,165] {taskinstance.py:1239} INFO - Starting attempt 24 of 24
[2022-08-25 20:37:38,166] {taskinstance.py:1240} INFO - 
--------------------------------------------------------------------------------
[2022-08-25 20:37:38,181] {taskinstance.py:1259} INFO - Executing <Task(BashOperator): download_data_task> on 2021-01-10 06:00:00+00:00
[2022-08-25 20:37:38,189] {standard_task_runner.py:52} INFO - Started process 843 to run task
[2022-08-25 20:37:38,194] {standard_task_runner.py:76} INFO - Running: ['***', 'tasks', 'run', 'h1b_lca_data', 'download_data_task', 'scheduled__2021-01-10T06:00:00+00:00', '--job-id', '320', '--raw', '--subdir', 'DAGS_FOLDER/upload_h1b_data_to_gcp.py', '--cfg-path', '/tmp/tmpte1w5sn6', '--error-file', '/tmp/tmpmc9anfb2']
[2022-08-25 20:37:38,196] {standard_task_runner.py:77} INFO - Job 320: Subtask download_data_task
[2022-08-25 20:37:38,265] {logging_mixin.py:109} INFO - Running <TaskInstance: h1b_lca_data.download_data_task scheduled__2021-01-10T06:00:00+00:00 [running]> on host c8cac1ea6d9c
[2022-08-25 20:37:38,308] {warnings.py:110} WARNING - /home/***/.local/lib/python3.7/site-packages/***/utils/context.py:152: AirflowContextDeprecationWarning: Accessing 'execution_date' from the template is deprecated and will be removed in a future version. Please use 'data_interval_start' or 'logical_date' instead.
  warnings.warn(_create_deprecation_warning(key, self._deprecation_replacements[key]))

[2022-08-25 20:37:38,330] {taskinstance.py:1426} INFO - Exporting the following env vars:
AIRFLOW_CTX_DAG_OWNER=***
AIRFLOW_CTX_DAG_ID=h1b_lca_data
AIRFLOW_CTX_TASK_ID=download_data_task
AIRFLOW_CTX_EXECUTION_DATE=2021-01-10T06:00:00+00:00
AIRFLOW_CTX_DAG_RUN_ID=scheduled__2021-01-10T06:00:00+00:00
[2022-08-25 20:37:38,333] {subprocess.py:62} INFO - Tmp dir root location: 
 /tmp
[2022-08-25 20:37:38,334] {subprocess.py:74} INFO - Running command: ['bash', '-c', 'curl -sSL https://www.dol.gov/sites/dolgov/files/ETA/oflc/pdfs/LCA_Disclosure_Data_FY2021_Q1.xlsx > /opt/***/LCA_Disclosure_Data_FY2021_Q1.xlsx']
[2022-08-25 20:37:38,351] {subprocess.py:85} INFO - Output:
[2022-08-25 20:38:13,305] {subprocess.py:93} INFO - Command exited with return code 0
[2022-08-25 20:38:13,347] {taskinstance.py:1277} INFO - Marking task as SUCCESS. dag_id=h1b_lca_data, task_id=download_data_task, execution_date=20210110T060000, start_date=20220825T203738, end_date=20220825T203813
[2022-08-25 20:38:13,394] {local_task_job.py:154} INFO - Task exited with return code 0
[2022-08-25 20:38:13,436] {local_task_job.py:264} INFO - 1 downstream tasks scheduled from follow-on schedule check
