[2022-08-17 16:02:21,554] {taskinstance.py:1032} INFO - Dependencies all met for <TaskInstance: move_gcs_bar_crawl_data_to_bq_workflow.bigquery_external_table_task scheduled__2022-08-16T00:00:00+00:00 [queued]>
[2022-08-17 16:02:21,577] {taskinstance.py:1032} INFO - Dependencies all met for <TaskInstance: move_gcs_bar_crawl_data_to_bq_workflow.bigquery_external_table_task scheduled__2022-08-16T00:00:00+00:00 [queued]>
[2022-08-17 16:02:21,581] {taskinstance.py:1238} INFO - 
--------------------------------------------------------------------------------
[2022-08-17 16:02:21,582] {taskinstance.py:1239} INFO - Starting attempt 6 of 7
[2022-08-17 16:02:21,583] {taskinstance.py:1240} INFO - 
--------------------------------------------------------------------------------
[2022-08-17 16:02:21,600] {taskinstance.py:1259} INFO - Executing <Task(BigQueryCreateExternalTableOperator): bigquery_external_table_task> on 2022-08-16 00:00:00+00:00
[2022-08-17 16:02:21,610] {standard_task_runner.py:52} INFO - Started process 3263 to run task
[2022-08-17 16:02:21,614] {standard_task_runner.py:76} INFO - Running: ['***', 'tasks', 'run', 'move_gcs_bar_crawl_data_to_bq_workflow', 'bigquery_external_table_task', 'scheduled__2022-08-16T00:00:00+00:00', '--job-id', '173', '--raw', '--subdir', 'DAGS_FOLDER/gcs_to_bq.py', '--cfg-path', '/tmp/tmpdslqiqi8', '--error-file', '/tmp/tmp9eajlhpj']
[2022-08-17 16:02:21,616] {standard_task_runner.py:77} INFO - Job 173: Subtask bigquery_external_table_task
[2022-08-17 16:02:21,693] {logging_mixin.py:109} INFO - Running <TaskInstance: move_gcs_bar_crawl_data_to_bq_workflow.bigquery_external_table_task scheduled__2022-08-16T00:00:00+00:00 [running]> on host 68a051b485fc
[2022-08-17 16:02:21,756] {taskinstance.py:1426} INFO - Exporting the following env vars:
AIRFLOW_CTX_DAG_OWNER=***
AIRFLOW_CTX_DAG_ID=move_gcs_bar_crawl_data_to_bq_workflow
AIRFLOW_CTX_TASK_ID=bigquery_external_table_task
AIRFLOW_CTX_EXECUTION_DATE=2022-08-16T00:00:00+00:00
AIRFLOW_CTX_DAG_RUN_ID=scheduled__2022-08-16T00:00:00+00:00
[2022-08-17 16:02:21,759] {crypto.py:82} WARNING - empty cryptography key - values will not be stored encrypted.
[2022-08-17 16:02:28,983] {taskinstance.py:1277} INFO - Marking task as SUCCESS. dag_id=move_gcs_bar_crawl_data_to_bq_workflow, task_id=bigquery_external_table_task, execution_date=20220816T000000, start_date=20220817T160221, end_date=20220817T160228
[2022-08-17 16:02:29,041] {local_task_job.py:154} INFO - Task exited with return code 0
[2022-08-17 16:02:29,093] {local_task_job.py:264} INFO - 1 downstream tasks scheduled from follow-on schedule check
