[2022-08-17 16:07:35,137] {taskinstance.py:1032} INFO - Dependencies all met for <TaskInstance: move_gcs_bar_crawl_data_to_bq_workflow.bigquery_external_table_task scheduled__2022-08-16T00:00:00+00:00 [queued]>
[2022-08-17 16:07:35,159] {taskinstance.py:1032} INFO - Dependencies all met for <TaskInstance: move_gcs_bar_crawl_data_to_bq_workflow.bigquery_external_table_task scheduled__2022-08-16T00:00:00+00:00 [queued]>
[2022-08-17 16:07:35,161] {taskinstance.py:1238} INFO - 
--------------------------------------------------------------------------------
[2022-08-17 16:07:35,162] {taskinstance.py:1239} INFO - Starting attempt 8 of 9
[2022-08-17 16:07:35,163] {taskinstance.py:1240} INFO - 
--------------------------------------------------------------------------------
[2022-08-17 16:07:35,183] {taskinstance.py:1259} INFO - Executing <Task(BigQueryCreateExternalTableOperator): bigquery_external_table_task> on 2022-08-16 00:00:00+00:00
[2022-08-17 16:07:35,192] {standard_task_runner.py:52} INFO - Started process 3509 to run task
[2022-08-17 16:07:35,198] {standard_task_runner.py:76} INFO - Running: ['***', 'tasks', 'run', 'move_gcs_bar_crawl_data_to_bq_workflow', 'bigquery_external_table_task', 'scheduled__2022-08-16T00:00:00+00:00', '--job-id', '177', '--raw', '--subdir', 'DAGS_FOLDER/gcs_to_bq.py', '--cfg-path', '/tmp/tmp6o4anh1o', '--error-file', '/tmp/tmpibfwj4hc']
[2022-08-17 16:07:35,199] {standard_task_runner.py:77} INFO - Job 177: Subtask bigquery_external_table_task
[2022-08-17 16:07:35,332] {logging_mixin.py:109} INFO - Running <TaskInstance: move_gcs_bar_crawl_data_to_bq_workflow.bigquery_external_table_task scheduled__2022-08-16T00:00:00+00:00 [running]> on host 68a051b485fc
[2022-08-17 16:07:35,405] {taskinstance.py:1426} INFO - Exporting the following env vars:
AIRFLOW_CTX_DAG_OWNER=***
AIRFLOW_CTX_DAG_ID=move_gcs_bar_crawl_data_to_bq_workflow
AIRFLOW_CTX_TASK_ID=bigquery_external_table_task
AIRFLOW_CTX_EXECUTION_DATE=2022-08-16T00:00:00+00:00
AIRFLOW_CTX_DAG_RUN_ID=scheduled__2022-08-16T00:00:00+00:00
[2022-08-17 16:07:35,408] {crypto.py:82} WARNING - empty cryptography key - values will not be stored encrypted.
[2022-08-17 16:07:42,888] {taskinstance.py:1277} INFO - Marking task as SUCCESS. dag_id=move_gcs_bar_crawl_data_to_bq_workflow, task_id=bigquery_external_table_task, execution_date=20220816T000000, start_date=20220817T160735, end_date=20220817T160742
[2022-08-17 16:07:42,967] {local_task_job.py:154} INFO - Task exited with return code 0
[2022-08-17 16:07:43,031] {local_task_job.py:264} INFO - 1 downstream tasks scheduled from follow-on schedule check
