[2022-08-29 14:46:39,898] {taskinstance.py:1032} INFO - Dependencies all met for <TaskInstance: h1b_lca_data_v3.entry_task scheduled__2022-04-10T06:00:00+00:00 [queued]>
[2022-08-29 14:46:39,924] {taskinstance.py:1032} INFO - Dependencies all met for <TaskInstance: h1b_lca_data_v3.entry_task scheduled__2022-04-10T06:00:00+00:00 [queued]>
[2022-08-29 14:46:39,926] {taskinstance.py:1238} INFO - 
--------------------------------------------------------------------------------
[2022-08-29 14:46:39,927] {taskinstance.py:1239} INFO - Starting attempt 1 of 1
[2022-08-29 14:46:39,929] {taskinstance.py:1240} INFO - 
--------------------------------------------------------------------------------
[2022-08-29 14:46:39,960] {taskinstance.py:1259} INFO - Executing <Task(BashOperator): entry_task> on 2022-04-10 06:00:00+00:00
[2022-08-29 14:46:39,976] {standard_task_runner.py:52} INFO - Started process 9075 to run task
[2022-08-29 14:46:39,989] {standard_task_runner.py:76} INFO - Running: ['***', 'tasks', 'run', 'h1b_lca_data_v3', 'entry_task', 'scheduled__2022-04-10T06:00:00+00:00', '--job-id', '1442', '--raw', '--subdir', 'DAGS_FOLDER/upload_h1b_data_to_gcp.py', '--cfg-path', '/tmp/tmp_3859hq_', '--error-file', '/tmp/tmpu9zejfzc']
[2022-08-29 14:46:39,991] {standard_task_runner.py:77} INFO - Job 1442: Subtask entry_task
[2022-08-29 14:46:40,166] {logging_mixin.py:109} INFO - Running <TaskInstance: h1b_lca_data_v3.entry_task scheduled__2022-04-10T06:00:00+00:00 [running]> on host efb24f1b01c6
[2022-08-29 14:46:40,291] {warnings.py:110} WARNING - /home/***/.local/lib/python3.7/site-packages/***/utils/context.py:152: AirflowContextDeprecationWarning: Accessing 'execution_date' from the template is deprecated and will be removed in a future version. Please use 'data_interval_start' or 'logical_date' instead.
  warnings.warn(_create_deprecation_warning(key, self._deprecation_replacements[key]))

[2022-08-29 14:46:40,354] {taskinstance.py:1426} INFO - Exporting the following env vars:
AIRFLOW_CTX_DAG_OWNER=***
AIRFLOW_CTX_DAG_ID=h1b_lca_data_v3
AIRFLOW_CTX_TASK_ID=entry_task
AIRFLOW_CTX_EXECUTION_DATE=2022-04-10T06:00:00+00:00
AIRFLOW_CTX_DAG_RUN_ID=scheduled__2022-04-10T06:00:00+00:00
[2022-08-29 14:46:40,363] {subprocess.py:62} INFO - Tmp dir root location: 
 /tmp
[2022-08-29 14:46:40,369] {subprocess.py:74} INFO - Running command: ['bash', '-c', 'echo /opt/***/LCA_Disclosure_Data_FY2022_Q4.xlsx ']
[2022-08-29 14:46:40,399] {subprocess.py:85} INFO - Output:
[2022-08-29 14:46:40,403] {subprocess.py:89} INFO - /opt/***/LCA_Disclosure_Data_FY2022_Q4.xlsx
[2022-08-29 14:46:40,409] {subprocess.py:93} INFO - Command exited with return code 0
[2022-08-29 14:46:40,499] {taskinstance.py:1277} INFO - Marking task as SUCCESS. dag_id=h1b_lca_data_v3, task_id=entry_task, execution_date=20220410T060000, start_date=20220829T144639, end_date=20220829T144640
[2022-08-29 14:46:40,573] {local_task_job.py:154} INFO - Task exited with return code 0
[2022-08-29 14:46:41,015] {local_task_job.py:264} INFO - 0 downstream tasks scheduled from follow-on schedule check
