[2022-08-25 18:53:01,502] {taskinstance.py:1032} INFO - Dependencies all met for <TaskInstance: api_dag.save_posts scheduled__2022-08-23T00:00:00+00:00 [queued]>
[2022-08-25 18:53:01,531] {taskinstance.py:1032} INFO - Dependencies all met for <TaskInstance: api_dag.save_posts scheduled__2022-08-23T00:00:00+00:00 [queued]>
[2022-08-25 18:53:01,534] {taskinstance.py:1238} INFO - 
--------------------------------------------------------------------------------
[2022-08-25 18:53:01,536] {taskinstance.py:1239} INFO - Starting attempt 1 of 1
[2022-08-25 18:53:01,536] {taskinstance.py:1240} INFO - 
--------------------------------------------------------------------------------
[2022-08-25 18:53:01,568] {taskinstance.py:1259} INFO - Executing <Task(PythonOperator): save_posts> on 2022-08-23 00:00:00+00:00
[2022-08-25 18:53:01,582] {standard_task_runner.py:52} INFO - Started process 82 to run task
[2022-08-25 18:53:01,630] {standard_task_runner.py:76} INFO - Running: ['***', 'tasks', 'run', 'api_dag', 'save_posts', 'scheduled__2022-08-23T00:00:00+00:00', '--job-id', '275', '--raw', '--subdir', 'DAGS_FOLDER/api_dag.py', '--cfg-path', '/tmp/tmpb8dctg0w', '--error-file', '/tmp/tmpacg2s4je']
[2022-08-25 18:53:01,633] {standard_task_runner.py:77} INFO - Job 275: Subtask save_posts
[2022-08-25 18:53:01,876] {logging_mixin.py:109} INFO - Running <TaskInstance: api_dag.save_posts scheduled__2022-08-23T00:00:00+00:00 [running]> on host 7dedb8b41d8d
[2022-08-25 18:53:02,206] {taskinstance.py:1426} INFO - Exporting the following env vars:
AIRFLOW_CTX_DAG_OWNER=***
AIRFLOW_CTX_DAG_ID=api_dag
AIRFLOW_CTX_TASK_ID=save_posts
AIRFLOW_CTX_EXECUTION_DATE=2022-08-23T00:00:00+00:00
AIRFLOW_CTX_DAG_RUN_ID=scheduled__2022-08-23T00:00:00+00:00
[2022-08-25 18:53:02,301] {python.py:175} INFO - Done. Returned value was: None
[2022-08-25 18:53:02,407] {taskinstance.py:1277} INFO - Marking task as SUCCESS. dag_id=api_dag, task_id=save_posts, execution_date=20220823T000000, start_date=20220825T185301, end_date=20220825T185302
[2022-08-25 18:53:02,532] {local_task_job.py:154} INFO - Task exited with return code 0
[2022-08-25 18:53:03,003] {local_task_job.py:264} INFO - 0 downstream tasks scheduled from follow-on schedule check
