[2022-08-25 18:52:49,879] {taskinstance.py:1032} INFO - Dependencies all met for <TaskInstance: api_dag.is_api_active scheduled__2022-08-24T00:00:00+00:00 [queued]>
[2022-08-25 18:52:49,955] {taskinstance.py:1032} INFO - Dependencies all met for <TaskInstance: api_dag.is_api_active scheduled__2022-08-24T00:00:00+00:00 [queued]>
[2022-08-25 18:52:49,984] {taskinstance.py:1238} INFO - 
--------------------------------------------------------------------------------
[2022-08-25 18:52:50,001] {taskinstance.py:1239} INFO - Starting attempt 1 of 1
[2022-08-25 18:52:50,006] {taskinstance.py:1240} INFO - 
--------------------------------------------------------------------------------
[2022-08-25 18:52:50,623] {taskinstance.py:1259} INFO - Executing <Task(HttpSensor): is_api_active> on 2022-08-24 00:00:00+00:00
[2022-08-25 18:52:50,741] {standard_task_runner.py:52} INFO - Started process 72 to run task
[2022-08-25 18:52:50,855] {standard_task_runner.py:76} INFO - Running: ['***', 'tasks', 'run', 'api_dag', 'is_api_active', 'scheduled__2022-08-24T00:00:00+00:00', '--job-id', '271', '--raw', '--subdir', 'DAGS_FOLDER/api_dag.py', '--cfg-path', '/tmp/tmpodbgoe74', '--error-file', '/tmp/tmpqnfhu87j']
[2022-08-25 18:52:50,909] {standard_task_runner.py:77} INFO - Job 271: Subtask is_api_active
[2022-08-25 18:52:52,381] {logging_mixin.py:109} INFO - Running <TaskInstance: api_dag.is_api_active scheduled__2022-08-24T00:00:00+00:00 [running]> on host 7dedb8b41d8d
[2022-08-25 18:52:52,707] {taskinstance.py:1426} INFO - Exporting the following env vars:
AIRFLOW_CTX_DAG_OWNER=***
AIRFLOW_CTX_DAG_ID=api_dag
AIRFLOW_CTX_TASK_ID=is_api_active
AIRFLOW_CTX_EXECUTION_DATE=2022-08-24T00:00:00+00:00
AIRFLOW_CTX_DAG_RUN_ID=scheduled__2022-08-24T00:00:00+00:00
[2022-08-25 18:52:52,722] {http.py:101} INFO - Poking: posts/
[2022-08-25 18:52:52,794] {base.py:79} INFO - Using connection to: id: api_posts. Host: https://gorest.co.in/public/v2/, Port: None, Schema: , Login: , Password: None, extra: {}
[2022-08-25 18:52:52,801] {http.py:140} INFO - Sending 'GET' to url: https://gorest.co.in/public/v2/posts/
[2022-08-25 18:52:53,821] {base.py:249} INFO - Success criteria met. Exiting.
[2022-08-25 18:52:53,876] {taskinstance.py:1277} INFO - Marking task as SUCCESS. dag_id=api_dag, task_id=is_api_active, execution_date=20220824T000000, start_date=20220825T185249, end_date=20220825T185253
[2022-08-25 18:52:54,064] {local_task_job.py:154} INFO - Task exited with return code 0
[2022-08-25 18:52:54,474] {local_task_job.py:264} INFO - 1 downstream tasks scheduled from follow-on schedule check
