[2022-08-23 15:46:20,655] {taskinstance.py:1032} INFO - Dependencies all met for <TaskInstance: h1b_lca_data.download_data_task scheduled__2022-04-10T06:00:00+00:00 [queued]>
[2022-08-23 15:46:20,669] {taskinstance.py:1032} INFO - Dependencies all met for <TaskInstance: h1b_lca_data.download_data_task scheduled__2022-04-10T06:00:00+00:00 [queued]>
[2022-08-23 15:46:20,671] {taskinstance.py:1238} INFO - 
--------------------------------------------------------------------------------
[2022-08-23 15:46:20,672] {taskinstance.py:1239} INFO - Starting attempt 2 of 2
[2022-08-23 15:46:20,673] {taskinstance.py:1240} INFO - 
--------------------------------------------------------------------------------
[2022-08-23 15:46:20,688] {taskinstance.py:1259} INFO - Executing <Task(BashOperator): download_data_task> on 2022-04-10 06:00:00+00:00
[2022-08-23 15:46:20,697] {standard_task_runner.py:52} INFO - Started process 146 to run task
[2022-08-23 15:46:20,703] {standard_task_runner.py:76} INFO - Running: ['***', 'tasks', 'run', 'h1b_lca_data', 'download_data_task', 'scheduled__2022-04-10T06:00:00+00:00', '--job-id', '249', '--raw', '--subdir', 'DAGS_FOLDER/upload_h1b_data_to_gcp.py', '--cfg-path', '/tmp/tmp7_a2ey4m', '--error-file', '/tmp/tmpul3f_y9j']
[2022-08-23 15:46:20,705] {standard_task_runner.py:77} INFO - Job 249: Subtask download_data_task
[2022-08-23 15:46:20,888] {logging_mixin.py:109} INFO - Running <TaskInstance: h1b_lca_data.download_data_task scheduled__2022-04-10T06:00:00+00:00 [running]> on host 7dedb8b41d8d
[2022-08-23 15:46:20,952] {warnings.py:110} WARNING - /home/***/.local/lib/python3.7/site-packages/***/utils/context.py:152: AirflowContextDeprecationWarning: Accessing 'execution_date' from the template is deprecated and will be removed in a future version. Please use 'data_interval_start' or 'logical_date' instead.
  warnings.warn(_create_deprecation_warning(key, self._deprecation_replacements[key]))

[2022-08-23 15:46:20,985] {taskinstance.py:1426} INFO - Exporting the following env vars:
AIRFLOW_CTX_DAG_OWNER=***
AIRFLOW_CTX_DAG_ID=h1b_lca_data
AIRFLOW_CTX_TASK_ID=download_data_task
AIRFLOW_CTX_EXECUTION_DATE=2022-04-10T06:00:00+00:00
AIRFLOW_CTX_DAG_RUN_ID=scheduled__2022-04-10T06:00:00+00:00
[2022-08-23 15:46:20,990] {subprocess.py:62} INFO - Tmp dir root location: 
 /tmp
[2022-08-23 15:46:20,993] {subprocess.py:74} INFO - Running command: ['bash', '-c', 'curl -sSL https://www.dol.gov/sites/dolgov/files/ETA/oflc/pdfs/LCA_Disclosure_Data_FY2022Q4.xlsx > /opt/***/LCA_Disclosure_Data_FY2022Q4.xlsx']
[2022-08-23 15:46:21,015] {subprocess.py:85} INFO - Output:
[2022-08-23 15:49:21,748] {subprocess.py:93} INFO - Command exited with return code 0
[2022-08-23 15:49:21,780] {taskinstance.py:1277} INFO - Marking task as SUCCESS. dag_id=h1b_lca_data, task_id=download_data_task, execution_date=20220410T060000, start_date=20220823T154620, end_date=20220823T154921
[2022-08-23 15:49:21,822] {local_task_job.py:154} INFO - Task exited with return code 0
[2022-08-23 15:49:21,869] {local_task_job.py:264} INFO - 1 downstream tasks scheduled from follow-on schedule check
