[2022-08-17 15:12:57,252] {taskinstance.py:1032} INFO - Dependencies all met for <TaskInstance: bar_data_dag.download_data_task manual__2022-08-17T14:40:34.710367+00:00 [queued]>
[2022-08-17 15:12:57,265] {taskinstance.py:1032} INFO - Dependencies all met for <TaskInstance: bar_data_dag.download_data_task manual__2022-08-17T14:40:34.710367+00:00 [queued]>
[2022-08-17 15:12:57,267] {taskinstance.py:1238} INFO - 
--------------------------------------------------------------------------------
[2022-08-17 15:12:57,267] {taskinstance.py:1239} INFO - Starting attempt 1 of 1
[2022-08-17 15:12:57,268] {taskinstance.py:1240} INFO - 
--------------------------------------------------------------------------------
[2022-08-17 15:12:57,283] {taskinstance.py:1259} INFO - Executing <Task(BashOperator): download_data_task> on 2022-08-17 14:40:34.710367+00:00
[2022-08-17 15:12:57,289] {standard_task_runner.py:52} INFO - Started process 1031 to run task
[2022-08-17 15:12:57,293] {standard_task_runner.py:76} INFO - Running: ['***', 'tasks', 'run', 'bar_data_dag', 'download_data_task', 'manual__2022-08-17T14:40:34.710367+00:00', '--job-id', '155', '--raw', '--subdir', 'DAGS_FOLDER/upload_bar_data.py', '--cfg-path', '/tmp/tmpz4wex_u_', '--error-file', '/tmp/tmp032pkjl6']
[2022-08-17 15:12:57,296] {standard_task_runner.py:77} INFO - Job 155: Subtask download_data_task
[2022-08-17 15:12:57,359] {logging_mixin.py:109} INFO - Running <TaskInstance: bar_data_dag.download_data_task manual__2022-08-17T14:40:34.710367+00:00 [running]> on host 68a051b485fc
[2022-08-17 15:12:57,418] {taskinstance.py:1426} INFO - Exporting the following env vars:
AIRFLOW_CTX_DAG_OWNER=***
AIRFLOW_CTX_DAG_ID=bar_data_dag
AIRFLOW_CTX_TASK_ID=download_data_task
AIRFLOW_CTX_EXECUTION_DATE=2022-08-17T14:40:34.710367+00:00
AIRFLOW_CTX_DAG_RUN_ID=manual__2022-08-17T14:40:34.710367+00:00
[2022-08-17 15:12:57,420] {subprocess.py:62} INFO - Tmp dir root location: 
 /tmp
[2022-08-17 15:12:57,422] {subprocess.py:74} INFO - Running command: ['bash', '-c', 'curl -sSL https://data.cityofnewyork.us/api/views/43nn-pn8j/rows.csv?accessType=DOWNLOAD > /opt/***/DOHMH_New_York_City_Restaurant_Inspection_Results.csv']
[2022-08-17 15:12:57,435] {subprocess.py:85} INFO - Output:
[2022-08-17 15:13:57,492] {subprocess.py:93} INFO - Command exited with return code 0
[2022-08-17 15:13:57,535] {taskinstance.py:1277} INFO - Marking task as SUCCESS. dag_id=bar_data_dag, task_id=download_data_task, execution_date=20220817T144034, start_date=20220817T151257, end_date=20220817T151357
[2022-08-17 15:13:57,581] {local_task_job.py:154} INFO - Task exited with return code 0
[2022-08-17 15:13:57,630] {local_task_job.py:264} INFO - 1 downstream tasks scheduled from follow-on schedule check
