[2022-08-29 14:31:33,840] {taskinstance.py:1032} INFO - Dependencies all met for <TaskInstance: h1b_lca_data_v2.download_data_task manual__2022-08-29T14:31:31.276624+00:00 [queued]>
[2022-08-29 14:31:33,870] {taskinstance.py:1032} INFO - Dependencies all met for <TaskInstance: h1b_lca_data_v2.download_data_task manual__2022-08-29T14:31:31.276624+00:00 [queued]>
[2022-08-29 14:31:33,873] {taskinstance.py:1238} INFO - 
--------------------------------------------------------------------------------
[2022-08-29 14:31:33,875] {taskinstance.py:1239} INFO - Starting attempt 1 of 1
[2022-08-29 14:31:33,878] {taskinstance.py:1240} INFO - 
--------------------------------------------------------------------------------
[2022-08-29 14:31:33,903] {taskinstance.py:1259} INFO - Executing <Task(BashOperator): download_data_task> on 2022-08-29 14:31:31.276624+00:00
[2022-08-29 14:31:33,911] {standard_task_runner.py:52} INFO - Started process 8340 to run task
[2022-08-29 14:31:33,920] {standard_task_runner.py:76} INFO - Running: ['***', 'tasks', 'run', 'h1b_lca_data_v2', 'download_data_task', 'manual__2022-08-29T14:31:31.276624+00:00', '--job-id', '1429', '--raw', '--subdir', 'DAGS_FOLDER/upload_h1b_data_to_gcp.py', '--cfg-path', '/tmp/tmp2i6js5f1', '--error-file', '/tmp/tmp3malq_39']
[2022-08-29 14:31:33,922] {standard_task_runner.py:77} INFO - Job 1429: Subtask download_data_task
[2022-08-29 14:31:34,002] {logging_mixin.py:109} INFO - Running <TaskInstance: h1b_lca_data_v2.download_data_task manual__2022-08-29T14:31:31.276624+00:00 [running]> on host efb24f1b01c6
[2022-08-29 14:31:34,050] {warnings.py:110} WARNING - /home/***/.local/lib/python3.7/site-packages/***/utils/context.py:152: AirflowContextDeprecationWarning: Accessing 'execution_date' from the template is deprecated and will be removed in a future version. Please use 'data_interval_start' or 'logical_date' instead.
  warnings.warn(_create_deprecation_warning(key, self._deprecation_replacements[key]))

[2022-08-29 14:31:34,083] {taskinstance.py:1426} INFO - Exporting the following env vars:
AIRFLOW_CTX_DAG_OWNER=***
AIRFLOW_CTX_DAG_ID=h1b_lca_data_v2
AIRFLOW_CTX_TASK_ID=download_data_task
AIRFLOW_CTX_EXECUTION_DATE=2022-08-29T14:31:31.276624+00:00
AIRFLOW_CTX_DAG_RUN_ID=manual__2022-08-29T14:31:31.276624+00:00
[2022-08-29 14:31:34,086] {subprocess.py:62} INFO - Tmp dir root location: 
 /tmp
[2022-08-29 14:31:34,089] {subprocess.py:74} INFO - Running command: ['bash', '-c', 'curl -sSL https://www.dol.gov/sites/dolgov/files/ETA/oflc/pdfs/LCA_Disclosure_Data_FY2022_Q8.xlsx > /opt/***/LCA_Disclosure_Data_FY2022_Q8.xlsx']
[2022-08-29 14:31:34,102] {subprocess.py:85} INFO - Output:
[2022-08-29 14:31:37,222] {subprocess.py:93} INFO - Command exited with return code 0
[2022-08-29 14:31:37,258] {taskinstance.py:1277} INFO - Marking task as SUCCESS. dag_id=h1b_lca_data_v2, task_id=download_data_task, execution_date=20220829T143131, start_date=20220829T143133, end_date=20220829T143137
[2022-08-29 14:31:37,294] {local_task_job.py:154} INFO - Task exited with return code 0
[2022-08-29 14:31:37,373] {local_task_job.py:264} INFO - 0 downstream tasks scheduled from follow-on schedule check
