[2022-08-17 15:20:06,736] {taskinstance.py:1032} INFO - Dependencies all met for <TaskInstance: bar_data_dag.local_to_gcs_task manual__2022-08-17T15:19:09.283611+00:00 [queued]>
[2022-08-17 15:20:06,753] {taskinstance.py:1032} INFO - Dependencies all met for <TaskInstance: bar_data_dag.local_to_gcs_task manual__2022-08-17T15:19:09.283611+00:00 [queued]>
[2022-08-17 15:20:06,754] {taskinstance.py:1238} INFO - 
--------------------------------------------------------------------------------
[2022-08-17 15:20:06,754] {taskinstance.py:1239} INFO - Starting attempt 1 of 1
[2022-08-17 15:20:06,755] {taskinstance.py:1240} INFO - 
--------------------------------------------------------------------------------
[2022-08-17 15:20:06,771] {taskinstance.py:1259} INFO - Executing <Task(PythonOperator): local_to_gcs_task> on 2022-08-17 15:19:09.283611+00:00
[2022-08-17 15:20:06,781] {standard_task_runner.py:52} INFO - Started process 1369 to run task
[2022-08-17 15:20:06,786] {standard_task_runner.py:76} INFO - Running: ['***', 'tasks', 'run', 'bar_data_dag', 'local_to_gcs_task', 'manual__2022-08-17T15:19:09.283611+00:00', '--job-id', '161', '--raw', '--subdir', 'DAGS_FOLDER/upload_bar_data.py', '--cfg-path', '/tmp/tmphgmidhfy', '--error-file', '/tmp/tmpy8fdne_7']
[2022-08-17 15:20:06,788] {standard_task_runner.py:77} INFO - Job 161: Subtask local_to_gcs_task
[2022-08-17 15:20:06,857] {logging_mixin.py:109} INFO - Running <TaskInstance: bar_data_dag.local_to_gcs_task manual__2022-08-17T15:19:09.283611+00:00 [running]> on host 68a051b485fc
[2022-08-17 15:20:06,925] {taskinstance.py:1426} INFO - Exporting the following env vars:
AIRFLOW_CTX_DAG_OWNER=***
AIRFLOW_CTX_DAG_ID=bar_data_dag
AIRFLOW_CTX_TASK_ID=local_to_gcs_task
AIRFLOW_CTX_EXECUTION_DATE=2022-08-17T15:19:09.283611+00:00
AIRFLOW_CTX_DAG_RUN_ID=manual__2022-08-17T15:19:09.283611+00:00
[2022-08-17 15:21:58,711] {python.py:175} INFO - Done. Returned value was: None
[2022-08-17 15:21:58,737] {taskinstance.py:1277} INFO - Marking task as SUCCESS. dag_id=bar_data_dag, task_id=local_to_gcs_task, execution_date=20220817T151909, start_date=20220817T152006, end_date=20220817T152158
[2022-08-17 15:21:58,791] {local_task_job.py:154} INFO - Task exited with return code 0
[2022-08-17 15:21:58,830] {local_task_job.py:264} INFO - 0 downstream tasks scheduled from follow-on schedule check
