[2022-08-29 14:46:47,603] {taskinstance.py:1032} INFO - Dependencies all met for <TaskInstance: h1b_lca_data_v3.download_data_task scheduled__2022-01-10T06:00:00+00:00 [queued]>
[2022-08-29 14:46:47,666] {taskinstance.py:1032} INFO - Dependencies all met for <TaskInstance: h1b_lca_data_v3.download_data_task scheduled__2022-01-10T06:00:00+00:00 [queued]>
[2022-08-29 14:46:47,668] {taskinstance.py:1238} INFO - 
--------------------------------------------------------------------------------
[2022-08-29 14:46:47,669] {taskinstance.py:1239} INFO - Starting attempt 1 of 1
[2022-08-29 14:46:47,671] {taskinstance.py:1240} INFO - 
--------------------------------------------------------------------------------
[2022-08-29 14:46:47,736] {taskinstance.py:1259} INFO - Executing <Task(BashOperator): download_data_task> on 2022-01-10 06:00:00+00:00
[2022-08-29 14:46:47,763] {standard_task_runner.py:52} INFO - Started process 9105 to run task
[2022-08-29 14:46:47,773] {standard_task_runner.py:76} INFO - Running: ['***', 'tasks', 'run', 'h1b_lca_data_v3', 'download_data_task', 'scheduled__2022-01-10T06:00:00+00:00', '--job-id', '1447', '--raw', '--subdir', 'DAGS_FOLDER/upload_h1b_data_to_gcp.py', '--cfg-path', '/tmp/tmp49y3pt0r', '--error-file', '/tmp/tmp4z0npzlg']
[2022-08-29 14:46:47,788] {standard_task_runner.py:77} INFO - Job 1447: Subtask download_data_task
[2022-08-29 14:46:47,972] {logging_mixin.py:109} INFO - Running <TaskInstance: h1b_lca_data_v3.download_data_task scheduled__2022-01-10T06:00:00+00:00 [running]> on host efb24f1b01c6
[2022-08-29 14:46:48,400] {warnings.py:110} WARNING - /home/***/.local/lib/python3.7/site-packages/***/utils/context.py:152: AirflowContextDeprecationWarning: Accessing 'execution_date' from the template is deprecated and will be removed in a future version. Please use 'data_interval_start' or 'logical_date' instead.
  warnings.warn(_create_deprecation_warning(key, self._deprecation_replacements[key]))

[2022-08-29 14:46:48,546] {taskinstance.py:1426} INFO - Exporting the following env vars:
AIRFLOW_CTX_DAG_OWNER=***
AIRFLOW_CTX_DAG_ID=h1b_lca_data_v3
AIRFLOW_CTX_TASK_ID=download_data_task
AIRFLOW_CTX_EXECUTION_DATE=2022-01-10T06:00:00+00:00
AIRFLOW_CTX_DAG_RUN_ID=scheduled__2022-01-10T06:00:00+00:00
[2022-08-29 14:46:48,550] {subprocess.py:62} INFO - Tmp dir root location: 
 /tmp
[2022-08-29 14:46:48,554] {subprocess.py:74} INFO - Running command: ['bash', '-c', 'curl -sSL https://www.dol.gov/sites/dolgov/files/ETA/oflc/pdfs/LCA_Disclosure_Data_FY2022_Q1.xlsx > /opt/***/LCA_Disclosure_Data_FY2022_Q1.xlsx']
[2022-08-29 14:46:48,683] {subprocess.py:85} INFO - Output:
[2022-08-29 14:49:47,306] {subprocess.py:93} INFO - Command exited with return code 0
[2022-08-29 14:49:47,401] {taskinstance.py:1277} INFO - Marking task as SUCCESS. dag_id=h1b_lca_data_v3, task_id=download_data_task, execution_date=20220110T060000, start_date=20220829T144647, end_date=20220829T144947
[2022-08-29 14:49:47,496] {local_task_job.py:154} INFO - Task exited with return code 0
[2022-08-29 14:49:47,688] {local_task_job.py:264} INFO - 1 downstream tasks scheduled from follow-on schedule check
