[2022-08-17 15:53:42,829] {taskinstance.py:1032} INFO - Dependencies all met for <TaskInstance: bar_data_dag.format_to_parquet_task manual__2022-08-17T15:51:53.623971+00:00 [queued]>
[2022-08-17 15:53:43,095] {taskinstance.py:1032} INFO - Dependencies all met for <TaskInstance: bar_data_dag.format_to_parquet_task manual__2022-08-17T15:51:53.623971+00:00 [queued]>
[2022-08-17 15:53:43,219] {taskinstance.py:1238} INFO - 
--------------------------------------------------------------------------------
[2022-08-17 15:53:43,230] {taskinstance.py:1239} INFO - Starting attempt 1 of 1
[2022-08-17 15:53:43,242] {taskinstance.py:1240} INFO - 
--------------------------------------------------------------------------------
[2022-08-17 15:53:43,281] {taskinstance.py:1259} INFO - Executing <Task(PythonOperator): format_to_parquet_task> on 2022-08-17 15:51:53.623971+00:00
[2022-08-17 15:53:43,297] {standard_task_runner.py:52} INFO - Started process 2860 to run task
[2022-08-17 15:53:43,329] {standard_task_runner.py:76} INFO - Running: ['***', 'tasks', 'run', 'bar_data_dag', 'format_to_parquet_task', 'manual__2022-08-17T15:51:53.623971+00:00', '--job-id', '169', '--raw', '--subdir', 'DAGS_FOLDER/upload_bar_data.py', '--cfg-path', '/tmp/tmpidrt782i', '--error-file', '/tmp/tmp3uhwx5k0']
[2022-08-17 15:53:43,336] {standard_task_runner.py:77} INFO - Job 169: Subtask format_to_parquet_task
[2022-08-17 15:53:44,522] {logging_mixin.py:109} INFO - Running <TaskInstance: bar_data_dag.format_to_parquet_task manual__2022-08-17T15:51:53.623971+00:00 [running]> on host 68a051b485fc
[2022-08-17 15:53:45,098] {taskinstance.py:1426} INFO - Exporting the following env vars:
AIRFLOW_CTX_DAG_OWNER=***
AIRFLOW_CTX_DAG_ID=bar_data_dag
AIRFLOW_CTX_TASK_ID=format_to_parquet_task
AIRFLOW_CTX_EXECUTION_DATE=2022-08-17T15:51:53.623971+00:00
AIRFLOW_CTX_DAG_RUN_ID=manual__2022-08-17T15:51:53.623971+00:00
[2022-08-17 15:53:45,112] {logging_mixin.py:109} INFO - Source file: /opt/***/DOHMH_New_York_City_Restaurant_Inspection_Results.csv
[2022-08-17 15:53:48,954] {python.py:175} INFO - Done. Returned value was: None
[2022-08-17 15:53:48,976] {taskinstance.py:1277} INFO - Marking task as SUCCESS. dag_id=bar_data_dag, task_id=format_to_parquet_task, execution_date=20220817T155153, start_date=20220817T155342, end_date=20220817T155348
[2022-08-17 15:53:49,088] {local_task_job.py:154} INFO - Task exited with return code 0
[2022-08-17 15:53:49,134] {local_task_job.py:264} INFO - 1 downstream tasks scheduled from follow-on schedule check
