[2022-08-29 18:27:54,736] {taskinstance.py:1032} INFO - Dependencies all met for <TaskInstance: h1b_lca_data_v3.entry_task2 scheduled__2021-04-10T06:00:00+00:00 [queued]>
[2022-08-29 18:27:54,769] {taskinstance.py:1032} INFO - Dependencies all met for <TaskInstance: h1b_lca_data_v3.entry_task2 scheduled__2021-04-10T06:00:00+00:00 [queued]>
[2022-08-29 18:27:54,770] {taskinstance.py:1238} INFO - 
--------------------------------------------------------------------------------
[2022-08-29 18:27:54,771] {taskinstance.py:1239} INFO - Starting attempt 3 of 3
[2022-08-29 18:27:54,771] {taskinstance.py:1240} INFO - 
--------------------------------------------------------------------------------
[2022-08-29 18:27:54,799] {taskinstance.py:1259} INFO - Executing <Task(BashOperator): entry_task2> on 2021-04-10 06:00:00+00:00
[2022-08-29 18:27:54,812] {standard_task_runner.py:76} INFO - Running: ['***', 'tasks', 'run', 'h1b_lca_data_v3', 'entry_task2', 'scheduled__2021-04-10T06:00:00+00:00', '--job-id', '1638', '--raw', '--subdir', 'DAGS_FOLDER/upload_h1b_data_to_gcp.py', '--cfg-path', '/tmp/tmp_glb41ii', '--error-file', '/tmp/tmpons0g1ue']
[2022-08-29 18:27:54,815] {standard_task_runner.py:77} INFO - Job 1638: Subtask entry_task2
[2022-08-29 18:27:54,807] {standard_task_runner.py:52} INFO - Started process 4626 to run task
[2022-08-29 18:27:54,896] {logging_mixin.py:109} INFO - Running <TaskInstance: h1b_lca_data_v3.entry_task2 scheduled__2021-04-10T06:00:00+00:00 [running]> on host f153c6531160
[2022-08-29 18:27:54,989] {taskinstance.py:1426} INFO - Exporting the following env vars:
AIRFLOW_CTX_DAG_OWNER=***
AIRFLOW_CTX_DAG_ID=h1b_lca_data_v3
AIRFLOW_CTX_TASK_ID=entry_task2
AIRFLOW_CTX_EXECUTION_DATE=2021-04-10T06:00:00+00:00
AIRFLOW_CTX_DAG_RUN_ID=scheduled__2021-04-10T06:00:00+00:00
[2022-08-29 18:27:54,991] {subprocess.py:62} INFO - Tmp dir root location: 
 /tmp
[2022-08-29 18:27:54,993] {subprocess.py:74} INFO - Running command: ['bash', '-c', 'echo "2"']
[2022-08-29 18:27:55,011] {subprocess.py:85} INFO - Output:
[2022-08-29 18:27:55,014] {subprocess.py:89} INFO - 2
[2022-08-29 18:27:55,016] {subprocess.py:93} INFO - Command exited with return code 0
[2022-08-29 18:27:55,055] {taskinstance.py:1277} INFO - Marking task as SUCCESS. dag_id=h1b_lca_data_v3, task_id=entry_task2, execution_date=20210410T060000, start_date=20220829T182754, end_date=20220829T182755
[2022-08-29 18:27:55,125] {local_task_job.py:154} INFO - Task exited with return code 0
[2022-08-29 18:27:55,172] {local_task_job.py:264} INFO - 1 downstream tasks scheduled from follow-on schedule check
