[2022-08-23 03:26:43,687] {taskinstance.py:1032} INFO - Dependencies all met for <TaskInstance: h1b_lca_data.entry_task scheduled__2021-01-10T06:00:00+00:00 [queued]>
[2022-08-23 03:26:43,717] {taskinstance.py:1032} INFO - Dependencies all met for <TaskInstance: h1b_lca_data.entry_task scheduled__2021-01-10T06:00:00+00:00 [queued]>
[2022-08-23 03:26:43,718] {taskinstance.py:1238} INFO - 
--------------------------------------------------------------------------------
[2022-08-23 03:26:43,719] {taskinstance.py:1239} INFO - Starting attempt 12 of 12
[2022-08-23 03:26:43,721] {taskinstance.py:1240} INFO - 
--------------------------------------------------------------------------------
[2022-08-23 03:26:43,744] {taskinstance.py:1259} INFO - Executing <Task(BashOperator): entry_task> on 2021-01-10 06:00:00+00:00
[2022-08-23 03:26:43,753] {standard_task_runner.py:52} INFO - Started process 1144 to run task
[2022-08-23 03:26:43,763] {standard_task_runner.py:76} INFO - Running: ['***', 'tasks', 'run', 'h1b_lca_data', 'entry_task', 'scheduled__2021-01-10T06:00:00+00:00', '--job-id', '221', '--raw', '--subdir', 'DAGS_FOLDER/upload_h1b_data_to_gcp.py', '--cfg-path', '/tmp/tmp5aemlbxt', '--error-file', '/tmp/tmpj75b33xr']
[2022-08-23 03:26:43,766] {standard_task_runner.py:77} INFO - Job 221: Subtask entry_task
[2022-08-23 03:26:43,862] {logging_mixin.py:109} INFO - Running <TaskInstance: h1b_lca_data.entry_task scheduled__2021-01-10T06:00:00+00:00 [running]> on host 0afddbd69de7
[2022-08-23 03:26:43,950] {warnings.py:110} WARNING - /home/***/.local/lib/python3.7/site-packages/***/utils/context.py:152: AirflowContextDeprecationWarning: Accessing 'execution_date' from the template is deprecated and will be removed in a future version. Please use 'data_interval_start' or 'logical_date' instead.
  warnings.warn(_create_deprecation_warning(key, self._deprecation_replacements[key]))

[2022-08-23 03:26:43,990] {taskinstance.py:1426} INFO - Exporting the following env vars:
AIRFLOW_CTX_DAG_OWNER=***
AIRFLOW_CTX_DAG_ID=h1b_lca_data
AIRFLOW_CTX_TASK_ID=entry_task
AIRFLOW_CTX_EXECUTION_DATE=2021-01-10T06:00:00+00:00
AIRFLOW_CTX_DAG_RUN_ID=scheduled__2021-01-10T06:00:00+00:00
[2022-08-23 03:26:43,994] {subprocess.py:62} INFO - Tmp dir root location: 
 /tmp
[2022-08-23 03:26:43,996] {subprocess.py:74} INFO - Running command: ['bash', '-c', 'echo "1"']
[2022-08-23 03:26:44,016] {subprocess.py:85} INFO - Output:
[2022-08-23 03:26:44,022] {subprocess.py:89} INFO - 1
[2022-08-23 03:26:44,024] {subprocess.py:93} INFO - Command exited with return code 0
[2022-08-23 03:26:44,290] {taskinstance.py:1277} INFO - Marking task as SUCCESS. dag_id=h1b_lca_data, task_id=entry_task, execution_date=20210110T060000, start_date=20220823T032643, end_date=20220823T032644
[2022-08-23 03:26:44,336] {local_task_job.py:154} INFO - Task exited with return code 0
[2022-08-23 03:26:44,388] {local_task_job.py:264} INFO - 1 downstream tasks scheduled from follow-on schedule check
