[2022-08-25 19:12:03,888] {taskinstance.py:1032} INFO - Dependencies all met for <TaskInstance: h1b_lca_data.entry_task scheduled__2021-01-10T06:00:00+00:00 [queued]>
[2022-08-25 19:12:03,902] {taskinstance.py:1032} INFO - Dependencies all met for <TaskInstance: h1b_lca_data.entry_task scheduled__2021-01-10T06:00:00+00:00 [queued]>
[2022-08-25 19:12:03,904] {taskinstance.py:1238} INFO - 
--------------------------------------------------------------------------------
[2022-08-25 19:12:03,904] {taskinstance.py:1239} INFO - Starting attempt 19 of 19
[2022-08-25 19:12:03,905] {taskinstance.py:1240} INFO - 
--------------------------------------------------------------------------------
[2022-08-25 19:12:03,919] {taskinstance.py:1259} INFO - Executing <Task(BashOperator): entry_task> on 2021-01-10 06:00:00+00:00
[2022-08-25 19:12:03,926] {standard_task_runner.py:52} INFO - Started process 327 to run task
[2022-08-25 19:12:03,932] {standard_task_runner.py:76} INFO - Running: ['***', 'tasks', 'run', 'h1b_lca_data', 'entry_task', 'scheduled__2021-01-10T06:00:00+00:00', '--job-id', '282', '--raw', '--subdir', 'DAGS_FOLDER/upload_h1b_data_to_gcp.py', '--cfg-path', '/tmp/tmps4kivkdm', '--error-file', '/tmp/tmphuh_uwri']
[2022-08-25 19:12:03,934] {standard_task_runner.py:77} INFO - Job 282: Subtask entry_task
[2022-08-25 19:12:04,010] {logging_mixin.py:109} INFO - Running <TaskInstance: h1b_lca_data.entry_task scheduled__2021-01-10T06:00:00+00:00 [running]> on host 15b680750b5e
[2022-08-25 19:12:04,072] {taskinstance.py:1426} INFO - Exporting the following env vars:
AIRFLOW_CTX_DAG_OWNER=***
AIRFLOW_CTX_DAG_ID=h1b_lca_data
AIRFLOW_CTX_TASK_ID=entry_task
AIRFLOW_CTX_EXECUTION_DATE=2021-01-10T06:00:00+00:00
AIRFLOW_CTX_DAG_RUN_ID=scheduled__2021-01-10T06:00:00+00:00
[2022-08-25 19:12:04,075] {subprocess.py:62} INFO - Tmp dir root location: 
 /tmp
[2022-08-25 19:12:04,077] {subprocess.py:74} INFO - Running command: ['bash', '-c', 'echo {path_to_local_home}/{dataset_file} ']
[2022-08-25 19:12:04,090] {subprocess.py:85} INFO - Output:
[2022-08-25 19:12:04,093] {subprocess.py:89} INFO - {path_to_local_home}/{dataset_file}
[2022-08-25 19:12:04,094] {subprocess.py:93} INFO - Command exited with return code 0
[2022-08-25 19:12:04,122] {taskinstance.py:1277} INFO - Marking task as SUCCESS. dag_id=h1b_lca_data, task_id=entry_task, execution_date=20210110T060000, start_date=20220825T191203, end_date=20220825T191204
[2022-08-25 19:12:04,148] {local_task_job.py:154} INFO - Task exited with return code 0
[2022-08-25 19:12:04,182] {dagrun.py:628} WARNING - Failed to get task '<TaskInstance: h1b_lca_data.entry_task2 scheduled__2021-01-10T06:00:00+00:00 [removed]>' for dag 'h1b_lca_data'. Marking it as removed.
[2022-08-25 19:12:04,195] {local_task_job.py:264} INFO - 1 downstream tasks scheduled from follow-on schedule check
