[2022-08-25 19:16:27,389] {taskinstance.py:1032} INFO - Dependencies all met for <TaskInstance: h1b_lca_data.entry_task scheduled__2021-01-10T06:00:00+00:00 [queued]>
[2022-08-25 19:16:27,403] {taskinstance.py:1032} INFO - Dependencies all met for <TaskInstance: h1b_lca_data.entry_task scheduled__2021-01-10T06:00:00+00:00 [queued]>
[2022-08-25 19:16:27,404] {taskinstance.py:1238} INFO - 
--------------------------------------------------------------------------------
[2022-08-25 19:16:27,405] {taskinstance.py:1239} INFO - Starting attempt 21 of 21
[2022-08-25 19:16:27,405] {taskinstance.py:1240} INFO - 
--------------------------------------------------------------------------------
[2022-08-25 19:16:27,417] {taskinstance.py:1259} INFO - Executing <Task(BashOperator): entry_task> on 2021-01-10 06:00:00+00:00
[2022-08-25 19:16:27,424] {standard_task_runner.py:52} INFO - Started process 540 to run task
[2022-08-25 19:16:27,428] {standard_task_runner.py:76} INFO - Running: ['***', 'tasks', 'run', 'h1b_lca_data', 'entry_task', 'scheduled__2021-01-10T06:00:00+00:00', '--job-id', '288', '--raw', '--subdir', 'DAGS_FOLDER/upload_h1b_data_to_gcp.py', '--cfg-path', '/tmp/tmplmksbik5', '--error-file', '/tmp/tmpdpwu_gqr']
[2022-08-25 19:16:27,430] {standard_task_runner.py:77} INFO - Job 288: Subtask entry_task
[2022-08-25 19:16:27,494] {logging_mixin.py:109} INFO - Running <TaskInstance: h1b_lca_data.entry_task scheduled__2021-01-10T06:00:00+00:00 [running]> on host 15b680750b5e
[2022-08-25 19:16:27,568] {warnings.py:110} WARNING - /home/***/.local/lib/python3.7/site-packages/***/utils/context.py:152: AirflowContextDeprecationWarning: Accessing 'execution_date' from the template is deprecated and will be removed in a future version. Please use 'data_interval_start' or 'logical_date' instead.
  warnings.warn(_create_deprecation_warning(key, self._deprecation_replacements[key]))

[2022-08-25 19:16:27,601] {taskinstance.py:1426} INFO - Exporting the following env vars:
AIRFLOW_CTX_DAG_OWNER=***
AIRFLOW_CTX_DAG_ID=h1b_lca_data
AIRFLOW_CTX_TASK_ID=entry_task
AIRFLOW_CTX_EXECUTION_DATE=2021-01-10T06:00:00+00:00
AIRFLOW_CTX_DAG_RUN_ID=scheduled__2021-01-10T06:00:00+00:00
[2022-08-25 19:16:27,603] {subprocess.py:62} INFO - Tmp dir root location: 
 /tmp
[2022-08-25 19:16:27,604] {subprocess.py:74} INFO - Running command: ['bash', '-c', 'echo /opt/***/LCA_Disclosure_Data_FY2021_Q1.xlsx ']
[2022-08-25 19:16:27,618] {subprocess.py:85} INFO - Output:
[2022-08-25 19:16:27,620] {subprocess.py:89} INFO - /opt/***/LCA_Disclosure_Data_FY2021_Q1.xlsx
[2022-08-25 19:16:27,621] {subprocess.py:93} INFO - Command exited with return code 0
[2022-08-25 19:16:27,655] {taskinstance.py:1277} INFO - Marking task as SUCCESS. dag_id=h1b_lca_data, task_id=entry_task, execution_date=20210110T060000, start_date=20220825T191627, end_date=20220825T191627
[2022-08-25 19:16:27,728] {local_task_job.py:154} INFO - Task exited with return code 0
[2022-08-25 19:16:27,786] {dagrun.py:628} WARNING - Failed to get task '<TaskInstance: h1b_lca_data.entry_task2 scheduled__2021-01-10T06:00:00+00:00 [removed]>' for dag 'h1b_lca_data'. Marking it as removed.
[2022-08-25 19:16:27,802] {local_task_job.py:264} INFO - 1 downstream tasks scheduled from follow-on schedule check
