[2022-08-29 14:46:39,090] {taskinstance.py:1032} INFO - Dependencies all met for <TaskInstance: h1b_lca_data_v3.entry_task scheduled__2022-01-10T06:00:00+00:00 [queued]>
[2022-08-29 14:46:39,140] {taskinstance.py:1032} INFO - Dependencies all met for <TaskInstance: h1b_lca_data_v3.entry_task scheduled__2022-01-10T06:00:00+00:00 [queued]>
[2022-08-29 14:46:39,149] {taskinstance.py:1238} INFO - 
--------------------------------------------------------------------------------
[2022-08-29 14:46:39,151] {taskinstance.py:1239} INFO - Starting attempt 1 of 1
[2022-08-29 14:46:39,153] {taskinstance.py:1240} INFO - 
--------------------------------------------------------------------------------
[2022-08-29 14:46:39,197] {taskinstance.py:1259} INFO - Executing <Task(BashOperator): entry_task> on 2022-01-10 06:00:00+00:00
[2022-08-29 14:46:39,209] {standard_task_runner.py:52} INFO - Started process 9071 to run task
[2022-08-29 14:46:39,255] {standard_task_runner.py:76} INFO - Running: ['***', 'tasks', 'run', 'h1b_lca_data_v3', 'entry_task', 'scheduled__2022-01-10T06:00:00+00:00', '--job-id', '1441', '--raw', '--subdir', 'DAGS_FOLDER/upload_h1b_data_to_gcp.py', '--cfg-path', '/tmp/tmpfkdus31k', '--error-file', '/tmp/tmp0re2banz']
[2022-08-29 14:46:39,259] {standard_task_runner.py:77} INFO - Job 1441: Subtask entry_task
[2022-08-29 14:46:39,469] {logging_mixin.py:109} INFO - Running <TaskInstance: h1b_lca_data_v3.entry_task scheduled__2022-01-10T06:00:00+00:00 [running]> on host efb24f1b01c6
[2022-08-29 14:46:39,610] {warnings.py:110} WARNING - /home/***/.local/lib/python3.7/site-packages/***/utils/context.py:152: AirflowContextDeprecationWarning: Accessing 'execution_date' from the template is deprecated and will be removed in a future version. Please use 'data_interval_start' or 'logical_date' instead.
  warnings.warn(_create_deprecation_warning(key, self._deprecation_replacements[key]))

[2022-08-29 14:46:39,703] {taskinstance.py:1426} INFO - Exporting the following env vars:
AIRFLOW_CTX_DAG_OWNER=***
AIRFLOW_CTX_DAG_ID=h1b_lca_data_v3
AIRFLOW_CTX_TASK_ID=entry_task
AIRFLOW_CTX_EXECUTION_DATE=2022-01-10T06:00:00+00:00
AIRFLOW_CTX_DAG_RUN_ID=scheduled__2022-01-10T06:00:00+00:00
[2022-08-29 14:46:39,706] {subprocess.py:62} INFO - Tmp dir root location: 
 /tmp
[2022-08-29 14:46:39,709] {subprocess.py:74} INFO - Running command: ['bash', '-c', 'echo /opt/***/LCA_Disclosure_Data_FY2022_Q1.xlsx ']
[2022-08-29 14:46:39,747] {subprocess.py:85} INFO - Output:
[2022-08-29 14:46:39,756] {subprocess.py:89} INFO - /opt/***/LCA_Disclosure_Data_FY2022_Q1.xlsx
[2022-08-29 14:46:39,758] {subprocess.py:93} INFO - Command exited with return code 0
[2022-08-29 14:46:39,813] {taskinstance.py:1277} INFO - Marking task as SUCCESS. dag_id=h1b_lca_data_v3, task_id=entry_task, execution_date=20220110T060000, start_date=20220829T144639, end_date=20220829T144639
[2022-08-29 14:46:39,910] {local_task_job.py:154} INFO - Task exited with return code 0
[2022-08-29 14:46:40,020] {local_task_job.py:264} INFO - 1 downstream tasks scheduled from follow-on schedule check
