[2022-08-29 18:49:39,454] {taskinstance.py:1032} INFO - Dependencies all met for <TaskInstance: h1b_lca_data_v4.entry_task2 scheduled__2021-01-10T06:00:00+00:00 [queued]>
[2022-08-29 18:49:39,589] {taskinstance.py:1032} INFO - Dependencies all met for <TaskInstance: h1b_lca_data_v4.entry_task2 scheduled__2021-01-10T06:00:00+00:00 [queued]>
[2022-08-29 18:49:39,601] {taskinstance.py:1238} INFO - 
--------------------------------------------------------------------------------
[2022-08-29 18:49:39,606] {taskinstance.py:1239} INFO - Starting attempt 1 of 1
[2022-08-29 18:49:39,607] {taskinstance.py:1240} INFO - 
--------------------------------------------------------------------------------
[2022-08-29 18:49:39,854] {taskinstance.py:1259} INFO - Executing <Task(BashOperator): entry_task2> on 2021-01-10 06:00:00+00:00
[2022-08-29 18:49:39,974] {standard_task_runner.py:52} INFO - Started process 5700 to run task
[2022-08-29 18:49:40,056] {standard_task_runner.py:76} INFO - Running: ['***', 'tasks', 'run', 'h1b_lca_data_v4', 'entry_task2', 'scheduled__2021-01-10T06:00:00+00:00', '--job-id', '1677', '--raw', '--subdir', 'DAGS_FOLDER/upload_h1b_data_to_gcp.py', '--cfg-path', '/tmp/tmp_aj6kpfb', '--error-file', '/tmp/tmpmm8i6rxr']
[2022-08-29 18:49:40,066] {standard_task_runner.py:77} INFO - Job 1677: Subtask entry_task2
[2022-08-29 18:49:40,632] {logging_mixin.py:109} INFO - Running <TaskInstance: h1b_lca_data_v4.entry_task2 scheduled__2021-01-10T06:00:00+00:00 [running]> on host f153c6531160
[2022-08-29 18:49:40,963] {taskinstance.py:1426} INFO - Exporting the following env vars:
AIRFLOW_CTX_DAG_OWNER=***
AIRFLOW_CTX_DAG_ID=h1b_lca_data_v4
AIRFLOW_CTX_TASK_ID=entry_task2
AIRFLOW_CTX_EXECUTION_DATE=2021-01-10T06:00:00+00:00
AIRFLOW_CTX_DAG_RUN_ID=scheduled__2021-01-10T06:00:00+00:00
[2022-08-29 18:49:40,993] {subprocess.py:62} INFO - Tmp dir root location: 
 /tmp
[2022-08-29 18:49:40,998] {subprocess.py:74} INFO - Running command: ['bash', '-c', 'echo "1"']
[2022-08-29 18:49:41,128] {subprocess.py:85} INFO - Output:
[2022-08-29 18:49:41,143] {subprocess.py:89} INFO - 1
[2022-08-29 18:49:41,162] {subprocess.py:93} INFO - Command exited with return code 0
[2022-08-29 18:49:41,451] {taskinstance.py:1277} INFO - Marking task as SUCCESS. dag_id=h1b_lca_data_v4, task_id=entry_task2, execution_date=20210110T060000, start_date=20220829T184939, end_date=20220829T184941
[2022-08-29 18:49:41,810] {local_task_job.py:154} INFO - Task exited with return code 0
[2022-08-29 18:49:42,709] {local_task_job.py:264} INFO - 0 downstream tasks scheduled from follow-on schedule check
