[2022-08-23 03:08:49,532] {taskinstance.py:1032} INFO - Dependencies all met for <TaskInstance: h1b_lca_data.entry_task scheduled__2021-10-10T06:00:00+00:00 [queued]>
[2022-08-23 03:08:49,561] {taskinstance.py:1032} INFO - Dependencies all met for <TaskInstance: h1b_lca_data.entry_task scheduled__2021-10-10T06:00:00+00:00 [queued]>
[2022-08-23 03:08:49,568] {taskinstance.py:1238} INFO - 
--------------------------------------------------------------------------------
[2022-08-23 03:08:49,571] {taskinstance.py:1239} INFO - Starting attempt 1 of 1
[2022-08-23 03:08:49,573] {taskinstance.py:1240} INFO - 
--------------------------------------------------------------------------------
[2022-08-23 03:08:49,618] {taskinstance.py:1259} INFO - Executing <Task(BashOperator): entry_task> on 2021-10-10 06:00:00+00:00
[2022-08-23 03:08:49,634] {standard_task_runner.py:52} INFO - Started process 243 to run task
[2022-08-23 03:08:49,656] {standard_task_runner.py:76} INFO - Running: ['***', 'tasks', 'run', 'h1b_lca_data', 'entry_task', 'scheduled__2021-10-10T06:00:00+00:00', '--job-id', '190', '--raw', '--subdir', 'DAGS_FOLDER/upload_h1b_data_to_gcp.py', '--cfg-path', '/tmp/tmpdjx41bdo', '--error-file', '/tmp/tmpbnv2jf1a']
[2022-08-23 03:08:49,660] {standard_task_runner.py:77} INFO - Job 190: Subtask entry_task
[2022-08-23 03:08:49,839] {logging_mixin.py:109} INFO - Running <TaskInstance: h1b_lca_data.entry_task scheduled__2021-10-10T06:00:00+00:00 [running]> on host 0afddbd69de7
[2022-08-23 03:08:50,025] {taskinstance.py:1426} INFO - Exporting the following env vars:
AIRFLOW_CTX_DAG_OWNER=***
AIRFLOW_CTX_DAG_ID=h1b_lca_data
AIRFLOW_CTX_TASK_ID=entry_task
AIRFLOW_CTX_EXECUTION_DATE=2021-10-10T06:00:00+00:00
AIRFLOW_CTX_DAG_RUN_ID=scheduled__2021-10-10T06:00:00+00:00
[2022-08-23 03:08:50,028] {subprocess.py:62} INFO - Tmp dir root location: 
 /tmp
[2022-08-23 03:08:50,033] {subprocess.py:74} INFO - Running command: ['bash', '-c', 'echo entering the dag']
[2022-08-23 03:08:50,054] {subprocess.py:85} INFO - Output:
[2022-08-23 03:08:50,058] {subprocess.py:89} INFO - entering the dag
[2022-08-23 03:08:50,059] {subprocess.py:93} INFO - Command exited with return code 0
[2022-08-23 03:08:50,172] {taskinstance.py:1277} INFO - Marking task as SUCCESS. dag_id=h1b_lca_data, task_id=entry_task, execution_date=20211010T060000, start_date=20220823T030849, end_date=20220823T030850
[2022-08-23 03:08:50,397] {local_task_job.py:154} INFO - Task exited with return code 0
[2022-08-23 03:08:50,929] {local_task_job.py:264} INFO - 1 downstream tasks scheduled from follow-on schedule check
