[2022-08-25 18:52:49,621] {taskinstance.py:1032} INFO - Dependencies all met for <TaskInstance: api_dag.is_api_active scheduled__2022-08-23T00:00:00+00:00 [queued]>
[2022-08-25 18:52:49,676] {taskinstance.py:1032} INFO - Dependencies all met for <TaskInstance: api_dag.is_api_active scheduled__2022-08-23T00:00:00+00:00 [queued]>
[2022-08-25 18:52:49,679] {taskinstance.py:1238} INFO - 
--------------------------------------------------------------------------------
[2022-08-25 18:52:49,680] {taskinstance.py:1239} INFO - Starting attempt 1 of 1
[2022-08-25 18:52:49,681] {taskinstance.py:1240} INFO - 
--------------------------------------------------------------------------------
[2022-08-25 18:52:49,751] {taskinstance.py:1259} INFO - Executing <Task(HttpSensor): is_api_active> on 2022-08-23 00:00:00+00:00
[2022-08-25 18:52:49,780] {standard_task_runner.py:52} INFO - Started process 63 to run task
[2022-08-25 18:52:49,801] {standard_task_runner.py:76} INFO - Running: ['***', 'tasks', 'run', 'api_dag', 'is_api_active', 'scheduled__2022-08-23T00:00:00+00:00', '--job-id', '270', '--raw', '--subdir', 'DAGS_FOLDER/api_dag.py', '--cfg-path', '/tmp/tmpfgfpncu7', '--error-file', '/tmp/tmpcv6ny_a5']
[2022-08-25 18:52:49,820] {standard_task_runner.py:77} INFO - Job 270: Subtask is_api_active
[2022-08-25 18:52:51,326] {logging_mixin.py:109} INFO - Running <TaskInstance: api_dag.is_api_active scheduled__2022-08-23T00:00:00+00:00 [running]> on host 7dedb8b41d8d
[2022-08-25 18:52:52,405] {taskinstance.py:1426} INFO - Exporting the following env vars:
AIRFLOW_CTX_DAG_OWNER=***
AIRFLOW_CTX_DAG_ID=api_dag
AIRFLOW_CTX_TASK_ID=is_api_active
AIRFLOW_CTX_EXECUTION_DATE=2022-08-23T00:00:00+00:00
AIRFLOW_CTX_DAG_RUN_ID=scheduled__2022-08-23T00:00:00+00:00
[2022-08-25 18:52:52,416] {http.py:101} INFO - Poking: posts/
[2022-08-25 18:52:52,485] {base.py:79} INFO - Using connection to: id: api_posts. Host: https://gorest.co.in/public/v2/, Port: None, Schema: , Login: , Password: None, extra: {}
[2022-08-25 18:52:52,493] {http.py:140} INFO - Sending 'GET' to url: https://gorest.co.in/public/v2/posts/
[2022-08-25 18:52:53,789] {base.py:249} INFO - Success criteria met. Exiting.
[2022-08-25 18:52:53,848] {taskinstance.py:1277} INFO - Marking task as SUCCESS. dag_id=api_dag, task_id=is_api_active, execution_date=20220823T000000, start_date=20220825T185249, end_date=20220825T185253
[2022-08-25 18:52:53,939] {local_task_job.py:154} INFO - Task exited with return code 0
[2022-08-25 18:52:54,260] {local_task_job.py:264} INFO - 1 downstream tasks scheduled from follow-on schedule check
