[2022-08-29 18:49:42,608] {taskinstance.py:1032} INFO - Dependencies all met for <TaskInstance: h1b_lca_data_v4.entry_task2 scheduled__2021-10-10T06:00:00+00:00 [queued]>
[2022-08-29 18:49:42,710] {taskinstance.py:1032} INFO - Dependencies all met for <TaskInstance: h1b_lca_data_v4.entry_task2 scheduled__2021-10-10T06:00:00+00:00 [queued]>
[2022-08-29 18:49:42,715] {taskinstance.py:1238} INFO - 
--------------------------------------------------------------------------------
[2022-08-29 18:49:42,720] {taskinstance.py:1239} INFO - Starting attempt 1 of 1
[2022-08-29 18:49:42,721] {taskinstance.py:1240} INFO - 
--------------------------------------------------------------------------------
[2022-08-29 18:49:42,950] {taskinstance.py:1259} INFO - Executing <Task(BashOperator): entry_task2> on 2021-10-10 06:00:00+00:00
[2022-08-29 18:49:43,035] {standard_task_runner.py:52} INFO - Started process 5707 to run task
[2022-08-29 18:49:43,141] {standard_task_runner.py:76} INFO - Running: ['***', 'tasks', 'run', 'h1b_lca_data_v4', 'entry_task2', 'scheduled__2021-10-10T06:00:00+00:00', '--job-id', '1679', '--raw', '--subdir', 'DAGS_FOLDER/upload_h1b_data_to_gcp.py', '--cfg-path', '/tmp/tmp22l2eiev', '--error-file', '/tmp/tmpk8vnb0cw']
[2022-08-29 18:49:43,143] {standard_task_runner.py:77} INFO - Job 1679: Subtask entry_task2
[2022-08-29 18:49:44,214] {logging_mixin.py:109} INFO - Running <TaskInstance: h1b_lca_data_v4.entry_task2 scheduled__2021-10-10T06:00:00+00:00 [running]> on host f153c6531160
[2022-08-29 18:49:44,470] {taskinstance.py:1426} INFO - Exporting the following env vars:
AIRFLOW_CTX_DAG_OWNER=***
AIRFLOW_CTX_DAG_ID=h1b_lca_data_v4
AIRFLOW_CTX_TASK_ID=entry_task2
AIRFLOW_CTX_EXECUTION_DATE=2021-10-10T06:00:00+00:00
AIRFLOW_CTX_DAG_RUN_ID=scheduled__2021-10-10T06:00:00+00:00
[2022-08-29 18:49:44,476] {subprocess.py:62} INFO - Tmp dir root location: 
 /tmp
[2022-08-29 18:49:44,480] {subprocess.py:74} INFO - Running command: ['bash', '-c', 'echo "4"']
[2022-08-29 18:49:44,577] {subprocess.py:85} INFO - Output:
[2022-08-29 18:49:44,583] {subprocess.py:89} INFO - 4
[2022-08-29 18:49:44,614] {subprocess.py:93} INFO - Command exited with return code 0
[2022-08-29 18:49:44,837] {taskinstance.py:1277} INFO - Marking task as SUCCESS. dag_id=h1b_lca_data_v4, task_id=entry_task2, execution_date=20211010T060000, start_date=20220829T184942, end_date=20220829T184944
[2022-08-29 18:49:45,033] {local_task_job.py:154} INFO - Task exited with return code 0
[2022-08-29 18:49:45,200] {local_task_job.py:264} INFO - 1 downstream tasks scheduled from follow-on schedule check
