[2022-08-29 14:46:41,698] {taskinstance.py:1032} INFO - Dependencies all met for <TaskInstance: h1b_lca_data_v3.download_data_task scheduled__2021-04-10T06:00:00+00:00 [queued]>
[2022-08-29 14:46:41,954] {taskinstance.py:1032} INFO - Dependencies all met for <TaskInstance: h1b_lca_data_v3.download_data_task scheduled__2021-04-10T06:00:00+00:00 [queued]>
[2022-08-29 14:46:41,958] {taskinstance.py:1238} INFO - 
--------------------------------------------------------------------------------
[2022-08-29 14:46:41,960] {taskinstance.py:1239} INFO - Starting attempt 1 of 1
[2022-08-29 14:46:41,962] {taskinstance.py:1240} INFO - 
--------------------------------------------------------------------------------
[2022-08-29 14:46:42,086] {taskinstance.py:1259} INFO - Executing <Task(BashOperator): download_data_task> on 2021-04-10 06:00:00+00:00
[2022-08-29 14:46:42,121] {standard_task_runner.py:52} INFO - Started process 9088 to run task
[2022-08-29 14:46:42,224] {standard_task_runner.py:76} INFO - Running: ['***', 'tasks', 'run', 'h1b_lca_data_v3', 'download_data_task', 'scheduled__2021-04-10T06:00:00+00:00', '--job-id', '1444', '--raw', '--subdir', 'DAGS_FOLDER/upload_h1b_data_to_gcp.py', '--cfg-path', '/tmp/tmpsxgtbpmv', '--error-file', '/tmp/tmph9pql83q']
[2022-08-29 14:46:42,232] {standard_task_runner.py:77} INFO - Job 1444: Subtask download_data_task
[2022-08-29 14:46:42,801] {logging_mixin.py:109} INFO - Running <TaskInstance: h1b_lca_data_v3.download_data_task scheduled__2021-04-10T06:00:00+00:00 [running]> on host efb24f1b01c6
[2022-08-29 14:46:43,131] {warnings.py:110} WARNING - /home/***/.local/lib/python3.7/site-packages/***/utils/context.py:152: AirflowContextDeprecationWarning: Accessing 'execution_date' from the template is deprecated and will be removed in a future version. Please use 'data_interval_start' or 'logical_date' instead.
  warnings.warn(_create_deprecation_warning(key, self._deprecation_replacements[key]))

[2022-08-29 14:46:43,233] {taskinstance.py:1426} INFO - Exporting the following env vars:
AIRFLOW_CTX_DAG_OWNER=***
AIRFLOW_CTX_DAG_ID=h1b_lca_data_v3
AIRFLOW_CTX_TASK_ID=download_data_task
AIRFLOW_CTX_EXECUTION_DATE=2021-04-10T06:00:00+00:00
AIRFLOW_CTX_DAG_RUN_ID=scheduled__2021-04-10T06:00:00+00:00
[2022-08-29 14:46:43,236] {subprocess.py:62} INFO - Tmp dir root location: 
 /tmp
[2022-08-29 14:46:43,238] {subprocess.py:74} INFO - Running command: ['bash', '-c', 'curl -sSL https://www.dol.gov/sites/dolgov/files/ETA/oflc/pdfs/LCA_Disclosure_Data_FY2021_Q4.xlsx > /opt/***/LCA_Disclosure_Data_FY2021_Q4.xlsx']
[2022-08-29 14:46:43,390] {subprocess.py:85} INFO - Output:
[2022-08-29 14:49:46,242] {subprocess.py:93} INFO - Command exited with return code 0
[2022-08-29 14:49:46,278] {taskinstance.py:1277} INFO - Marking task as SUCCESS. dag_id=h1b_lca_data_v3, task_id=download_data_task, execution_date=20210410T060000, start_date=20220829T144641, end_date=20220829T144946
[2022-08-29 14:49:46,324] {local_task_job.py:154} INFO - Task exited with return code 0
[2022-08-29 14:49:46,378] {local_task_job.py:264} INFO - 1 downstream tasks scheduled from follow-on schedule check
