[2022-08-29 18:17:01,593] {taskinstance.py:1032} INFO - Dependencies all met for <TaskInstance: h1b_lca_data_v3.download_data_task scheduled__2021-04-10T06:00:00+00:00 [queued]>
[2022-08-29 18:17:01,613] {taskinstance.py:1032} INFO - Dependencies all met for <TaskInstance: h1b_lca_data_v3.download_data_task scheduled__2021-04-10T06:00:00+00:00 [queued]>
[2022-08-29 18:17:01,620] {taskinstance.py:1238} INFO - 
--------------------------------------------------------------------------------
[2022-08-29 18:17:01,621] {taskinstance.py:1239} INFO - Starting attempt 4 of 4
[2022-08-29 18:17:01,626] {taskinstance.py:1240} INFO - 
--------------------------------------------------------------------------------
[2022-08-29 18:17:01,651] {taskinstance.py:1259} INFO - Executing <Task(BashOperator): download_data_task> on 2021-04-10 06:00:00+00:00
[2022-08-29 18:17:01,660] {standard_task_runner.py:52} INFO - Started process 4117 to run task
[2022-08-29 18:17:01,666] {standard_task_runner.py:76} INFO - Running: ['***', 'tasks', 'run', 'h1b_lca_data_v3', 'download_data_task', 'scheduled__2021-04-10T06:00:00+00:00', '--job-id', '1631', '--raw', '--subdir', 'DAGS_FOLDER/upload_h1b_data_to_gcp.py', '--cfg-path', '/tmp/tmp4cd56iy5', '--error-file', '/tmp/tmprvpxf8v4']
[2022-08-29 18:17:01,670] {standard_task_runner.py:77} INFO - Job 1631: Subtask download_data_task
[2022-08-29 18:17:01,789] {logging_mixin.py:109} INFO - Running <TaskInstance: h1b_lca_data_v3.download_data_task scheduled__2021-04-10T06:00:00+00:00 [running]> on host f153c6531160
[2022-08-29 18:17:01,898] {taskinstance.py:1426} INFO - Exporting the following env vars:
AIRFLOW_CTX_DAG_OWNER=***
AIRFLOW_CTX_DAG_ID=h1b_lca_data_v3
AIRFLOW_CTX_TASK_ID=download_data_task
AIRFLOW_CTX_EXECUTION_DATE=2021-04-10T06:00:00+00:00
AIRFLOW_CTX_DAG_RUN_ID=scheduled__2021-04-10T06:00:00+00:00
[2022-08-29 18:17:01,902] {subprocess.py:62} INFO - Tmp dir root location: 
 /tmp
[2022-08-29 18:17:01,906] {subprocess.py:74} INFO - Running command: ['bash', '-c', 'echo "{URL_TEMPLATE}" + "2" + ".xlsx" > {path_to_local_home}/{dataset_file}" + "2" + ".xlsx"']
[2022-08-29 18:17:01,926] {subprocess.py:85} INFO - Output:
[2022-08-29 18:17:01,928] {subprocess.py:89} INFO - bash: -c: line 0: unexpected EOF while looking for matching `"'
[2022-08-29 18:17:01,933] {subprocess.py:89} INFO - bash: -c: line 1: syntax error: unexpected end of file
[2022-08-29 18:17:01,934] {subprocess.py:93} INFO - Command exited with return code 1
[2022-08-29 18:17:01,954] {taskinstance.py:1700} ERROR - Task failed with exception
Traceback (most recent call last):
  File "/home/airflow/.local/lib/python3.7/site-packages/airflow/models/taskinstance.py", line 1329, in _run_raw_task
    self._execute_task_with_callbacks(context)
  File "/home/airflow/.local/lib/python3.7/site-packages/airflow/models/taskinstance.py", line 1455, in _execute_task_with_callbacks
    result = self._execute_task(context, self.task)
  File "/home/airflow/.local/lib/python3.7/site-packages/airflow/models/taskinstance.py", line 1511, in _execute_task
    result = execute_callable(context=context)
  File "/home/airflow/.local/lib/python3.7/site-packages/airflow/operators/bash.py", line 188, in execute
    f'Bash command failed. The command returned a non-zero exit code {result.exit_code}.'
airflow.exceptions.AirflowException: Bash command failed. The command returned a non-zero exit code 1.
[2022-08-29 18:17:01,965] {taskinstance.py:1277} INFO - Marking task as FAILED. dag_id=h1b_lca_data_v3, task_id=download_data_task, execution_date=20210410T060000, start_date=20220829T181701, end_date=20220829T181701
[2022-08-29 18:17:01,985] {standard_task_runner.py:92} ERROR - Failed to execute job 1631 for task download_data_task
Traceback (most recent call last):
  File "/home/airflow/.local/lib/python3.7/site-packages/airflow/task/task_runner/standard_task_runner.py", line 85, in _start_by_fork
    args.func(args, dag=self.dag)
  File "/home/airflow/.local/lib/python3.7/site-packages/airflow/cli/cli_parser.py", line 48, in command
    return func(*args, **kwargs)
  File "/home/airflow/.local/lib/python3.7/site-packages/airflow/utils/cli.py", line 92, in wrapper
    return f(*args, **kwargs)
  File "/home/airflow/.local/lib/python3.7/site-packages/airflow/cli/commands/task_command.py", line 298, in task_run
    _run_task_by_selected_method(args, dag, ti)
  File "/home/airflow/.local/lib/python3.7/site-packages/airflow/cli/commands/task_command.py", line 107, in _run_task_by_selected_method
    _run_raw_task(args, ti)
  File "/home/airflow/.local/lib/python3.7/site-packages/airflow/cli/commands/task_command.py", line 184, in _run_raw_task
    error_file=args.error_file,
  File "/home/airflow/.local/lib/python3.7/site-packages/airflow/utils/session.py", line 70, in wrapper
    return func(*args, session=session, **kwargs)
  File "/home/airflow/.local/lib/python3.7/site-packages/airflow/models/taskinstance.py", line 1329, in _run_raw_task
    self._execute_task_with_callbacks(context)
  File "/home/airflow/.local/lib/python3.7/site-packages/airflow/models/taskinstance.py", line 1455, in _execute_task_with_callbacks
    result = self._execute_task(context, self.task)
  File "/home/airflow/.local/lib/python3.7/site-packages/airflow/models/taskinstance.py", line 1511, in _execute_task
    result = execute_callable(context=context)
  File "/home/airflow/.local/lib/python3.7/site-packages/airflow/operators/bash.py", line 188, in execute
    f'Bash command failed. The command returned a non-zero exit code {result.exit_code}.'
airflow.exceptions.AirflowException: Bash command failed. The command returned a non-zero exit code 1.
[2022-08-29 18:17:02,012] {local_task_job.py:154} INFO - Task exited with return code 1
[2022-08-29 18:17:02,059] {local_task_job.py:264} INFO - 0 downstream tasks scheduled from follow-on schedule check
