[2022-08-29 19:24:50,898] {taskinstance.py:1032} INFO - Dependencies all met for <TaskInstance: h1b_lca_data_v4.download_data_task scheduled__2022-01-10T06:00:00+00:00 [queued]>
[2022-08-29 19:24:50,941] {taskinstance.py:1032} INFO - Dependencies all met for <TaskInstance: h1b_lca_data_v4.download_data_task scheduled__2022-01-10T06:00:00+00:00 [queued]>
[2022-08-29 19:24:50,943] {taskinstance.py:1238} INFO - 
--------------------------------------------------------------------------------
[2022-08-29 19:24:50,944] {taskinstance.py:1239} INFO - Starting attempt 2 of 2
[2022-08-29 19:24:50,945] {taskinstance.py:1240} INFO - 
--------------------------------------------------------------------------------
[2022-08-29 19:24:50,971] {taskinstance.py:1259} INFO - Executing <Task(BashOperator): download_data_task> on 2022-01-10 06:00:00+00:00
[2022-08-29 19:24:50,980] {standard_task_runner.py:52} INFO - Started process 7321 to run task
[2022-08-29 19:24:51,002] {standard_task_runner.py:76} INFO - Running: ['***', 'tasks', 'run', 'h1b_lca_data_v4', 'download_data_task', 'scheduled__2022-01-10T06:00:00+00:00', '--job-id', '1721', '--raw', '--subdir', 'DAGS_FOLDER/upload_h1b_data_to_gcp.py', '--cfg-path', '/tmp/tmphefw_f28', '--error-file', '/tmp/tmphgdrmr2p']
[2022-08-29 19:24:51,004] {standard_task_runner.py:77} INFO - Job 1721: Subtask download_data_task
[2022-08-29 19:24:51,180] {logging_mixin.py:109} INFO - Running <TaskInstance: h1b_lca_data_v4.download_data_task scheduled__2022-01-10T06:00:00+00:00 [running]> on host f153c6531160
[2022-08-29 19:24:51,393] {warnings.py:110} WARNING - /home/***/.local/lib/python3.7/site-packages/***/utils/context.py:152: AirflowContextDeprecationWarning: Accessing 'execution_date' from the template is deprecated and will be removed in a future version. Please use 'data_interval_start' or 'logical_date' instead.
  warnings.warn(_create_deprecation_warning(key, self._deprecation_replacements[key]))

[2022-08-29 19:24:51,477] {taskinstance.py:1426} INFO - Exporting the following env vars:
AIRFLOW_CTX_DAG_OWNER=***
AIRFLOW_CTX_DAG_ID=h1b_lca_data_v4
AIRFLOW_CTX_TASK_ID=download_data_task
AIRFLOW_CTX_EXECUTION_DATE=2022-01-10T06:00:00+00:00
AIRFLOW_CTX_DAG_RUN_ID=scheduled__2022-01-10T06:00:00+00:00
[2022-08-29 19:24:51,480] {subprocess.py:62} INFO - Tmp dir root location: 
 /tmp
[2022-08-29 19:24:51,488] {subprocess.py:74} INFO - Running command: ['bash', '-c', 'curl -sSL https://www.dol.gov/sites/dolgov/files/ETA/oflc/pdfs/LCA_Disclosure_Data_FY2022_QNone.xlsx>/opt/***/LCA_Disclosure_Data_FY2022_QNone.xlsx']
[2022-08-29 19:24:51,544] {subprocess.py:85} INFO - Output:
[2022-08-29 19:24:54,207] {subprocess.py:93} INFO - Command exited with return code 0
[2022-08-29 19:24:54,259] {taskinstance.py:1277} INFO - Marking task as SUCCESS. dag_id=h1b_lca_data_v4, task_id=download_data_task, execution_date=20220110T060000, start_date=20220829T192450, end_date=20220829T192454
[2022-08-29 19:24:54,312] {local_task_job.py:154} INFO - Task exited with return code 0
[2022-08-29 19:24:54,547] {local_task_job.py:264} INFO - 1 downstream tasks scheduled from follow-on schedule check
