[2022-08-29 14:46:36,050] {taskinstance.py:1032} INFO - Dependencies all met for <TaskInstance: h1b_lca_data_v3.entry_task scheduled__2021-01-10T06:00:00+00:00 [queued]>
[2022-08-29 14:46:36,087] {taskinstance.py:1032} INFO - Dependencies all met for <TaskInstance: h1b_lca_data_v3.entry_task scheduled__2021-01-10T06:00:00+00:00 [queued]>
[2022-08-29 14:46:36,089] {taskinstance.py:1238} INFO - 
--------------------------------------------------------------------------------
[2022-08-29 14:46:36,090] {taskinstance.py:1239} INFO - Starting attempt 1 of 1
[2022-08-29 14:46:36,092] {taskinstance.py:1240} INFO - 
--------------------------------------------------------------------------------
[2022-08-29 14:46:36,127] {taskinstance.py:1259} INFO - Executing <Task(BashOperator): entry_task> on 2021-01-10 06:00:00+00:00
[2022-08-29 14:46:36,146] {standard_task_runner.py:76} INFO - Running: ['***', 'tasks', 'run', 'h1b_lca_data_v3', 'entry_task', 'scheduled__2021-01-10T06:00:00+00:00', '--job-id', '1437', '--raw', '--subdir', 'DAGS_FOLDER/upload_h1b_data_to_gcp.py', '--cfg-path', '/tmp/tmpzgqezgbr', '--error-file', '/tmp/tmpj9jw_6jo']
[2022-08-29 14:46:36,151] {standard_task_runner.py:77} INFO - Job 1437: Subtask entry_task
[2022-08-29 14:46:36,136] {standard_task_runner.py:52} INFO - Started process 9056 to run task
[2022-08-29 14:46:36,283] {logging_mixin.py:109} INFO - Running <TaskInstance: h1b_lca_data_v3.entry_task scheduled__2021-01-10T06:00:00+00:00 [running]> on host efb24f1b01c6
[2022-08-29 14:46:36,470] {warnings.py:110} WARNING - /home/***/.local/lib/python3.7/site-packages/***/utils/context.py:152: AirflowContextDeprecationWarning: Accessing 'execution_date' from the template is deprecated and will be removed in a future version. Please use 'data_interval_start' or 'logical_date' instead.
  warnings.warn(_create_deprecation_warning(key, self._deprecation_replacements[key]))

[2022-08-29 14:46:36,522] {taskinstance.py:1426} INFO - Exporting the following env vars:
AIRFLOW_CTX_DAG_OWNER=***
AIRFLOW_CTX_DAG_ID=h1b_lca_data_v3
AIRFLOW_CTX_TASK_ID=entry_task
AIRFLOW_CTX_EXECUTION_DATE=2021-01-10T06:00:00+00:00
AIRFLOW_CTX_DAG_RUN_ID=scheduled__2021-01-10T06:00:00+00:00
[2022-08-29 14:46:36,524] {subprocess.py:62} INFO - Tmp dir root location: 
 /tmp
[2022-08-29 14:46:36,526] {subprocess.py:74} INFO - Running command: ['bash', '-c', 'echo /opt/***/LCA_Disclosure_Data_FY2021_Q1.xlsx ']
[2022-08-29 14:46:36,551] {subprocess.py:85} INFO - Output:
[2022-08-29 14:46:36,554] {subprocess.py:89} INFO - /opt/***/LCA_Disclosure_Data_FY2021_Q1.xlsx
[2022-08-29 14:46:36,557] {subprocess.py:93} INFO - Command exited with return code 0
[2022-08-29 14:46:36,664] {taskinstance.py:1277} INFO - Marking task as SUCCESS. dag_id=h1b_lca_data_v3, task_id=entry_task, execution_date=20210110T060000, start_date=20220829T144636, end_date=20220829T144636
[2022-08-29 14:46:36,775] {local_task_job.py:154} INFO - Task exited with return code 0
[2022-08-29 14:46:36,933] {local_task_job.py:264} INFO - 1 downstream tasks scheduled from follow-on schedule check
