[2022-08-29 15:31:21,903] {taskinstance.py:1032} INFO - Dependencies all met for <TaskInstance: h1b_lca_data_v3.entry_task scheduled__2021-01-10T06:00:00+00:00 [queued]>
[2022-08-29 15:31:21,919] {taskinstance.py:1032} INFO - Dependencies all met for <TaskInstance: h1b_lca_data_v3.entry_task scheduled__2021-01-10T06:00:00+00:00 [queued]>
[2022-08-29 15:31:21,920] {taskinstance.py:1238} INFO - 
--------------------------------------------------------------------------------
[2022-08-29 15:31:21,921] {taskinstance.py:1239} INFO - Starting attempt 16 of 16
[2022-08-29 15:31:21,922] {taskinstance.py:1240} INFO - 
--------------------------------------------------------------------------------
[2022-08-29 15:31:21,941] {taskinstance.py:1259} INFO - Executing <Task(BashOperator): entry_task> on 2021-01-10 06:00:00+00:00
[2022-08-29 15:31:21,950] {standard_task_runner.py:52} INFO - Started process 11288 to run task
[2022-08-29 15:31:21,958] {standard_task_runner.py:76} INFO - Running: ['***', 'tasks', 'run', 'h1b_lca_data_v3', 'entry_task', 'scheduled__2021-01-10T06:00:00+00:00', '--job-id', '1513', '--raw', '--subdir', 'DAGS_FOLDER/upload_h1b_data_to_gcp.py', '--cfg-path', '/tmp/tmpuexj624c', '--error-file', '/tmp/tmpahlhgogl']
[2022-08-29 15:31:21,961] {standard_task_runner.py:77} INFO - Job 1513: Subtask entry_task
[2022-08-29 15:31:22,045] {logging_mixin.py:109} INFO - Running <TaskInstance: h1b_lca_data_v3.entry_task scheduled__2021-01-10T06:00:00+00:00 [running]> on host efb24f1b01c6
[2022-08-29 15:31:22,097] {warnings.py:110} WARNING - /home/***/.local/lib/python3.7/site-packages/***/utils/context.py:152: AirflowContextDeprecationWarning: Accessing 'execution_date' from the template is deprecated and will be removed in a future version. Please use 'data_interval_start' or 'logical_date' instead.
  warnings.warn(_create_deprecation_warning(key, self._deprecation_replacements[key]))

[2022-08-29 15:31:22,131] {taskinstance.py:1426} INFO - Exporting the following env vars:
AIRFLOW_CTX_DAG_OWNER=***
AIRFLOW_CTX_DAG_ID=h1b_lca_data_v3
AIRFLOW_CTX_TASK_ID=entry_task
AIRFLOW_CTX_EXECUTION_DATE=2021-01-10T06:00:00+00:00
AIRFLOW_CTX_DAG_RUN_ID=scheduled__2021-01-10T06:00:00+00:00
[2022-08-29 15:31:22,133] {subprocess.py:62} INFO - Tmp dir root location: 
 /tmp
[2022-08-29 15:31:22,135] {subprocess.py:74} INFO - Running command: ['bash', '-c', 'echo ds is 2021-01-10 modified ds is 2020-12-01']
[2022-08-29 15:31:22,153] {subprocess.py:85} INFO - Output:
[2022-08-29 15:31:22,158] {subprocess.py:89} INFO - ds is 2021-01-10 modified ds is 2020-12-01
[2022-08-29 15:31:22,160] {subprocess.py:93} INFO - Command exited with return code 0
[2022-08-29 15:31:22,195] {taskinstance.py:1277} INFO - Marking task as SUCCESS. dag_id=h1b_lca_data_v3, task_id=entry_task, execution_date=20210110T060000, start_date=20220829T153121, end_date=20220829T153122
[2022-08-29 15:31:22,254] {local_task_job.py:154} INFO - Task exited with return code 0
[2022-08-29 15:31:22,296] {local_task_job.py:264} INFO - 0 downstream tasks scheduled from follow-on schedule check
