[2022-08-29 15:35:57,747] {taskinstance.py:1032} INFO - Dependencies all met for <TaskInstance: h1b_lca_data_v3.entry_task scheduled__2021-01-10T06:00:00+00:00 [queued]>
[2022-08-29 15:35:57,761] {taskinstance.py:1032} INFO - Dependencies all met for <TaskInstance: h1b_lca_data_v3.entry_task scheduled__2021-01-10T06:00:00+00:00 [queued]>
[2022-08-29 15:35:57,762] {taskinstance.py:1238} INFO - 
--------------------------------------------------------------------------------
[2022-08-29 15:35:57,763] {taskinstance.py:1239} INFO - Starting attempt 17 of 17
[2022-08-29 15:35:57,764] {taskinstance.py:1240} INFO - 
--------------------------------------------------------------------------------
[2022-08-29 15:35:57,777] {taskinstance.py:1259} INFO - Executing <Task(BashOperator): entry_task> on 2021-01-10 06:00:00+00:00
[2022-08-29 15:35:57,784] {standard_task_runner.py:52} INFO - Started process 11500 to run task
[2022-08-29 15:35:57,789] {standard_task_runner.py:76} INFO - Running: ['***', 'tasks', 'run', 'h1b_lca_data_v3', 'entry_task', 'scheduled__2021-01-10T06:00:00+00:00', '--job-id', '1516', '--raw', '--subdir', 'DAGS_FOLDER/upload_h1b_data_to_gcp.py', '--cfg-path', '/tmp/tmp13u0k5qc', '--error-file', '/tmp/tmpnrt2ombp']
[2022-08-29 15:35:57,791] {standard_task_runner.py:77} INFO - Job 1516: Subtask entry_task
[2022-08-29 15:35:57,865] {logging_mixin.py:109} INFO - Running <TaskInstance: h1b_lca_data_v3.entry_task scheduled__2021-01-10T06:00:00+00:00 [running]> on host efb24f1b01c6
[2022-08-29 15:35:57,928] {warnings.py:110} WARNING - /home/***/.local/lib/python3.7/site-packages/***/utils/context.py:152: AirflowContextDeprecationWarning: Accessing 'execution_date' from the template is deprecated and will be removed in a future version. Please use 'data_interval_start' or 'logical_date' instead.
  warnings.warn(_create_deprecation_warning(key, self._deprecation_replacements[key]))

[2022-08-29 15:35:57,955] {taskinstance.py:1426} INFO - Exporting the following env vars:
AIRFLOW_CTX_DAG_OWNER=***
AIRFLOW_CTX_DAG_ID=h1b_lca_data_v3
AIRFLOW_CTX_TASK_ID=entry_task
AIRFLOW_CTX_EXECUTION_DATE=2021-01-10T06:00:00+00:00
AIRFLOW_CTX_DAG_RUN_ID=scheduled__2021-01-10T06:00:00+00:00
[2022-08-29 15:35:57,957] {subprocess.py:62} INFO - Tmp dir root location: 
 /tmp
[2022-08-29 15:35:57,959] {subprocess.py:74} INFO - Running command: ['bash', '-c', 'echo ds is 2021-01-10 modified ds is 2020-12-01']
[2022-08-29 15:35:57,976] {subprocess.py:85} INFO - Output:
[2022-08-29 15:35:57,981] {subprocess.py:89} INFO - ds is 2021-01-10 modified ds is 2020-12-01
[2022-08-29 15:35:57,983] {subprocess.py:93} INFO - Command exited with return code 0
[2022-08-29 15:35:58,024] {taskinstance.py:1277} INFO - Marking task as SUCCESS. dag_id=h1b_lca_data_v3, task_id=entry_task, execution_date=20210110T060000, start_date=20220829T153557, end_date=20220829T153558
[2022-08-29 15:35:58,085] {local_task_job.py:154} INFO - Task exited with return code 0
[2022-08-29 15:35:58,127] {local_task_job.py:264} INFO - 0 downstream tasks scheduled from follow-on schedule check
