[2022-08-29 15:39:12,115] {taskinstance.py:1032} INFO - Dependencies all met for <TaskInstance: h1b_lca_data_v3.entry_task scheduled__2021-01-10T06:00:00+00:00 [queued]>
[2022-08-29 15:39:12,146] {taskinstance.py:1032} INFO - Dependencies all met for <TaskInstance: h1b_lca_data_v3.entry_task scheduled__2021-01-10T06:00:00+00:00 [queued]>
[2022-08-29 15:39:12,150] {taskinstance.py:1238} INFO - 
--------------------------------------------------------------------------------
[2022-08-29 15:39:12,153] {taskinstance.py:1239} INFO - Starting attempt 20 of 20
[2022-08-29 15:39:12,156] {taskinstance.py:1240} INFO - 
--------------------------------------------------------------------------------
[2022-08-29 15:39:12,204] {taskinstance.py:1259} INFO - Executing <Task(BashOperator): entry_task> on 2021-01-10 06:00:00+00:00
[2022-08-29 15:39:12,225] {standard_task_runner.py:52} INFO - Started process 11656 to run task
[2022-08-29 15:39:12,233] {standard_task_runner.py:76} INFO - Running: ['***', 'tasks', 'run', 'h1b_lca_data_v3', 'entry_task', 'scheduled__2021-01-10T06:00:00+00:00', '--job-id', '1520', '--raw', '--subdir', 'DAGS_FOLDER/upload_h1b_data_to_gcp.py', '--cfg-path', '/tmp/tmp1xquu8iw', '--error-file', '/tmp/tmp8cw49qwf']
[2022-08-29 15:39:12,238] {standard_task_runner.py:77} INFO - Job 1520: Subtask entry_task
[2022-08-29 15:39:12,356] {logging_mixin.py:109} INFO - Running <TaskInstance: h1b_lca_data_v3.entry_task scheduled__2021-01-10T06:00:00+00:00 [running]> on host efb24f1b01c6
[2022-08-29 15:39:12,440] {taskinstance.py:1426} INFO - Exporting the following env vars:
AIRFLOW_CTX_DAG_OWNER=***
AIRFLOW_CTX_DAG_ID=h1b_lca_data_v3
AIRFLOW_CTX_TASK_ID=entry_task
AIRFLOW_CTX_EXECUTION_DATE=2021-01-10T06:00:00+00:00
AIRFLOW_CTX_DAG_RUN_ID=scheduled__2021-01-10T06:00:00+00:00
[2022-08-29 15:39:12,444] {subprocess.py:62} INFO - Tmp dir root location: 
 /tmp
[2022-08-29 15:39:12,445] {subprocess.py:74} INFO - Running command: ['bash', '-c', 'echo 1']
[2022-08-29 15:39:12,467] {subprocess.py:85} INFO - Output:
[2022-08-29 15:39:12,471] {subprocess.py:89} INFO - 1
[2022-08-29 15:39:12,479] {subprocess.py:93} INFO - Command exited with return code 0
[2022-08-29 15:39:12,546] {taskinstance.py:1277} INFO - Marking task as SUCCESS. dag_id=h1b_lca_data_v3, task_id=entry_task, execution_date=20210110T060000, start_date=20220829T153912, end_date=20220829T153912
[2022-08-29 15:39:12,591] {local_task_job.py:154} INFO - Task exited with return code 0
[2022-08-29 15:39:12,642] {local_task_job.py:264} INFO - 0 downstream tasks scheduled from follow-on schedule check
