[2022-08-29 15:42:48,280] {taskinstance.py:1032} INFO - Dependencies all met for <TaskInstance: h1b_lca_data_v3.entry_task scheduled__2021-01-10T06:00:00+00:00 [queued]>
[2022-08-29 15:42:48,300] {taskinstance.py:1032} INFO - Dependencies all met for <TaskInstance: h1b_lca_data_v3.entry_task scheduled__2021-01-10T06:00:00+00:00 [queued]>
[2022-08-29 15:42:48,301] {taskinstance.py:1238} INFO - 
--------------------------------------------------------------------------------
[2022-08-29 15:42:48,302] {taskinstance.py:1239} INFO - Starting attempt 24 of 24
[2022-08-29 15:42:48,304] {taskinstance.py:1240} INFO - 
--------------------------------------------------------------------------------
[2022-08-29 15:42:48,318] {taskinstance.py:1259} INFO - Executing <Task(BashOperator): entry_task> on 2021-01-10 06:00:00+00:00
[2022-08-29 15:42:48,326] {standard_task_runner.py:52} INFO - Started process 11851 to run task
[2022-08-29 15:42:48,331] {standard_task_runner.py:76} INFO - Running: ['***', 'tasks', 'run', 'h1b_lca_data_v3', 'entry_task', 'scheduled__2021-01-10T06:00:00+00:00', '--job-id', '1529', '--raw', '--subdir', 'DAGS_FOLDER/upload_h1b_data_to_gcp.py', '--cfg-path', '/tmp/tmps7opu46v', '--error-file', '/tmp/tmpyny0qm5w']
[2022-08-29 15:42:48,333] {standard_task_runner.py:77} INFO - Job 1529: Subtask entry_task
[2022-08-29 15:42:48,416] {logging_mixin.py:109} INFO - Running <TaskInstance: h1b_lca_data_v3.entry_task scheduled__2021-01-10T06:00:00+00:00 [running]> on host efb24f1b01c6
[2022-08-29 15:42:48,487] {taskinstance.py:1426} INFO - Exporting the following env vars:
AIRFLOW_CTX_DAG_OWNER=***
AIRFLOW_CTX_DAG_ID=h1b_lca_data_v3
AIRFLOW_CTX_TASK_ID=entry_task
AIRFLOW_CTX_EXECUTION_DATE=2021-01-10T06:00:00+00:00
AIRFLOW_CTX_DAG_RUN_ID=scheduled__2021-01-10T06:00:00+00:00
[2022-08-29 15:42:48,490] {subprocess.py:62} INFO - Tmp dir root location: 
 /tmp
[2022-08-29 15:42:48,492] {subprocess.py:74} INFO - Running command: ['bash', '-c', 'echo 2021-1-10']
[2022-08-29 15:42:48,509] {subprocess.py:85} INFO - Output:
[2022-08-29 15:42:48,512] {subprocess.py:89} INFO - 2021-1-10
[2022-08-29 15:42:48,514] {subprocess.py:93} INFO - Command exited with return code 0
[2022-08-29 15:42:48,544] {taskinstance.py:1277} INFO - Marking task as SUCCESS. dag_id=h1b_lca_data_v3, task_id=entry_task, execution_date=20210110T060000, start_date=20220829T154248, end_date=20220829T154248
[2022-08-29 15:42:48,586] {local_task_job.py:154} INFO - Task exited with return code 0
[2022-08-29 15:42:48,628] {local_task_job.py:264} INFO - 0 downstream tasks scheduled from follow-on schedule check
