[2022-08-29 15:55:08,853] {taskinstance.py:1032} INFO - Dependencies all met for <TaskInstance: h1b_lca_data_v3.entry_task scheduled__2021-01-10T06:00:00+00:00 [queued]>
[2022-08-29 15:55:08,893] {taskinstance.py:1032} INFO - Dependencies all met for <TaskInstance: h1b_lca_data_v3.entry_task scheduled__2021-01-10T06:00:00+00:00 [queued]>
[2022-08-29 15:55:08,896] {taskinstance.py:1238} INFO - 
--------------------------------------------------------------------------------
[2022-08-29 15:55:08,897] {taskinstance.py:1239} INFO - Starting attempt 31 of 31
[2022-08-29 15:55:08,898] {taskinstance.py:1240} INFO - 
--------------------------------------------------------------------------------
[2022-08-29 15:55:08,943] {taskinstance.py:1259} INFO - Executing <Task(PythonOperator): entry_task> on 2021-01-10 06:00:00+00:00
[2022-08-29 15:55:08,957] {standard_task_runner.py:52} INFO - Started process 12466 to run task
[2022-08-29 15:55:08,962] {standard_task_runner.py:76} INFO - Running: ['***', 'tasks', 'run', 'h1b_lca_data_v3', 'entry_task', 'scheduled__2021-01-10T06:00:00+00:00', '--job-id', '1546', '--raw', '--subdir', 'DAGS_FOLDER/upload_h1b_data_to_gcp.py', '--cfg-path', '/tmp/tmpj1jrquju', '--error-file', '/tmp/tmpdbcy0hue']
[2022-08-29 15:55:08,964] {standard_task_runner.py:77} INFO - Job 1546: Subtask entry_task
[2022-08-29 15:55:09,060] {logging_mixin.py:109} INFO - Running <TaskInstance: h1b_lca_data_v3.entry_task scheduled__2021-01-10T06:00:00+00:00 [running]> on host efb24f1b01c6
[2022-08-29 15:55:09,201] {taskinstance.py:1426} INFO - Exporting the following env vars:
AIRFLOW_CTX_DAG_OWNER=***
AIRFLOW_CTX_DAG_ID=h1b_lca_data_v3
AIRFLOW_CTX_TASK_ID=entry_task
AIRFLOW_CTX_EXECUTION_DATE=2021-01-10T06:00:00+00:00
AIRFLOW_CTX_DAG_RUN_ID=scheduled__2021-01-10T06:00:00+00:00
[2022-08-29 15:55:09,204] {logging_mixin.py:109} INFO - var is:  {{execution_date.strftime('%-m')}}
[2022-08-29 15:55:09,205] {logging_mixin.py:109} INFO - out of loop
[2022-08-29 15:55:09,206] {logging_mixin.py:109} INFO - Final var value is:  {{execution_date.strftime('%-m')}}
[2022-08-29 15:55:09,209] {logging_mixin.py:109} INFO - Final qrtr value is:  0
[2022-08-29 15:55:09,211] {python.py:175} INFO - Done. Returned value was: None
[2022-08-29 15:55:09,233] {taskinstance.py:1277} INFO - Marking task as SUCCESS. dag_id=h1b_lca_data_v3, task_id=entry_task, execution_date=20210110T060000, start_date=20220829T155508, end_date=20220829T155509
[2022-08-29 15:55:09,313] {local_task_job.py:154} INFO - Task exited with return code 0
[2022-08-29 15:55:09,432] {local_task_job.py:264} INFO - 0 downstream tasks scheduled from follow-on schedule check
