[2022-08-29 15:56:36,535] {taskinstance.py:1032} INFO - Dependencies all met for <TaskInstance: h1b_lca_data_v3.entry_task scheduled__2021-01-10T06:00:00+00:00 [queued]>
[2022-08-29 15:56:36,561] {taskinstance.py:1032} INFO - Dependencies all met for <TaskInstance: h1b_lca_data_v3.entry_task scheduled__2021-01-10T06:00:00+00:00 [queued]>
[2022-08-29 15:56:36,563] {taskinstance.py:1238} INFO - 
--------------------------------------------------------------------------------
[2022-08-29 15:56:36,565] {taskinstance.py:1239} INFO - Starting attempt 32 of 32
[2022-08-29 15:56:36,566] {taskinstance.py:1240} INFO - 
--------------------------------------------------------------------------------
[2022-08-29 15:56:36,591] {taskinstance.py:1259} INFO - Executing <Task(PythonOperator): entry_task> on 2021-01-10 06:00:00+00:00
[2022-08-29 15:56:36,604] {standard_task_runner.py:52} INFO - Started process 12529 to run task
[2022-08-29 15:56:36,612] {standard_task_runner.py:76} INFO - Running: ['***', 'tasks', 'run', 'h1b_lca_data_v3', 'entry_task', 'scheduled__2021-01-10T06:00:00+00:00', '--job-id', '1548', '--raw', '--subdir', 'DAGS_FOLDER/upload_h1b_data_to_gcp.py', '--cfg-path', '/tmp/tmpuzd_ito6', '--error-file', '/tmp/tmpdg8crc2m']
[2022-08-29 15:56:36,616] {standard_task_runner.py:77} INFO - Job 1548: Subtask entry_task
[2022-08-29 15:56:36,713] {logging_mixin.py:109} INFO - Running <TaskInstance: h1b_lca_data_v3.entry_task scheduled__2021-01-10T06:00:00+00:00 [running]> on host efb24f1b01c6
[2022-08-29 15:56:36,803] {taskinstance.py:1426} INFO - Exporting the following env vars:
AIRFLOW_CTX_DAG_OWNER=***
AIRFLOW_CTX_DAG_ID=h1b_lca_data_v3
AIRFLOW_CTX_TASK_ID=entry_task
AIRFLOW_CTX_EXECUTION_DATE=2021-01-10T06:00:00+00:00
AIRFLOW_CTX_DAG_RUN_ID=scheduled__2021-01-10T06:00:00+00:00
[2022-08-29 15:56:36,806] {logging_mixin.py:109} INFO - var is:  {{execution_date.strftime('%-m')}}
[2022-08-29 15:56:36,807] {logging_mixin.py:109} INFO - out of loop
[2022-08-29 15:56:36,808] {logging_mixin.py:109} INFO - Final var value is:  {{execution_date.strftime('%-m')}}
[2022-08-29 15:56:36,810] {logging_mixin.py:109} INFO - Final qrtr value is:  0
[2022-08-29 15:56:36,811] {logging_mixin.py:109} INFO - https://www.dol.gov/sites/dolgov/files/ETA/oflc/pdfs/LCA_Disclosure_Data_FY{{ execution_date.strftime('%Y') }}_Q{{ execution_date.strftime('%-m') }}.xlsx
[2022-08-29 15:56:36,812] {python.py:175} INFO - Done. Returned value was: None
[2022-08-29 15:56:36,839] {taskinstance.py:1277} INFO - Marking task as SUCCESS. dag_id=h1b_lca_data_v3, task_id=entry_task, execution_date=20210110T060000, start_date=20220829T155636, end_date=20220829T155636
[2022-08-29 15:56:36,910] {local_task_job.py:154} INFO - Task exited with return code 0
[2022-08-29 15:56:36,955] {local_task_job.py:264} INFO - 0 downstream tasks scheduled from follow-on schedule check
