[2022-08-29 17:09:37,364] {taskinstance.py:1032} INFO - Dependencies all met for <TaskInstance: h1b_lca_data_v3.entry_task scheduled__2021-01-10T06:00:00+00:00 [queued]>
[2022-08-29 17:09:37,387] {taskinstance.py:1032} INFO - Dependencies all met for <TaskInstance: h1b_lca_data_v3.entry_task scheduled__2021-01-10T06:00:00+00:00 [queued]>
[2022-08-29 17:09:37,389] {taskinstance.py:1238} INFO - 
--------------------------------------------------------------------------------
[2022-08-29 17:09:37,391] {taskinstance.py:1239} INFO - Starting attempt 44 of 44
[2022-08-29 17:09:37,392] {taskinstance.py:1240} INFO - 
--------------------------------------------------------------------------------
[2022-08-29 17:09:37,418] {taskinstance.py:1259} INFO - Executing <Task(PythonOperator): entry_task> on 2021-01-10 06:00:00+00:00
[2022-08-29 17:09:37,428] {standard_task_runner.py:52} INFO - Started process 1072 to run task
[2022-08-29 17:09:37,435] {standard_task_runner.py:76} INFO - Running: ['***', 'tasks', 'run', 'h1b_lca_data_v3', 'entry_task', 'scheduled__2021-01-10T06:00:00+00:00', '--job-id', '1607', '--raw', '--subdir', 'DAGS_FOLDER/upload_h1b_data_to_gcp.py', '--cfg-path', '/tmp/tmpimi7ylba', '--error-file', '/tmp/tmpksojaywz']
[2022-08-29 17:09:37,438] {standard_task_runner.py:77} INFO - Job 1607: Subtask entry_task
[2022-08-29 17:09:37,535] {logging_mixin.py:109} INFO - Running <TaskInstance: h1b_lca_data_v3.entry_task scheduled__2021-01-10T06:00:00+00:00 [running]> on host f153c6531160
[2022-08-29 17:09:37,622] {taskinstance.py:1426} INFO - Exporting the following env vars:
AIRFLOW_CTX_DAG_OWNER=***
AIRFLOW_CTX_DAG_ID=h1b_lca_data_v3
AIRFLOW_CTX_TASK_ID=entry_task
AIRFLOW_CTX_EXECUTION_DATE=2021-01-10T06:00:00+00:00
AIRFLOW_CTX_DAG_RUN_ID=scheduled__2021-01-10T06:00:00+00:00
[2022-08-29 17:09:37,626] {logging_mixin.py:109} INFO - var is:  1
[2022-08-29 17:09:37,627] {logging_mixin.py:109} INFO - <class 'int'>
[2022-08-29 17:09:37,629] {logging_mixin.py:109} INFO - 2
[2022-08-29 17:09:37,630] {logging_mixin.py:109} INFO - quarter value is:  9
[2022-08-29 17:09:37,632] {python.py:175} INFO - Done. Returned value was: None
[2022-08-29 17:09:37,650] {taskinstance.py:1277} INFO - Marking task as SUCCESS. dag_id=h1b_lca_data_v3, task_id=entry_task, execution_date=20210110T060000, start_date=20220829T170937, end_date=20220829T170937
[2022-08-29 17:09:37,692] {local_task_job.py:154} INFO - Task exited with return code 0
[2022-08-29 17:09:37,736] {local_task_job.py:264} INFO - 0 downstream tasks scheduled from follow-on schedule check
