[2022-08-29 15:15:22,087] {taskinstance.py:1032} INFO - Dependencies all met for <TaskInstance: h1b_lca_data_v3.entry_task scheduled__2021-01-10T06:00:00+00:00 [queued]>
[2022-08-29 15:15:22,104] {taskinstance.py:1032} INFO - Dependencies all met for <TaskInstance: h1b_lca_data_v3.entry_task scheduled__2021-01-10T06:00:00+00:00 [queued]>
[2022-08-29 15:15:22,106] {taskinstance.py:1238} INFO - 
--------------------------------------------------------------------------------
[2022-08-29 15:15:22,107] {taskinstance.py:1239} INFO - Starting attempt 7 of 7
[2022-08-29 15:15:22,109] {taskinstance.py:1240} INFO - 
--------------------------------------------------------------------------------
[2022-08-29 15:15:22,125] {taskinstance.py:1259} INFO - Executing <Task(BashOperator): entry_task> on 2021-01-10 06:00:00+00:00
[2022-08-29 15:15:22,132] {standard_task_runner.py:52} INFO - Started process 10534 to run task
[2022-08-29 15:15:22,138] {standard_task_runner.py:76} INFO - Running: ['***', 'tasks', 'run', 'h1b_lca_data_v3', 'entry_task', 'scheduled__2021-01-10T06:00:00+00:00', '--job-id', '1492', '--raw', '--subdir', 'DAGS_FOLDER/upload_h1b_data_to_gcp.py', '--cfg-path', '/tmp/tmpybgcvumf', '--error-file', '/tmp/tmpmzbjibh3']
[2022-08-29 15:15:22,140] {standard_task_runner.py:77} INFO - Job 1492: Subtask entry_task
[2022-08-29 15:15:22,228] {logging_mixin.py:109} INFO - Running <TaskInstance: h1b_lca_data_v3.entry_task scheduled__2021-01-10T06:00:00+00:00 [running]> on host efb24f1b01c6
[2022-08-29 15:15:22,311] {taskinstance.py:1426} INFO - Exporting the following env vars:
AIRFLOW_CTX_DAG_OWNER=***
AIRFLOW_CTX_DAG_ID=h1b_lca_data_v3
AIRFLOW_CTX_TASK_ID=entry_task
AIRFLOW_CTX_EXECUTION_DATE=2021-01-10T06:00:00+00:00
AIRFLOW_CTX_DAG_RUN_ID=scheduled__2021-01-10T06:00:00+00:00
[2022-08-29 15:15:22,314] {subprocess.py:62} INFO - Tmp dir root location: 
 /tmp
[2022-08-29 15:15:22,315] {subprocess.py:74} INFO - Running command: ['bash', '-c', 'echo %-q']
[2022-08-29 15:15:22,344] {subprocess.py:85} INFO - Output:
[2022-08-29 15:15:22,348] {subprocess.py:89} INFO - %-q
[2022-08-29 15:15:22,350] {subprocess.py:93} INFO - Command exited with return code 0
[2022-08-29 15:15:22,393] {taskinstance.py:1277} INFO - Marking task as SUCCESS. dag_id=h1b_lca_data_v3, task_id=entry_task, execution_date=20210110T060000, start_date=20220829T151522, end_date=20220829T151522
[2022-08-29 15:15:22,474] {local_task_job.py:154} INFO - Task exited with return code 0
[2022-08-29 15:15:22,524] {local_task_job.py:264} INFO - 0 downstream tasks scheduled from follow-on schedule check
