[2022-08-28 08:08:37,625] {processor.py:163} INFO - Started process (PID=2372) to work on /opt/airflow/dags/api_caller.py
[2022-08-28 08:08:37,641] {processor.py:642} INFO - Processing file /opt/airflow/dags/api_caller.py for tasks to queue
[2022-08-28 08:08:37,656] {logging_mixin.py:109} INFO - [2022-08-28 08:08:37,652] {dagbag.py:500} INFO - Filling up the DagBag from /opt/airflow/dags/api_caller.py
[2022-08-28 08:08:38,110] {processor.py:654} INFO - DAG(s) dict_keys(['weatherServiceCall']) retrieved from /opt/airflow/dags/api_caller.py
[2022-08-28 08:08:38,230] {logging_mixin.py:109} INFO - [2022-08-28 08:08:38,228] {dag.py:2396} INFO - Sync 1 DAGs
[2022-08-28 08:08:40,228] {logging_mixin.py:109} INFO - [2022-08-28 08:08:40,221] {dag.py:2935} INFO - Setting next_dagrun for weatherServiceCall to 2022-08-27T20:20:00+00:00
[2022-08-28 08:08:40,865] {processor.py:171} INFO - Processing /opt/airflow/dags/api_caller.py took 3.262 seconds
[2022-08-28 19:52:59,444] {processor.py:163} INFO - Started process (PID=2386) to work on /opt/airflow/dags/api_caller.py
[2022-08-28 19:52:59,499] {processor.py:642} INFO - Processing file /opt/airflow/dags/api_caller.py for tasks to queue
[2022-08-28 19:52:59,553] {logging_mixin.py:109} INFO - [2022-08-28 19:52:59,553] {dagbag.py:500} INFO - Filling up the DagBag from /opt/airflow/dags/api_caller.py
[2022-08-28 19:53:00,475] {processor.py:654} INFO - DAG(s) dict_keys(['weatherServiceCall']) retrieved from /opt/airflow/dags/api_caller.py
[2022-08-28 19:53:02,009] {processor.py:608} INFO - Executed failure callback for <TaskInstance: weatherServiceCall.weatherapi scheduled__2022-08-27T20:05:00+00:00 [failed]> in state failed
[2022-08-28 19:53:02,498] {processor.py:608} INFO - Executed failure callback for <TaskInstance: weatherServiceCall.weatherapi scheduled__2022-08-27T20:05:00+00:00 [failed]> in state failed
[2022-08-28 19:53:03,026] {logging_mixin.py:109} INFO - [2022-08-28 19:53:03,025] {dag.py:2396} INFO - Sync 1 DAGs
[2022-08-28 19:53:03,271] {logging_mixin.py:109} INFO - [2022-08-28 19:53:03,271] {dag.py:2935} INFO - Setting next_dagrun for weatherServiceCall to 2022-08-27T20:25:00+00:00
[2022-08-28 19:53:03,409] {processor.py:171} INFO - Processing /opt/airflow/dags/api_caller.py took 4.058 seconds
[2022-08-28 19:53:07,795] {processor.py:163} INFO - Started process (PID=2391) to work on /opt/airflow/dags/api_caller.py
[2022-08-28 19:53:07,862] {processor.py:642} INFO - Processing file /opt/airflow/dags/api_caller.py for tasks to queue
[2022-08-28 19:53:07,914] {logging_mixin.py:109} INFO - [2022-08-28 19:53:07,914] {dagbag.py:500} INFO - Filling up the DagBag from /opt/airflow/dags/api_caller.py
[2022-08-28 19:53:08,878] {processor.py:654} INFO - DAG(s) dict_keys(['weatherServiceCall']) retrieved from /opt/airflow/dags/api_caller.py
[2022-08-28 19:53:09,147] {logging_mixin.py:109} INFO - [2022-08-28 19:53:09,146] {dag.py:2396} INFO - Sync 1 DAGs
[2022-08-28 19:53:10,188] {logging_mixin.py:109} INFO - [2022-08-28 19:53:10,187] {dag.py:2935} INFO - Setting next_dagrun for weatherServiceCall to 2022-08-27T20:35:00+00:00
[2022-08-28 19:53:10,292] {processor.py:171} INFO - Processing /opt/airflow/dags/api_caller.py took 2.738 seconds
[2022-08-28 19:53:40,992] {processor.py:163} INFO - Started process (PID=2417) to work on /opt/airflow/dags/api_caller.py
[2022-08-28 19:53:40,995] {processor.py:642} INFO - Processing file /opt/airflow/dags/api_caller.py for tasks to queue
[2022-08-28 19:53:41,010] {logging_mixin.py:109} INFO - [2022-08-28 19:53:41,009] {dagbag.py:500} INFO - Filling up the DagBag from /opt/airflow/dags/api_caller.py
[2022-08-28 19:53:41,481] {processor.py:654} INFO - DAG(s) dict_keys(['weatherServiceCall']) retrieved from /opt/airflow/dags/api_caller.py
[2022-08-28 19:53:41,707] {logging_mixin.py:109} INFO - [2022-08-28 19:53:41,707] {dag.py:2396} INFO - Sync 1 DAGs
[2022-08-28 19:53:42,068] {logging_mixin.py:109} INFO - [2022-08-28 19:53:42,067] {dag.py:2935} INFO - Setting next_dagrun for weatherServiceCall to 2022-08-27T21:15:00+00:00
[2022-08-28 19:53:42,201] {processor.py:171} INFO - Processing /opt/airflow/dags/api_caller.py took 1.229 seconds
[2022-08-28 19:54:12,439] {processor.py:163} INFO - Started process (PID=2442) to work on /opt/airflow/dags/api_caller.py
[2022-08-28 19:54:12,448] {processor.py:642} INFO - Processing file /opt/airflow/dags/api_caller.py for tasks to queue
[2022-08-28 19:54:12,451] {logging_mixin.py:109} INFO - [2022-08-28 19:54:12,451] {dagbag.py:500} INFO - Filling up the DagBag from /opt/airflow/dags/api_caller.py
[2022-08-28 19:54:12,656] {processor.py:654} INFO - DAG(s) dict_keys(['weatherServiceCall']) retrieved from /opt/airflow/dags/api_caller.py
[2022-08-28 19:54:12,732] {logging_mixin.py:109} INFO - [2022-08-28 19:54:12,729] {dag.py:2396} INFO - Sync 1 DAGs
[2022-08-28 19:54:12,796] {logging_mixin.py:109} INFO - [2022-08-28 19:54:12,796] {dag.py:2935} INFO - Setting next_dagrun for weatherServiceCall to 2022-08-27T22:35:00+00:00
[2022-08-28 19:54:12,822] {processor.py:171} INFO - Processing /opt/airflow/dags/api_caller.py took 0.505 seconds
[2022-08-28 19:54:43,502] {processor.py:163} INFO - Started process (PID=2469) to work on /opt/airflow/dags/api_caller.py
[2022-08-28 19:54:43,511] {processor.py:642} INFO - Processing file /opt/airflow/dags/api_caller.py for tasks to queue
[2022-08-28 19:54:43,514] {logging_mixin.py:109} INFO - [2022-08-28 19:54:43,513] {dagbag.py:500} INFO - Filling up the DagBag from /opt/airflow/dags/api_caller.py
[2022-08-28 19:54:43,569] {processor.py:654} INFO - DAG(s) dict_keys(['weatherServiceCall']) retrieved from /opt/airflow/dags/api_caller.py
[2022-08-28 19:54:43,591] {logging_mixin.py:109} INFO - [2022-08-28 19:54:43,590] {dag.py:2396} INFO - Sync 1 DAGs
[2022-08-28 19:54:43,621] {logging_mixin.py:109} INFO - [2022-08-28 19:54:43,620] {dag.py:2935} INFO - Setting next_dagrun for weatherServiceCall to 2022-08-28T00:15:00+00:00
[2022-08-28 19:54:43,636] {processor.py:171} INFO - Processing /opt/airflow/dags/api_caller.py took 0.144 seconds
[2022-08-28 19:55:14,220] {processor.py:163} INFO - Started process (PID=2497) to work on /opt/airflow/dags/api_caller.py
[2022-08-28 19:55:14,235] {processor.py:642} INFO - Processing file /opt/airflow/dags/api_caller.py for tasks to queue
[2022-08-28 19:55:14,238] {logging_mixin.py:109} INFO - [2022-08-28 19:55:14,238] {dagbag.py:500} INFO - Filling up the DagBag from /opt/airflow/dags/api_caller.py
[2022-08-28 19:55:14,420] {processor.py:654} INFO - DAG(s) dict_keys(['weatherServiceCall']) retrieved from /opt/airflow/dags/api_caller.py
[2022-08-28 19:55:14,482] {logging_mixin.py:109} INFO - [2022-08-28 19:55:14,481] {dag.py:2396} INFO - Sync 1 DAGs
[2022-08-28 19:55:14,652] {logging_mixin.py:109} INFO - [2022-08-28 19:55:14,652] {dag.py:2935} INFO - Setting next_dagrun for weatherServiceCall to 2022-08-28T02:30:00+00:00
[2022-08-28 19:55:14,720] {processor.py:171} INFO - Processing /opt/airflow/dags/api_caller.py took 0.516 seconds
[2022-08-28 19:55:45,662] {processor.py:163} INFO - Started process (PID=2516) to work on /opt/airflow/dags/api_caller.py
[2022-08-28 19:55:45,669] {processor.py:642} INFO - Processing file /opt/airflow/dags/api_caller.py for tasks to queue
[2022-08-28 19:55:45,672] {logging_mixin.py:109} INFO - [2022-08-28 19:55:45,672] {dagbag.py:500} INFO - Filling up the DagBag from /opt/airflow/dags/api_caller.py
[2022-08-28 19:55:45,806] {processor.py:654} INFO - DAG(s) dict_keys(['weatherServiceCall']) retrieved from /opt/airflow/dags/api_caller.py
[2022-08-28 19:55:45,923] {logging_mixin.py:109} INFO - [2022-08-28 19:55:45,923] {dag.py:2396} INFO - Sync 1 DAGs
[2022-08-28 19:55:46,213] {logging_mixin.py:109} INFO - [2022-08-28 19:55:46,212] {dag.py:2935} INFO - Setting next_dagrun for weatherServiceCall to 2022-08-28T04:05:00+00:00
[2022-08-28 19:55:46,275] {processor.py:171} INFO - Processing /opt/airflow/dags/api_caller.py took 0.621 seconds
[2022-08-28 19:56:16,727] {processor.py:163} INFO - Started process (PID=2543) to work on /opt/airflow/dags/api_caller.py
[2022-08-28 19:56:16,735] {processor.py:642} INFO - Processing file /opt/airflow/dags/api_caller.py for tasks to queue
[2022-08-28 19:56:16,741] {logging_mixin.py:109} INFO - [2022-08-28 19:56:16,740] {dagbag.py:500} INFO - Filling up the DagBag from /opt/airflow/dags/api_caller.py
[2022-08-28 19:56:16,858] {processor.py:654} INFO - DAG(s) dict_keys(['weatherServiceCall']) retrieved from /opt/airflow/dags/api_caller.py
[2022-08-28 19:56:16,890] {logging_mixin.py:109} INFO - [2022-08-28 19:56:16,890] {dag.py:2396} INFO - Sync 1 DAGs
[2022-08-28 19:56:16,941] {logging_mixin.py:109} INFO - [2022-08-28 19:56:16,940] {dag.py:2935} INFO - Setting next_dagrun for weatherServiceCall to 2022-08-28T05:20:00+00:00
[2022-08-28 19:56:16,964] {processor.py:171} INFO - Processing /opt/airflow/dags/api_caller.py took 0.250 seconds
[2022-08-28 19:56:48,043] {processor.py:163} INFO - Started process (PID=2576) to work on /opt/airflow/dags/api_caller.py
[2022-08-28 19:56:48,053] {processor.py:642} INFO - Processing file /opt/airflow/dags/api_caller.py for tasks to queue
[2022-08-28 19:56:48,058] {logging_mixin.py:109} INFO - [2022-08-28 19:56:48,058] {dagbag.py:500} INFO - Filling up the DagBag from /opt/airflow/dags/api_caller.py
[2022-08-28 19:56:48,167] {processor.py:654} INFO - DAG(s) dict_keys(['weatherServiceCall']) retrieved from /opt/airflow/dags/api_caller.py
[2022-08-28 19:56:48,204] {logging_mixin.py:109} INFO - [2022-08-28 19:56:48,204] {dag.py:2396} INFO - Sync 1 DAGs
[2022-08-28 19:56:48,283] {logging_mixin.py:109} INFO - [2022-08-28 19:56:48,283] {dag.py:2935} INFO - Setting next_dagrun for weatherServiceCall to 2022-08-28T07:00:00+00:00
[2022-08-28 19:56:48,394] {processor.py:171} INFO - Processing /opt/airflow/dags/api_caller.py took 0.372 seconds
[2022-08-28 19:57:18,623] {processor.py:163} INFO - Started process (PID=2597) to work on /opt/airflow/dags/api_caller.py
[2022-08-28 19:57:18,626] {processor.py:642} INFO - Processing file /opt/airflow/dags/api_caller.py for tasks to queue
[2022-08-28 19:57:18,628] {logging_mixin.py:109} INFO - [2022-08-28 19:57:18,628] {dagbag.py:500} INFO - Filling up the DagBag from /opt/airflow/dags/api_caller.py
[2022-08-28 19:57:18,673] {processor.py:654} INFO - DAG(s) dict_keys(['weatherServiceCall']) retrieved from /opt/airflow/dags/api_caller.py
[2022-08-28 19:57:18,689] {logging_mixin.py:109} INFO - [2022-08-28 19:57:18,689] {dag.py:2396} INFO - Sync 1 DAGs
[2022-08-28 19:57:18,714] {logging_mixin.py:109} INFO - [2022-08-28 19:57:18,714] {dag.py:2935} INFO - Setting next_dagrun for weatherServiceCall to 2022-08-28T08:25:00+00:00
[2022-08-28 19:57:18,729] {processor.py:171} INFO - Processing /opt/airflow/dags/api_caller.py took 0.111 seconds
[2022-08-28 19:57:49,245] {processor.py:163} INFO - Started process (PID=2625) to work on /opt/airflow/dags/api_caller.py
[2022-08-28 19:57:49,306] {processor.py:642} INFO - Processing file /opt/airflow/dags/api_caller.py for tasks to queue
[2022-08-28 19:57:49,318] {logging_mixin.py:109} INFO - [2022-08-28 19:57:49,317] {dagbag.py:500} INFO - Filling up the DagBag from /opt/airflow/dags/api_caller.py
[2022-08-28 19:57:49,697] {processor.py:654} INFO - DAG(s) dict_keys(['weatherServiceCall']) retrieved from /opt/airflow/dags/api_caller.py
[2022-08-28 19:57:49,760] {logging_mixin.py:109} INFO - [2022-08-28 19:57:49,759] {dag.py:2396} INFO - Sync 1 DAGs
[2022-08-28 19:57:49,880] {logging_mixin.py:109} INFO - [2022-08-28 19:57:49,880] {dag.py:2935} INFO - Setting next_dagrun for weatherServiceCall to 2022-08-28T10:30:00+00:00
[2022-08-28 19:57:49,969] {processor.py:171} INFO - Processing /opt/airflow/dags/api_caller.py took 0.809 seconds
[2022-08-28 19:58:20,858] {processor.py:163} INFO - Started process (PID=2648) to work on /opt/airflow/dags/api_caller.py
[2022-08-28 19:58:20,868] {processor.py:642} INFO - Processing file /opt/airflow/dags/api_caller.py for tasks to queue
[2022-08-28 19:58:20,873] {logging_mixin.py:109} INFO - [2022-08-28 19:58:20,872] {dagbag.py:500} INFO - Filling up the DagBag from /opt/airflow/dags/api_caller.py
[2022-08-28 19:58:20,996] {processor.py:654} INFO - DAG(s) dict_keys(['weatherServiceCall']) retrieved from /opt/airflow/dags/api_caller.py
[2022-08-28 19:58:21,115] {logging_mixin.py:109} INFO - [2022-08-28 19:58:21,115] {dag.py:2396} INFO - Sync 1 DAGs
[2022-08-28 19:58:21,215] {logging_mixin.py:109} INFO - [2022-08-28 19:58:21,215] {dag.py:2935} INFO - Setting next_dagrun for weatherServiceCall to 2022-08-28T12:30:00+00:00
[2022-08-28 19:58:21,250] {processor.py:171} INFO - Processing /opt/airflow/dags/api_caller.py took 0.417 seconds
[2022-08-28 19:58:51,980] {processor.py:163} INFO - Started process (PID=2676) to work on /opt/airflow/dags/api_caller.py
[2022-08-28 19:58:51,985] {processor.py:642} INFO - Processing file /opt/airflow/dags/api_caller.py for tasks to queue
[2022-08-28 19:58:51,989] {logging_mixin.py:109} INFO - [2022-08-28 19:58:51,989] {dagbag.py:500} INFO - Filling up the DagBag from /opt/airflow/dags/api_caller.py
[2022-08-28 19:58:52,166] {processor.py:654} INFO - DAG(s) dict_keys(['weatherServiceCall']) retrieved from /opt/airflow/dags/api_caller.py
[2022-08-28 19:58:52,193] {logging_mixin.py:109} INFO - [2022-08-28 19:58:52,193] {dag.py:2396} INFO - Sync 1 DAGs
[2022-08-28 19:58:52,256] {logging_mixin.py:109} INFO - [2022-08-28 19:58:52,255] {dag.py:2935} INFO - Setting next_dagrun for weatherServiceCall to 2022-08-28T14:55:00+00:00
[2022-08-28 19:58:52,297] {processor.py:171} INFO - Processing /opt/airflow/dags/api_caller.py took 0.332 seconds
[2022-08-28 19:59:22,632] {processor.py:163} INFO - Started process (PID=2702) to work on /opt/airflow/dags/api_caller.py
[2022-08-28 19:59:22,677] {processor.py:642} INFO - Processing file /opt/airflow/dags/api_caller.py for tasks to queue
[2022-08-28 19:59:22,691] {logging_mixin.py:109} INFO - [2022-08-28 19:59:22,685] {dagbag.py:500} INFO - Filling up the DagBag from /opt/airflow/dags/api_caller.py
[2022-08-28 19:59:22,782] {processor.py:654} INFO - DAG(s) dict_keys(['weatherServiceCall']) retrieved from /opt/airflow/dags/api_caller.py
[2022-08-28 19:59:22,802] {logging_mixin.py:109} INFO - [2022-08-28 19:59:22,802] {dag.py:2396} INFO - Sync 1 DAGs
[2022-08-28 19:59:22,831] {logging_mixin.py:109} INFO - [2022-08-28 19:59:22,831] {dag.py:2935} INFO - Setting next_dagrun for weatherServiceCall to 2022-08-28T17:05:00+00:00
[2022-08-28 19:59:22,851] {processor.py:171} INFO - Processing /opt/airflow/dags/api_caller.py took 0.278 seconds
[2022-08-28 19:59:53,300] {processor.py:163} INFO - Started process (PID=2729) to work on /opt/airflow/dags/api_caller.py
[2022-08-28 19:59:53,304] {processor.py:642} INFO - Processing file /opt/airflow/dags/api_caller.py for tasks to queue
[2022-08-28 19:59:53,309] {logging_mixin.py:109} INFO - [2022-08-28 19:59:53,308] {dagbag.py:500} INFO - Filling up the DagBag from /opt/airflow/dags/api_caller.py
[2022-08-28 19:59:53,495] {processor.py:654} INFO - DAG(s) dict_keys(['weatherServiceCall']) retrieved from /opt/airflow/dags/api_caller.py
[2022-08-28 19:59:53,511] {logging_mixin.py:109} INFO - [2022-08-28 19:59:53,511] {dag.py:2396} INFO - Sync 1 DAGs
[2022-08-28 19:59:53,560] {logging_mixin.py:109} INFO - [2022-08-28 19:59:53,560] {dag.py:2935} INFO - Setting next_dagrun for weatherServiceCall to 2022-08-28T19:15:00+00:00
[2022-08-28 19:59:53,587] {processor.py:171} INFO - Processing /opt/airflow/dags/api_caller.py took 0.297 seconds
[2022-08-28 20:00:24,370] {processor.py:163} INFO - Started process (PID=2755) to work on /opt/airflow/dags/api_caller.py
[2022-08-28 20:00:24,373] {processor.py:642} INFO - Processing file /opt/airflow/dags/api_caller.py for tasks to queue
[2022-08-28 20:00:24,374] {logging_mixin.py:109} INFO - [2022-08-28 20:00:24,374] {dagbag.py:500} INFO - Filling up the DagBag from /opt/airflow/dags/api_caller.py
[2022-08-28 20:00:24,418] {processor.py:654} INFO - DAG(s) dict_keys(['weatherServiceCall']) retrieved from /opt/airflow/dags/api_caller.py
[2022-08-28 20:00:24,431] {logging_mixin.py:109} INFO - [2022-08-28 20:00:24,431] {dag.py:2396} INFO - Sync 1 DAGs
[2022-08-28 20:00:24,452] {logging_mixin.py:109} INFO - [2022-08-28 20:00:24,452] {dag.py:2935} INFO - Setting next_dagrun for weatherServiceCall to 2022-08-28T20:00:00+00:00
[2022-08-28 20:00:24,463] {processor.py:171} INFO - Processing /opt/airflow/dags/api_caller.py took 0.097 seconds
[2022-08-28 20:00:54,603] {processor.py:163} INFO - Started process (PID=2784) to work on /opt/airflow/dags/api_caller.py
[2022-08-28 20:00:54,610] {processor.py:642} INFO - Processing file /opt/airflow/dags/api_caller.py for tasks to queue
[2022-08-28 20:00:54,617] {logging_mixin.py:109} INFO - [2022-08-28 20:00:54,616] {dagbag.py:500} INFO - Filling up the DagBag from /opt/airflow/dags/api_caller.py
[2022-08-28 20:00:54,669] {processor.py:654} INFO - DAG(s) dict_keys(['weatherServiceCall']) retrieved from /opt/airflow/dags/api_caller.py
[2022-08-28 20:00:54,683] {logging_mixin.py:109} INFO - [2022-08-28 20:00:54,683] {dag.py:2396} INFO - Sync 1 DAGs
[2022-08-28 20:00:54,709] {logging_mixin.py:109} INFO - [2022-08-28 20:00:54,709] {dag.py:2935} INFO - Setting next_dagrun for weatherServiceCall to 2022-08-28T20:00:00+00:00
[2022-08-28 20:00:54,727] {processor.py:171} INFO - Processing /opt/airflow/dags/api_caller.py took 0.130 seconds
[2022-08-28 20:01:24,929] {processor.py:163} INFO - Started process (PID=2820) to work on /opt/airflow/dags/api_caller.py
[2022-08-28 20:01:24,932] {processor.py:642} INFO - Processing file /opt/airflow/dags/api_caller.py for tasks to queue
[2022-08-28 20:01:24,934] {logging_mixin.py:109} INFO - [2022-08-28 20:01:24,934] {dagbag.py:500} INFO - Filling up the DagBag from /opt/airflow/dags/api_caller.py
[2022-08-28 20:01:24,970] {processor.py:654} INFO - DAG(s) dict_keys(['weatherServiceCall']) retrieved from /opt/airflow/dags/api_caller.py
[2022-08-28 20:01:24,985] {logging_mixin.py:109} INFO - [2022-08-28 20:01:24,985] {dag.py:2396} INFO - Sync 1 DAGs
[2022-08-28 20:01:25,007] {logging_mixin.py:109} INFO - [2022-08-28 20:01:25,007] {dag.py:2935} INFO - Setting next_dagrun for weatherServiceCall to 2022-08-28T20:00:00+00:00
[2022-08-28 20:01:25,023] {processor.py:171} INFO - Processing /opt/airflow/dags/api_caller.py took 0.098 seconds
[2022-08-28 20:01:55,151] {processor.py:163} INFO - Started process (PID=2847) to work on /opt/airflow/dags/api_caller.py
[2022-08-28 20:01:55,154] {processor.py:642} INFO - Processing file /opt/airflow/dags/api_caller.py for tasks to queue
[2022-08-28 20:01:55,157] {logging_mixin.py:109} INFO - [2022-08-28 20:01:55,157] {dagbag.py:500} INFO - Filling up the DagBag from /opt/airflow/dags/api_caller.py
[2022-08-28 20:01:55,215] {processor.py:654} INFO - DAG(s) dict_keys(['weatherServiceCall']) retrieved from /opt/airflow/dags/api_caller.py
[2022-08-28 20:01:55,230] {logging_mixin.py:109} INFO - [2022-08-28 20:01:55,230] {dag.py:2396} INFO - Sync 1 DAGs
[2022-08-28 20:01:55,261] {logging_mixin.py:109} INFO - [2022-08-28 20:01:55,261] {dag.py:2935} INFO - Setting next_dagrun for weatherServiceCall to 2022-08-28T20:00:00+00:00
[2022-08-28 20:01:55,278] {processor.py:171} INFO - Processing /opt/airflow/dags/api_caller.py took 0.133 seconds
[2022-08-28 20:02:25,410] {processor.py:163} INFO - Started process (PID=2883) to work on /opt/airflow/dags/api_caller.py
[2022-08-28 20:02:25,413] {processor.py:642} INFO - Processing file /opt/airflow/dags/api_caller.py for tasks to queue
[2022-08-28 20:02:25,415] {logging_mixin.py:109} INFO - [2022-08-28 20:02:25,415] {dagbag.py:500} INFO - Filling up the DagBag from /opt/airflow/dags/api_caller.py
[2022-08-28 20:02:25,480] {processor.py:654} INFO - DAG(s) dict_keys(['weatherServiceCall']) retrieved from /opt/airflow/dags/api_caller.py
[2022-08-28 20:02:25,507] {logging_mixin.py:109} INFO - [2022-08-28 20:02:25,507] {dag.py:2396} INFO - Sync 1 DAGs
[2022-08-28 20:02:25,545] {logging_mixin.py:109} INFO - [2022-08-28 20:02:25,545] {dag.py:2935} INFO - Setting next_dagrun for weatherServiceCall to 2022-08-28T20:00:00+00:00
[2022-08-28 20:02:25,565] {processor.py:171} INFO - Processing /opt/airflow/dags/api_caller.py took 0.159 seconds
[2022-08-28 20:02:55,702] {processor.py:163} INFO - Started process (PID=2910) to work on /opt/airflow/dags/api_caller.py
[2022-08-28 20:02:55,705] {processor.py:642} INFO - Processing file /opt/airflow/dags/api_caller.py for tasks to queue
[2022-08-28 20:02:55,706] {logging_mixin.py:109} INFO - [2022-08-28 20:02:55,706] {dagbag.py:500} INFO - Filling up the DagBag from /opt/airflow/dags/api_caller.py
[2022-08-28 20:02:55,745] {processor.py:654} INFO - DAG(s) dict_keys(['weatherServiceCall']) retrieved from /opt/airflow/dags/api_caller.py
[2022-08-28 20:02:55,760] {logging_mixin.py:109} INFO - [2022-08-28 20:02:55,759] {dag.py:2396} INFO - Sync 1 DAGs
[2022-08-28 20:02:55,782] {logging_mixin.py:109} INFO - [2022-08-28 20:02:55,782] {dag.py:2935} INFO - Setting next_dagrun for weatherServiceCall to 2022-08-28T20:00:00+00:00
[2022-08-28 20:02:55,795] {processor.py:171} INFO - Processing /opt/airflow/dags/api_caller.py took 0.098 seconds
[2022-08-28 20:03:25,912] {processor.py:163} INFO - Started process (PID=2938) to work on /opt/airflow/dags/api_caller.py
[2022-08-28 20:03:25,914] {processor.py:642} INFO - Processing file /opt/airflow/dags/api_caller.py for tasks to queue
[2022-08-28 20:03:25,916] {logging_mixin.py:109} INFO - [2022-08-28 20:03:25,916] {dagbag.py:500} INFO - Filling up the DagBag from /opt/airflow/dags/api_caller.py
[2022-08-28 20:03:25,955] {processor.py:654} INFO - DAG(s) dict_keys(['weatherServiceCall']) retrieved from /opt/airflow/dags/api_caller.py
[2022-08-28 20:03:25,967] {logging_mixin.py:109} INFO - [2022-08-28 20:03:25,967] {dag.py:2396} INFO - Sync 1 DAGs
[2022-08-28 20:03:25,990] {logging_mixin.py:109} INFO - [2022-08-28 20:03:25,990] {dag.py:2935} INFO - Setting next_dagrun for weatherServiceCall to 2022-08-28T20:00:00+00:00
[2022-08-28 20:03:26,004] {processor.py:171} INFO - Processing /opt/airflow/dags/api_caller.py took 0.098 seconds
[2022-08-28 20:03:56,185] {processor.py:163} INFO - Started process (PID=2971) to work on /opt/airflow/dags/api_caller.py
[2022-08-28 20:03:56,193] {processor.py:642} INFO - Processing file /opt/airflow/dags/api_caller.py for tasks to queue
[2022-08-28 20:03:56,200] {logging_mixin.py:109} INFO - [2022-08-28 20:03:56,199] {dagbag.py:500} INFO - Filling up the DagBag from /opt/airflow/dags/api_caller.py
[2022-08-28 20:03:56,258] {processor.py:654} INFO - DAG(s) dict_keys(['weatherServiceCall']) retrieved from /opt/airflow/dags/api_caller.py
[2022-08-28 20:03:56,275] {logging_mixin.py:109} INFO - [2022-08-28 20:03:56,275] {dag.py:2396} INFO - Sync 1 DAGs
[2022-08-28 20:03:56,307] {logging_mixin.py:109} INFO - [2022-08-28 20:03:56,307] {dag.py:2935} INFO - Setting next_dagrun for weatherServiceCall to 2022-08-28T20:00:00+00:00
[2022-08-28 20:03:56,322] {processor.py:171} INFO - Processing /opt/airflow/dags/api_caller.py took 0.151 seconds
[2022-08-28 20:04:26,519] {processor.py:163} INFO - Started process (PID=3001) to work on /opt/airflow/dags/api_caller.py
[2022-08-28 20:04:26,522] {processor.py:642} INFO - Processing file /opt/airflow/dags/api_caller.py for tasks to queue
[2022-08-28 20:04:26,524] {logging_mixin.py:109} INFO - [2022-08-28 20:04:26,523] {dagbag.py:500} INFO - Filling up the DagBag from /opt/airflow/dags/api_caller.py
[2022-08-28 20:04:26,570] {processor.py:654} INFO - DAG(s) dict_keys(['weatherServiceCall']) retrieved from /opt/airflow/dags/api_caller.py
[2022-08-28 20:04:26,583] {logging_mixin.py:109} INFO - [2022-08-28 20:04:26,583] {dag.py:2396} INFO - Sync 1 DAGs
[2022-08-28 20:04:26,608] {logging_mixin.py:109} INFO - [2022-08-28 20:04:26,608] {dag.py:2935} INFO - Setting next_dagrun for weatherServiceCall to 2022-08-28T20:00:00+00:00
[2022-08-28 20:04:26,621] {processor.py:171} INFO - Processing /opt/airflow/dags/api_caller.py took 0.108 seconds
[2022-08-28 20:04:56,781] {processor.py:163} INFO - Started process (PID=3027) to work on /opt/airflow/dags/api_caller.py
[2022-08-28 20:04:56,783] {processor.py:642} INFO - Processing file /opt/airflow/dags/api_caller.py for tasks to queue
[2022-08-28 20:04:56,785] {logging_mixin.py:109} INFO - [2022-08-28 20:04:56,785] {dagbag.py:500} INFO - Filling up the DagBag from /opt/airflow/dags/api_caller.py
[2022-08-28 20:04:56,826] {processor.py:654} INFO - DAG(s) dict_keys(['weatherServiceCall']) retrieved from /opt/airflow/dags/api_caller.py
[2022-08-28 20:04:56,839] {logging_mixin.py:109} INFO - [2022-08-28 20:04:56,839] {dag.py:2396} INFO - Sync 1 DAGs
[2022-08-28 20:04:56,862] {logging_mixin.py:109} INFO - [2022-08-28 20:04:56,862] {dag.py:2935} INFO - Setting next_dagrun for weatherServiceCall to 2022-08-28T20:00:00+00:00
[2022-08-28 20:04:56,875] {processor.py:171} INFO - Processing /opt/airflow/dags/api_caller.py took 0.099 seconds
[2022-08-28 20:05:26,991] {processor.py:163} INFO - Started process (PID=3054) to work on /opt/airflow/dags/api_caller.py
[2022-08-28 20:05:26,993] {processor.py:642} INFO - Processing file /opt/airflow/dags/api_caller.py for tasks to queue
[2022-08-28 20:05:26,995] {logging_mixin.py:109} INFO - [2022-08-28 20:05:26,995] {dagbag.py:500} INFO - Filling up the DagBag from /opt/airflow/dags/api_caller.py
[2022-08-28 20:05:27,038] {processor.py:654} INFO - DAG(s) dict_keys(['weatherServiceCall']) retrieved from /opt/airflow/dags/api_caller.py
[2022-08-28 20:05:27,051] {logging_mixin.py:109} INFO - [2022-08-28 20:05:27,051] {dag.py:2396} INFO - Sync 1 DAGs
[2022-08-28 20:05:27,075] {logging_mixin.py:109} INFO - [2022-08-28 20:05:27,074] {dag.py:2935} INFO - Setting next_dagrun for weatherServiceCall to 2022-08-28T20:05:00+00:00
[2022-08-28 20:05:27,086] {processor.py:171} INFO - Processing /opt/airflow/dags/api_caller.py took 0.099 seconds
[2022-08-28 20:05:57,314] {processor.py:163} INFO - Started process (PID=3092) to work on /opt/airflow/dags/api_caller.py
[2022-08-28 20:05:57,322] {processor.py:642} INFO - Processing file /opt/airflow/dags/api_caller.py for tasks to queue
[2022-08-28 20:05:57,331] {logging_mixin.py:109} INFO - [2022-08-28 20:05:57,331] {dagbag.py:500} INFO - Filling up the DagBag from /opt/airflow/dags/api_caller.py
[2022-08-28 20:05:57,428] {processor.py:654} INFO - DAG(s) dict_keys(['weatherServiceCall']) retrieved from /opt/airflow/dags/api_caller.py
[2022-08-28 20:05:57,486] {logging_mixin.py:109} INFO - [2022-08-28 20:05:57,486] {dag.py:2396} INFO - Sync 1 DAGs
[2022-08-28 20:05:57,536] {logging_mixin.py:109} INFO - [2022-08-28 20:05:57,536] {dag.py:2935} INFO - Setting next_dagrun for weatherServiceCall to 2022-08-28T20:05:00+00:00
[2022-08-28 20:05:57,569] {processor.py:171} INFO - Processing /opt/airflow/dags/api_caller.py took 0.281 seconds
[2022-08-28 20:06:28,419] {processor.py:163} INFO - Started process (PID=3118) to work on /opt/airflow/dags/api_caller.py
[2022-08-28 20:06:28,423] {processor.py:642} INFO - Processing file /opt/airflow/dags/api_caller.py for tasks to queue
[2022-08-28 20:06:28,425] {logging_mixin.py:109} INFO - [2022-08-28 20:06:28,424] {dagbag.py:500} INFO - Filling up the DagBag from /opt/airflow/dags/api_caller.py
[2022-08-28 20:06:28,478] {processor.py:654} INFO - DAG(s) dict_keys(['weatherServiceCall']) retrieved from /opt/airflow/dags/api_caller.py
[2022-08-28 20:06:28,505] {logging_mixin.py:109} INFO - [2022-08-28 20:06:28,505] {dag.py:2396} INFO - Sync 1 DAGs
[2022-08-28 20:06:28,533] {logging_mixin.py:109} INFO - [2022-08-28 20:06:28,533] {dag.py:2935} INFO - Setting next_dagrun for weatherServiceCall to 2022-08-28T20:05:00+00:00
[2022-08-28 20:06:28,545] {processor.py:171} INFO - Processing /opt/airflow/dags/api_caller.py took 0.133 seconds
[2022-08-28 20:06:58,657] {processor.py:163} INFO - Started process (PID=3145) to work on /opt/airflow/dags/api_caller.py
[2022-08-28 20:06:58,661] {processor.py:642} INFO - Processing file /opt/airflow/dags/api_caller.py for tasks to queue
[2022-08-28 20:06:58,664] {logging_mixin.py:109} INFO - [2022-08-28 20:06:58,663] {dagbag.py:500} INFO - Filling up the DagBag from /opt/airflow/dags/api_caller.py
[2022-08-28 20:06:58,722] {processor.py:654} INFO - DAG(s) dict_keys(['weatherServiceCall']) retrieved from /opt/airflow/dags/api_caller.py
[2022-08-28 20:06:58,740] {logging_mixin.py:109} INFO - [2022-08-28 20:06:58,740] {dag.py:2396} INFO - Sync 1 DAGs
[2022-08-28 20:06:58,772] {logging_mixin.py:109} INFO - [2022-08-28 20:06:58,772] {dag.py:2935} INFO - Setting next_dagrun for weatherServiceCall to 2022-08-28T20:05:00+00:00
[2022-08-28 20:06:58,789] {processor.py:171} INFO - Processing /opt/airflow/dags/api_caller.py took 0.139 seconds
[2022-08-28 20:07:28,830] {processor.py:163} INFO - Started process (PID=3182) to work on /opt/airflow/dags/api_caller.py
[2022-08-28 20:07:28,834] {processor.py:642} INFO - Processing file /opt/airflow/dags/api_caller.py for tasks to queue
[2022-08-28 20:07:28,836] {logging_mixin.py:109} INFO - [2022-08-28 20:07:28,835] {dagbag.py:500} INFO - Filling up the DagBag from /opt/airflow/dags/api_caller.py
[2022-08-28 20:07:28,890] {processor.py:654} INFO - DAG(s) dict_keys(['weatherServiceCall']) retrieved from /opt/airflow/dags/api_caller.py
[2022-08-28 20:07:28,906] {logging_mixin.py:109} INFO - [2022-08-28 20:07:28,906] {dag.py:2396} INFO - Sync 1 DAGs
[2022-08-28 20:07:28,941] {logging_mixin.py:109} INFO - [2022-08-28 20:07:28,941] {dag.py:2935} INFO - Setting next_dagrun for weatherServiceCall to 2022-08-28T20:05:00+00:00
[2022-08-28 20:07:28,972] {processor.py:171} INFO - Processing /opt/airflow/dags/api_caller.py took 0.148 seconds
[2022-08-28 20:07:59,022] {processor.py:163} INFO - Started process (PID=3210) to work on /opt/airflow/dags/api_caller.py
[2022-08-28 20:07:59,028] {processor.py:642} INFO - Processing file /opt/airflow/dags/api_caller.py for tasks to queue
[2022-08-28 20:07:59,032] {logging_mixin.py:109} INFO - [2022-08-28 20:07:59,031] {dagbag.py:500} INFO - Filling up the DagBag from /opt/airflow/dags/api_caller.py
[2022-08-28 20:07:59,113] {processor.py:654} INFO - DAG(s) dict_keys(['weatherServiceCall']) retrieved from /opt/airflow/dags/api_caller.py
[2022-08-28 20:07:59,149] {logging_mixin.py:109} INFO - [2022-08-28 20:07:59,149] {dag.py:2396} INFO - Sync 1 DAGs
[2022-08-28 20:07:59,197] {logging_mixin.py:109} INFO - [2022-08-28 20:07:59,197] {dag.py:2935} INFO - Setting next_dagrun for weatherServiceCall to 2022-08-28T20:05:00+00:00
[2022-08-28 20:07:59,214] {processor.py:171} INFO - Processing /opt/airflow/dags/api_caller.py took 0.200 seconds
[2022-08-28 20:08:29,527] {processor.py:163} INFO - Started process (PID=3238) to work on /opt/airflow/dags/api_caller.py
[2022-08-28 20:08:29,532] {processor.py:642} INFO - Processing file /opt/airflow/dags/api_caller.py for tasks to queue
[2022-08-28 20:08:29,534] {logging_mixin.py:109} INFO - [2022-08-28 20:08:29,533] {dagbag.py:500} INFO - Filling up the DagBag from /opt/airflow/dags/api_caller.py
[2022-08-28 20:08:29,586] {processor.py:654} INFO - DAG(s) dict_keys(['weatherServiceCall']) retrieved from /opt/airflow/dags/api_caller.py
[2022-08-28 20:08:29,608] {logging_mixin.py:109} INFO - [2022-08-28 20:08:29,608] {dag.py:2396} INFO - Sync 1 DAGs
[2022-08-28 20:08:29,642] {logging_mixin.py:109} INFO - [2022-08-28 20:08:29,641] {dag.py:2935} INFO - Setting next_dagrun for weatherServiceCall to 2022-08-28T20:05:00+00:00
[2022-08-28 20:08:29,655] {processor.py:171} INFO - Processing /opt/airflow/dags/api_caller.py took 0.134 seconds
[2022-08-28 20:08:59,754] {processor.py:163} INFO - Started process (PID=3274) to work on /opt/airflow/dags/api_caller.py
[2022-08-28 20:08:59,757] {processor.py:642} INFO - Processing file /opt/airflow/dags/api_caller.py for tasks to queue
[2022-08-28 20:08:59,760] {logging_mixin.py:109} INFO - [2022-08-28 20:08:59,760] {dagbag.py:500} INFO - Filling up the DagBag from /opt/airflow/dags/api_caller.py
[2022-08-28 20:08:59,812] {processor.py:654} INFO - DAG(s) dict_keys(['weatherServiceCall']) retrieved from /opt/airflow/dags/api_caller.py
[2022-08-28 20:08:59,830] {logging_mixin.py:109} INFO - [2022-08-28 20:08:59,830] {dag.py:2396} INFO - Sync 1 DAGs
[2022-08-28 20:08:59,878] {logging_mixin.py:109} INFO - [2022-08-28 20:08:59,878] {dag.py:2935} INFO - Setting next_dagrun for weatherServiceCall to 2022-08-28T20:05:00+00:00
[2022-08-28 20:08:59,918] {processor.py:171} INFO - Processing /opt/airflow/dags/api_caller.py took 0.172 seconds
[2022-08-28 20:09:30,159] {processor.py:163} INFO - Started process (PID=3302) to work on /opt/airflow/dags/api_caller.py
[2022-08-28 20:09:30,164] {processor.py:642} INFO - Processing file /opt/airflow/dags/api_caller.py for tasks to queue
[2022-08-28 20:09:30,166] {logging_mixin.py:109} INFO - [2022-08-28 20:09:30,166] {dagbag.py:500} INFO - Filling up the DagBag from /opt/airflow/dags/api_caller.py
[2022-08-28 20:09:30,207] {processor.py:654} INFO - DAG(s) dict_keys(['weatherServiceCall']) retrieved from /opt/airflow/dags/api_caller.py
[2022-08-28 20:09:30,221] {logging_mixin.py:109} INFO - [2022-08-28 20:09:30,221] {dag.py:2396} INFO - Sync 1 DAGs
[2022-08-28 20:09:30,244] {logging_mixin.py:109} INFO - [2022-08-28 20:09:30,244] {dag.py:2935} INFO - Setting next_dagrun for weatherServiceCall to 2022-08-28T20:05:00+00:00
[2022-08-28 20:09:30,259] {processor.py:171} INFO - Processing /opt/airflow/dags/api_caller.py took 0.107 seconds
[2022-08-28 20:10:00,436] {processor.py:163} INFO - Started process (PID=3329) to work on /opt/airflow/dags/api_caller.py
[2022-08-28 20:10:00,439] {processor.py:642} INFO - Processing file /opt/airflow/dags/api_caller.py for tasks to queue
[2022-08-28 20:10:00,440] {logging_mixin.py:109} INFO - [2022-08-28 20:10:00,440] {dagbag.py:500} INFO - Filling up the DagBag from /opt/airflow/dags/api_caller.py
[2022-08-28 20:10:00,481] {processor.py:654} INFO - DAG(s) dict_keys(['weatherServiceCall']) retrieved from /opt/airflow/dags/api_caller.py
[2022-08-28 20:10:00,495] {logging_mixin.py:109} INFO - [2022-08-28 20:10:00,495] {dag.py:2396} INFO - Sync 1 DAGs
[2022-08-28 20:10:00,519] {logging_mixin.py:109} INFO - [2022-08-28 20:10:00,518] {dag.py:2935} INFO - Setting next_dagrun for weatherServiceCall to 2022-08-28T20:05:00+00:00
[2022-08-28 20:10:00,531] {processor.py:171} INFO - Processing /opt/airflow/dags/api_caller.py took 0.099 seconds
[2022-08-28 20:10:30,634] {processor.py:163} INFO - Started process (PID=3355) to work on /opt/airflow/dags/api_caller.py
[2022-08-28 20:10:30,639] {processor.py:642} INFO - Processing file /opt/airflow/dags/api_caller.py for tasks to queue
[2022-08-28 20:10:30,642] {logging_mixin.py:109} INFO - [2022-08-28 20:10:30,642] {dagbag.py:500} INFO - Filling up the DagBag from /opt/airflow/dags/api_caller.py
[2022-08-28 20:10:30,703] {processor.py:654} INFO - DAG(s) dict_keys(['weatherServiceCall']) retrieved from /opt/airflow/dags/api_caller.py
[2022-08-28 20:10:30,720] {logging_mixin.py:109} INFO - [2022-08-28 20:10:30,720] {dag.py:2396} INFO - Sync 1 DAGs
[2022-08-28 20:10:30,743] {logging_mixin.py:109} INFO - [2022-08-28 20:10:30,742] {dag.py:2935} INFO - Setting next_dagrun for weatherServiceCall to 2022-08-28T20:10:00+00:00
[2022-08-28 20:10:30,755] {processor.py:171} INFO - Processing /opt/airflow/dags/api_caller.py took 0.133 seconds
[2022-08-28 20:11:00,907] {processor.py:163} INFO - Started process (PID=3382) to work on /opt/airflow/dags/api_caller.py
[2022-08-28 20:11:00,909] {processor.py:642} INFO - Processing file /opt/airflow/dags/api_caller.py for tasks to queue
[2022-08-28 20:11:00,911] {logging_mixin.py:109} INFO - [2022-08-28 20:11:00,911] {dagbag.py:500} INFO - Filling up the DagBag from /opt/airflow/dags/api_caller.py
[2022-08-28 20:11:00,954] {processor.py:654} INFO - DAG(s) dict_keys(['weatherServiceCall']) retrieved from /opt/airflow/dags/api_caller.py
[2022-08-28 20:11:00,972] {logging_mixin.py:109} INFO - [2022-08-28 20:11:00,972] {dag.py:2396} INFO - Sync 1 DAGs
[2022-08-28 20:11:00,995] {logging_mixin.py:109} INFO - [2022-08-28 20:11:00,995] {dag.py:2935} INFO - Setting next_dagrun for weatherServiceCall to 2022-08-28T20:10:00+00:00
[2022-08-28 20:11:01,008] {processor.py:171} INFO - Processing /opt/airflow/dags/api_caller.py took 0.107 seconds
[2022-08-28 20:11:31,164] {processor.py:163} INFO - Started process (PID=3420) to work on /opt/airflow/dags/api_caller.py
[2022-08-28 20:11:31,166] {processor.py:642} INFO - Processing file /opt/airflow/dags/api_caller.py for tasks to queue
[2022-08-28 20:11:31,169] {logging_mixin.py:109} INFO - [2022-08-28 20:11:31,169] {dagbag.py:500} INFO - Filling up the DagBag from /opt/airflow/dags/api_caller.py
[2022-08-28 20:11:31,223] {processor.py:654} INFO - DAG(s) dict_keys(['weatherServiceCall']) retrieved from /opt/airflow/dags/api_caller.py
[2022-08-28 20:11:31,244] {logging_mixin.py:109} INFO - [2022-08-28 20:11:31,244] {dag.py:2396} INFO - Sync 1 DAGs
[2022-08-28 20:11:31,279] {logging_mixin.py:109} INFO - [2022-08-28 20:11:31,279] {dag.py:2935} INFO - Setting next_dagrun for weatherServiceCall to 2022-08-28T20:10:00+00:00
[2022-08-28 20:11:31,299] {processor.py:171} INFO - Processing /opt/airflow/dags/api_caller.py took 0.140 seconds
[2022-08-28 20:12:01,401] {processor.py:163} INFO - Started process (PID=3449) to work on /opt/airflow/dags/api_caller.py
[2022-08-28 20:12:01,403] {processor.py:642} INFO - Processing file /opt/airflow/dags/api_caller.py for tasks to queue
[2022-08-28 20:12:01,404] {logging_mixin.py:109} INFO - [2022-08-28 20:12:01,404] {dagbag.py:500} INFO - Filling up the DagBag from /opt/airflow/dags/api_caller.py
[2022-08-28 20:12:01,443] {processor.py:654} INFO - DAG(s) dict_keys(['weatherServiceCall']) retrieved from /opt/airflow/dags/api_caller.py
[2022-08-28 20:12:01,457] {logging_mixin.py:109} INFO - [2022-08-28 20:12:01,457] {dag.py:2396} INFO - Sync 1 DAGs
[2022-08-28 20:12:01,483] {logging_mixin.py:109} INFO - [2022-08-28 20:12:01,483] {dag.py:2935} INFO - Setting next_dagrun for weatherServiceCall to 2022-08-28T20:10:00+00:00
[2022-08-28 20:12:01,499] {processor.py:171} INFO - Processing /opt/airflow/dags/api_caller.py took 0.102 seconds
[2022-08-28 20:12:31,665] {processor.py:163} INFO - Started process (PID=3475) to work on /opt/airflow/dags/api_caller.py
[2022-08-28 20:12:31,667] {processor.py:642} INFO - Processing file /opt/airflow/dags/api_caller.py for tasks to queue
[2022-08-28 20:12:31,668] {logging_mixin.py:109} INFO - [2022-08-28 20:12:31,668] {dagbag.py:500} INFO - Filling up the DagBag from /opt/airflow/dags/api_caller.py
[2022-08-28 20:12:31,708] {processor.py:654} INFO - DAG(s) dict_keys(['weatherServiceCall']) retrieved from /opt/airflow/dags/api_caller.py
[2022-08-28 20:12:31,721] {logging_mixin.py:109} INFO - [2022-08-28 20:12:31,721] {dag.py:2396} INFO - Sync 1 DAGs
[2022-08-28 20:12:31,748] {logging_mixin.py:109} INFO - [2022-08-28 20:12:31,748] {dag.py:2935} INFO - Setting next_dagrun for weatherServiceCall to 2022-08-28T20:10:00+00:00
[2022-08-28 20:12:31,761] {processor.py:171} INFO - Processing /opt/airflow/dags/api_caller.py took 0.101 seconds
[2022-08-28 20:13:01,856] {processor.py:163} INFO - Started process (PID=3505) to work on /opt/airflow/dags/api_caller.py
[2022-08-28 20:13:01,858] {processor.py:642} INFO - Processing file /opt/airflow/dags/api_caller.py for tasks to queue
[2022-08-28 20:13:01,860] {logging_mixin.py:109} INFO - [2022-08-28 20:13:01,860] {dagbag.py:500} INFO - Filling up the DagBag from /opt/airflow/dags/api_caller.py
[2022-08-28 20:13:01,906] {processor.py:654} INFO - DAG(s) dict_keys(['weatherServiceCall']) retrieved from /opt/airflow/dags/api_caller.py
[2022-08-28 20:13:01,924] {logging_mixin.py:109} INFO - [2022-08-28 20:13:01,924] {dag.py:2396} INFO - Sync 1 DAGs
[2022-08-28 20:13:01,962] {logging_mixin.py:109} INFO - [2022-08-28 20:13:01,962] {dag.py:2935} INFO - Setting next_dagrun for weatherServiceCall to 2022-08-28T20:10:00+00:00
[2022-08-28 20:13:01,980] {processor.py:171} INFO - Processing /opt/airflow/dags/api_caller.py took 0.131 seconds
[2022-08-28 20:13:32,204] {processor.py:163} INFO - Started process (PID=3531) to work on /opt/airflow/dags/api_caller.py
[2022-08-28 20:13:32,206] {processor.py:642} INFO - Processing file /opt/airflow/dags/api_caller.py for tasks to queue
[2022-08-28 20:13:32,208] {logging_mixin.py:109} INFO - [2022-08-28 20:13:32,208] {dagbag.py:500} INFO - Filling up the DagBag from /opt/airflow/dags/api_caller.py
[2022-08-28 20:13:32,245] {processor.py:654} INFO - DAG(s) dict_keys(['weatherServiceCall']) retrieved from /opt/airflow/dags/api_caller.py
[2022-08-28 20:13:32,257] {logging_mixin.py:109} INFO - [2022-08-28 20:13:32,257] {dag.py:2396} INFO - Sync 1 DAGs
[2022-08-28 20:13:32,278] {logging_mixin.py:109} INFO - [2022-08-28 20:13:32,278] {dag.py:2935} INFO - Setting next_dagrun for weatherServiceCall to 2022-08-28T20:10:00+00:00
[2022-08-28 20:13:32,291] {processor.py:171} INFO - Processing /opt/airflow/dags/api_caller.py took 0.091 seconds
[2022-08-28 20:14:02,767] {processor.py:163} INFO - Started process (PID=3557) to work on /opt/airflow/dags/api_caller.py
[2022-08-28 20:14:02,771] {processor.py:642} INFO - Processing file /opt/airflow/dags/api_caller.py for tasks to queue
[2022-08-28 20:14:02,783] {logging_mixin.py:109} INFO - [2022-08-28 20:14:02,781] {dagbag.py:500} INFO - Filling up the DagBag from /opt/airflow/dags/api_caller.py
[2022-08-28 20:14:02,989] {processor.py:654} INFO - DAG(s) dict_keys(['weatherServiceCall']) retrieved from /opt/airflow/dags/api_caller.py
[2022-08-28 20:14:03,103] {logging_mixin.py:109} INFO - [2022-08-28 20:14:03,103] {dag.py:2396} INFO - Sync 1 DAGs
[2022-08-28 20:14:03,424] {logging_mixin.py:109} INFO - [2022-08-28 20:14:03,424] {dag.py:2935} INFO - Setting next_dagrun for weatherServiceCall to 2022-08-28T20:10:00+00:00
[2022-08-28 20:14:03,502] {processor.py:171} INFO - Processing /opt/airflow/dags/api_caller.py took 0.744 seconds
[2022-08-28 20:14:33,678] {processor.py:163} INFO - Started process (PID=3585) to work on /opt/airflow/dags/api_caller.py
[2022-08-28 20:14:33,683] {processor.py:642} INFO - Processing file /opt/airflow/dags/api_caller.py for tasks to queue
[2022-08-28 20:14:33,687] {logging_mixin.py:109} INFO - [2022-08-28 20:14:33,686] {dagbag.py:500} INFO - Filling up the DagBag from /opt/airflow/dags/api_caller.py
[2022-08-28 20:14:33,743] {processor.py:654} INFO - DAG(s) dict_keys(['weatherServiceCall']) retrieved from /opt/airflow/dags/api_caller.py
[2022-08-28 20:14:33,758] {logging_mixin.py:109} INFO - [2022-08-28 20:14:33,758] {dag.py:2396} INFO - Sync 1 DAGs
[2022-08-28 20:14:33,785] {logging_mixin.py:109} INFO - [2022-08-28 20:14:33,785] {dag.py:2935} INFO - Setting next_dagrun for weatherServiceCall to 2022-08-28T20:10:00+00:00
[2022-08-28 20:14:33,803] {processor.py:171} INFO - Processing /opt/airflow/dags/api_caller.py took 0.138 seconds
[2022-08-28 20:15:03,923] {processor.py:163} INFO - Started process (PID=3611) to work on /opt/airflow/dags/api_caller.py
[2022-08-28 20:15:03,929] {processor.py:642} INFO - Processing file /opt/airflow/dags/api_caller.py for tasks to queue
[2022-08-28 20:15:03,932] {logging_mixin.py:109} INFO - [2022-08-28 20:15:03,932] {dagbag.py:500} INFO - Filling up the DagBag from /opt/airflow/dags/api_caller.py
[2022-08-28 20:15:03,991] {processor.py:654} INFO - DAG(s) dict_keys(['weatherServiceCall']) retrieved from /opt/airflow/dags/api_caller.py
[2022-08-28 20:15:04,012] {logging_mixin.py:109} INFO - [2022-08-28 20:15:04,011] {dag.py:2396} INFO - Sync 1 DAGs
[2022-08-28 20:15:04,043] {logging_mixin.py:109} INFO - [2022-08-28 20:15:04,043] {dag.py:2935} INFO - Setting next_dagrun for weatherServiceCall to 2022-08-28T20:15:00+00:00
[2022-08-28 20:15:04,061] {processor.py:171} INFO - Processing /opt/airflow/dags/api_caller.py took 0.149 seconds
[2022-08-28 20:15:34,189] {processor.py:163} INFO - Started process (PID=3636) to work on /opt/airflow/dags/api_caller.py
[2022-08-28 20:15:34,191] {processor.py:642} INFO - Processing file /opt/airflow/dags/api_caller.py for tasks to queue
[2022-08-28 20:15:34,193] {logging_mixin.py:109} INFO - [2022-08-28 20:15:34,192] {dagbag.py:500} INFO - Filling up the DagBag from /opt/airflow/dags/api_caller.py
[2022-08-28 20:15:34,230] {processor.py:654} INFO - DAG(s) dict_keys(['weatherServiceCall']) retrieved from /opt/airflow/dags/api_caller.py
[2022-08-28 20:15:34,242] {logging_mixin.py:109} INFO - [2022-08-28 20:15:34,242] {dag.py:2396} INFO - Sync 1 DAGs
[2022-08-28 20:15:34,264] {logging_mixin.py:109} INFO - [2022-08-28 20:15:34,264] {dag.py:2935} INFO - Setting next_dagrun for weatherServiceCall to 2022-08-28T20:15:00+00:00
[2022-08-28 20:15:34,276] {processor.py:171} INFO - Processing /opt/airflow/dags/api_caller.py took 0.092 seconds
[2022-08-28 20:16:04,373] {processor.py:163} INFO - Started process (PID=3671) to work on /opt/airflow/dags/api_caller.py
[2022-08-28 20:16:04,375] {processor.py:642} INFO - Processing file /opt/airflow/dags/api_caller.py for tasks to queue
[2022-08-28 20:16:04,377] {logging_mixin.py:109} INFO - [2022-08-28 20:16:04,377] {dagbag.py:500} INFO - Filling up the DagBag from /opt/airflow/dags/api_caller.py
[2022-08-28 20:16:04,420] {processor.py:654} INFO - DAG(s) dict_keys(['weatherServiceCall']) retrieved from /opt/airflow/dags/api_caller.py
[2022-08-28 20:16:04,435] {logging_mixin.py:109} INFO - [2022-08-28 20:16:04,434] {dag.py:2396} INFO - Sync 1 DAGs
[2022-08-28 20:16:04,460] {logging_mixin.py:109} INFO - [2022-08-28 20:16:04,460] {dag.py:2935} INFO - Setting next_dagrun for weatherServiceCall to 2022-08-28T20:15:00+00:00
[2022-08-28 20:16:04,474] {processor.py:171} INFO - Processing /opt/airflow/dags/api_caller.py took 0.105 seconds
[2022-08-28 20:16:34,598] {processor.py:163} INFO - Started process (PID=3699) to work on /opt/airflow/dags/api_caller.py
[2022-08-28 20:16:34,601] {processor.py:642} INFO - Processing file /opt/airflow/dags/api_caller.py for tasks to queue
[2022-08-28 20:16:34,602] {logging_mixin.py:109} INFO - [2022-08-28 20:16:34,602] {dagbag.py:500} INFO - Filling up the DagBag from /opt/airflow/dags/api_caller.py
[2022-08-28 20:16:34,642] {processor.py:654} INFO - DAG(s) dict_keys(['weatherServiceCall']) retrieved from /opt/airflow/dags/api_caller.py
[2022-08-28 20:16:34,658] {logging_mixin.py:109} INFO - [2022-08-28 20:16:34,658] {dag.py:2396} INFO - Sync 1 DAGs
[2022-08-28 20:16:34,680] {logging_mixin.py:109} INFO - [2022-08-28 20:16:34,680] {dag.py:2935} INFO - Setting next_dagrun for weatherServiceCall to 2022-08-28T20:15:00+00:00
[2022-08-28 20:16:34,691] {processor.py:171} INFO - Processing /opt/airflow/dags/api_caller.py took 0.098 seconds
[2022-08-28 20:17:04,852] {processor.py:163} INFO - Started process (PID=3727) to work on /opt/airflow/dags/api_caller.py
[2022-08-28 20:17:04,855] {processor.py:642} INFO - Processing file /opt/airflow/dags/api_caller.py for tasks to queue
[2022-08-28 20:17:04,856] {logging_mixin.py:109} INFO - [2022-08-28 20:17:04,856] {dagbag.py:500} INFO - Filling up the DagBag from /opt/airflow/dags/api_caller.py
[2022-08-28 20:17:04,896] {processor.py:654} INFO - DAG(s) dict_keys(['weatherServiceCall']) retrieved from /opt/airflow/dags/api_caller.py
[2022-08-28 20:17:04,909] {logging_mixin.py:109} INFO - [2022-08-28 20:17:04,909] {dag.py:2396} INFO - Sync 1 DAGs
[2022-08-28 20:17:04,931] {logging_mixin.py:109} INFO - [2022-08-28 20:17:04,931] {dag.py:2935} INFO - Setting next_dagrun for weatherServiceCall to 2022-08-28T20:15:00+00:00
[2022-08-28 20:17:04,947] {processor.py:171} INFO - Processing /opt/airflow/dags/api_caller.py took 0.100 seconds
[2022-08-28 20:17:35,157] {processor.py:163} INFO - Started process (PID=3765) to work on /opt/airflow/dags/api_caller.py
[2022-08-28 20:17:35,161] {processor.py:642} INFO - Processing file /opt/airflow/dags/api_caller.py for tasks to queue
[2022-08-28 20:17:35,165] {logging_mixin.py:109} INFO - [2022-08-28 20:17:35,165] {dagbag.py:500} INFO - Filling up the DagBag from /opt/airflow/dags/api_caller.py
[2022-08-28 20:17:35,213] {processor.py:654} INFO - DAG(s) dict_keys(['weatherServiceCall']) retrieved from /opt/airflow/dags/api_caller.py
[2022-08-28 20:17:35,231] {logging_mixin.py:109} INFO - [2022-08-28 20:17:35,231] {dag.py:2396} INFO - Sync 1 DAGs
[2022-08-28 20:17:35,274] {logging_mixin.py:109} INFO - [2022-08-28 20:17:35,274] {dag.py:2935} INFO - Setting next_dagrun for weatherServiceCall to 2022-08-28T20:15:00+00:00
[2022-08-28 20:17:35,292] {processor.py:171} INFO - Processing /opt/airflow/dags/api_caller.py took 0.144 seconds
[2022-08-28 20:18:06,289] {processor.py:163} INFO - Started process (PID=3791) to work on /opt/airflow/dags/api_caller.py
[2022-08-28 20:18:06,293] {processor.py:642} INFO - Processing file /opt/airflow/dags/api_caller.py for tasks to queue
[2022-08-28 20:18:06,297] {logging_mixin.py:109} INFO - [2022-08-28 20:18:06,296] {dagbag.py:500} INFO - Filling up the DagBag from /opt/airflow/dags/api_caller.py
[2022-08-28 20:18:06,346] {processor.py:654} INFO - DAG(s) dict_keys(['weatherServiceCall']) retrieved from /opt/airflow/dags/api_caller.py
[2022-08-28 20:18:06,360] {logging_mixin.py:109} INFO - [2022-08-28 20:18:06,360] {dag.py:2396} INFO - Sync 1 DAGs
[2022-08-28 20:18:06,385] {logging_mixin.py:109} INFO - [2022-08-28 20:18:06,385] {dag.py:2935} INFO - Setting next_dagrun for weatherServiceCall to 2022-08-28T20:15:00+00:00
[2022-08-28 20:18:06,401] {processor.py:171} INFO - Processing /opt/airflow/dags/api_caller.py took 0.116 seconds
[2022-08-28 20:18:36,543] {processor.py:163} INFO - Started process (PID=3817) to work on /opt/airflow/dags/api_caller.py
[2022-08-28 20:18:36,546] {processor.py:642} INFO - Processing file /opt/airflow/dags/api_caller.py for tasks to queue
[2022-08-28 20:18:36,548] {logging_mixin.py:109} INFO - [2022-08-28 20:18:36,548] {dagbag.py:500} INFO - Filling up the DagBag from /opt/airflow/dags/api_caller.py
[2022-08-28 20:18:36,589] {processor.py:654} INFO - DAG(s) dict_keys(['weatherServiceCall']) retrieved from /opt/airflow/dags/api_caller.py
[2022-08-28 20:18:36,606] {logging_mixin.py:109} INFO - [2022-08-28 20:18:36,606] {dag.py:2396} INFO - Sync 1 DAGs
[2022-08-28 20:18:36,629] {logging_mixin.py:109} INFO - [2022-08-28 20:18:36,629] {dag.py:2935} INFO - Setting next_dagrun for weatherServiceCall to 2022-08-28T20:15:00+00:00
[2022-08-28 20:18:36,639] {processor.py:171} INFO - Processing /opt/airflow/dags/api_caller.py took 0.101 seconds
[2022-08-28 20:19:06,740] {processor.py:163} INFO - Started process (PID=3852) to work on /opt/airflow/dags/api_caller.py
[2022-08-28 20:19:06,743] {processor.py:642} INFO - Processing file /opt/airflow/dags/api_caller.py for tasks to queue
[2022-08-28 20:19:06,745] {logging_mixin.py:109} INFO - [2022-08-28 20:19:06,745] {dagbag.py:500} INFO - Filling up the DagBag from /opt/airflow/dags/api_caller.py
[2022-08-28 20:19:06,803] {processor.py:654} INFO - DAG(s) dict_keys(['weatherServiceCall']) retrieved from /opt/airflow/dags/api_caller.py
[2022-08-28 20:19:06,818] {logging_mixin.py:109} INFO - [2022-08-28 20:19:06,818] {dag.py:2396} INFO - Sync 1 DAGs
[2022-08-28 20:19:06,847] {logging_mixin.py:109} INFO - [2022-08-28 20:19:06,847] {dag.py:2935} INFO - Setting next_dagrun for weatherServiceCall to 2022-08-28T20:15:00+00:00
[2022-08-28 20:19:06,864] {processor.py:171} INFO - Processing /opt/airflow/dags/api_caller.py took 0.132 seconds
[2022-08-28 20:19:36,952] {processor.py:163} INFO - Started process (PID=3878) to work on /opt/airflow/dags/api_caller.py
[2022-08-28 20:19:36,955] {processor.py:642} INFO - Processing file /opt/airflow/dags/api_caller.py for tasks to queue
[2022-08-28 20:19:36,958] {logging_mixin.py:109} INFO - [2022-08-28 20:19:36,957] {dagbag.py:500} INFO - Filling up the DagBag from /opt/airflow/dags/api_caller.py
[2022-08-28 20:19:37,001] {processor.py:654} INFO - DAG(s) dict_keys(['weatherServiceCall']) retrieved from /opt/airflow/dags/api_caller.py
[2022-08-28 20:19:37,017] {logging_mixin.py:109} INFO - [2022-08-28 20:19:37,016] {dag.py:2396} INFO - Sync 1 DAGs
[2022-08-28 20:19:37,041] {logging_mixin.py:109} INFO - [2022-08-28 20:19:37,040] {dag.py:2935} INFO - Setting next_dagrun for weatherServiceCall to 2022-08-28T20:15:00+00:00
[2022-08-28 20:19:37,066] {processor.py:171} INFO - Processing /opt/airflow/dags/api_caller.py took 0.126 seconds
[2022-08-28 20:20:07,143] {processor.py:163} INFO - Started process (PID=3906) to work on /opt/airflow/dags/api_caller.py
[2022-08-28 20:20:07,146] {processor.py:642} INFO - Processing file /opt/airflow/dags/api_caller.py for tasks to queue
[2022-08-28 20:20:07,148] {logging_mixin.py:109} INFO - [2022-08-28 20:20:07,148] {dagbag.py:500} INFO - Filling up the DagBag from /opt/airflow/dags/api_caller.py
[2022-08-28 20:20:07,210] {processor.py:654} INFO - DAG(s) dict_keys(['weatherServiceCall']) retrieved from /opt/airflow/dags/api_caller.py
[2022-08-28 20:20:07,222] {logging_mixin.py:109} INFO - [2022-08-28 20:20:07,222] {dag.py:2396} INFO - Sync 1 DAGs
[2022-08-28 20:20:07,246] {logging_mixin.py:109} INFO - [2022-08-28 20:20:07,246] {dag.py:2935} INFO - Setting next_dagrun for weatherServiceCall to 2022-08-28T20:20:00+00:00
[2022-08-28 20:20:07,259] {processor.py:171} INFO - Processing /opt/airflow/dags/api_caller.py took 0.125 seconds
[2022-08-28 20:20:37,665] {processor.py:163} INFO - Started process (PID=3933) to work on /opt/airflow/dags/api_caller.py
[2022-08-28 20:20:37,668] {processor.py:642} INFO - Processing file /opt/airflow/dags/api_caller.py for tasks to queue
[2022-08-28 20:20:37,670] {logging_mixin.py:109} INFO - [2022-08-28 20:20:37,670] {dagbag.py:500} INFO - Filling up the DagBag from /opt/airflow/dags/api_caller.py
[2022-08-28 20:20:37,709] {processor.py:654} INFO - DAG(s) dict_keys(['weatherServiceCall']) retrieved from /opt/airflow/dags/api_caller.py
[2022-08-28 20:20:37,722] {logging_mixin.py:109} INFO - [2022-08-28 20:20:37,722] {dag.py:2396} INFO - Sync 1 DAGs
[2022-08-28 20:20:37,745] {logging_mixin.py:109} INFO - [2022-08-28 20:20:37,745] {dag.py:2935} INFO - Setting next_dagrun for weatherServiceCall to 2022-08-28T20:20:00+00:00
[2022-08-28 20:20:37,760] {processor.py:171} INFO - Processing /opt/airflow/dags/api_caller.py took 0.100 seconds
[2022-08-28 20:21:07,902] {processor.py:163} INFO - Started process (PID=3972) to work on /opt/airflow/dags/api_caller.py
[2022-08-28 20:21:07,905] {processor.py:642} INFO - Processing file /opt/airflow/dags/api_caller.py for tasks to queue
[2022-08-28 20:21:07,907] {logging_mixin.py:109} INFO - [2022-08-28 20:21:07,907] {dagbag.py:500} INFO - Filling up the DagBag from /opt/airflow/dags/api_caller.py
[2022-08-28 20:21:07,949] {processor.py:654} INFO - DAG(s) dict_keys(['weatherServiceCall']) retrieved from /opt/airflow/dags/api_caller.py
[2022-08-28 20:21:07,966] {logging_mixin.py:109} INFO - [2022-08-28 20:21:07,966] {dag.py:2396} INFO - Sync 1 DAGs
[2022-08-28 20:21:07,990] {logging_mixin.py:109} INFO - [2022-08-28 20:21:07,990] {dag.py:2935} INFO - Setting next_dagrun for weatherServiceCall to 2022-08-28T20:20:00+00:00
[2022-08-28 20:21:08,004] {processor.py:171} INFO - Processing /opt/airflow/dags/api_caller.py took 0.107 seconds
[2022-08-28 20:41:20,541] {processor.py:163} INFO - Started process (PID=3984) to work on /opt/airflow/dags/api_caller.py
[2022-08-28 20:41:20,545] {processor.py:642} INFO - Processing file /opt/airflow/dags/api_caller.py for tasks to queue
[2022-08-28 20:41:20,550] {logging_mixin.py:109} INFO - [2022-08-28 20:41:20,550] {dagbag.py:500} INFO - Filling up the DagBag from /opt/airflow/dags/api_caller.py
[2022-08-28 20:41:20,655] {processor.py:654} INFO - DAG(s) dict_keys(['weatherServiceCall']) retrieved from /opt/airflow/dags/api_caller.py
[2022-08-28 20:41:20,713] {logging_mixin.py:109} INFO - [2022-08-28 20:41:20,713] {dag.py:2396} INFO - Sync 1 DAGs
[2022-08-28 20:41:21,042] {logging_mixin.py:109} INFO - [2022-08-28 20:41:21,042] {dag.py:2935} INFO - Setting next_dagrun for weatherServiceCall to 2022-08-28T20:25:00+00:00
[2022-08-28 20:41:21,160] {processor.py:171} INFO - Processing /opt/airflow/dags/api_caller.py took 0.637 seconds
[2022-08-28 20:41:53,041] {processor.py:163} INFO - Started process (PID=4000) to work on /opt/airflow/dags/api_caller.py
[2022-08-28 20:41:53,126] {processor.py:642} INFO - Processing file /opt/airflow/dags/api_caller.py for tasks to queue
[2022-08-28 20:41:53,193] {logging_mixin.py:109} INFO - [2022-08-28 20:41:53,192] {dagbag.py:500} INFO - Filling up the DagBag from /opt/airflow/dags/api_caller.py
[2022-08-28 20:41:54,709] {processor.py:654} INFO - DAG(s) dict_keys(['weatherServiceCall']) retrieved from /opt/airflow/dags/api_caller.py
[2022-08-28 20:41:55,101] {logging_mixin.py:109} INFO - [2022-08-28 20:41:55,099] {dag.py:2396} INFO - Sync 1 DAGs
[2022-08-28 20:41:56,546] {logging_mixin.py:109} INFO - [2022-08-28 20:41:56,539] {dag.py:2935} INFO - Setting next_dagrun for weatherServiceCall to 2022-08-28T20:40:00+00:00
[2022-08-28 20:41:57,155] {processor.py:171} INFO - Processing /opt/airflow/dags/api_caller.py took 4.357 seconds
