[2022-08-28 08:08:37,619] {processor.py:163} INFO - Started process (PID=2371) to work on /opt/airflow/dags/nyt_caller.py
[2022-08-28 08:08:37,624] {processor.py:642} INFO - Processing file /opt/airflow/dags/nyt_caller.py for tasks to queue
[2022-08-28 08:08:37,644] {logging_mixin.py:109} INFO - [2022-08-28 08:08:37,637] {dagbag.py:500} INFO - Filling up the DagBag from /opt/airflow/dags/nyt_caller.py
[2022-08-28 08:08:38,019] {processor.py:654} INFO - DAG(s) dict_keys(['NYTPopularArticles']) retrieved from /opt/airflow/dags/nyt_caller.py
[2022-08-28 08:08:38,141] {logging_mixin.py:109} INFO - [2022-08-28 08:08:38,141] {dag.py:2396} INFO - Sync 1 DAGs
[2022-08-28 08:08:39,453] {logging_mixin.py:109} INFO - [2022-08-28 08:08:39,452] {dag.py:2935} INFO - Setting next_dagrun for NYTPopularArticles to 2022-08-27T16:05:00+00:00
[2022-08-28 08:08:40,255] {processor.py:171} INFO - Processing /opt/airflow/dags/nyt_caller.py took 2.635 seconds
[2022-08-28 19:53:07,526] {processor.py:163} INFO - Started process (PID=2390) to work on /opt/airflow/dags/nyt_caller.py
[2022-08-28 19:53:07,580] {processor.py:642} INFO - Processing file /opt/airflow/dags/nyt_caller.py for tasks to queue
[2022-08-28 19:53:07,590] {logging_mixin.py:109} INFO - [2022-08-28 19:53:07,589] {dagbag.py:500} INFO - Filling up the DagBag from /opt/airflow/dags/nyt_caller.py
[2022-08-28 19:53:08,870] {processor.py:654} INFO - DAG(s) dict_keys(['NYTPopularArticles']) retrieved from /opt/airflow/dags/nyt_caller.py
[2022-08-28 19:53:09,134] {logging_mixin.py:109} INFO - [2022-08-28 19:53:09,131] {dag.py:2396} INFO - Sync 1 DAGs
[2022-08-28 19:53:10,262] {logging_mixin.py:109} INFO - [2022-08-28 19:53:10,137] {dag.py:2935} INFO - Setting next_dagrun for NYTPopularArticles to 2022-08-28T16:05:00+00:00
[2022-08-28 19:53:10,685] {processor.py:171} INFO - Processing /opt/airflow/dags/nyt_caller.py took 3.314 seconds
[2022-08-28 19:53:42,126] {processor.py:163} INFO - Started process (PID=2418) to work on /opt/airflow/dags/nyt_caller.py
[2022-08-28 19:53:42,136] {processor.py:642} INFO - Processing file /opt/airflow/dags/nyt_caller.py for tasks to queue
[2022-08-28 19:53:42,159] {logging_mixin.py:109} INFO - [2022-08-28 19:53:42,159] {dagbag.py:500} INFO - Filling up the DagBag from /opt/airflow/dags/nyt_caller.py
[2022-08-28 19:53:42,630] {processor.py:654} INFO - DAG(s) dict_keys(['NYTPopularArticles']) retrieved from /opt/airflow/dags/nyt_caller.py
[2022-08-28 19:53:42,715] {logging_mixin.py:109} INFO - [2022-08-28 19:53:42,715] {dag.py:2396} INFO - Sync 1 DAGs
[2022-08-28 19:53:42,855] {logging_mixin.py:109} INFO - [2022-08-28 19:53:42,854] {dag.py:2935} INFO - Setting next_dagrun for NYTPopularArticles to 2022-08-28T16:05:00+00:00
[2022-08-28 19:53:42,950] {processor.py:171} INFO - Processing /opt/airflow/dags/nyt_caller.py took 0.842 seconds
[2022-08-28 19:54:13,573] {processor.py:163} INFO - Started process (PID=2443) to work on /opt/airflow/dags/nyt_caller.py
[2022-08-28 19:54:13,581] {processor.py:642} INFO - Processing file /opt/airflow/dags/nyt_caller.py for tasks to queue
[2022-08-28 19:54:13,589] {logging_mixin.py:109} INFO - [2022-08-28 19:54:13,589] {dagbag.py:500} INFO - Filling up the DagBag from /opt/airflow/dags/nyt_caller.py
[2022-08-28 19:54:13,666] {processor.py:654} INFO - DAG(s) dict_keys(['NYTPopularArticles']) retrieved from /opt/airflow/dags/nyt_caller.py
[2022-08-28 19:54:13,720] {logging_mixin.py:109} INFO - [2022-08-28 19:54:13,719] {dag.py:2396} INFO - Sync 1 DAGs
[2022-08-28 19:54:13,849] {logging_mixin.py:109} INFO - [2022-08-28 19:54:13,849] {dag.py:2935} INFO - Setting next_dagrun for NYTPopularArticles to 2022-08-28T16:05:00+00:00
[2022-08-28 19:54:13,948] {processor.py:171} INFO - Processing /opt/airflow/dags/nyt_caller.py took 0.388 seconds
[2022-08-28 19:54:44,727] {processor.py:163} INFO - Started process (PID=2470) to work on /opt/airflow/dags/nyt_caller.py
[2022-08-28 19:54:44,733] {processor.py:642} INFO - Processing file /opt/airflow/dags/nyt_caller.py for tasks to queue
[2022-08-28 19:54:44,738] {logging_mixin.py:109} INFO - [2022-08-28 19:54:44,738] {dagbag.py:500} INFO - Filling up the DagBag from /opt/airflow/dags/nyt_caller.py
[2022-08-28 19:54:44,830] {processor.py:654} INFO - DAG(s) dict_keys(['NYTPopularArticles']) retrieved from /opt/airflow/dags/nyt_caller.py
[2022-08-28 19:54:44,853] {logging_mixin.py:109} INFO - [2022-08-28 19:54:44,853] {dag.py:2396} INFO - Sync 1 DAGs
[2022-08-28 19:54:44,900] {logging_mixin.py:109} INFO - [2022-08-28 19:54:44,900] {dag.py:2935} INFO - Setting next_dagrun for NYTPopularArticles to 2022-08-28T16:05:00+00:00
[2022-08-28 19:54:44,930] {processor.py:171} INFO - Processing /opt/airflow/dags/nyt_caller.py took 0.211 seconds
[2022-08-28 19:55:08,079] {processor.py:163} INFO - Started process (PID=2485) to work on /opt/airflow/dags/nyt_caller.py
[2022-08-28 19:55:08,085] {processor.py:642} INFO - Processing file /opt/airflow/dags/nyt_caller.py for tasks to queue
[2022-08-28 19:55:08,090] {logging_mixin.py:109} INFO - [2022-08-28 19:55:08,090] {dagbag.py:500} INFO - Filling up the DagBag from /opt/airflow/dags/nyt_caller.py
[2022-08-28 19:55:08,300] {processor.py:654} INFO - DAG(s) dict_keys(['NYTPopularArticles']) retrieved from /opt/airflow/dags/nyt_caller.py
[2022-08-28 19:55:09,476] {logging_mixin.py:109} INFO - [2022-08-28 19:55:09,476] {dag.py:2396} INFO - Sync 1 DAGs
[2022-08-28 19:55:09,534] {logging_mixin.py:109} INFO - [2022-08-28 19:55:09,534] {dag.py:2935} INFO - Setting next_dagrun for NYTPopularArticles to 2022-08-28T16:05:00+00:00
[2022-08-28 19:55:09,575] {processor.py:171} INFO - Processing /opt/airflow/dags/nyt_caller.py took 1.507 seconds
[2022-08-28 19:55:40,149] {processor.py:163} INFO - Started process (PID=2515) to work on /opt/airflow/dags/nyt_caller.py
[2022-08-28 19:55:40,169] {processor.py:642} INFO - Processing file /opt/airflow/dags/nyt_caller.py for tasks to queue
[2022-08-28 19:55:40,179] {logging_mixin.py:109} INFO - [2022-08-28 19:55:40,179] {dagbag.py:500} INFO - Filling up the DagBag from /opt/airflow/dags/nyt_caller.py
[2022-08-28 19:55:40,336] {processor.py:654} INFO - DAG(s) dict_keys(['NYTPopularArticles']) retrieved from /opt/airflow/dags/nyt_caller.py
[2022-08-28 19:55:40,386] {logging_mixin.py:109} INFO - [2022-08-28 19:55:40,386] {dag.py:2396} INFO - Sync 1 DAGs
[2022-08-28 19:55:40,447] {logging_mixin.py:109} INFO - [2022-08-28 19:55:40,447] {dag.py:2935} INFO - Setting next_dagrun for NYTPopularArticles to 2022-08-28T16:05:00+00:00
[2022-08-28 19:55:40,485] {processor.py:171} INFO - Processing /opt/airflow/dags/nyt_caller.py took 0.401 seconds
[2022-08-28 19:56:10,996] {processor.py:163} INFO - Started process (PID=2542) to work on /opt/airflow/dags/nyt_caller.py
[2022-08-28 19:56:11,011] {processor.py:642} INFO - Processing file /opt/airflow/dags/nyt_caller.py for tasks to queue
[2022-08-28 19:56:11,016] {logging_mixin.py:109} INFO - [2022-08-28 19:56:11,016] {dagbag.py:500} INFO - Filling up the DagBag from /opt/airflow/dags/nyt_caller.py
[2022-08-28 19:56:11,161] {processor.py:654} INFO - DAG(s) dict_keys(['NYTPopularArticles']) retrieved from /opt/airflow/dags/nyt_caller.py
[2022-08-28 19:56:11,238] {logging_mixin.py:109} INFO - [2022-08-28 19:56:11,237] {dag.py:2396} INFO - Sync 1 DAGs
[2022-08-28 19:56:11,455] {logging_mixin.py:109} INFO - [2022-08-28 19:56:11,455] {dag.py:2935} INFO - Setting next_dagrun for NYTPopularArticles to 2022-08-28T16:05:00+00:00
[2022-08-28 19:56:11,524] {processor.py:171} INFO - Processing /opt/airflow/dags/nyt_caller.py took 0.562 seconds
[2022-08-28 19:56:18,928] {processor.py:163} INFO - Started process (PID=2544) to work on /opt/airflow/dags/nyt_caller.py
[2022-08-28 19:56:18,935] {processor.py:642} INFO - Processing file /opt/airflow/dags/nyt_caller.py for tasks to queue
[2022-08-28 19:56:18,945] {logging_mixin.py:109} INFO - [2022-08-28 19:56:18,945] {dagbag.py:500} INFO - Filling up the DagBag from /opt/airflow/dags/nyt_caller.py
[2022-08-28 19:56:19,138] {processor.py:654} INFO - DAG(s) dict_keys(['NYTPopularArticles']) retrieved from /opt/airflow/dags/nyt_caller.py
[2022-08-28 19:56:19,158] {logging_mixin.py:109} INFO - [2022-08-28 19:56:19,158] {dag.py:2396} INFO - Sync 1 DAGs
[2022-08-28 19:56:19,218] {logging_mixin.py:109} INFO - [2022-08-28 19:56:19,218] {dag.py:2935} INFO - Setting next_dagrun for NYTPopularArticles to 2022-08-28T16:05:00+00:00
[2022-08-28 19:56:19,273] {processor.py:171} INFO - Processing /opt/airflow/dags/nyt_caller.py took 0.361 seconds
[2022-08-28 19:56:22,111] {processor.py:163} INFO - Started process (PID=2545) to work on /opt/airflow/dags/nyt_caller.py
[2022-08-28 19:56:22,119] {processor.py:642} INFO - Processing file /opt/airflow/dags/nyt_caller.py for tasks to queue
[2022-08-28 19:56:22,121] {logging_mixin.py:109} INFO - [2022-08-28 19:56:22,121] {dagbag.py:500} INFO - Filling up the DagBag from /opt/airflow/dags/nyt_caller.py
[2022-08-28 19:56:22,269] {processor.py:654} INFO - DAG(s) dict_keys(['NYTPopularArticles']) retrieved from /opt/airflow/dags/nyt_caller.py
[2022-08-28 19:56:24,098] {logging_mixin.py:109} INFO - [2022-08-28 19:56:24,097] {dag.py:2396} INFO - Sync 1 DAGs
[2022-08-28 19:56:24,170] {logging_mixin.py:109} INFO - [2022-08-28 19:56:24,170] {dag.py:2935} INFO - Setting next_dagrun for NYTPopularArticles to 2022-08-28T16:05:00+00:00
[2022-08-28 19:56:24,282] {processor.py:171} INFO - Processing /opt/airflow/dags/nyt_caller.py took 2.188 seconds
[2022-08-28 19:56:37,368] {processor.py:163} INFO - Started process (PID=2560) to work on /opt/airflow/dags/nyt_caller.py
[2022-08-28 19:56:37,386] {processor.py:642} INFO - Processing file /opt/airflow/dags/nyt_caller.py for tasks to queue
[2022-08-28 19:56:37,396] {logging_mixin.py:109} INFO - [2022-08-28 19:56:37,394] {dagbag.py:500} INFO - Filling up the DagBag from /opt/airflow/dags/nyt_caller.py
[2022-08-28 19:56:37,832] {processor.py:654} INFO - DAG(s) dict_keys(['NYTPopularArticles']) retrieved from /opt/airflow/dags/nyt_caller.py
[2022-08-28 19:56:37,854] {logging_mixin.py:109} INFO - [2022-08-28 19:56:37,854] {dag.py:2396} INFO - Sync 1 DAGs
[2022-08-28 19:56:38,026] {logging_mixin.py:109} INFO - [2022-08-28 19:56:38,025] {dag.py:2935} INFO - Setting next_dagrun for NYTPopularArticles to 2022-08-28T16:05:00+00:00
[2022-08-28 19:56:38,069] {processor.py:171} INFO - Processing /opt/airflow/dags/nyt_caller.py took 0.727 seconds
[2022-08-28 19:57:08,280] {processor.py:163} INFO - Started process (PID=2591) to work on /opt/airflow/dags/nyt_caller.py
[2022-08-28 19:57:08,284] {processor.py:642} INFO - Processing file /opt/airflow/dags/nyt_caller.py for tasks to queue
[2022-08-28 19:57:08,286] {logging_mixin.py:109} INFO - [2022-08-28 19:57:08,286] {dagbag.py:500} INFO - Filling up the DagBag from /opt/airflow/dags/nyt_caller.py
[2022-08-28 19:57:08,365] {processor.py:654} INFO - DAG(s) dict_keys(['NYTPopularArticles']) retrieved from /opt/airflow/dags/nyt_caller.py
[2022-08-28 19:57:09,049] {logging_mixin.py:109} INFO - [2022-08-28 19:57:09,049] {dag.py:2396} INFO - Sync 1 DAGs
[2022-08-28 19:57:09,101] {logging_mixin.py:109} INFO - [2022-08-28 19:57:09,101] {dag.py:2935} INFO - Setting next_dagrun for NYTPopularArticles to 2022-08-28T16:05:00+00:00
[2022-08-28 19:57:09,147] {processor.py:171} INFO - Processing /opt/airflow/dags/nyt_caller.py took 0.887 seconds
[2022-08-28 19:57:39,976] {processor.py:163} INFO - Started process (PID=2619) to work on /opt/airflow/dags/nyt_caller.py
[2022-08-28 19:57:39,979] {processor.py:642} INFO - Processing file /opt/airflow/dags/nyt_caller.py for tasks to queue
[2022-08-28 19:57:39,990] {logging_mixin.py:109} INFO - [2022-08-28 19:57:39,990] {dagbag.py:500} INFO - Filling up the DagBag from /opt/airflow/dags/nyt_caller.py
[2022-08-28 19:57:40,099] {processor.py:654} INFO - DAG(s) dict_keys(['NYTPopularArticles']) retrieved from /opt/airflow/dags/nyt_caller.py
[2022-08-28 19:57:40,123] {logging_mixin.py:109} INFO - [2022-08-28 19:57:40,123] {dag.py:2396} INFO - Sync 1 DAGs
[2022-08-28 19:57:40,163] {logging_mixin.py:109} INFO - [2022-08-28 19:57:40,163] {dag.py:2935} INFO - Setting next_dagrun for NYTPopularArticles to 2022-08-28T16:05:00+00:00
[2022-08-28 19:57:40,196] {processor.py:171} INFO - Processing /opt/airflow/dags/nyt_caller.py took 0.231 seconds
[2022-08-28 19:58:10,651] {processor.py:163} INFO - Started process (PID=2637) to work on /opt/airflow/dags/nyt_caller.py
[2022-08-28 19:58:10,655] {processor.py:642} INFO - Processing file /opt/airflow/dags/nyt_caller.py for tasks to queue
[2022-08-28 19:58:10,658] {logging_mixin.py:109} INFO - [2022-08-28 19:58:10,658] {dagbag.py:500} INFO - Filling up the DagBag from /opt/airflow/dags/nyt_caller.py
[2022-08-28 19:58:10,717] {processor.py:654} INFO - DAG(s) dict_keys(['NYTPopularArticles']) retrieved from /opt/airflow/dags/nyt_caller.py
[2022-08-28 19:58:10,741] {logging_mixin.py:109} INFO - [2022-08-28 19:58:10,741] {dag.py:2396} INFO - Sync 1 DAGs
[2022-08-28 19:58:10,852] {logging_mixin.py:109} INFO - [2022-08-28 19:58:10,851] {dag.py:2935} INFO - Setting next_dagrun for NYTPopularArticles to 2022-08-28T16:05:00+00:00
[2022-08-28 19:58:10,889] {processor.py:171} INFO - Processing /opt/airflow/dags/nyt_caller.py took 0.244 seconds
[2022-08-28 19:58:41,497] {processor.py:163} INFO - Started process (PID=2664) to work on /opt/airflow/dags/nyt_caller.py
[2022-08-28 19:58:41,503] {processor.py:642} INFO - Processing file /opt/airflow/dags/nyt_caller.py for tasks to queue
[2022-08-28 19:58:41,508] {logging_mixin.py:109} INFO - [2022-08-28 19:58:41,508] {dagbag.py:500} INFO - Filling up the DagBag from /opt/airflow/dags/nyt_caller.py
[2022-08-28 19:58:41,694] {processor.py:654} INFO - DAG(s) dict_keys(['NYTPopularArticles']) retrieved from /opt/airflow/dags/nyt_caller.py
[2022-08-28 19:58:41,863] {logging_mixin.py:109} INFO - [2022-08-28 19:58:41,863] {dag.py:2396} INFO - Sync 1 DAGs
[2022-08-28 19:58:41,980] {logging_mixin.py:109} INFO - [2022-08-28 19:58:41,979] {dag.py:2935} INFO - Setting next_dagrun for NYTPopularArticles to 2022-08-28T16:05:00+00:00
[2022-08-28 19:58:42,026] {processor.py:171} INFO - Processing /opt/airflow/dags/nyt_caller.py took 0.535 seconds
[2022-08-28 19:59:12,480] {processor.py:163} INFO - Started process (PID=2701) to work on /opt/airflow/dags/nyt_caller.py
[2022-08-28 19:59:12,486] {processor.py:642} INFO - Processing file /opt/airflow/dags/nyt_caller.py for tasks to queue
[2022-08-28 19:59:12,492] {logging_mixin.py:109} INFO - [2022-08-28 19:59:12,491] {dagbag.py:500} INFO - Filling up the DagBag from /opt/airflow/dags/nyt_caller.py
[2022-08-28 19:59:12,586] {processor.py:654} INFO - DAG(s) dict_keys(['NYTPopularArticles']) retrieved from /opt/airflow/dags/nyt_caller.py
[2022-08-28 19:59:12,621] {logging_mixin.py:109} INFO - [2022-08-28 19:59:12,621] {dag.py:2396} INFO - Sync 1 DAGs
[2022-08-28 19:59:12,681] {logging_mixin.py:109} INFO - [2022-08-28 19:59:12,681] {dag.py:2935} INFO - Setting next_dagrun for NYTPopularArticles to 2022-08-28T16:05:00+00:00
[2022-08-28 19:59:12,720] {processor.py:171} INFO - Processing /opt/airflow/dags/nyt_caller.py took 0.252 seconds
[2022-08-28 19:59:43,096] {processor.py:163} INFO - Started process (PID=2718) to work on /opt/airflow/dags/nyt_caller.py
[2022-08-28 19:59:43,099] {processor.py:642} INFO - Processing file /opt/airflow/dags/nyt_caller.py for tasks to queue
[2022-08-28 19:59:43,100] {logging_mixin.py:109} INFO - [2022-08-28 19:59:43,100] {dagbag.py:500} INFO - Filling up the DagBag from /opt/airflow/dags/nyt_caller.py
[2022-08-28 19:59:43,158] {processor.py:654} INFO - DAG(s) dict_keys(['NYTPopularArticles']) retrieved from /opt/airflow/dags/nyt_caller.py
[2022-08-28 19:59:43,176] {logging_mixin.py:109} INFO - [2022-08-28 19:59:43,175] {dag.py:2396} INFO - Sync 1 DAGs
[2022-08-28 19:59:43,201] {logging_mixin.py:109} INFO - [2022-08-28 19:59:43,201] {dag.py:2935} INFO - Setting next_dagrun for NYTPopularArticles to 2022-08-28T16:05:00+00:00
[2022-08-28 19:59:43,214] {processor.py:171} INFO - Processing /opt/airflow/dags/nyt_caller.py took 0.123 seconds
[2022-08-28 20:00:13,346] {processor.py:163} INFO - Started process (PID=2745) to work on /opt/airflow/dags/nyt_caller.py
[2022-08-28 20:00:13,349] {processor.py:642} INFO - Processing file /opt/airflow/dags/nyt_caller.py for tasks to queue
[2022-08-28 20:00:13,350] {logging_mixin.py:109} INFO - [2022-08-28 20:00:13,350] {dagbag.py:500} INFO - Filling up the DagBag from /opt/airflow/dags/nyt_caller.py
[2022-08-28 20:00:13,390] {processor.py:654} INFO - DAG(s) dict_keys(['NYTPopularArticles']) retrieved from /opt/airflow/dags/nyt_caller.py
[2022-08-28 20:00:13,410] {logging_mixin.py:109} INFO - [2022-08-28 20:00:13,405] {dag.py:2396} INFO - Sync 1 DAGs
[2022-08-28 20:00:13,445] {logging_mixin.py:109} INFO - [2022-08-28 20:00:13,445] {dag.py:2935} INFO - Setting next_dagrun for NYTPopularArticles to 2022-08-28T16:05:00+00:00
[2022-08-28 20:00:13,458] {processor.py:171} INFO - Processing /opt/airflow/dags/nyt_caller.py took 0.116 seconds
[2022-08-28 20:00:43,589] {processor.py:163} INFO - Started process (PID=2783) to work on /opt/airflow/dags/nyt_caller.py
[2022-08-28 20:00:43,592] {processor.py:642} INFO - Processing file /opt/airflow/dags/nyt_caller.py for tasks to queue
[2022-08-28 20:00:43,593] {logging_mixin.py:109} INFO - [2022-08-28 20:00:43,593] {dagbag.py:500} INFO - Filling up the DagBag from /opt/airflow/dags/nyt_caller.py
[2022-08-28 20:00:43,635] {processor.py:654} INFO - DAG(s) dict_keys(['NYTPopularArticles']) retrieved from /opt/airflow/dags/nyt_caller.py
[2022-08-28 20:00:43,650] {logging_mixin.py:109} INFO - [2022-08-28 20:00:43,649] {dag.py:2396} INFO - Sync 1 DAGs
[2022-08-28 20:00:43,674] {logging_mixin.py:109} INFO - [2022-08-28 20:00:43,674] {dag.py:2935} INFO - Setting next_dagrun for NYTPopularArticles to 2022-08-28T16:05:00+00:00
[2022-08-28 20:00:43,699] {processor.py:171} INFO - Processing /opt/airflow/dags/nyt_caller.py took 0.115 seconds
[2022-08-28 20:01:13,898] {processor.py:163} INFO - Started process (PID=2810) to work on /opt/airflow/dags/nyt_caller.py
[2022-08-28 20:01:13,901] {processor.py:642} INFO - Processing file /opt/airflow/dags/nyt_caller.py for tasks to queue
[2022-08-28 20:01:13,902] {logging_mixin.py:109} INFO - [2022-08-28 20:01:13,902] {dagbag.py:500} INFO - Filling up the DagBag from /opt/airflow/dags/nyt_caller.py
[2022-08-28 20:01:13,947] {processor.py:654} INFO - DAG(s) dict_keys(['NYTPopularArticles']) retrieved from /opt/airflow/dags/nyt_caller.py
[2022-08-28 20:01:13,965] {logging_mixin.py:109} INFO - [2022-08-28 20:01:13,965] {dag.py:2396} INFO - Sync 1 DAGs
[2022-08-28 20:01:13,986] {logging_mixin.py:109} INFO - [2022-08-28 20:01:13,986] {dag.py:2935} INFO - Setting next_dagrun for NYTPopularArticles to 2022-08-28T16:05:00+00:00
[2022-08-28 20:01:13,999] {processor.py:171} INFO - Processing /opt/airflow/dags/nyt_caller.py took 0.105 seconds
[2022-08-28 20:01:44,144] {processor.py:163} INFO - Started process (PID=2837) to work on /opt/airflow/dags/nyt_caller.py
[2022-08-28 20:01:44,148] {processor.py:642} INFO - Processing file /opt/airflow/dags/nyt_caller.py for tasks to queue
[2022-08-28 20:01:44,151] {logging_mixin.py:109} INFO - [2022-08-28 20:01:44,151] {dagbag.py:500} INFO - Filling up the DagBag from /opt/airflow/dags/nyt_caller.py
[2022-08-28 20:01:44,213] {processor.py:654} INFO - DAG(s) dict_keys(['NYTPopularArticles']) retrieved from /opt/airflow/dags/nyt_caller.py
[2022-08-28 20:01:44,226] {logging_mixin.py:109} INFO - [2022-08-28 20:01:44,226] {dag.py:2396} INFO - Sync 1 DAGs
[2022-08-28 20:01:44,252] {logging_mixin.py:109} INFO - [2022-08-28 20:01:44,251] {dag.py:2935} INFO - Setting next_dagrun for NYTPopularArticles to 2022-08-28T16:05:00+00:00
[2022-08-28 20:01:44,262] {processor.py:171} INFO - Processing /opt/airflow/dags/nyt_caller.py took 0.123 seconds
[2022-08-28 20:02:14,394] {processor.py:163} INFO - Started process (PID=2873) to work on /opt/airflow/dags/nyt_caller.py
[2022-08-28 20:02:14,398] {processor.py:642} INFO - Processing file /opt/airflow/dags/nyt_caller.py for tasks to queue
[2022-08-28 20:02:14,401] {logging_mixin.py:109} INFO - [2022-08-28 20:02:14,401] {dagbag.py:500} INFO - Filling up the DagBag from /opt/airflow/dags/nyt_caller.py
[2022-08-28 20:02:14,453] {processor.py:654} INFO - DAG(s) dict_keys(['NYTPopularArticles']) retrieved from /opt/airflow/dags/nyt_caller.py
[2022-08-28 20:02:14,472] {logging_mixin.py:109} INFO - [2022-08-28 20:02:14,472] {dag.py:2396} INFO - Sync 1 DAGs
[2022-08-28 20:02:14,500] {logging_mixin.py:109} INFO - [2022-08-28 20:02:14,500] {dag.py:2935} INFO - Setting next_dagrun for NYTPopularArticles to 2022-08-28T16:05:00+00:00
[2022-08-28 20:02:14,522] {processor.py:171} INFO - Processing /opt/airflow/dags/nyt_caller.py took 0.138 seconds
[2022-08-28 20:02:44,677] {processor.py:163} INFO - Started process (PID=2899) to work on /opt/airflow/dags/nyt_caller.py
[2022-08-28 20:02:44,680] {processor.py:642} INFO - Processing file /opt/airflow/dags/nyt_caller.py for tasks to queue
[2022-08-28 20:02:44,681] {logging_mixin.py:109} INFO - [2022-08-28 20:02:44,681] {dagbag.py:500} INFO - Filling up the DagBag from /opt/airflow/dags/nyt_caller.py
[2022-08-28 20:02:44,719] {processor.py:654} INFO - DAG(s) dict_keys(['NYTPopularArticles']) retrieved from /opt/airflow/dags/nyt_caller.py
[2022-08-28 20:02:44,731] {logging_mixin.py:109} INFO - [2022-08-28 20:02:44,731] {dag.py:2396} INFO - Sync 1 DAGs
[2022-08-28 20:02:44,751] {logging_mixin.py:109} INFO - [2022-08-28 20:02:44,751] {dag.py:2935} INFO - Setting next_dagrun for NYTPopularArticles to 2022-08-28T16:05:00+00:00
[2022-08-28 20:02:44,764] {processor.py:171} INFO - Processing /opt/airflow/dags/nyt_caller.py took 0.092 seconds
[2022-08-28 20:03:14,846] {processor.py:163} INFO - Started process (PID=2926) to work on /opt/airflow/dags/nyt_caller.py
[2022-08-28 20:03:14,849] {processor.py:642} INFO - Processing file /opt/airflow/dags/nyt_caller.py for tasks to queue
[2022-08-28 20:03:14,851] {logging_mixin.py:109} INFO - [2022-08-28 20:03:14,851] {dagbag.py:500} INFO - Filling up the DagBag from /opt/airflow/dags/nyt_caller.py
[2022-08-28 20:03:14,903] {processor.py:654} INFO - DAG(s) dict_keys(['NYTPopularArticles']) retrieved from /opt/airflow/dags/nyt_caller.py
[2022-08-28 20:03:14,922] {logging_mixin.py:109} INFO - [2022-08-28 20:03:14,922] {dag.py:2396} INFO - Sync 1 DAGs
[2022-08-28 20:03:14,953] {logging_mixin.py:109} INFO - [2022-08-28 20:03:14,953] {dag.py:2935} INFO - Setting next_dagrun for NYTPopularArticles to 2022-08-28T16:05:00+00:00
[2022-08-28 20:03:14,972] {processor.py:171} INFO - Processing /opt/airflow/dags/nyt_caller.py took 0.133 seconds
[2022-08-28 20:03:45,152] {processor.py:163} INFO - Started process (PID=2963) to work on /opt/airflow/dags/nyt_caller.py
[2022-08-28 20:03:45,158] {processor.py:642} INFO - Processing file /opt/airflow/dags/nyt_caller.py for tasks to queue
[2022-08-28 20:03:45,166] {logging_mixin.py:109} INFO - [2022-08-28 20:03:45,166] {dagbag.py:500} INFO - Filling up the DagBag from /opt/airflow/dags/nyt_caller.py
[2022-08-28 20:03:45,287] {processor.py:654} INFO - DAG(s) dict_keys(['NYTPopularArticles']) retrieved from /opt/airflow/dags/nyt_caller.py
[2022-08-28 20:03:45,306] {logging_mixin.py:109} INFO - [2022-08-28 20:03:45,306] {dag.py:2396} INFO - Sync 1 DAGs
[2022-08-28 20:03:45,332] {logging_mixin.py:109} INFO - [2022-08-28 20:03:45,332] {dag.py:2935} INFO - Setting next_dagrun for NYTPopularArticles to 2022-08-28T16:05:00+00:00
[2022-08-28 20:03:45,357] {processor.py:171} INFO - Processing /opt/airflow/dags/nyt_caller.py took 0.217 seconds
[2022-08-28 20:04:15,446] {processor.py:163} INFO - Started process (PID=2990) to work on /opt/airflow/dags/nyt_caller.py
[2022-08-28 20:04:15,449] {processor.py:642} INFO - Processing file /opt/airflow/dags/nyt_caller.py for tasks to queue
[2022-08-28 20:04:15,450] {logging_mixin.py:109} INFO - [2022-08-28 20:04:15,450] {dagbag.py:500} INFO - Filling up the DagBag from /opt/airflow/dags/nyt_caller.py
[2022-08-28 20:04:15,492] {processor.py:654} INFO - DAG(s) dict_keys(['NYTPopularArticles']) retrieved from /opt/airflow/dags/nyt_caller.py
[2022-08-28 20:04:15,505] {logging_mixin.py:109} INFO - [2022-08-28 20:04:15,505] {dag.py:2396} INFO - Sync 1 DAGs
[2022-08-28 20:04:15,528] {logging_mixin.py:109} INFO - [2022-08-28 20:04:15,528] {dag.py:2935} INFO - Setting next_dagrun for NYTPopularArticles to 2022-08-28T16:05:00+00:00
[2022-08-28 20:04:15,542] {processor.py:171} INFO - Processing /opt/airflow/dags/nyt_caller.py took 0.100 seconds
[2022-08-28 20:04:45,732] {processor.py:163} INFO - Started process (PID=3017) to work on /opt/airflow/dags/nyt_caller.py
[2022-08-28 20:04:45,735] {processor.py:642} INFO - Processing file /opt/airflow/dags/nyt_caller.py for tasks to queue
[2022-08-28 20:04:45,736] {logging_mixin.py:109} INFO - [2022-08-28 20:04:45,736] {dagbag.py:500} INFO - Filling up the DagBag from /opt/airflow/dags/nyt_caller.py
[2022-08-28 20:04:45,773] {processor.py:654} INFO - DAG(s) dict_keys(['NYTPopularArticles']) retrieved from /opt/airflow/dags/nyt_caller.py
[2022-08-28 20:04:45,787] {logging_mixin.py:109} INFO - [2022-08-28 20:04:45,786] {dag.py:2396} INFO - Sync 1 DAGs
[2022-08-28 20:04:45,810] {logging_mixin.py:109} INFO - [2022-08-28 20:04:45,809] {dag.py:2935} INFO - Setting next_dagrun for NYTPopularArticles to 2022-08-28T16:05:00+00:00
[2022-08-28 20:04:45,821] {processor.py:171} INFO - Processing /opt/airflow/dags/nyt_caller.py took 0.094 seconds
[2022-08-28 20:05:15,964] {processor.py:163} INFO - Started process (PID=3043) to work on /opt/airflow/dags/nyt_caller.py
[2022-08-28 20:05:15,967] {processor.py:642} INFO - Processing file /opt/airflow/dags/nyt_caller.py for tasks to queue
[2022-08-28 20:05:15,968] {logging_mixin.py:109} INFO - [2022-08-28 20:05:15,968] {dagbag.py:500} INFO - Filling up the DagBag from /opt/airflow/dags/nyt_caller.py
[2022-08-28 20:05:16,010] {processor.py:654} INFO - DAG(s) dict_keys(['NYTPopularArticles']) retrieved from /opt/airflow/dags/nyt_caller.py
[2022-08-28 20:05:16,027] {logging_mixin.py:109} INFO - [2022-08-28 20:05:16,027] {dag.py:2396} INFO - Sync 1 DAGs
[2022-08-28 20:05:16,055] {logging_mixin.py:109} INFO - [2022-08-28 20:05:16,054] {dag.py:2935} INFO - Setting next_dagrun for NYTPopularArticles to 2022-08-28T16:05:00+00:00
[2022-08-28 20:05:16,067] {processor.py:171} INFO - Processing /opt/airflow/dags/nyt_caller.py took 0.108 seconds
[2022-08-28 20:05:46,211] {processor.py:163} INFO - Started process (PID=3080) to work on /opt/airflow/dags/nyt_caller.py
[2022-08-28 20:05:46,215] {processor.py:642} INFO - Processing file /opt/airflow/dags/nyt_caller.py for tasks to queue
[2022-08-28 20:05:46,219] {logging_mixin.py:109} INFO - [2022-08-28 20:05:46,219] {dagbag.py:500} INFO - Filling up the DagBag from /opt/airflow/dags/nyt_caller.py
[2022-08-28 20:05:46,279] {processor.py:654} INFO - DAG(s) dict_keys(['NYTPopularArticles']) retrieved from /opt/airflow/dags/nyt_caller.py
[2022-08-28 20:05:46,305] {logging_mixin.py:109} INFO - [2022-08-28 20:05:46,305] {dag.py:2396} INFO - Sync 1 DAGs
[2022-08-28 20:05:46,346] {logging_mixin.py:109} INFO - [2022-08-28 20:05:46,346] {dag.py:2935} INFO - Setting next_dagrun for NYTPopularArticles to 2022-08-28T16:05:00+00:00
[2022-08-28 20:05:46,361] {processor.py:171} INFO - Processing /opt/airflow/dags/nyt_caller.py took 0.156 seconds
[2022-08-28 20:06:16,414] {processor.py:163} INFO - Started process (PID=3107) to work on /opt/airflow/dags/nyt_caller.py
[2022-08-28 20:06:16,419] {processor.py:642} INFO - Processing file /opt/airflow/dags/nyt_caller.py for tasks to queue
[2022-08-28 20:06:16,424] {logging_mixin.py:109} INFO - [2022-08-28 20:06:16,423] {dagbag.py:500} INFO - Filling up the DagBag from /opt/airflow/dags/nyt_caller.py
[2022-08-28 20:06:16,475] {processor.py:654} INFO - DAG(s) dict_keys(['NYTPopularArticles']) retrieved from /opt/airflow/dags/nyt_caller.py
[2022-08-28 20:06:16,493] {logging_mixin.py:109} INFO - [2022-08-28 20:06:16,493] {dag.py:2396} INFO - Sync 1 DAGs
[2022-08-28 20:06:16,527] {logging_mixin.py:109} INFO - [2022-08-28 20:06:16,527] {dag.py:2935} INFO - Setting next_dagrun for NYTPopularArticles to 2022-08-28T16:05:00+00:00
[2022-08-28 20:06:16,546] {processor.py:171} INFO - Processing /opt/airflow/dags/nyt_caller.py took 0.139 seconds
[2022-08-28 20:06:46,640] {processor.py:163} INFO - Started process (PID=3133) to work on /opt/airflow/dags/nyt_caller.py
[2022-08-28 20:06:46,643] {processor.py:642} INFO - Processing file /opt/airflow/dags/nyt_caller.py for tasks to queue
[2022-08-28 20:06:46,645] {logging_mixin.py:109} INFO - [2022-08-28 20:06:46,645] {dagbag.py:500} INFO - Filling up the DagBag from /opt/airflow/dags/nyt_caller.py
[2022-08-28 20:06:46,693] {processor.py:654} INFO - DAG(s) dict_keys(['NYTPopularArticles']) retrieved from /opt/airflow/dags/nyt_caller.py
[2022-08-28 20:06:46,712] {logging_mixin.py:109} INFO - [2022-08-28 20:06:46,711] {dag.py:2396} INFO - Sync 1 DAGs
[2022-08-28 20:06:46,744] {logging_mixin.py:109} INFO - [2022-08-28 20:06:46,744] {dag.py:2935} INFO - Setting next_dagrun for NYTPopularArticles to 2022-08-28T16:05:00+00:00
[2022-08-28 20:06:46,767] {processor.py:171} INFO - Processing /opt/airflow/dags/nyt_caller.py took 0.131 seconds
[2022-08-28 20:07:16,887] {processor.py:163} INFO - Started process (PID=3166) to work on /opt/airflow/dags/nyt_caller.py
[2022-08-28 20:07:16,889] {processor.py:642} INFO - Processing file /opt/airflow/dags/nyt_caller.py for tasks to queue
[2022-08-28 20:07:16,891] {logging_mixin.py:109} INFO - [2022-08-28 20:07:16,891] {dagbag.py:500} INFO - Filling up the DagBag from /opt/airflow/dags/nyt_caller.py
[2022-08-28 20:07:16,931] {processor.py:654} INFO - DAG(s) dict_keys(['NYTPopularArticles']) retrieved from /opt/airflow/dags/nyt_caller.py
[2022-08-28 20:07:16,944] {logging_mixin.py:109} INFO - [2022-08-28 20:07:16,943] {dag.py:2396} INFO - Sync 1 DAGs
[2022-08-28 20:07:16,965] {logging_mixin.py:109} INFO - [2022-08-28 20:07:16,965] {dag.py:2935} INFO - Setting next_dagrun for NYTPopularArticles to 2022-08-28T16:05:00+00:00
[2022-08-28 20:07:16,982] {processor.py:171} INFO - Processing /opt/airflow/dags/nyt_caller.py took 0.099 seconds
[2022-08-28 20:07:47,094] {processor.py:163} INFO - Started process (PID=3192) to work on /opt/airflow/dags/nyt_caller.py
[2022-08-28 20:07:47,097] {processor.py:642} INFO - Processing file /opt/airflow/dags/nyt_caller.py for tasks to queue
[2022-08-28 20:07:47,099] {logging_mixin.py:109} INFO - [2022-08-28 20:07:47,099] {dagbag.py:500} INFO - Filling up the DagBag from /opt/airflow/dags/nyt_caller.py
[2022-08-28 20:07:47,137] {processor.py:654} INFO - DAG(s) dict_keys(['NYTPopularArticles']) retrieved from /opt/airflow/dags/nyt_caller.py
[2022-08-28 20:07:47,151] {logging_mixin.py:109} INFO - [2022-08-28 20:07:47,151] {dag.py:2396} INFO - Sync 1 DAGs
[2022-08-28 20:07:47,173] {logging_mixin.py:109} INFO - [2022-08-28 20:07:47,173] {dag.py:2935} INFO - Setting next_dagrun for NYTPopularArticles to 2022-08-28T16:05:00+00:00
[2022-08-28 20:07:47,187] {processor.py:171} INFO - Processing /opt/airflow/dags/nyt_caller.py took 0.097 seconds
[2022-08-28 20:08:17,375] {processor.py:163} INFO - Started process (PID=3221) to work on /opt/airflow/dags/nyt_caller.py
[2022-08-28 20:08:17,377] {processor.py:642} INFO - Processing file /opt/airflow/dags/nyt_caller.py for tasks to queue
[2022-08-28 20:08:17,379] {logging_mixin.py:109} INFO - [2022-08-28 20:08:17,379] {dagbag.py:500} INFO - Filling up the DagBag from /opt/airflow/dags/nyt_caller.py
[2022-08-28 20:08:17,422] {processor.py:654} INFO - DAG(s) dict_keys(['NYTPopularArticles']) retrieved from /opt/airflow/dags/nyt_caller.py
[2022-08-28 20:08:17,436] {logging_mixin.py:109} INFO - [2022-08-28 20:08:17,436] {dag.py:2396} INFO - Sync 1 DAGs
[2022-08-28 20:08:17,458] {logging_mixin.py:109} INFO - [2022-08-28 20:08:17,458] {dag.py:2935} INFO - Setting next_dagrun for NYTPopularArticles to 2022-08-28T16:05:00+00:00
[2022-08-28 20:08:17,470] {processor.py:171} INFO - Processing /opt/airflow/dags/nyt_caller.py took 0.100 seconds
[2022-08-28 20:08:47,667] {processor.py:163} INFO - Started process (PID=3259) to work on /opt/airflow/dags/nyt_caller.py
[2022-08-28 20:08:47,669] {processor.py:642} INFO - Processing file /opt/airflow/dags/nyt_caller.py for tasks to queue
[2022-08-28 20:08:47,671] {logging_mixin.py:109} INFO - [2022-08-28 20:08:47,671] {dagbag.py:500} INFO - Filling up the DagBag from /opt/airflow/dags/nyt_caller.py
[2022-08-28 20:08:47,708] {processor.py:654} INFO - DAG(s) dict_keys(['NYTPopularArticles']) retrieved from /opt/airflow/dags/nyt_caller.py
[2022-08-28 20:08:47,720] {logging_mixin.py:109} INFO - [2022-08-28 20:08:47,720] {dag.py:2396} INFO - Sync 1 DAGs
[2022-08-28 20:08:47,742] {logging_mixin.py:109} INFO - [2022-08-28 20:08:47,741] {dag.py:2935} INFO - Setting next_dagrun for NYTPopularArticles to 2022-08-28T16:05:00+00:00
[2022-08-28 20:08:47,754] {processor.py:171} INFO - Processing /opt/airflow/dags/nyt_caller.py took 0.091 seconds
[2022-08-28 20:09:17,893] {processor.py:163} INFO - Started process (PID=3287) to work on /opt/airflow/dags/nyt_caller.py
[2022-08-28 20:09:17,902] {processor.py:642} INFO - Processing file /opt/airflow/dags/nyt_caller.py for tasks to queue
[2022-08-28 20:09:17,905] {logging_mixin.py:109} INFO - [2022-08-28 20:09:17,904] {dagbag.py:500} INFO - Filling up the DagBag from /opt/airflow/dags/nyt_caller.py
[2022-08-28 20:09:17,980] {processor.py:654} INFO - DAG(s) dict_keys(['NYTPopularArticles']) retrieved from /opt/airflow/dags/nyt_caller.py
[2022-08-28 20:09:17,996] {logging_mixin.py:109} INFO - [2022-08-28 20:09:17,996] {dag.py:2396} INFO - Sync 1 DAGs
[2022-08-28 20:09:18,019] {logging_mixin.py:109} INFO - [2022-08-28 20:09:18,019] {dag.py:2935} INFO - Setting next_dagrun for NYTPopularArticles to 2022-08-28T16:05:00+00:00
[2022-08-28 20:09:18,033] {processor.py:171} INFO - Processing /opt/airflow/dags/nyt_caller.py took 0.148 seconds
[2022-08-28 20:09:48,271] {processor.py:163} INFO - Started process (PID=3312) to work on /opt/airflow/dags/nyt_caller.py
[2022-08-28 20:09:48,274] {processor.py:642} INFO - Processing file /opt/airflow/dags/nyt_caller.py for tasks to queue
[2022-08-28 20:09:48,275] {logging_mixin.py:109} INFO - [2022-08-28 20:09:48,275] {dagbag.py:500} INFO - Filling up the DagBag from /opt/airflow/dags/nyt_caller.py
[2022-08-28 20:09:48,314] {processor.py:654} INFO - DAG(s) dict_keys(['NYTPopularArticles']) retrieved from /opt/airflow/dags/nyt_caller.py
[2022-08-28 20:09:48,326] {logging_mixin.py:109} INFO - [2022-08-28 20:09:48,325] {dag.py:2396} INFO - Sync 1 DAGs
[2022-08-28 20:09:48,354] {logging_mixin.py:109} INFO - [2022-08-28 20:09:48,354] {dag.py:2935} INFO - Setting next_dagrun for NYTPopularArticles to 2022-08-28T16:05:00+00:00
[2022-08-28 20:09:48,374] {processor.py:171} INFO - Processing /opt/airflow/dags/nyt_caller.py took 0.107 seconds
[2022-08-28 20:10:18,528] {processor.py:163} INFO - Started process (PID=3339) to work on /opt/airflow/dags/nyt_caller.py
[2022-08-28 20:10:18,530] {processor.py:642} INFO - Processing file /opt/airflow/dags/nyt_caller.py for tasks to queue
[2022-08-28 20:10:18,532] {logging_mixin.py:109} INFO - [2022-08-28 20:10:18,532] {dagbag.py:500} INFO - Filling up the DagBag from /opt/airflow/dags/nyt_caller.py
[2022-08-28 20:10:18,571] {processor.py:654} INFO - DAG(s) dict_keys(['NYTPopularArticles']) retrieved from /opt/airflow/dags/nyt_caller.py
[2022-08-28 20:10:18,584] {logging_mixin.py:109} INFO - [2022-08-28 20:10:18,584] {dag.py:2396} INFO - Sync 1 DAGs
[2022-08-28 20:10:18,606] {logging_mixin.py:109} INFO - [2022-08-28 20:10:18,606] {dag.py:2935} INFO - Setting next_dagrun for NYTPopularArticles to 2022-08-28T16:05:00+00:00
[2022-08-28 20:10:18,618] {processor.py:171} INFO - Processing /opt/airflow/dags/nyt_caller.py took 0.095 seconds
[2022-08-28 20:10:48,750] {processor.py:163} INFO - Started process (PID=3376) to work on /opt/airflow/dags/nyt_caller.py
[2022-08-28 20:10:48,752] {processor.py:642} INFO - Processing file /opt/airflow/dags/nyt_caller.py for tasks to queue
[2022-08-28 20:10:48,755] {logging_mixin.py:109} INFO - [2022-08-28 20:10:48,755] {dagbag.py:500} INFO - Filling up the DagBag from /opt/airflow/dags/nyt_caller.py
[2022-08-28 20:10:48,794] {processor.py:654} INFO - DAG(s) dict_keys(['NYTPopularArticles']) retrieved from /opt/airflow/dags/nyt_caller.py
[2022-08-28 20:10:48,808] {logging_mixin.py:109} INFO - [2022-08-28 20:10:48,808] {dag.py:2396} INFO - Sync 1 DAGs
[2022-08-28 20:10:48,832] {logging_mixin.py:109} INFO - [2022-08-28 20:10:48,831] {dag.py:2935} INFO - Setting next_dagrun for NYTPopularArticles to 2022-08-28T16:05:00+00:00
[2022-08-28 20:10:48,846] {processor.py:171} INFO - Processing /opt/airflow/dags/nyt_caller.py took 0.102 seconds
[2022-08-28 20:11:19,032] {processor.py:163} INFO - Started process (PID=3403) to work on /opt/airflow/dags/nyt_caller.py
[2022-08-28 20:11:19,034] {processor.py:642} INFO - Processing file /opt/airflow/dags/nyt_caller.py for tasks to queue
[2022-08-28 20:11:19,036] {logging_mixin.py:109} INFO - [2022-08-28 20:11:19,035] {dagbag.py:500} INFO - Filling up the DagBag from /opt/airflow/dags/nyt_caller.py
[2022-08-28 20:11:19,075] {processor.py:654} INFO - DAG(s) dict_keys(['NYTPopularArticles']) retrieved from /opt/airflow/dags/nyt_caller.py
[2022-08-28 20:11:19,089] {logging_mixin.py:109} INFO - [2022-08-28 20:11:19,089] {dag.py:2396} INFO - Sync 1 DAGs
[2022-08-28 20:11:19,112] {logging_mixin.py:109} INFO - [2022-08-28 20:11:19,112] {dag.py:2935} INFO - Setting next_dagrun for NYTPopularArticles to 2022-08-28T16:05:00+00:00
[2022-08-28 20:11:19,124] {processor.py:171} INFO - Processing /opt/airflow/dags/nyt_caller.py took 0.096 seconds
[2022-08-28 20:11:49,258] {processor.py:163} INFO - Started process (PID=3433) to work on /opt/airflow/dags/nyt_caller.py
[2022-08-28 20:11:49,260] {processor.py:642} INFO - Processing file /opt/airflow/dags/nyt_caller.py for tasks to queue
[2022-08-28 20:11:49,262] {logging_mixin.py:109} INFO - [2022-08-28 20:11:49,261] {dagbag.py:500} INFO - Filling up the DagBag from /opt/airflow/dags/nyt_caller.py
[2022-08-28 20:11:49,300] {processor.py:654} INFO - DAG(s) dict_keys(['NYTPopularArticles']) retrieved from /opt/airflow/dags/nyt_caller.py
[2022-08-28 20:11:49,314] {logging_mixin.py:109} INFO - [2022-08-28 20:11:49,313] {dag.py:2396} INFO - Sync 1 DAGs
[2022-08-28 20:11:49,336] {logging_mixin.py:109} INFO - [2022-08-28 20:11:49,336] {dag.py:2935} INFO - Setting next_dagrun for NYTPopularArticles to 2022-08-28T16:05:00+00:00
[2022-08-28 20:11:49,351] {processor.py:171} INFO - Processing /opt/airflow/dags/nyt_caller.py took 0.097 seconds
[2022-08-28 20:12:19,552] {processor.py:163} INFO - Started process (PID=3460) to work on /opt/airflow/dags/nyt_caller.py
[2022-08-28 20:12:19,555] {processor.py:642} INFO - Processing file /opt/airflow/dags/nyt_caller.py for tasks to queue
[2022-08-28 20:12:19,556] {logging_mixin.py:109} INFO - [2022-08-28 20:12:19,556] {dagbag.py:500} INFO - Filling up the DagBag from /opt/airflow/dags/nyt_caller.py
[2022-08-28 20:12:19,599] {processor.py:654} INFO - DAG(s) dict_keys(['NYTPopularArticles']) retrieved from /opt/airflow/dags/nyt_caller.py
[2022-08-28 20:12:19,611] {logging_mixin.py:109} INFO - [2022-08-28 20:12:19,611] {dag.py:2396} INFO - Sync 1 DAGs
[2022-08-28 20:12:19,633] {logging_mixin.py:109} INFO - [2022-08-28 20:12:19,632] {dag.py:2935} INFO - Setting next_dagrun for NYTPopularArticles to 2022-08-28T16:05:00+00:00
[2022-08-28 20:12:19,645] {processor.py:171} INFO - Processing /opt/airflow/dags/nyt_caller.py took 0.098 seconds
[2022-08-28 20:12:49,754] {processor.py:163} INFO - Started process (PID=3494) to work on /opt/airflow/dags/nyt_caller.py
[2022-08-28 20:12:49,756] {processor.py:642} INFO - Processing file /opt/airflow/dags/nyt_caller.py for tasks to queue
[2022-08-28 20:12:49,758] {logging_mixin.py:109} INFO - [2022-08-28 20:12:49,758] {dagbag.py:500} INFO - Filling up the DagBag from /opt/airflow/dags/nyt_caller.py
[2022-08-28 20:12:49,797] {processor.py:654} INFO - DAG(s) dict_keys(['NYTPopularArticles']) retrieved from /opt/airflow/dags/nyt_caller.py
[2022-08-28 20:12:49,811] {logging_mixin.py:109} INFO - [2022-08-28 20:12:49,811] {dag.py:2396} INFO - Sync 1 DAGs
[2022-08-28 20:12:49,835] {logging_mixin.py:109} INFO - [2022-08-28 20:12:49,835] {dag.py:2935} INFO - Setting next_dagrun for NYTPopularArticles to 2022-08-28T16:05:00+00:00
[2022-08-28 20:12:49,848] {processor.py:171} INFO - Processing /opt/airflow/dags/nyt_caller.py took 0.100 seconds
[2022-08-28 20:13:20,210] {processor.py:163} INFO - Started process (PID=3521) to work on /opt/airflow/dags/nyt_caller.py
[2022-08-28 20:13:20,217] {processor.py:642} INFO - Processing file /opt/airflow/dags/nyt_caller.py for tasks to queue
[2022-08-28 20:13:20,226] {logging_mixin.py:109} INFO - [2022-08-28 20:13:20,225] {dagbag.py:500} INFO - Filling up the DagBag from /opt/airflow/dags/nyt_caller.py
[2022-08-28 20:13:20,316] {processor.py:654} INFO - DAG(s) dict_keys(['NYTPopularArticles']) retrieved from /opt/airflow/dags/nyt_caller.py
[2022-08-28 20:13:20,336] {logging_mixin.py:109} INFO - [2022-08-28 20:13:20,336] {dag.py:2396} INFO - Sync 1 DAGs
[2022-08-28 20:13:20,373] {logging_mixin.py:109} INFO - [2022-08-28 20:13:20,373] {dag.py:2935} INFO - Setting next_dagrun for NYTPopularArticles to 2022-08-28T16:05:00+00:00
[2022-08-28 20:13:20,389] {processor.py:171} INFO - Processing /opt/airflow/dags/nyt_caller.py took 0.194 seconds
[2022-08-28 20:13:51,297] {processor.py:163} INFO - Started process (PID=3547) to work on /opt/airflow/dags/nyt_caller.py
[2022-08-28 20:13:51,300] {processor.py:642} INFO - Processing file /opt/airflow/dags/nyt_caller.py for tasks to queue
[2022-08-28 20:13:51,302] {logging_mixin.py:109} INFO - [2022-08-28 20:13:51,302] {dagbag.py:500} INFO - Filling up the DagBag from /opt/airflow/dags/nyt_caller.py
[2022-08-28 20:13:51,366] {processor.py:654} INFO - DAG(s) dict_keys(['NYTPopularArticles']) retrieved from /opt/airflow/dags/nyt_caller.py
[2022-08-28 20:13:51,388] {logging_mixin.py:109} INFO - [2022-08-28 20:13:51,388] {dag.py:2396} INFO - Sync 1 DAGs
[2022-08-28 20:13:51,427] {logging_mixin.py:109} INFO - [2022-08-28 20:13:51,427] {dag.py:2935} INFO - Setting next_dagrun for NYTPopularArticles to 2022-08-28T16:05:00+00:00
[2022-08-28 20:13:51,469] {processor.py:171} INFO - Processing /opt/airflow/dags/nyt_caller.py took 0.179 seconds
[2022-08-28 20:14:21,550] {processor.py:163} INFO - Started process (PID=3574) to work on /opt/airflow/dags/nyt_caller.py
[2022-08-28 20:14:21,553] {processor.py:642} INFO - Processing file /opt/airflow/dags/nyt_caller.py for tasks to queue
[2022-08-28 20:14:21,555] {logging_mixin.py:109} INFO - [2022-08-28 20:14:21,555] {dagbag.py:500} INFO - Filling up the DagBag from /opt/airflow/dags/nyt_caller.py
[2022-08-28 20:14:21,596] {processor.py:654} INFO - DAG(s) dict_keys(['NYTPopularArticles']) retrieved from /opt/airflow/dags/nyt_caller.py
[2022-08-28 20:14:21,612] {logging_mixin.py:109} INFO - [2022-08-28 20:14:21,612] {dag.py:2396} INFO - Sync 1 DAGs
[2022-08-28 20:14:21,636] {logging_mixin.py:109} INFO - [2022-08-28 20:14:21,636] {dag.py:2935} INFO - Setting next_dagrun for NYTPopularArticles to 2022-08-28T16:05:00+00:00
[2022-08-28 20:14:21,649] {processor.py:171} INFO - Processing /opt/airflow/dags/nyt_caller.py took 0.103 seconds
[2022-08-28 20:14:51,812] {processor.py:163} INFO - Started process (PID=3600) to work on /opt/airflow/dags/nyt_caller.py
[2022-08-28 20:14:51,815] {processor.py:642} INFO - Processing file /opt/airflow/dags/nyt_caller.py for tasks to queue
[2022-08-28 20:14:51,818] {logging_mixin.py:109} INFO - [2022-08-28 20:14:51,818] {dagbag.py:500} INFO - Filling up the DagBag from /opt/airflow/dags/nyt_caller.py
[2022-08-28 20:14:51,870] {processor.py:654} INFO - DAG(s) dict_keys(['NYTPopularArticles']) retrieved from /opt/airflow/dags/nyt_caller.py
[2022-08-28 20:14:51,902] {logging_mixin.py:109} INFO - [2022-08-28 20:14:51,902] {dag.py:2396} INFO - Sync 1 DAGs
[2022-08-28 20:14:51,929] {logging_mixin.py:109} INFO - [2022-08-28 20:14:51,928] {dag.py:2935} INFO - Setting next_dagrun for NYTPopularArticles to 2022-08-28T16:05:00+00:00
[2022-08-28 20:14:51,954] {processor.py:171} INFO - Processing /opt/airflow/dags/nyt_caller.py took 0.148 seconds
[2022-08-28 20:15:22,157] {processor.py:163} INFO - Started process (PID=3626) to work on /opt/airflow/dags/nyt_caller.py
[2022-08-28 20:15:22,161] {processor.py:642} INFO - Processing file /opt/airflow/dags/nyt_caller.py for tasks to queue
[2022-08-28 20:15:22,164] {logging_mixin.py:109} INFO - [2022-08-28 20:15:22,163] {dagbag.py:500} INFO - Filling up the DagBag from /opt/airflow/dags/nyt_caller.py
[2022-08-28 20:15:22,219] {processor.py:654} INFO - DAG(s) dict_keys(['NYTPopularArticles']) retrieved from /opt/airflow/dags/nyt_caller.py
[2022-08-28 20:15:22,237] {logging_mixin.py:109} INFO - [2022-08-28 20:15:22,236] {dag.py:2396} INFO - Sync 1 DAGs
[2022-08-28 20:15:22,267] {logging_mixin.py:109} INFO - [2022-08-28 20:15:22,267] {dag.py:2935} INFO - Setting next_dagrun for NYTPopularArticles to 2022-08-28T16:05:00+00:00
[2022-08-28 20:15:22,285] {processor.py:171} INFO - Processing /opt/airflow/dags/nyt_caller.py took 0.136 seconds
[2022-08-28 20:15:52,370] {processor.py:163} INFO - Started process (PID=3661) to work on /opt/airflow/dags/nyt_caller.py
[2022-08-28 20:15:52,372] {processor.py:642} INFO - Processing file /opt/airflow/dags/nyt_caller.py for tasks to queue
[2022-08-28 20:15:52,374] {logging_mixin.py:109} INFO - [2022-08-28 20:15:52,374] {dagbag.py:500} INFO - Filling up the DagBag from /opt/airflow/dags/nyt_caller.py
[2022-08-28 20:15:52,413] {processor.py:654} INFO - DAG(s) dict_keys(['NYTPopularArticles']) retrieved from /opt/airflow/dags/nyt_caller.py
[2022-08-28 20:15:52,426] {logging_mixin.py:109} INFO - [2022-08-28 20:15:52,425] {dag.py:2396} INFO - Sync 1 DAGs
[2022-08-28 20:15:52,445] {logging_mixin.py:109} INFO - [2022-08-28 20:15:52,445] {dag.py:2935} INFO - Setting next_dagrun for NYTPopularArticles to 2022-08-28T16:05:00+00:00
[2022-08-28 20:15:52,459] {processor.py:171} INFO - Processing /opt/airflow/dags/nyt_caller.py took 0.093 seconds
[2022-08-28 20:16:22,519] {processor.py:163} INFO - Started process (PID=3688) to work on /opt/airflow/dags/nyt_caller.py
[2022-08-28 20:16:22,524] {processor.py:642} INFO - Processing file /opt/airflow/dags/nyt_caller.py for tasks to queue
[2022-08-28 20:16:22,527] {logging_mixin.py:109} INFO - [2022-08-28 20:16:22,527] {dagbag.py:500} INFO - Filling up the DagBag from /opt/airflow/dags/nyt_caller.py
[2022-08-28 20:16:22,589] {processor.py:654} INFO - DAG(s) dict_keys(['NYTPopularArticles']) retrieved from /opt/airflow/dags/nyt_caller.py
[2022-08-28 20:16:22,615] {logging_mixin.py:109} INFO - [2022-08-28 20:16:22,615] {dag.py:2396} INFO - Sync 1 DAGs
[2022-08-28 20:16:22,653] {logging_mixin.py:109} INFO - [2022-08-28 20:16:22,652] {dag.py:2935} INFO - Setting next_dagrun for NYTPopularArticles to 2022-08-28T16:05:00+00:00
[2022-08-28 20:16:22,672] {processor.py:171} INFO - Processing /opt/airflow/dags/nyt_caller.py took 0.164 seconds
[2022-08-28 20:16:52,839] {processor.py:163} INFO - Started process (PID=3716) to work on /opt/airflow/dags/nyt_caller.py
[2022-08-28 20:16:52,841] {processor.py:642} INFO - Processing file /opt/airflow/dags/nyt_caller.py for tasks to queue
[2022-08-28 20:16:52,843] {logging_mixin.py:109} INFO - [2022-08-28 20:16:52,842] {dagbag.py:500} INFO - Filling up the DagBag from /opt/airflow/dags/nyt_caller.py
[2022-08-28 20:16:52,880] {processor.py:654} INFO - DAG(s) dict_keys(['NYTPopularArticles']) retrieved from /opt/airflow/dags/nyt_caller.py
[2022-08-28 20:16:52,894] {logging_mixin.py:109} INFO - [2022-08-28 20:16:52,894] {dag.py:2396} INFO - Sync 1 DAGs
[2022-08-28 20:16:52,918] {logging_mixin.py:109} INFO - [2022-08-28 20:16:52,918] {dag.py:2935} INFO - Setting next_dagrun for NYTPopularArticles to 2022-08-28T16:05:00+00:00
[2022-08-28 20:16:52,934] {processor.py:171} INFO - Processing /opt/airflow/dags/nyt_caller.py took 0.099 seconds
[2022-08-28 20:17:23,146] {processor.py:163} INFO - Started process (PID=3754) to work on /opt/airflow/dags/nyt_caller.py
[2022-08-28 20:17:23,156] {processor.py:642} INFO - Processing file /opt/airflow/dags/nyt_caller.py for tasks to queue
[2022-08-28 20:17:23,159] {logging_mixin.py:109} INFO - [2022-08-28 20:17:23,159] {dagbag.py:500} INFO - Filling up the DagBag from /opt/airflow/dags/nyt_caller.py
[2022-08-28 20:17:23,295] {processor.py:654} INFO - DAG(s) dict_keys(['NYTPopularArticles']) retrieved from /opt/airflow/dags/nyt_caller.py
[2022-08-28 20:17:23,444] {logging_mixin.py:109} INFO - [2022-08-28 20:17:23,444] {dag.py:2396} INFO - Sync 1 DAGs
[2022-08-28 20:17:23,487] {logging_mixin.py:109} INFO - [2022-08-28 20:17:23,487] {dag.py:2935} INFO - Setting next_dagrun for NYTPopularArticles to 2022-08-28T16:05:00+00:00
[2022-08-28 20:17:23,525] {processor.py:171} INFO - Processing /opt/airflow/dags/nyt_caller.py took 0.397 seconds
[2022-08-28 20:17:54,171] {processor.py:163} INFO - Started process (PID=3781) to work on /opt/airflow/dags/nyt_caller.py
[2022-08-28 20:17:54,173] {processor.py:642} INFO - Processing file /opt/airflow/dags/nyt_caller.py for tasks to queue
[2022-08-28 20:17:54,175] {logging_mixin.py:109} INFO - [2022-08-28 20:17:54,175] {dagbag.py:500} INFO - Filling up the DagBag from /opt/airflow/dags/nyt_caller.py
[2022-08-28 20:17:54,213] {processor.py:654} INFO - DAG(s) dict_keys(['NYTPopularArticles']) retrieved from /opt/airflow/dags/nyt_caller.py
[2022-08-28 20:17:54,226] {logging_mixin.py:109} INFO - [2022-08-28 20:17:54,226] {dag.py:2396} INFO - Sync 1 DAGs
[2022-08-28 20:17:54,248] {logging_mixin.py:109} INFO - [2022-08-28 20:17:54,248] {dag.py:2935} INFO - Setting next_dagrun for NYTPopularArticles to 2022-08-28T16:05:00+00:00
[2022-08-28 20:17:54,261] {processor.py:171} INFO - Processing /opt/airflow/dags/nyt_caller.py took 0.095 seconds
[2022-08-28 20:18:24,485] {processor.py:163} INFO - Started process (PID=3806) to work on /opt/airflow/dags/nyt_caller.py
[2022-08-28 20:18:24,488] {processor.py:642} INFO - Processing file /opt/airflow/dags/nyt_caller.py for tasks to queue
[2022-08-28 20:18:24,490] {logging_mixin.py:109} INFO - [2022-08-28 20:18:24,490] {dagbag.py:500} INFO - Filling up the DagBag from /opt/airflow/dags/nyt_caller.py
[2022-08-28 20:18:24,553] {processor.py:654} INFO - DAG(s) dict_keys(['NYTPopularArticles']) retrieved from /opt/airflow/dags/nyt_caller.py
[2022-08-28 20:18:24,571] {logging_mixin.py:109} INFO - [2022-08-28 20:18:24,571] {dag.py:2396} INFO - Sync 1 DAGs
[2022-08-28 20:18:24,606] {logging_mixin.py:109} INFO - [2022-08-28 20:18:24,606] {dag.py:2935} INFO - Setting next_dagrun for NYTPopularArticles to 2022-08-28T16:05:00+00:00
[2022-08-28 20:18:24,619] {processor.py:171} INFO - Processing /opt/airflow/dags/nyt_caller.py took 0.141 seconds
[2022-08-28 20:18:54,701] {processor.py:163} INFO - Started process (PID=3841) to work on /opt/airflow/dags/nyt_caller.py
[2022-08-28 20:18:54,704] {processor.py:642} INFO - Processing file /opt/airflow/dags/nyt_caller.py for tasks to queue
[2022-08-28 20:18:54,705] {logging_mixin.py:109} INFO - [2022-08-28 20:18:54,705] {dagbag.py:500} INFO - Filling up the DagBag from /opt/airflow/dags/nyt_caller.py
[2022-08-28 20:18:54,747] {processor.py:654} INFO - DAG(s) dict_keys(['NYTPopularArticles']) retrieved from /opt/airflow/dags/nyt_caller.py
[2022-08-28 20:18:54,766] {logging_mixin.py:109} INFO - [2022-08-28 20:18:54,766] {dag.py:2396} INFO - Sync 1 DAGs
[2022-08-28 20:18:54,794] {logging_mixin.py:109} INFO - [2022-08-28 20:18:54,793] {dag.py:2935} INFO - Setting next_dagrun for NYTPopularArticles to 2022-08-28T16:05:00+00:00
[2022-08-28 20:18:54,810] {processor.py:171} INFO - Processing /opt/airflow/dags/nyt_caller.py took 0.114 seconds
[2022-08-28 20:19:25,788] {processor.py:163} INFO - Started process (PID=3867) to work on /opt/airflow/dags/nyt_caller.py
[2022-08-28 20:19:25,790] {processor.py:642} INFO - Processing file /opt/airflow/dags/nyt_caller.py for tasks to queue
[2022-08-28 20:19:25,791] {logging_mixin.py:109} INFO - [2022-08-28 20:19:25,791] {dagbag.py:500} INFO - Filling up the DagBag from /opt/airflow/dags/nyt_caller.py
[2022-08-28 20:19:25,833] {processor.py:654} INFO - DAG(s) dict_keys(['NYTPopularArticles']) retrieved from /opt/airflow/dags/nyt_caller.py
[2022-08-28 20:19:25,845] {logging_mixin.py:109} INFO - [2022-08-28 20:19:25,845] {dag.py:2396} INFO - Sync 1 DAGs
[2022-08-28 20:19:25,868] {logging_mixin.py:109} INFO - [2022-08-28 20:19:25,868] {dag.py:2935} INFO - Setting next_dagrun for NYTPopularArticles to 2022-08-28T16:05:00+00:00
[2022-08-28 20:19:25,882] {processor.py:171} INFO - Processing /opt/airflow/dags/nyt_caller.py took 0.098 seconds
[2022-08-28 20:19:55,983] {processor.py:163} INFO - Started process (PID=3896) to work on /opt/airflow/dags/nyt_caller.py
[2022-08-28 20:19:55,986] {processor.py:642} INFO - Processing file /opt/airflow/dags/nyt_caller.py for tasks to queue
[2022-08-28 20:19:55,987] {logging_mixin.py:109} INFO - [2022-08-28 20:19:55,987] {dagbag.py:500} INFO - Filling up the DagBag from /opt/airflow/dags/nyt_caller.py
[2022-08-28 20:19:56,028] {processor.py:654} INFO - DAG(s) dict_keys(['NYTPopularArticles']) retrieved from /opt/airflow/dags/nyt_caller.py
[2022-08-28 20:19:56,041] {logging_mixin.py:109} INFO - [2022-08-28 20:19:56,041] {dag.py:2396} INFO - Sync 1 DAGs
[2022-08-28 20:19:56,063] {logging_mixin.py:109} INFO - [2022-08-28 20:19:56,063] {dag.py:2935} INFO - Setting next_dagrun for NYTPopularArticles to 2022-08-28T16:05:00+00:00
[2022-08-28 20:19:56,078] {processor.py:171} INFO - Processing /opt/airflow/dags/nyt_caller.py took 0.100 seconds
[2022-08-28 20:20:27,138] {processor.py:163} INFO - Started process (PID=3932) to work on /opt/airflow/dags/nyt_caller.py
[2022-08-28 20:20:27,166] {processor.py:642} INFO - Processing file /opt/airflow/dags/nyt_caller.py for tasks to queue
[2022-08-28 20:20:27,184] {logging_mixin.py:109} INFO - [2022-08-28 20:20:27,184] {dagbag.py:500} INFO - Filling up the DagBag from /opt/airflow/dags/nyt_caller.py
[2022-08-28 20:20:27,438] {processor.py:654} INFO - DAG(s) dict_keys(['NYTPopularArticles']) retrieved from /opt/airflow/dags/nyt_caller.py
[2022-08-28 20:20:27,467] {logging_mixin.py:109} INFO - [2022-08-28 20:20:27,466] {dag.py:2396} INFO - Sync 1 DAGs
[2022-08-28 20:20:27,509] {logging_mixin.py:109} INFO - [2022-08-28 20:20:27,509] {dag.py:2935} INFO - Setting next_dagrun for NYTPopularArticles to 2022-08-28T16:05:00+00:00
[2022-08-28 20:20:27,527] {processor.py:171} INFO - Processing /opt/airflow/dags/nyt_caller.py took 0.410 seconds
[2022-08-28 20:20:57,746] {processor.py:163} INFO - Started process (PID=3955) to work on /opt/airflow/dags/nyt_caller.py
[2022-08-28 20:20:57,749] {processor.py:642} INFO - Processing file /opt/airflow/dags/nyt_caller.py for tasks to queue
[2022-08-28 20:20:57,750] {logging_mixin.py:109} INFO - [2022-08-28 20:20:57,750] {dagbag.py:500} INFO - Filling up the DagBag from /opt/airflow/dags/nyt_caller.py
[2022-08-28 20:20:57,786] {processor.py:654} INFO - DAG(s) dict_keys(['NYTPopularArticles']) retrieved from /opt/airflow/dags/nyt_caller.py
[2022-08-28 20:20:57,800] {logging_mixin.py:109} INFO - [2022-08-28 20:20:57,800] {dag.py:2396} INFO - Sync 1 DAGs
[2022-08-28 20:20:57,820] {logging_mixin.py:109} INFO - [2022-08-28 20:20:57,820] {dag.py:2935} INFO - Setting next_dagrun for NYTPopularArticles to 2022-08-28T16:05:00+00:00
[2022-08-28 20:20:57,832] {processor.py:171} INFO - Processing /opt/airflow/dags/nyt_caller.py took 0.090 seconds
[2022-08-28 20:41:20,528] {processor.py:163} INFO - Started process (PID=3983) to work on /opt/airflow/dags/nyt_caller.py
[2022-08-28 20:41:20,535] {processor.py:642} INFO - Processing file /opt/airflow/dags/nyt_caller.py for tasks to queue
[2022-08-28 20:41:20,541] {logging_mixin.py:109} INFO - [2022-08-28 20:41:20,540] {dagbag.py:500} INFO - Filling up the DagBag from /opt/airflow/dags/nyt_caller.py
[2022-08-28 20:41:20,692] {processor.py:654} INFO - DAG(s) dict_keys(['NYTPopularArticles']) retrieved from /opt/airflow/dags/nyt_caller.py
[2022-08-28 20:41:20,806] {logging_mixin.py:109} INFO - [2022-08-28 20:41:20,806] {dag.py:2396} INFO - Sync 1 DAGs
[2022-08-28 20:41:21,005] {logging_mixin.py:109} INFO - [2022-08-28 20:41:21,005] {dag.py:2935} INFO - Setting next_dagrun for NYTPopularArticles to 2022-08-28T16:05:00+00:00
[2022-08-28 20:41:21,076] {processor.py:171} INFO - Processing /opt/airflow/dags/nyt_caller.py took 0.553 seconds
[2022-08-28 20:41:52,656] {processor.py:163} INFO - Started process (PID=3999) to work on /opt/airflow/dags/nyt_caller.py
[2022-08-28 20:41:52,748] {processor.py:642} INFO - Processing file /opt/airflow/dags/nyt_caller.py for tasks to queue
[2022-08-28 20:41:52,816] {logging_mixin.py:109} INFO - [2022-08-28 20:41:52,794] {dagbag.py:500} INFO - Filling up the DagBag from /opt/airflow/dags/nyt_caller.py
[2022-08-28 20:41:54,692] {processor.py:654} INFO - DAG(s) dict_keys(['NYTPopularArticles']) retrieved from /opt/airflow/dags/nyt_caller.py
[2022-08-28 20:41:55,330] {logging_mixin.py:109} INFO - [2022-08-28 20:41:55,312] {dag.py:2396} INFO - Sync 1 DAGs
[2022-08-28 20:41:56,547] {logging_mixin.py:109} INFO - [2022-08-28 20:41:56,546] {dag.py:2935} INFO - Setting next_dagrun for NYTPopularArticles to 2022-08-28T16:05:00+00:00
[2022-08-28 20:41:57,117] {processor.py:171} INFO - Processing /opt/airflow/dags/nyt_caller.py took 4.637 seconds
