[2022-08-29 14:49:49,330] {taskinstance.py:1032} INFO - Dependencies all met for <TaskInstance: h1b_lca_data_v3.format_xlsx_to_csv_task scheduled__2022-01-10T06:00:00+00:00 [queued]>
[2022-08-29 14:49:49,385] {taskinstance.py:1032} INFO - Dependencies all met for <TaskInstance: h1b_lca_data_v3.format_xlsx_to_csv_task scheduled__2022-01-10T06:00:00+00:00 [queued]>
[2022-08-29 14:49:49,387] {taskinstance.py:1238} INFO - 
--------------------------------------------------------------------------------
[2022-08-29 14:49:49,390] {taskinstance.py:1239} INFO - Starting attempt 1 of 1
[2022-08-29 14:49:49,391] {taskinstance.py:1240} INFO - 
--------------------------------------------------------------------------------
[2022-08-29 14:49:49,442] {taskinstance.py:1259} INFO - Executing <Task(PythonOperator): format_xlsx_to_csv_task> on 2022-01-10 06:00:00+00:00
[2022-08-29 14:49:49,479] {standard_task_runner.py:52} INFO - Started process 9285 to run task
[2022-08-29 14:49:49,493] {standard_task_runner.py:76} INFO - Running: ['***', 'tasks', 'run', 'h1b_lca_data_v3', 'format_xlsx_to_csv_task', 'scheduled__2022-01-10T06:00:00+00:00', '--job-id', '1457', '--raw', '--subdir', 'DAGS_FOLDER/upload_h1b_data_to_gcp.py', '--cfg-path', '/tmp/tmpx8bhw81t', '--error-file', '/tmp/tmp2mvhcc14']
[2022-08-29 14:49:49,506] {standard_task_runner.py:77} INFO - Job 1457: Subtask format_xlsx_to_csv_task
[2022-08-29 14:49:49,656] {logging_mixin.py:109} INFO - Running <TaskInstance: h1b_lca_data_v3.format_xlsx_to_csv_task scheduled__2022-01-10T06:00:00+00:00 [running]> on host efb24f1b01c6
[2022-08-29 14:49:49,824] {warnings.py:110} WARNING - /home/***/.local/lib/python3.7/site-packages/***/utils/context.py:152: AirflowContextDeprecationWarning: Accessing 'execution_date' from the template is deprecated and will be removed in a future version. Please use 'data_interval_start' or 'logical_date' instead.
  warnings.warn(_create_deprecation_warning(key, self._deprecation_replacements[key]))

[2022-08-29 14:49:49,886] {taskinstance.py:1426} INFO - Exporting the following env vars:
AIRFLOW_CTX_DAG_OWNER=***
AIRFLOW_CTX_DAG_ID=h1b_lca_data_v3
AIRFLOW_CTX_TASK_ID=format_xlsx_to_csv_task
AIRFLOW_CTX_EXECUTION_DATE=2022-01-10T06:00:00+00:00
AIRFLOW_CTX_DAG_RUN_ID=scheduled__2022-01-10T06:00:00+00:00
[2022-08-29 14:49:59,072] {logging_mixin.py:109} INFO - Source file:  /opt/***/LCA_Disclosure_Data_FY2022_Q1.xlsx
[2022-08-29 14:55:22,894] {logging_mixin.py:109} INFO - attempting to write dataframe to csv format
[2022-08-29 14:55:31,064] {logging_mixin.py:109} INFO - Wrote to file:  /opt/***/LCA_Disclosure_Data_FY2022_Q1.csv
[2022-08-29 14:55:31,192] {python.py:175} INFO - Done. Returned value was: None
[2022-08-29 14:55:31,216] {taskinstance.py:1277} INFO - Marking task as SUCCESS. dag_id=h1b_lca_data_v3, task_id=format_xlsx_to_csv_task, execution_date=20220110T060000, start_date=20220829T144949, end_date=20220829T145531
[2022-08-29 14:55:31,315] {local_task_job.py:154} INFO - Task exited with return code 0
[2022-08-29 14:55:31,398] {local_task_job.py:264} INFO - 0 downstream tasks scheduled from follow-on schedule check
