[2022-08-17 14:40:36,353] {taskinstance.py:1032} INFO - Dependencies all met for <TaskInstance: bar_data_dag.entry_task manual__2022-08-17T14:40:34.710367+00:00 [queued]>
[2022-08-17 14:40:36,369] {taskinstance.py:1032} INFO - Dependencies all met for <TaskInstance: bar_data_dag.entry_task manual__2022-08-17T14:40:34.710367+00:00 [queued]>
[2022-08-17 14:40:36,371] {taskinstance.py:1238} INFO - 
--------------------------------------------------------------------------------
[2022-08-17 14:40:36,372] {taskinstance.py:1239} INFO - Starting attempt 1 of 1
[2022-08-17 14:40:36,373] {taskinstance.py:1240} INFO - 
--------------------------------------------------------------------------------
[2022-08-17 14:40:36,391] {taskinstance.py:1259} INFO - Executing <Task(BashOperator): entry_task> on 2022-08-17 14:40:34.710367+00:00
[2022-08-17 14:40:36,399] {standard_task_runner.py:52} INFO - Started process 101 to run task
[2022-08-17 14:40:36,404] {standard_task_runner.py:76} INFO - Running: ['***', 'tasks', 'run', 'bar_data_dag', 'entry_task', 'manual__2022-08-17T14:40:34.710367+00:00', '--job-id', '142', '--raw', '--subdir', 'DAGS_FOLDER/upload_bar_data.py', '--cfg-path', '/tmp/tmpvbocyad9', '--error-file', '/tmp/tmp_iqa5sg8']
[2022-08-17 14:40:36,406] {standard_task_runner.py:77} INFO - Job 142: Subtask entry_task
[2022-08-17 14:40:36,478] {logging_mixin.py:109} INFO - Running <TaskInstance: bar_data_dag.entry_task manual__2022-08-17T14:40:34.710367+00:00 [running]> on host 896f1021acdc
[2022-08-17 14:40:36,546] {taskinstance.py:1426} INFO - Exporting the following env vars:
AIRFLOW_CTX_DAG_OWNER=***
AIRFLOW_CTX_DAG_ID=bar_data_dag
AIRFLOW_CTX_TASK_ID=entry_task
AIRFLOW_CTX_EXECUTION_DATE=2022-08-17T14:40:34.710367+00:00
AIRFLOW_CTX_DAG_RUN_ID=manual__2022-08-17T14:40:34.710367+00:00
[2022-08-17 14:40:36,549] {subprocess.py:62} INFO - Tmp dir root location: 
 /tmp
[2022-08-17 14:40:36,551] {subprocess.py:74} INFO - Running command: ['bash', '-c', 'echo entering the dag']
[2022-08-17 14:40:36,567] {subprocess.py:85} INFO - Output:
[2022-08-17 14:40:36,570] {subprocess.py:89} INFO - entering the dag
[2022-08-17 14:40:36,571] {subprocess.py:93} INFO - Command exited with return code 0
[2022-08-17 14:40:36,597] {taskinstance.py:1277} INFO - Marking task as SUCCESS. dag_id=bar_data_dag, task_id=entry_task, execution_date=20220817T144034, start_date=20220817T144036, end_date=20220817T144036
[2022-08-17 14:40:36,661] {local_task_job.py:154} INFO - Task exited with return code 0
[2022-08-17 14:40:36,716] {local_task_job.py:264} INFO - 1 downstream tasks scheduled from follow-on schedule check
