[2022-08-17 15:12:56,310] {taskinstance.py:1032} INFO - Dependencies all met for <TaskInstance: bar_data_dag.entry_task manual__2022-08-17T14:40:34.710367+00:00 [queued]>
[2022-08-17 15:12:56,323] {taskinstance.py:1032} INFO - Dependencies all met for <TaskInstance: bar_data_dag.entry_task manual__2022-08-17T14:40:34.710367+00:00 [queued]>
[2022-08-17 15:12:56,324] {taskinstance.py:1238} INFO - 
--------------------------------------------------------------------------------
[2022-08-17 15:12:56,325] {taskinstance.py:1239} INFO - Starting attempt 2 of 2
[2022-08-17 15:12:56,326] {taskinstance.py:1240} INFO - 
--------------------------------------------------------------------------------
[2022-08-17 15:12:56,339] {taskinstance.py:1259} INFO - Executing <Task(BashOperator): entry_task> on 2022-08-17 14:40:34.710367+00:00
[2022-08-17 15:12:56,346] {standard_task_runner.py:52} INFO - Started process 1027 to run task
[2022-08-17 15:12:56,350] {standard_task_runner.py:76} INFO - Running: ['***', 'tasks', 'run', 'bar_data_dag', 'entry_task', 'manual__2022-08-17T14:40:34.710367+00:00', '--job-id', '154', '--raw', '--subdir', 'DAGS_FOLDER/upload_bar_data.py', '--cfg-path', '/tmp/tmpvyq6_2gs', '--error-file', '/tmp/tmptlja94vf']
[2022-08-17 15:12:56,351] {standard_task_runner.py:77} INFO - Job 154: Subtask entry_task
[2022-08-17 15:12:56,416] {logging_mixin.py:109} INFO - Running <TaskInstance: bar_data_dag.entry_task manual__2022-08-17T14:40:34.710367+00:00 [running]> on host 68a051b485fc
[2022-08-17 15:12:56,491] {taskinstance.py:1426} INFO - Exporting the following env vars:
AIRFLOW_CTX_DAG_OWNER=***
AIRFLOW_CTX_DAG_ID=bar_data_dag
AIRFLOW_CTX_TASK_ID=entry_task
AIRFLOW_CTX_EXECUTION_DATE=2022-08-17T14:40:34.710367+00:00
AIRFLOW_CTX_DAG_RUN_ID=manual__2022-08-17T14:40:34.710367+00:00
[2022-08-17 15:12:56,494] {subprocess.py:62} INFO - Tmp dir root location: 
 /tmp
[2022-08-17 15:12:56,495] {subprocess.py:74} INFO - Running command: ['bash', '-c', 'echo entering the dag']
[2022-08-17 15:12:56,516] {subprocess.py:85} INFO - Output:
[2022-08-17 15:12:56,522] {subprocess.py:89} INFO - entering the dag
[2022-08-17 15:12:56,524] {subprocess.py:93} INFO - Command exited with return code 0
[2022-08-17 15:12:56,572] {taskinstance.py:1277} INFO - Marking task as SUCCESS. dag_id=bar_data_dag, task_id=entry_task, execution_date=20220817T144034, start_date=20220817T151256, end_date=20220817T151256
[2022-08-17 15:12:56,605] {local_task_job.py:154} INFO - Task exited with return code 0
[2022-08-17 15:12:56,683] {local_task_job.py:264} INFO - 1 downstream tasks scheduled from follow-on schedule check
