[2022-08-29 19:34:38,770] {taskinstance.py:1032} INFO - Dependencies all met for <TaskInstance: h1b_lca_data_v4.format_xlsx_to_csv_task scheduled__2021-04-10T06:00:00+00:00 [queued]>
[2022-08-29 19:34:38,792] {taskinstance.py:1032} INFO - Dependencies all met for <TaskInstance: h1b_lca_data_v4.format_xlsx_to_csv_task scheduled__2021-04-10T06:00:00+00:00 [queued]>
[2022-08-29 19:34:38,794] {taskinstance.py:1238} INFO - 
--------------------------------------------------------------------------------
[2022-08-29 19:34:38,796] {taskinstance.py:1239} INFO - Starting attempt 2 of 2
[2022-08-29 19:34:38,797] {taskinstance.py:1240} INFO - 
--------------------------------------------------------------------------------
[2022-08-29 19:34:38,822] {taskinstance.py:1259} INFO - Executing <Task(PythonOperator): format_xlsx_to_csv_task> on 2021-04-10 06:00:00+00:00
[2022-08-29 19:34:38,838] {standard_task_runner.py:52} INFO - Started process 7777 to run task
[2022-08-29 19:34:38,856] {standard_task_runner.py:76} INFO - Running: ['***', 'tasks', 'run', 'h1b_lca_data_v4', 'format_xlsx_to_csv_task', 'scheduled__2021-04-10T06:00:00+00:00', '--job-id', '1744', '--raw', '--subdir', 'DAGS_FOLDER/upload_h1b_data_to_gcp.py', '--cfg-path', '/tmp/tmpno51p7eh', '--error-file', '/tmp/tmp8xwplq7u']
[2022-08-29 19:34:38,859] {standard_task_runner.py:77} INFO - Job 1744: Subtask format_xlsx_to_csv_task
[2022-08-29 19:34:39,020] {logging_mixin.py:109} INFO - Running <TaskInstance: h1b_lca_data_v4.format_xlsx_to_csv_task scheduled__2021-04-10T06:00:00+00:00 [running]> on host f153c6531160
[2022-08-29 19:34:39,281] {warnings.py:110} WARNING - /home/***/.local/lib/python3.7/site-packages/***/utils/context.py:152: AirflowContextDeprecationWarning: Accessing 'execution_date' from the template is deprecated and will be removed in a future version. Please use 'data_interval_start' or 'logical_date' instead.
  warnings.warn(_create_deprecation_warning(key, self._deprecation_replacements[key]))

[2022-08-29 19:34:39,471] {taskinstance.py:1426} INFO - Exporting the following env vars:
AIRFLOW_CTX_DAG_OWNER=***
AIRFLOW_CTX_DAG_ID=h1b_lca_data_v4
AIRFLOW_CTX_TASK_ID=format_xlsx_to_csv_task
AIRFLOW_CTX_EXECUTION_DATE=2021-04-10T06:00:00+00:00
AIRFLOW_CTX_DAG_RUN_ID=scheduled__2021-04-10T06:00:00+00:00
[2022-08-29 19:35:03,451] {logging_mixin.py:109} INFO - Source file:  /opt/***/LCA_Disclosure_Data_FY2021_Q2.xlsx
