[2022-08-29 14:46:37,078] {taskinstance.py:1032} INFO - Dependencies all met for <TaskInstance: h1b_lca_data_v3.entry_task scheduled__2021-04-10T06:00:00+00:00 [queued]>
[2022-08-29 14:46:37,094] {taskinstance.py:1032} INFO - Dependencies all met for <TaskInstance: h1b_lca_data_v3.entry_task scheduled__2021-04-10T06:00:00+00:00 [queued]>
[2022-08-29 14:46:37,095] {taskinstance.py:1238} INFO - 
--------------------------------------------------------------------------------
[2022-08-29 14:46:37,097] {taskinstance.py:1239} INFO - Starting attempt 1 of 1
[2022-08-29 14:46:37,099] {taskinstance.py:1240} INFO - 
--------------------------------------------------------------------------------
[2022-08-29 14:46:37,131] {taskinstance.py:1259} INFO - Executing <Task(BashOperator): entry_task> on 2021-04-10 06:00:00+00:00
[2022-08-29 14:46:37,147] {standard_task_runner.py:52} INFO - Started process 9060 to run task
[2022-08-29 14:46:37,166] {standard_task_runner.py:76} INFO - Running: ['***', 'tasks', 'run', 'h1b_lca_data_v3', 'entry_task', 'scheduled__2021-04-10T06:00:00+00:00', '--job-id', '1438', '--raw', '--subdir', 'DAGS_FOLDER/upload_h1b_data_to_gcp.py', '--cfg-path', '/tmp/tmpbn6ucl1l', '--error-file', '/tmp/tmpz1dt_d0u']
[2022-08-29 14:46:37,169] {standard_task_runner.py:77} INFO - Job 1438: Subtask entry_task
[2022-08-29 14:46:37,321] {logging_mixin.py:109} INFO - Running <TaskInstance: h1b_lca_data_v3.entry_task scheduled__2021-04-10T06:00:00+00:00 [running]> on host efb24f1b01c6
[2022-08-29 14:46:37,441] {warnings.py:110} WARNING - /home/***/.local/lib/python3.7/site-packages/***/utils/context.py:152: AirflowContextDeprecationWarning: Accessing 'execution_date' from the template is deprecated and will be removed in a future version. Please use 'data_interval_start' or 'logical_date' instead.
  warnings.warn(_create_deprecation_warning(key, self._deprecation_replacements[key]))

[2022-08-29 14:46:37,508] {taskinstance.py:1426} INFO - Exporting the following env vars:
AIRFLOW_CTX_DAG_OWNER=***
AIRFLOW_CTX_DAG_ID=h1b_lca_data_v3
AIRFLOW_CTX_TASK_ID=entry_task
AIRFLOW_CTX_EXECUTION_DATE=2021-04-10T06:00:00+00:00
AIRFLOW_CTX_DAG_RUN_ID=scheduled__2021-04-10T06:00:00+00:00
[2022-08-29 14:46:37,514] {subprocess.py:62} INFO - Tmp dir root location: 
 /tmp
[2022-08-29 14:46:37,518] {subprocess.py:74} INFO - Running command: ['bash', '-c', 'echo /opt/***/LCA_Disclosure_Data_FY2021_Q4.xlsx ']
[2022-08-29 14:46:37,610] {subprocess.py:85} INFO - Output:
[2022-08-29 14:46:37,613] {subprocess.py:89} INFO - /opt/***/LCA_Disclosure_Data_FY2021_Q4.xlsx
[2022-08-29 14:46:37,618] {subprocess.py:93} INFO - Command exited with return code 0
[2022-08-29 14:46:38,053] {taskinstance.py:1277} INFO - Marking task as SUCCESS. dag_id=h1b_lca_data_v3, task_id=entry_task, execution_date=20210410T060000, start_date=20220829T144637, end_date=20220829T144638
[2022-08-29 14:46:38,191] {local_task_job.py:154} INFO - Task exited with return code 0
[2022-08-29 14:46:38,637] {local_task_job.py:264} INFO - 0 downstream tasks scheduled from follow-on schedule check
