[2022-08-29 15:03:26,404] {taskinstance.py:1032} INFO - Dependencies all met for <TaskInstance: h1b_lca_data_v3.entry_task scheduled__2021-04-10T06:00:00+00:00 [queued]>
[2022-08-29 15:03:26,418] {taskinstance.py:1032} INFO - Dependencies all met for <TaskInstance: h1b_lca_data_v3.entry_task scheduled__2021-04-10T06:00:00+00:00 [queued]>
[2022-08-29 15:03:26,419] {taskinstance.py:1238} INFO - 
--------------------------------------------------------------------------------
[2022-08-29 15:03:26,420] {taskinstance.py:1239} INFO - Starting attempt 2 of 2
[2022-08-29 15:03:26,421] {taskinstance.py:1240} INFO - 
--------------------------------------------------------------------------------
[2022-08-29 15:03:26,436] {taskinstance.py:1259} INFO - Executing <Task(BashOperator): entry_task> on 2021-04-10 06:00:00+00:00
[2022-08-29 15:03:26,443] {standard_task_runner.py:52} INFO - Started process 9937 to run task
[2022-08-29 15:03:26,448] {standard_task_runner.py:76} INFO - Running: ['***', 'tasks', 'run', 'h1b_lca_data_v3', 'entry_task', 'scheduled__2021-04-10T06:00:00+00:00', '--job-id', '1472', '--raw', '--subdir', 'DAGS_FOLDER/upload_h1b_data_to_gcp.py', '--cfg-path', '/tmp/tmpu_kd_3lf', '--error-file', '/tmp/tmp98w_0c1g']
[2022-08-29 15:03:26,451] {standard_task_runner.py:77} INFO - Job 1472: Subtask entry_task
[2022-08-29 15:03:26,548] {logging_mixin.py:109} INFO - Running <TaskInstance: h1b_lca_data_v3.entry_task scheduled__2021-04-10T06:00:00+00:00 [running]> on host efb24f1b01c6
[2022-08-29 15:03:26,601] {warnings.py:110} WARNING - /home/***/.local/lib/python3.7/site-packages/***/utils/context.py:152: AirflowContextDeprecationWarning: Accessing 'execution_date' from the template is deprecated and will be removed in a future version. Please use 'data_interval_start' or 'logical_date' instead.
  warnings.warn(_create_deprecation_warning(key, self._deprecation_replacements[key]))

[2022-08-29 15:03:26,628] {taskinstance.py:1426} INFO - Exporting the following env vars:
AIRFLOW_CTX_DAG_OWNER=***
AIRFLOW_CTX_DAG_ID=h1b_lca_data_v3
AIRFLOW_CTX_TASK_ID=entry_task
AIRFLOW_CTX_EXECUTION_DATE=2021-04-10T06:00:00+00:00
AIRFLOW_CTX_DAG_RUN_ID=scheduled__2021-04-10T06:00:00+00:00
[2022-08-29 15:03:26,631] {subprocess.py:62} INFO - Tmp dir root location: 
 /tmp
[2022-08-29 15:03:26,634] {subprocess.py:74} INFO - Running command: ['bash', '-c', 'echo 2021_Q%-q.xlsx']
[2022-08-29 15:03:26,654] {subprocess.py:85} INFO - Output:
[2022-08-29 15:03:26,658] {subprocess.py:89} INFO - 2021_Q%-q.xlsx
[2022-08-29 15:03:26,659] {subprocess.py:93} INFO - Command exited with return code 0
[2022-08-29 15:03:26,702] {taskinstance.py:1277} INFO - Marking task as SUCCESS. dag_id=h1b_lca_data_v3, task_id=entry_task, execution_date=20210410T060000, start_date=20220829T150326, end_date=20220829T150326
[2022-08-29 15:03:26,748] {local_task_job.py:154} INFO - Task exited with return code 0
[2022-08-29 15:03:26,785] {local_task_job.py:264} INFO - 0 downstream tasks scheduled from follow-on schedule check
