[2022-08-29 15:42:29,333] {taskinstance.py:1032} INFO - Dependencies all met for <TaskInstance: h1b_lca_data_v3.entry_task scheduled__2021-04-10T06:00:00+00:00 [queued]>
[2022-08-29 15:42:29,365] {taskinstance.py:1032} INFO - Dependencies all met for <TaskInstance: h1b_lca_data_v3.entry_task scheduled__2021-04-10T06:00:00+00:00 [queued]>
[2022-08-29 15:42:29,367] {taskinstance.py:1238} INFO - 
--------------------------------------------------------------------------------
[2022-08-29 15:42:29,372] {taskinstance.py:1239} INFO - Starting attempt 21 of 21
[2022-08-29 15:42:29,373] {taskinstance.py:1240} INFO - 
--------------------------------------------------------------------------------
[2022-08-29 15:42:29,400] {taskinstance.py:1259} INFO - Executing <Task(BashOperator): entry_task> on 2021-04-10 06:00:00+00:00
[2022-08-29 15:42:29,413] {standard_task_runner.py:52} INFO - Started process 11837 to run task
[2022-08-29 15:42:29,420] {standard_task_runner.py:76} INFO - Running: ['***', 'tasks', 'run', 'h1b_lca_data_v3', 'entry_task', 'scheduled__2021-04-10T06:00:00+00:00', '--job-id', '1528', '--raw', '--subdir', 'DAGS_FOLDER/upload_h1b_data_to_gcp.py', '--cfg-path', '/tmp/tmplr9q5cn2', '--error-file', '/tmp/tmpvxhg7f1b']
[2022-08-29 15:42:29,422] {standard_task_runner.py:77} INFO - Job 1528: Subtask entry_task
[2022-08-29 15:42:29,529] {logging_mixin.py:109} INFO - Running <TaskInstance: h1b_lca_data_v3.entry_task scheduled__2021-04-10T06:00:00+00:00 [running]> on host efb24f1b01c6
[2022-08-29 15:42:29,609] {taskinstance.py:1426} INFO - Exporting the following env vars:
AIRFLOW_CTX_DAG_OWNER=***
AIRFLOW_CTX_DAG_ID=h1b_lca_data_v3
AIRFLOW_CTX_TASK_ID=entry_task
AIRFLOW_CTX_EXECUTION_DATE=2021-04-10T06:00:00+00:00
AIRFLOW_CTX_DAG_RUN_ID=scheduled__2021-04-10T06:00:00+00:00
[2022-08-29 15:42:29,612] {subprocess.py:62} INFO - Tmp dir root location: 
 /tmp
[2022-08-29 15:42:29,614] {subprocess.py:74} INFO - Running command: ['bash', '-c', 'echo 0']
[2022-08-29 15:42:29,632] {subprocess.py:85} INFO - Output:
[2022-08-29 15:42:29,635] {subprocess.py:89} INFO - 0
[2022-08-29 15:42:29,640] {subprocess.py:93} INFO - Command exited with return code 0
[2022-08-29 15:42:29,679] {taskinstance.py:1277} INFO - Marking task as SUCCESS. dag_id=h1b_lca_data_v3, task_id=entry_task, execution_date=20210410T060000, start_date=20220829T154229, end_date=20220829T154229
[2022-08-29 15:42:29,717] {local_task_job.py:154} INFO - Task exited with return code 0
[2022-08-29 15:42:29,757] {local_task_job.py:264} INFO - 0 downstream tasks scheduled from follow-on schedule check
