[2022-08-29 15:42:52,346] {taskinstance.py:1032} INFO - Dependencies all met for <TaskInstance: h1b_lca_data_v3.entry_task scheduled__2021-04-10T06:00:00+00:00 [queued]>
[2022-08-29 15:42:52,361] {taskinstance.py:1032} INFO - Dependencies all met for <TaskInstance: h1b_lca_data_v3.entry_task scheduled__2021-04-10T06:00:00+00:00 [queued]>
[2022-08-29 15:42:52,363] {taskinstance.py:1238} INFO - 
--------------------------------------------------------------------------------
[2022-08-29 15:42:52,364] {taskinstance.py:1239} INFO - Starting attempt 22 of 22
[2022-08-29 15:42:52,365] {taskinstance.py:1240} INFO - 
--------------------------------------------------------------------------------
[2022-08-29 15:42:52,379] {taskinstance.py:1259} INFO - Executing <Task(BashOperator): entry_task> on 2021-04-10 06:00:00+00:00
[2022-08-29 15:42:52,387] {standard_task_runner.py:52} INFO - Started process 11855 to run task
[2022-08-29 15:42:52,392] {standard_task_runner.py:76} INFO - Running: ['***', 'tasks', 'run', 'h1b_lca_data_v3', 'entry_task', 'scheduled__2021-04-10T06:00:00+00:00', '--job-id', '1530', '--raw', '--subdir', 'DAGS_FOLDER/upload_h1b_data_to_gcp.py', '--cfg-path', '/tmp/tmpiteulsyx', '--error-file', '/tmp/tmpns0ls89p']
[2022-08-29 15:42:52,393] {standard_task_runner.py:77} INFO - Job 1530: Subtask entry_task
[2022-08-29 15:42:52,497] {logging_mixin.py:109} INFO - Running <TaskInstance: h1b_lca_data_v3.entry_task scheduled__2021-04-10T06:00:00+00:00 [running]> on host efb24f1b01c6
[2022-08-29 15:42:52,602] {taskinstance.py:1426} INFO - Exporting the following env vars:
AIRFLOW_CTX_DAG_OWNER=***
AIRFLOW_CTX_DAG_ID=h1b_lca_data_v3
AIRFLOW_CTX_TASK_ID=entry_task
AIRFLOW_CTX_EXECUTION_DATE=2021-04-10T06:00:00+00:00
AIRFLOW_CTX_DAG_RUN_ID=scheduled__2021-04-10T06:00:00+00:00
[2022-08-29 15:42:52,607] {subprocess.py:62} INFO - Tmp dir root location: 
 /tmp
[2022-08-29 15:42:52,612] {subprocess.py:74} INFO - Running command: ['bash', '-c', 'echo 2021-4-10']
[2022-08-29 15:42:52,637] {subprocess.py:85} INFO - Output:
[2022-08-29 15:42:52,643] {subprocess.py:89} INFO - 2021-4-10
[2022-08-29 15:42:52,647] {subprocess.py:93} INFO - Command exited with return code 0
[2022-08-29 15:42:52,688] {taskinstance.py:1277} INFO - Marking task as SUCCESS. dag_id=h1b_lca_data_v3, task_id=entry_task, execution_date=20210410T060000, start_date=20220829T154252, end_date=20220829T154252
[2022-08-29 15:42:52,777] {local_task_job.py:154} INFO - Task exited with return code 0
[2022-08-29 15:42:52,825] {local_task_job.py:264} INFO - 0 downstream tasks scheduled from follow-on schedule check
