[2022-08-29 16:12:40,378] {taskinstance.py:1032} INFO - Dependencies all met for <TaskInstance: h1b_lca_data_v3.entry_task scheduled__2021-04-10T06:00:00+00:00 [queued]>
[2022-08-29 16:12:40,402] {taskinstance.py:1032} INFO - Dependencies all met for <TaskInstance: h1b_lca_data_v3.entry_task scheduled__2021-04-10T06:00:00+00:00 [queued]>
[2022-08-29 16:12:40,404] {taskinstance.py:1238} INFO - 
--------------------------------------------------------------------------------
[2022-08-29 16:12:40,406] {taskinstance.py:1239} INFO - Starting attempt 32 of 32
[2022-08-29 16:12:40,408] {taskinstance.py:1240} INFO - 
--------------------------------------------------------------------------------
[2022-08-29 16:12:40,431] {taskinstance.py:1259} INFO - Executing <Task(BashOperator): entry_task> on 2021-04-10 06:00:00+00:00
[2022-08-29 16:12:40,443] {standard_task_runner.py:52} INFO - Started process 13325 to run task
[2022-08-29 16:12:40,450] {standard_task_runner.py:76} INFO - Running: ['***', 'tasks', 'run', 'h1b_lca_data_v3', 'entry_task', 'scheduled__2021-04-10T06:00:00+00:00', '--job-id', '1565', '--raw', '--subdir', 'DAGS_FOLDER/upload_h1b_data_to_gcp.py', '--cfg-path', '/tmp/tmpv999ycon', '--error-file', '/tmp/tmp8bton16q']
[2022-08-29 16:12:40,453] {standard_task_runner.py:77} INFO - Job 1565: Subtask entry_task
[2022-08-29 16:12:40,552] {logging_mixin.py:109} INFO - Running <TaskInstance: h1b_lca_data_v3.entry_task scheduled__2021-04-10T06:00:00+00:00 [running]> on host efb24f1b01c6
[2022-08-29 16:12:40,635] {taskinstance.py:1426} INFO - Exporting the following env vars:
AIRFLOW_CTX_DAG_OWNER=***
AIRFLOW_CTX_DAG_ID=h1b_lca_data_v3
AIRFLOW_CTX_TASK_ID=entry_task
AIRFLOW_CTX_EXECUTION_DATE=2021-04-10T06:00:00+00:00
AIRFLOW_CTX_DAG_RUN_ID=scheduled__2021-04-10T06:00:00+00:00
[2022-08-29 16:12:40,640] {subprocess.py:62} INFO - Tmp dir root location: 
 /tmp
[2022-08-29 16:12:40,642] {subprocess.py:74} INFO - Running command: ['bash', '-c', 'echo $(4)-1//3+1']
[2022-08-29 16:12:40,666] {subprocess.py:85} INFO - Output:
[2022-08-29 16:12:40,671] {subprocess.py:89} INFO - bash: 4: command not found
[2022-08-29 16:12:40,673] {subprocess.py:89} INFO - -1//3+1
[2022-08-29 16:12:40,676] {subprocess.py:93} INFO - Command exited with return code 0
[2022-08-29 16:12:40,725] {taskinstance.py:1277} INFO - Marking task as SUCCESS. dag_id=h1b_lca_data_v3, task_id=entry_task, execution_date=20210410T060000, start_date=20220829T161240, end_date=20220829T161240
[2022-08-29 16:12:40,791] {local_task_job.py:154} INFO - Task exited with return code 0
[2022-08-29 16:12:40,833] {local_task_job.py:264} INFO - 0 downstream tasks scheduled from follow-on schedule check
