[2022-08-29 16:15:34,920] {taskinstance.py:1032} INFO - Dependencies all met for <TaskInstance: h1b_lca_data_v3.entry_task scheduled__2021-04-10T06:00:00+00:00 [queued]>
[2022-08-29 16:15:34,933] {taskinstance.py:1032} INFO - Dependencies all met for <TaskInstance: h1b_lca_data_v3.entry_task scheduled__2021-04-10T06:00:00+00:00 [queued]>
[2022-08-29 16:15:34,935] {taskinstance.py:1238} INFO - 
--------------------------------------------------------------------------------
[2022-08-29 16:15:34,936] {taskinstance.py:1239} INFO - Starting attempt 33 of 33
[2022-08-29 16:15:34,938] {taskinstance.py:1240} INFO - 
--------------------------------------------------------------------------------
[2022-08-29 16:15:34,952] {taskinstance.py:1259} INFO - Executing <Task(BashOperator): entry_task> on 2021-04-10 06:00:00+00:00
[2022-08-29 16:15:34,961] {standard_task_runner.py:52} INFO - Started process 13464 to run task
[2022-08-29 16:15:34,967] {standard_task_runner.py:76} INFO - Running: ['***', 'tasks', 'run', 'h1b_lca_data_v3', 'entry_task', 'scheduled__2021-04-10T06:00:00+00:00', '--job-id', '1567', '--raw', '--subdir', 'DAGS_FOLDER/upload_h1b_data_to_gcp.py', '--cfg-path', '/tmp/tmpf2p2s1vp', '--error-file', '/tmp/tmptak7b26d']
[2022-08-29 16:15:34,969] {standard_task_runner.py:77} INFO - Job 1567: Subtask entry_task
[2022-08-29 16:15:35,056] {logging_mixin.py:109} INFO - Running <TaskInstance: h1b_lca_data_v3.entry_task scheduled__2021-04-10T06:00:00+00:00 [running]> on host efb24f1b01c6
[2022-08-29 16:15:35,139] {taskinstance.py:1426} INFO - Exporting the following env vars:
AIRFLOW_CTX_DAG_OWNER=***
AIRFLOW_CTX_DAG_ID=h1b_lca_data_v3
AIRFLOW_CTX_TASK_ID=entry_task
AIRFLOW_CTX_EXECUTION_DATE=2021-04-10T06:00:00+00:00
AIRFLOW_CTX_DAG_RUN_ID=scheduled__2021-04-10T06:00:00+00:00
[2022-08-29 16:15:35,142] {subprocess.py:62} INFO - Tmp dir root location: 
 /tmp
[2022-08-29 16:15:35,144] {subprocess.py:74} INFO - Running command: ['bash', '-c', 'echo 4']
[2022-08-29 16:15:35,160] {subprocess.py:85} INFO - Output:
[2022-08-29 16:15:35,163] {subprocess.py:89} INFO - 4
[2022-08-29 16:15:35,165] {subprocess.py:93} INFO - Command exited with return code 0
[2022-08-29 16:15:35,203] {taskinstance.py:1277} INFO - Marking task as SUCCESS. dag_id=h1b_lca_data_v3, task_id=entry_task, execution_date=20210410T060000, start_date=20220829T161534, end_date=20220829T161535
[2022-08-29 16:15:35,265] {local_task_job.py:154} INFO - Task exited with return code 0
[2022-08-29 16:15:35,312] {local_task_job.py:264} INFO - 0 downstream tasks scheduled from follow-on schedule check
