[2022-08-29 16:28:33,124] {taskinstance.py:1032} INFO - Dependencies all met for <TaskInstance: h1b_lca_data_v3.entry_task scheduled__2021-04-10T06:00:00+00:00 [queued]>
[2022-08-29 16:28:33,140] {taskinstance.py:1032} INFO - Dependencies all met for <TaskInstance: h1b_lca_data_v3.entry_task scheduled__2021-04-10T06:00:00+00:00 [queued]>
[2022-08-29 16:28:33,141] {taskinstance.py:1238} INFO - 
--------------------------------------------------------------------------------
[2022-08-29 16:28:33,142] {taskinstance.py:1239} INFO - Starting attempt 35 of 35
[2022-08-29 16:28:33,144] {taskinstance.py:1240} INFO - 
--------------------------------------------------------------------------------
[2022-08-29 16:28:33,159] {taskinstance.py:1259} INFO - Executing <Task(BashOperator): entry_task> on 2021-04-10 06:00:00+00:00
[2022-08-29 16:28:33,168] {standard_task_runner.py:52} INFO - Started process 14062 to run task
[2022-08-29 16:28:33,173] {standard_task_runner.py:76} INFO - Running: ['***', 'tasks', 'run', 'h1b_lca_data_v3', 'entry_task', 'scheduled__2021-04-10T06:00:00+00:00', '--job-id', '1571', '--raw', '--subdir', 'DAGS_FOLDER/upload_h1b_data_to_gcp.py', '--cfg-path', '/tmp/tmpyzhm7i7p', '--error-file', '/tmp/tmp6h0lrwzi']
[2022-08-29 16:28:33,175] {standard_task_runner.py:77} INFO - Job 1571: Subtask entry_task
[2022-08-29 16:28:33,263] {logging_mixin.py:109} INFO - Running <TaskInstance: h1b_lca_data_v3.entry_task scheduled__2021-04-10T06:00:00+00:00 [running]> on host efb24f1b01c6
[2022-08-29 16:28:33,347] {taskinstance.py:1426} INFO - Exporting the following env vars:
AIRFLOW_CTX_DAG_OWNER=***
AIRFLOW_CTX_DAG_ID=h1b_lca_data_v3
AIRFLOW_CTX_TASK_ID=entry_task
AIRFLOW_CTX_EXECUTION_DATE=2021-04-10T06:00:00+00:00
AIRFLOW_CTX_DAG_RUN_ID=scheduled__2021-04-10T06:00:00+00:00
[2022-08-29 16:28:33,352] {subprocess.py:62} INFO - Tmp dir root location: 
 /tmp
[2022-08-29 16:28:33,354] {subprocess.py:74} INFO - Running command: ['bash', '-c', 'echo 2021-04-10T06:00:00+00:00']
[2022-08-29 16:28:33,373] {subprocess.py:85} INFO - Output:
[2022-08-29 16:28:33,380] {subprocess.py:89} INFO - 2021-04-10T06:00:00+00:00
[2022-08-29 16:28:33,384] {subprocess.py:93} INFO - Command exited with return code 0
[2022-08-29 16:28:33,430] {taskinstance.py:1277} INFO - Marking task as SUCCESS. dag_id=h1b_lca_data_v3, task_id=entry_task, execution_date=20210410T060000, start_date=20220829T162833, end_date=20220829T162833
[2022-08-29 16:28:33,469] {local_task_job.py:154} INFO - Task exited with return code 0
[2022-08-29 16:28:33,511] {local_task_job.py:264} INFO - 0 downstream tasks scheduled from follow-on schedule check
