[2022-08-29 16:50:29,958] {taskinstance.py:1032} INFO - Dependencies all met for <TaskInstance: h1b_lca_data_v3.entry_task scheduled__2021-04-10T06:00:00+00:00 [queued]>
[2022-08-29 16:50:29,981] {taskinstance.py:1032} INFO - Dependencies all met for <TaskInstance: h1b_lca_data_v3.entry_task scheduled__2021-04-10T06:00:00+00:00 [queued]>
[2022-08-29 16:50:29,983] {taskinstance.py:1238} INFO - 
--------------------------------------------------------------------------------
[2022-08-29 16:50:29,985] {taskinstance.py:1239} INFO - Starting attempt 41 of 41
[2022-08-29 16:50:29,989] {taskinstance.py:1240} INFO - 
--------------------------------------------------------------------------------
[2022-08-29 16:50:30,040] {taskinstance.py:1259} INFO - Executing <Task(BashOperator): entry_task> on 2021-04-10 06:00:00+00:00
[2022-08-29 16:50:30,048] {standard_task_runner.py:52} INFO - Started process 196 to run task
[2022-08-29 16:50:30,061] {standard_task_runner.py:76} INFO - Running: ['***', 'tasks', 'run', 'h1b_lca_data_v3', 'entry_task', 'scheduled__2021-04-10T06:00:00+00:00', '--job-id', '1585', '--raw', '--subdir', 'DAGS_FOLDER/upload_h1b_data_to_gcp.py', '--cfg-path', '/tmp/tmpdiar07pm', '--error-file', '/tmp/tmphjak1nnl']
[2022-08-29 16:50:30,064] {standard_task_runner.py:77} INFO - Job 1585: Subtask entry_task
[2022-08-29 16:50:30,168] {logging_mixin.py:109} INFO - Running <TaskInstance: h1b_lca_data_v3.entry_task scheduled__2021-04-10T06:00:00+00:00 [running]> on host f153c6531160
[2022-08-29 16:50:30,293] {taskinstance.py:1426} INFO - Exporting the following env vars:
AIRFLOW_CTX_DAG_OWNER=***
AIRFLOW_CTX_DAG_ID=h1b_lca_data_v3
AIRFLOW_CTX_TASK_ID=entry_task
AIRFLOW_CTX_EXECUTION_DATE=2021-04-10T06:00:00+00:00
AIRFLOW_CTX_DAG_RUN_ID=scheduled__2021-04-10T06:00:00+00:00
[2022-08-29 16:50:30,299] {subprocess.py:62} INFO - Tmp dir root location: 
 /tmp
[2022-08-29 16:50:30,302] {subprocess.py:74} INFO - Running command: ['bash', '-c', 'echo 4']
[2022-08-29 16:50:30,332] {subprocess.py:85} INFO - Output:
[2022-08-29 16:50:30,339] {subprocess.py:89} INFO - 4
[2022-08-29 16:50:30,341] {subprocess.py:93} INFO - Command exited with return code 0
[2022-08-29 16:50:30,425] {taskinstance.py:1277} INFO - Marking task as SUCCESS. dag_id=h1b_lca_data_v3, task_id=entry_task, execution_date=20210410T060000, start_date=20220829T165029, end_date=20220829T165030
[2022-08-29 16:50:30,516] {local_task_job.py:154} INFO - Task exited with return code 0
[2022-08-29 16:50:30,560] {local_task_job.py:264} INFO - 0 downstream tasks scheduled from follow-on schedule check
