[2022-08-29 16:51:18,413] {taskinstance.py:1032} INFO - Dependencies all met for <TaskInstance: h1b_lca_data_v3.entry_task scheduled__2021-04-10T06:00:00+00:00 [queued]>
[2022-08-29 16:51:18,434] {taskinstance.py:1032} INFO - Dependencies all met for <TaskInstance: h1b_lca_data_v3.entry_task scheduled__2021-04-10T06:00:00+00:00 [queued]>
[2022-08-29 16:51:18,437] {taskinstance.py:1238} INFO - 
--------------------------------------------------------------------------------
[2022-08-29 16:51:18,439] {taskinstance.py:1239} INFO - Starting attempt 43 of 43
[2022-08-29 16:51:18,442] {taskinstance.py:1240} INFO - 
--------------------------------------------------------------------------------
[2022-08-29 16:51:18,467] {taskinstance.py:1259} INFO - Executing <Task(BashOperator): entry_task> on 2021-04-10 06:00:00+00:00
[2022-08-29 16:51:18,477] {standard_task_runner.py:52} INFO - Started process 234 to run task
[2022-08-29 16:51:18,485] {standard_task_runner.py:76} INFO - Running: ['***', 'tasks', 'run', 'h1b_lca_data_v3', 'entry_task', 'scheduled__2021-04-10T06:00:00+00:00', '--job-id', '1587', '--raw', '--subdir', 'DAGS_FOLDER/upload_h1b_data_to_gcp.py', '--cfg-path', '/tmp/tmp13jq3ky6', '--error-file', '/tmp/tmpexjca9f0']
[2022-08-29 16:51:18,495] {standard_task_runner.py:77} INFO - Job 1587: Subtask entry_task
[2022-08-29 16:51:18,656] {logging_mixin.py:109} INFO - Running <TaskInstance: h1b_lca_data_v3.entry_task scheduled__2021-04-10T06:00:00+00:00 [running]> on host f153c6531160
[2022-08-29 16:51:18,750] {taskinstance.py:1426} INFO - Exporting the following env vars:
AIRFLOW_CTX_DAG_OWNER=***
AIRFLOW_CTX_DAG_ID=h1b_lca_data_v3
AIRFLOW_CTX_TASK_ID=entry_task
AIRFLOW_CTX_EXECUTION_DATE=2021-04-10T06:00:00+00:00
AIRFLOW_CTX_DAG_RUN_ID=scheduled__2021-04-10T06:00:00+00:00
[2022-08-29 16:51:18,757] {subprocess.py:62} INFO - Tmp dir root location: 
 /tmp
[2022-08-29 16:51:18,760] {subprocess.py:74} INFO - Running command: ['bash', '-c', 'echo 4']
[2022-08-29 16:51:18,780] {subprocess.py:85} INFO - Output:
[2022-08-29 16:51:18,784] {subprocess.py:89} INFO - 4
[2022-08-29 16:51:18,785] {subprocess.py:93} INFO - Command exited with return code 0
[2022-08-29 16:51:18,832] {taskinstance.py:1277} INFO - Marking task as SUCCESS. dag_id=h1b_lca_data_v3, task_id=entry_task, execution_date=20210410T060000, start_date=20220829T165118, end_date=20220829T165118
[2022-08-29 16:51:18,904] {local_task_job.py:154} INFO - Task exited with return code 0
[2022-08-29 16:51:18,961] {local_task_job.py:264} INFO - 0 downstream tasks scheduled from follow-on schedule check
