[2022-08-29 16:57:18,255] {taskinstance.py:1032} INFO - Dependencies all met for <TaskInstance: h1b_lca_data_v3.entry_task scheduled__2021-04-10T06:00:00+00:00 [queued]>
[2022-08-29 16:57:18,273] {taskinstance.py:1032} INFO - Dependencies all met for <TaskInstance: h1b_lca_data_v3.entry_task scheduled__2021-04-10T06:00:00+00:00 [queued]>
[2022-08-29 16:57:18,275] {taskinstance.py:1238} INFO - 
--------------------------------------------------------------------------------
[2022-08-29 16:57:18,276] {taskinstance.py:1239} INFO - Starting attempt 50 of 50
[2022-08-29 16:57:18,277] {taskinstance.py:1240} INFO - 
--------------------------------------------------------------------------------
[2022-08-29 16:57:18,295] {taskinstance.py:1259} INFO - Executing <Task(PythonOperator): entry_task> on 2021-04-10 06:00:00+00:00
[2022-08-29 16:57:18,302] {standard_task_runner.py:52} INFO - Started process 516 to run task
[2022-08-29 16:57:18,316] {standard_task_runner.py:76} INFO - Running: ['***', 'tasks', 'run', 'h1b_lca_data_v3', 'entry_task', 'scheduled__2021-04-10T06:00:00+00:00', '--job-id', '1595', '--raw', '--subdir', 'DAGS_FOLDER/upload_h1b_data_to_gcp.py', '--cfg-path', '/tmp/tmp3otd8q_y', '--error-file', '/tmp/tmpl56zdl2y']
[2022-08-29 16:57:18,318] {standard_task_runner.py:77} INFO - Job 1595: Subtask entry_task
[2022-08-29 16:57:18,412] {logging_mixin.py:109} INFO - Running <TaskInstance: h1b_lca_data_v3.entry_task scheduled__2021-04-10T06:00:00+00:00 [running]> on host f153c6531160
[2022-08-29 16:57:18,490] {taskinstance.py:1426} INFO - Exporting the following env vars:
AIRFLOW_CTX_DAG_OWNER=***
AIRFLOW_CTX_DAG_ID=h1b_lca_data_v3
AIRFLOW_CTX_TASK_ID=entry_task
AIRFLOW_CTX_EXECUTION_DATE=2021-04-10T06:00:00+00:00
AIRFLOW_CTX_DAG_RUN_ID=scheduled__2021-04-10T06:00:00+00:00
[2022-08-29 16:57:18,494] {logging_mixin.py:109} INFO - var is:  {{logical_date.strftime('%-m')}}
[2022-08-29 16:57:18,495] {logging_mixin.py:109} INFO - quarter value is:  0
[2022-08-29 16:57:18,496] {python.py:175} INFO - Done. Returned value was: None
[2022-08-29 16:57:18,514] {taskinstance.py:1277} INFO - Marking task as SUCCESS. dag_id=h1b_lca_data_v3, task_id=entry_task, execution_date=20210410T060000, start_date=20220829T165718, end_date=20220829T165718
[2022-08-29 16:57:18,572] {local_task_job.py:154} INFO - Task exited with return code 0
[2022-08-29 16:57:18,633] {local_task_job.py:264} INFO - 0 downstream tasks scheduled from follow-on schedule check
