[2022-08-29 17:04:34,936] {taskinstance.py:1032} INFO - Dependencies all met for <TaskInstance: h1b_lca_data_v3.entry_task scheduled__2021-04-10T06:00:00+00:00 [queued]>
[2022-08-29 17:04:34,951] {taskinstance.py:1032} INFO - Dependencies all met for <TaskInstance: h1b_lca_data_v3.entry_task scheduled__2021-04-10T06:00:00+00:00 [queued]>
[2022-08-29 17:04:34,951] {taskinstance.py:1238} INFO - 
--------------------------------------------------------------------------------
[2022-08-29 17:04:34,953] {taskinstance.py:1239} INFO - Starting attempt 55 of 55
[2022-08-29 17:04:34,953] {taskinstance.py:1240} INFO - 
--------------------------------------------------------------------------------
[2022-08-29 17:04:34,968] {taskinstance.py:1259} INFO - Executing <Task(PythonOperator): entry_task> on 2021-04-10 06:00:00+00:00
[2022-08-29 17:04:34,976] {standard_task_runner.py:52} INFO - Started process 850 to run task
[2022-08-29 17:04:34,981] {standard_task_runner.py:76} INFO - Running: ['***', 'tasks', 'run', 'h1b_lca_data_v3', 'entry_task', 'scheduled__2021-04-10T06:00:00+00:00', '--job-id', '1601', '--raw', '--subdir', 'DAGS_FOLDER/upload_h1b_data_to_gcp.py', '--cfg-path', '/tmp/tmp8ik88cce', '--error-file', '/tmp/tmpyc7afm4l']
[2022-08-29 17:04:34,983] {standard_task_runner.py:77} INFO - Job 1601: Subtask entry_task
[2022-08-29 17:04:35,066] {logging_mixin.py:109} INFO - Running <TaskInstance: h1b_lca_data_v3.entry_task scheduled__2021-04-10T06:00:00+00:00 [running]> on host f153c6531160
[2022-08-29 17:04:35,141] {taskinstance.py:1426} INFO - Exporting the following env vars:
AIRFLOW_CTX_DAG_OWNER=***
AIRFLOW_CTX_DAG_ID=h1b_lca_data_v3
AIRFLOW_CTX_TASK_ID=entry_task
AIRFLOW_CTX_EXECUTION_DATE=2021-04-10T06:00:00+00:00
AIRFLOW_CTX_DAG_RUN_ID=scheduled__2021-04-10T06:00:00+00:00
[2022-08-29 17:04:35,144] {logging_mixin.py:109} INFO - var is:  4
[2022-08-29 17:04:35,146] {logging_mixin.py:109} INFO - <class 'int'>
[2022-08-29 17:04:35,148] {logging_mixin.py:109} INFO - quarter value is:  9
[2022-08-29 17:04:35,149] {python.py:175} INFO - Done. Returned value was: None
[2022-08-29 17:04:35,169] {taskinstance.py:1277} INFO - Marking task as SUCCESS. dag_id=h1b_lca_data_v3, task_id=entry_task, execution_date=20210410T060000, start_date=20220829T170434, end_date=20220829T170435
[2022-08-29 17:04:35,238] {local_task_job.py:154} INFO - Task exited with return code 0
[2022-08-29 17:04:35,317] {local_task_job.py:264} INFO - 0 downstream tasks scheduled from follow-on schedule check
