[2022-08-29 17:06:32,124] {taskinstance.py:1032} INFO - Dependencies all met for <TaskInstance: h1b_lca_data_v3.entry_task scheduled__2021-04-10T06:00:00+00:00 [queued]>
[2022-08-29 17:06:32,140] {taskinstance.py:1032} INFO - Dependencies all met for <TaskInstance: h1b_lca_data_v3.entry_task scheduled__2021-04-10T06:00:00+00:00 [queued]>
[2022-08-29 17:06:32,142] {taskinstance.py:1238} INFO - 
--------------------------------------------------------------------------------
[2022-08-29 17:06:32,144] {taskinstance.py:1239} INFO - Starting attempt 57 of 57
[2022-08-29 17:06:32,145] {taskinstance.py:1240} INFO - 
--------------------------------------------------------------------------------
[2022-08-29 17:06:32,165] {taskinstance.py:1259} INFO - Executing <Task(PythonOperator): entry_task> on 2021-04-10 06:00:00+00:00
[2022-08-29 17:06:32,172] {standard_task_runner.py:52} INFO - Started process 927 to run task
[2022-08-29 17:06:32,178] {standard_task_runner.py:76} INFO - Running: ['***', 'tasks', 'run', 'h1b_lca_data_v3', 'entry_task', 'scheduled__2021-04-10T06:00:00+00:00', '--job-id', '1604', '--raw', '--subdir', 'DAGS_FOLDER/upload_h1b_data_to_gcp.py', '--cfg-path', '/tmp/tmpxlb4t0pn', '--error-file', '/tmp/tmp3lfx9g6y']
[2022-08-29 17:06:32,180] {standard_task_runner.py:77} INFO - Job 1604: Subtask entry_task
[2022-08-29 17:06:32,269] {logging_mixin.py:109} INFO - Running <TaskInstance: h1b_lca_data_v3.entry_task scheduled__2021-04-10T06:00:00+00:00 [running]> on host f153c6531160
[2022-08-29 17:06:32,345] {taskinstance.py:1426} INFO - Exporting the following env vars:
AIRFLOW_CTX_DAG_OWNER=***
AIRFLOW_CTX_DAG_ID=h1b_lca_data_v3
AIRFLOW_CTX_TASK_ID=entry_task
AIRFLOW_CTX_EXECUTION_DATE=2021-04-10T06:00:00+00:00
AIRFLOW_CTX_DAG_RUN_ID=scheduled__2021-04-10T06:00:00+00:00
[2022-08-29 17:06:32,348] {logging_mixin.py:109} INFO - var is:  4
[2022-08-29 17:06:32,349] {logging_mixin.py:109} INFO - <class 'int'>
[2022-08-29 17:06:32,350] {logging_mixin.py:109} INFO - quarter value is:  9
[2022-08-29 17:06:32,351] {python.py:175} INFO - Done. Returned value was: None
[2022-08-29 17:06:32,369] {taskinstance.py:1277} INFO - Marking task as SUCCESS. dag_id=h1b_lca_data_v3, task_id=entry_task, execution_date=20210410T060000, start_date=20220829T170632, end_date=20220829T170632
[2022-08-29 17:06:32,435] {local_task_job.py:154} INFO - Task exited with return code 0
[2022-08-29 17:06:32,477] {local_task_job.py:264} INFO - 0 downstream tasks scheduled from follow-on schedule check
