[2022-08-29 15:15:25,416] {taskinstance.py:1032} INFO - Dependencies all met for <TaskInstance: h1b_lca_data_v3.entry_task scheduled__2021-04-10T06:00:00+00:00 [queued]>
[2022-08-29 15:15:25,435] {taskinstance.py:1032} INFO - Dependencies all met for <TaskInstance: h1b_lca_data_v3.entry_task scheduled__2021-04-10T06:00:00+00:00 [queued]>
[2022-08-29 15:15:25,436] {taskinstance.py:1238} INFO - 
--------------------------------------------------------------------------------
[2022-08-29 15:15:25,438] {taskinstance.py:1239} INFO - Starting attempt 7 of 7
[2022-08-29 15:15:25,440] {taskinstance.py:1240} INFO - 
--------------------------------------------------------------------------------
[2022-08-29 15:15:25,455] {taskinstance.py:1259} INFO - Executing <Task(BashOperator): entry_task> on 2021-04-10 06:00:00+00:00
[2022-08-29 15:15:25,464] {standard_task_runner.py:52} INFO - Started process 10538 to run task
[2022-08-29 15:15:25,471] {standard_task_runner.py:76} INFO - Running: ['***', 'tasks', 'run', 'h1b_lca_data_v3', 'entry_task', 'scheduled__2021-04-10T06:00:00+00:00', '--job-id', '1493', '--raw', '--subdir', 'DAGS_FOLDER/upload_h1b_data_to_gcp.py', '--cfg-path', '/tmp/tmpe7np63mt', '--error-file', '/tmp/tmp82zd8x91']
[2022-08-29 15:15:25,473] {standard_task_runner.py:77} INFO - Job 1493: Subtask entry_task
[2022-08-29 15:15:25,570] {logging_mixin.py:109} INFO - Running <TaskInstance: h1b_lca_data_v3.entry_task scheduled__2021-04-10T06:00:00+00:00 [running]> on host efb24f1b01c6
[2022-08-29 15:15:25,652] {taskinstance.py:1426} INFO - Exporting the following env vars:
AIRFLOW_CTX_DAG_OWNER=***
AIRFLOW_CTX_DAG_ID=h1b_lca_data_v3
AIRFLOW_CTX_TASK_ID=entry_task
AIRFLOW_CTX_EXECUTION_DATE=2021-04-10T06:00:00+00:00
AIRFLOW_CTX_DAG_RUN_ID=scheduled__2021-04-10T06:00:00+00:00
[2022-08-29 15:15:25,655] {subprocess.py:62} INFO - Tmp dir root location: 
 /tmp
[2022-08-29 15:15:25,657] {subprocess.py:74} INFO - Running command: ['bash', '-c', 'echo %-q']
[2022-08-29 15:15:25,675] {subprocess.py:85} INFO - Output:
[2022-08-29 15:15:25,679] {subprocess.py:89} INFO - %-q
[2022-08-29 15:15:25,680] {subprocess.py:93} INFO - Command exited with return code 0
[2022-08-29 15:15:25,727] {taskinstance.py:1277} INFO - Marking task as SUCCESS. dag_id=h1b_lca_data_v3, task_id=entry_task, execution_date=20210410T060000, start_date=20220829T151525, end_date=20220829T151525
[2022-08-29 15:15:25,807] {local_task_job.py:154} INFO - Task exited with return code 0
[2022-08-29 15:15:25,847] {local_task_job.py:264} INFO - 0 downstream tasks scheduled from follow-on schedule check
