[2022-08-29 19:32:54,720] {taskinstance.py:1032} INFO - Dependencies all met for <TaskInstance: h1b_lca_data_v4.format_xlsx_to_csv_task scheduled__2022-01-10T06:00:00+00:00 [queued]>
[2022-08-29 19:32:54,739] {taskinstance.py:1032} INFO - Dependencies all met for <TaskInstance: h1b_lca_data_v4.format_xlsx_to_csv_task scheduled__2022-01-10T06:00:00+00:00 [queued]>
[2022-08-29 19:32:54,740] {taskinstance.py:1238} INFO - 
--------------------------------------------------------------------------------
[2022-08-29 19:32:54,742] {taskinstance.py:1239} INFO - Starting attempt 2 of 2
[2022-08-29 19:32:54,742] {taskinstance.py:1240} INFO - 
--------------------------------------------------------------------------------
[2022-08-29 19:32:54,765] {taskinstance.py:1259} INFO - Executing <Task(PythonOperator): format_xlsx_to_csv_task> on 2022-01-10 06:00:00+00:00
[2022-08-29 19:32:54,776] {standard_task_runner.py:52} INFO - Started process 7713 to run task
[2022-08-29 19:32:54,788] {standard_task_runner.py:76} INFO - Running: ['***', 'tasks', 'run', 'h1b_lca_data_v4', 'format_xlsx_to_csv_task', 'scheduled__2022-01-10T06:00:00+00:00', '--job-id', '1742', '--raw', '--subdir', 'DAGS_FOLDER/upload_h1b_data_to_gcp.py', '--cfg-path', '/tmp/tmp0h8yqj1o', '--error-file', '/tmp/tmply0e6gz3']
[2022-08-29 19:32:54,792] {standard_task_runner.py:77} INFO - Job 1742: Subtask format_xlsx_to_csv_task
[2022-08-29 19:32:54,897] {logging_mixin.py:109} INFO - Running <TaskInstance: h1b_lca_data_v4.format_xlsx_to_csv_task scheduled__2022-01-10T06:00:00+00:00 [running]> on host f153c6531160
[2022-08-29 19:32:54,990] {warnings.py:110} WARNING - /home/***/.local/lib/python3.7/site-packages/***/utils/context.py:152: AirflowContextDeprecationWarning: Accessing 'execution_date' from the template is deprecated and will be removed in a future version. Please use 'data_interval_start' or 'logical_date' instead.
  warnings.warn(_create_deprecation_warning(key, self._deprecation_replacements[key]))

[2022-08-29 19:32:55,037] {taskinstance.py:1426} INFO - Exporting the following env vars:
AIRFLOW_CTX_DAG_OWNER=***
AIRFLOW_CTX_DAG_ID=h1b_lca_data_v4
AIRFLOW_CTX_TASK_ID=format_xlsx_to_csv_task
AIRFLOW_CTX_EXECUTION_DATE=2022-01-10T06:00:00+00:00
AIRFLOW_CTX_DAG_RUN_ID=scheduled__2022-01-10T06:00:00+00:00
[2022-08-29 19:33:05,407] {logging_mixin.py:109} INFO - Source file:  /opt/***/LCA_Disclosure_Data_FY2022_Q1.xlsx
[2022-08-29 19:42:50,919] {logging_mixin.py:109} INFO - attempting to write dataframe to csv format
[2022-08-29 19:43:07,741] {logging_mixin.py:109} INFO - Wrote to file:  /opt/***/LCA_Disclosure_Data_FY2022_Q1.csv
[2022-08-29 19:43:07,940] {python.py:175} INFO - Done. Returned value was: None
[2022-08-29 19:43:07,970] {taskinstance.py:1277} INFO - Marking task as SUCCESS. dag_id=h1b_lca_data_v4, task_id=format_xlsx_to_csv_task, execution_date=20220110T060000, start_date=20220829T193254, end_date=20220829T194307
[2022-08-29 19:43:08,255] {local_task_job.py:154} INFO - Task exited with return code 0
[2022-08-29 19:43:08,357] {local_task_job.py:264} INFO - 0 downstream tasks scheduled from follow-on schedule check
