[2022-08-23 15:46:14,121] {taskinstance.py:1032} INFO - Dependencies all met for <TaskInstance: h1b_lca_data.download_data_task scheduled__2021-10-10T06:00:00+00:00 [queued]>
[2022-08-23 15:46:14,141] {taskinstance.py:1032} INFO - Dependencies all met for <TaskInstance: h1b_lca_data.download_data_task scheduled__2021-10-10T06:00:00+00:00 [queued]>
[2022-08-23 15:46:14,142] {taskinstance.py:1238} INFO - 
--------------------------------------------------------------------------------
[2022-08-23 15:46:14,152] {taskinstance.py:1239} INFO - Starting attempt 2 of 2
[2022-08-23 15:46:14,153] {taskinstance.py:1240} INFO - 
--------------------------------------------------------------------------------
[2022-08-23 15:46:14,185] {taskinstance.py:1259} INFO - Executing <Task(BashOperator): download_data_task> on 2021-10-10 06:00:00+00:00
[2022-08-23 15:46:14,201] {standard_task_runner.py:52} INFO - Started process 118 to run task
[2022-08-23 15:46:14,216] {standard_task_runner.py:76} INFO - Running: ['***', 'tasks', 'run', 'h1b_lca_data', 'download_data_task', 'scheduled__2021-10-10T06:00:00+00:00', '--job-id', '245', '--raw', '--subdir', 'DAGS_FOLDER/upload_h1b_data_to_gcp.py', '--cfg-path', '/tmp/tmpjvu_6c87', '--error-file', '/tmp/tmprwp6w_ao']
[2022-08-23 15:46:14,219] {standard_task_runner.py:77} INFO - Job 245: Subtask download_data_task
[2022-08-23 15:46:14,324] {logging_mixin.py:109} INFO - Running <TaskInstance: h1b_lca_data.download_data_task scheduled__2021-10-10T06:00:00+00:00 [running]> on host 7dedb8b41d8d
[2022-08-23 15:46:14,413] {warnings.py:110} WARNING - /home/***/.local/lib/python3.7/site-packages/***/utils/context.py:152: AirflowContextDeprecationWarning: Accessing 'execution_date' from the template is deprecated and will be removed in a future version. Please use 'data_interval_start' or 'logical_date' instead.
  warnings.warn(_create_deprecation_warning(key, self._deprecation_replacements[key]))

[2022-08-23 15:46:14,489] {taskinstance.py:1426} INFO - Exporting the following env vars:
AIRFLOW_CTX_DAG_OWNER=***
AIRFLOW_CTX_DAG_ID=h1b_lca_data
AIRFLOW_CTX_TASK_ID=download_data_task
AIRFLOW_CTX_EXECUTION_DATE=2021-10-10T06:00:00+00:00
AIRFLOW_CTX_DAG_RUN_ID=scheduled__2021-10-10T06:00:00+00:00
[2022-08-23 15:46:14,492] {subprocess.py:62} INFO - Tmp dir root location: 
 /tmp
[2022-08-23 15:46:14,494] {subprocess.py:74} INFO - Running command: ['bash', '-c', 'curl -sSL https://www.dol.gov/sites/dolgov/files/ETA/oflc/pdfs/LCA_Disclosure_Data_FY2021Q10.xlsx > /opt/***/LCA_Disclosure_Data_FY2021Q10.xlsx']
[2022-08-23 15:46:14,517] {subprocess.py:85} INFO - Output:
[2022-08-23 15:46:17,525] {subprocess.py:93} INFO - Command exited with return code 0
[2022-08-23 15:46:17,569] {taskinstance.py:1277} INFO - Marking task as SUCCESS. dag_id=h1b_lca_data, task_id=download_data_task, execution_date=20211010T060000, start_date=20220823T154614, end_date=20220823T154617
[2022-08-23 15:46:17,637] {local_task_job.py:154} INFO - Task exited with return code 0
[2022-08-23 15:46:17,707] {local_task_job.py:264} INFO - 1 downstream tasks scheduled from follow-on schedule check
