[2022-08-29 19:24:52,351] {taskinstance.py:1032} INFO - Dependencies all met for <TaskInstance: h1b_lca_data_v4.download_data_task scheduled__2022-04-10T06:00:00+00:00 [queued]>
[2022-08-29 19:24:52,385] {taskinstance.py:1032} INFO - Dependencies all met for <TaskInstance: h1b_lca_data_v4.download_data_task scheduled__2022-04-10T06:00:00+00:00 [queued]>
[2022-08-29 19:24:52,387] {taskinstance.py:1238} INFO - 
--------------------------------------------------------------------------------
[2022-08-29 19:24:52,389] {taskinstance.py:1239} INFO - Starting attempt 2 of 2
[2022-08-29 19:24:52,390] {taskinstance.py:1240} INFO - 
--------------------------------------------------------------------------------
[2022-08-29 19:24:52,415] {taskinstance.py:1259} INFO - Executing <Task(BashOperator): download_data_task> on 2022-04-10 06:00:00+00:00
[2022-08-29 19:24:52,425] {standard_task_runner.py:52} INFO - Started process 7327 to run task
[2022-08-29 19:24:52,455] {standard_task_runner.py:76} INFO - Running: ['***', 'tasks', 'run', 'h1b_lca_data_v4', 'download_data_task', 'scheduled__2022-04-10T06:00:00+00:00', '--job-id', '1722', '--raw', '--subdir', 'DAGS_FOLDER/upload_h1b_data_to_gcp.py', '--cfg-path', '/tmp/tmp0o_rjqys', '--error-file', '/tmp/tmpclk_ch13']
[2022-08-29 19:24:52,465] {standard_task_runner.py:77} INFO - Job 1722: Subtask download_data_task
[2022-08-29 19:24:52,798] {logging_mixin.py:109} INFO - Running <TaskInstance: h1b_lca_data_v4.download_data_task scheduled__2022-04-10T06:00:00+00:00 [running]> on host f153c6531160
[2022-08-29 19:24:52,970] {warnings.py:110} WARNING - /home/***/.local/lib/python3.7/site-packages/***/utils/context.py:152: AirflowContextDeprecationWarning: Accessing 'execution_date' from the template is deprecated and will be removed in a future version. Please use 'data_interval_start' or 'logical_date' instead.
  warnings.warn(_create_deprecation_warning(key, self._deprecation_replacements[key]))

[2022-08-29 19:24:53,061] {taskinstance.py:1426} INFO - Exporting the following env vars:
AIRFLOW_CTX_DAG_OWNER=***
AIRFLOW_CTX_DAG_ID=h1b_lca_data_v4
AIRFLOW_CTX_TASK_ID=download_data_task
AIRFLOW_CTX_EXECUTION_DATE=2022-04-10T06:00:00+00:00
AIRFLOW_CTX_DAG_RUN_ID=scheduled__2022-04-10T06:00:00+00:00
[2022-08-29 19:24:53,064] {subprocess.py:62} INFO - Tmp dir root location: 
 /tmp
[2022-08-29 19:24:53,070] {subprocess.py:74} INFO - Running command: ['bash', '-c', 'curl -sSL https://www.dol.gov/sites/dolgov/files/ETA/oflc/pdfs/LCA_Disclosure_Data_FY2022_QNone.xlsx>/opt/***/LCA_Disclosure_Data_FY2022_QNone.xlsx']
[2022-08-29 19:24:53,159] {subprocess.py:85} INFO - Output:
[2022-08-29 19:24:54,789] {subprocess.py:93} INFO - Command exited with return code 0
[2022-08-29 19:24:55,130] {taskinstance.py:1277} INFO - Marking task as SUCCESS. dag_id=h1b_lca_data_v4, task_id=download_data_task, execution_date=20220410T060000, start_date=20220829T192452, end_date=20220829T192455
[2022-08-29 19:24:55,209] {local_task_job.py:154} INFO - Task exited with return code 0
[2022-08-29 19:24:55,469] {local_task_job.py:264} INFO - 1 downstream tasks scheduled from follow-on schedule check
