[2022-08-23 03:08:51,858] {taskinstance.py:1032} INFO - Dependencies all met for <TaskInstance: h1b_lca_data.entry_task scheduled__2022-04-10T06:00:00+00:00 [queued]>
[2022-08-23 03:08:52,409] {taskinstance.py:1032} INFO - Dependencies all met for <TaskInstance: h1b_lca_data.entry_task scheduled__2022-04-10T06:00:00+00:00 [queued]>
[2022-08-23 03:08:52,426] {taskinstance.py:1238} INFO - 
--------------------------------------------------------------------------------
[2022-08-23 03:08:52,440] {taskinstance.py:1239} INFO - Starting attempt 1 of 1
[2022-08-23 03:08:52,441] {taskinstance.py:1240} INFO - 
--------------------------------------------------------------------------------
[2022-08-23 03:08:52,691] {taskinstance.py:1259} INFO - Executing <Task(BashOperator): entry_task> on 2022-04-10 06:00:00+00:00
[2022-08-23 03:08:52,699] {standard_task_runner.py:52} INFO - Started process 261 to run task
[2022-08-23 03:08:52,742] {standard_task_runner.py:76} INFO - Running: ['***', 'tasks', 'run', 'h1b_lca_data', 'entry_task', 'scheduled__2022-04-10T06:00:00+00:00', '--job-id', '194', '--raw', '--subdir', 'DAGS_FOLDER/upload_h1b_data_to_gcp.py', '--cfg-path', '/tmp/tmpe__3c5he', '--error-file', '/tmp/tmpsnkw6q_z']
[2022-08-23 03:08:52,746] {standard_task_runner.py:77} INFO - Job 194: Subtask entry_task
[2022-08-23 03:08:53,505] {logging_mixin.py:109} INFO - Running <TaskInstance: h1b_lca_data.entry_task scheduled__2022-04-10T06:00:00+00:00 [running]> on host 0afddbd69de7
[2022-08-23 03:08:53,820] {taskinstance.py:1426} INFO - Exporting the following env vars:
AIRFLOW_CTX_DAG_OWNER=***
AIRFLOW_CTX_DAG_ID=h1b_lca_data
AIRFLOW_CTX_TASK_ID=entry_task
AIRFLOW_CTX_EXECUTION_DATE=2022-04-10T06:00:00+00:00
AIRFLOW_CTX_DAG_RUN_ID=scheduled__2022-04-10T06:00:00+00:00
[2022-08-23 03:08:53,830] {subprocess.py:62} INFO - Tmp dir root location: 
 /tmp
[2022-08-23 03:08:53,831] {subprocess.py:74} INFO - Running command: ['bash', '-c', 'echo entering the dag']
[2022-08-23 03:08:53,893] {subprocess.py:85} INFO - Output:
[2022-08-23 03:08:53,914] {subprocess.py:89} INFO - entering the dag
[2022-08-23 03:08:53,931] {subprocess.py:93} INFO - Command exited with return code 0
[2022-08-23 03:08:54,047] {taskinstance.py:1277} INFO - Marking task as SUCCESS. dag_id=h1b_lca_data, task_id=entry_task, execution_date=20220410T060000, start_date=20220823T030851, end_date=20220823T030854
[2022-08-23 03:08:54,191] {local_task_job.py:154} INFO - Task exited with return code 0
[2022-08-23 03:08:54,521] {local_task_job.py:264} INFO - 1 downstream tasks scheduled from follow-on schedule check
