[2022-08-29 18:52:40,549] {taskinstance.py:1032} INFO - Dependencies all met for <TaskInstance: h1b_lca_data_v4.download_data_task scheduled__2021-04-10T06:00:00+00:00 [queued]>
[2022-08-29 18:52:40,569] {taskinstance.py:1032} INFO - Dependencies all met for <TaskInstance: h1b_lca_data_v4.download_data_task scheduled__2021-04-10T06:00:00+00:00 [queued]>
[2022-08-29 18:52:40,571] {taskinstance.py:1238} INFO - 
--------------------------------------------------------------------------------
[2022-08-29 18:52:40,572] {taskinstance.py:1239} INFO - Starting attempt 2 of 2
[2022-08-29 18:52:40,574] {taskinstance.py:1240} INFO - 
--------------------------------------------------------------------------------
[2022-08-29 18:52:40,597] {taskinstance.py:1259} INFO - Executing <Task(BashOperator): download_data_task> on 2021-04-10 06:00:00+00:00
[2022-08-29 18:52:40,606] {standard_task_runner.py:52} INFO - Started process 5882 to run task
[2022-08-29 18:52:40,623] {standard_task_runner.py:76} INFO - Running: ['***', 'tasks', 'run', 'h1b_lca_data_v4', 'download_data_task', 'scheduled__2021-04-10T06:00:00+00:00', '--job-id', '1692', '--raw', '--subdir', 'DAGS_FOLDER/upload_h1b_data_to_gcp.py', '--cfg-path', '/tmp/tmps_4_nzfr', '--error-file', '/tmp/tmpr9x4o95i']
[2022-08-29 18:52:40,626] {standard_task_runner.py:77} INFO - Job 1692: Subtask download_data_task
[2022-08-29 18:52:40,719] {logging_mixin.py:109} INFO - Running <TaskInstance: h1b_lca_data_v4.download_data_task scheduled__2021-04-10T06:00:00+00:00 [running]> on host f153c6531160
[2022-08-29 18:52:40,777] {warnings.py:110} WARNING - /home/***/.local/lib/python3.7/site-packages/***/utils/context.py:152: AirflowContextDeprecationWarning: Accessing 'execution_date' from the template is deprecated and will be removed in a future version. Please use 'data_interval_start' or 'logical_date' instead.
  warnings.warn(_create_deprecation_warning(key, self._deprecation_replacements[key]))

[2022-08-29 18:52:40,827] {taskinstance.py:1426} INFO - Exporting the following env vars:
AIRFLOW_CTX_DAG_OWNER=***
AIRFLOW_CTX_DAG_ID=h1b_lca_data_v4
AIRFLOW_CTX_TASK_ID=download_data_task
AIRFLOW_CTX_EXECUTION_DATE=2021-04-10T06:00:00+00:00
AIRFLOW_CTX_DAG_RUN_ID=scheduled__2021-04-10T06:00:00+00:00
[2022-08-29 18:52:40,830] {subprocess.py:62} INFO - Tmp dir root location: 
 /tmp
[2022-08-29 18:52:40,832] {subprocess.py:74} INFO - Running command: ['bash', '-c', 'curl -sSL https://www.dol.gov/sites/dolgov/files/ETA/oflc/pdfs/LCA_Disclosure_Data_FY2021_Q2.xlsx>/opt/***/LCA_Disclosure_Data_FY2021_Q2.xlsx']
[2022-08-29 18:52:40,848] {subprocess.py:85} INFO - Output:
[2022-08-29 18:53:16,514] {local_task_job.py:212} WARNING - State of this instance has been externally set to failed. Terminating instance.
[2022-08-29 18:53:16,528] {process_utils.py:124} INFO - Sending Signals.SIGTERM to group 5882. PIDs of all processes in the group: [5883, 5884, 5882]
[2022-08-29 18:53:16,532] {process_utils.py:75} INFO - Sending the signal Signals.SIGTERM to group 5882
[2022-08-29 18:53:16,535] {taskinstance.py:1408} ERROR - Received SIGTERM. Terminating subprocesses.
[2022-08-29 18:53:16,537] {subprocess.py:99} INFO - Sending SIGTERM signal to process group
[2022-08-29 18:53:16,715] {process_utils.py:70} INFO - Process psutil.Process(pid=5882, status='terminated', exitcode=0, started='18:52:39') (5882) terminated with exit code 0
[2022-08-29 18:53:16,722] {process_utils.py:70} INFO - Process psutil.Process(pid=5883, status='terminated', started='18:52:39') (5883) terminated with exit code None
[2022-08-29 18:53:16,728] {process_utils.py:70} INFO - Process psutil.Process(pid=5884, status='terminated', started='18:52:39') (5884) terminated with exit code None
