[2022-08-23 03:43:53,493] {taskinstance.py:1032} INFO - Dependencies all met for <TaskInstance: h1b_lca_data.download_data_task scheduled__2021-04-10T06:00:00+00:00 [queued]>
[2022-08-23 03:43:53,510] {taskinstance.py:1032} INFO - Dependencies all met for <TaskInstance: h1b_lca_data.download_data_task scheduled__2021-04-10T06:00:00+00:00 [queued]>
[2022-08-23 03:43:53,511] {taskinstance.py:1238} INFO - 
--------------------------------------------------------------------------------
[2022-08-23 03:43:53,512] {taskinstance.py:1239} INFO - Starting attempt 3 of 3
[2022-08-23 03:43:53,513] {taskinstance.py:1240} INFO - 
--------------------------------------------------------------------------------
[2022-08-23 03:43:53,529] {taskinstance.py:1259} INFO - Executing <Task(BashOperator): download_data_task> on 2021-04-10 06:00:00+00:00
[2022-08-23 03:43:53,537] {standard_task_runner.py:52} INFO - Started process 1946 to run task
[2022-08-23 03:43:53,544] {standard_task_runner.py:76} INFO - Running: ['***', 'tasks', 'run', 'h1b_lca_data', 'download_data_task', 'scheduled__2021-04-10T06:00:00+00:00', '--job-id', '232', '--raw', '--subdir', 'DAGS_FOLDER/upload_h1b_data_to_gcp.py', '--cfg-path', '/tmp/tmpz83a6kg_', '--error-file', '/tmp/tmpkfb2u_uc']
[2022-08-23 03:43:53,545] {standard_task_runner.py:77} INFO - Job 232: Subtask download_data_task
[2022-08-23 03:43:53,694] {logging_mixin.py:109} INFO - Running <TaskInstance: h1b_lca_data.download_data_task scheduled__2021-04-10T06:00:00+00:00 [running]> on host 0afddbd69de7
[2022-08-23 03:43:53,787] {warnings.py:110} WARNING - /home/***/.local/lib/python3.7/site-packages/***/utils/context.py:152: AirflowContextDeprecationWarning: Accessing 'execution_date' from the template is deprecated and will be removed in a future version. Please use 'data_interval_start' or 'logical_date' instead.
  warnings.warn(_create_deprecation_warning(key, self._deprecation_replacements[key]))

[2022-08-23 03:43:54,140] {taskinstance.py:1426} INFO - Exporting the following env vars:
AIRFLOW_CTX_DAG_OWNER=***
AIRFLOW_CTX_DAG_ID=h1b_lca_data
AIRFLOW_CTX_TASK_ID=download_data_task
AIRFLOW_CTX_EXECUTION_DATE=2021-04-10T06:00:00+00:00
AIRFLOW_CTX_DAG_RUN_ID=scheduled__2021-04-10T06:00:00+00:00
[2022-08-23 03:43:54,145] {subprocess.py:62} INFO - Tmp dir root location: 
 /tmp
[2022-08-23 03:43:54,148] {subprocess.py:74} INFO - Running command: ['bash', '-c', 'curl -sSL https://www.dol.gov/sites/dolgov/files/ETA/oflc/pdfs/LCA_Disclosure_Data_FY2021Q4.xlsx > /opt/***/LCA_Disclosure_Data_FY']
[2022-08-23 03:43:54,167] {subprocess.py:85} INFO - Output:
[2022-08-23 03:43:57,293] {subprocess.py:93} INFO - Command exited with return code 0
[2022-08-23 03:43:57,325] {taskinstance.py:1277} INFO - Marking task as SUCCESS. dag_id=h1b_lca_data, task_id=download_data_task, execution_date=20210410T060000, start_date=20220823T034353, end_date=20220823T034357
[2022-08-23 03:43:57,369] {local_task_job.py:154} INFO - Task exited with return code 0
[2022-08-23 03:43:57,406] {local_task_job.py:264} INFO - 0 downstream tasks scheduled from follow-on schedule check
