[2022-08-29 19:26:06,373] {taskinstance.py:1032} INFO - Dependencies all met for <TaskInstance: h1b_lca_data_v4.entry_task scheduled__2022-04-10T06:00:00+00:00 [queued]>
[2022-08-29 19:26:06,463] {taskinstance.py:1032} INFO - Dependencies all met for <TaskInstance: h1b_lca_data_v4.entry_task scheduled__2022-04-10T06:00:00+00:00 [queued]>
[2022-08-29 19:26:06,467] {taskinstance.py:1238} INFO - 
--------------------------------------------------------------------------------
[2022-08-29 19:26:06,469] {taskinstance.py:1239} INFO - Starting attempt 2 of 2
[2022-08-29 19:26:06,470] {taskinstance.py:1240} INFO - 
--------------------------------------------------------------------------------
[2022-08-29 19:26:06,650] {taskinstance.py:1259} INFO - Executing <Task(PythonOperator): entry_task> on 2022-04-10 06:00:00+00:00
[2022-08-29 19:26:06,665] {standard_task_runner.py:52} INFO - Started process 7439 to run task
[2022-08-29 19:26:06,673] {standard_task_runner.py:76} INFO - Running: ['***', 'tasks', 'run', 'h1b_lca_data_v4', 'entry_task', 'scheduled__2022-04-10T06:00:00+00:00', '--job-id', '1736', '--raw', '--subdir', 'DAGS_FOLDER/upload_h1b_data_to_gcp.py', '--cfg-path', '/tmp/tmprm5f1hef', '--error-file', '/tmp/tmpsty3yorm']
[2022-08-29 19:26:06,676] {standard_task_runner.py:77} INFO - Job 1736: Subtask entry_task
[2022-08-29 19:26:06,924] {logging_mixin.py:109} INFO - Running <TaskInstance: h1b_lca_data_v4.entry_task scheduled__2022-04-10T06:00:00+00:00 [running]> on host f153c6531160
[2022-08-29 19:26:07,162] {taskinstance.py:1426} INFO - Exporting the following env vars:
AIRFLOW_CTX_DAG_OWNER=***
AIRFLOW_CTX_DAG_ID=h1b_lca_data_v4
AIRFLOW_CTX_TASK_ID=entry_task
AIRFLOW_CTX_EXECUTION_DATE=2022-04-10T06:00:00+00:00
AIRFLOW_CTX_DAG_RUN_ID=scheduled__2022-04-10T06:00:00+00:00
[2022-08-29 19:26:07,168] {warnings.py:110} WARNING - /home/***/.local/lib/python3.7/site-packages/***/utils/context.py:152: AirflowContextDeprecationWarning: Accessing 'execution_date' from the template is deprecated and will be removed in a future version. Please use 'data_interval_start' or 'logical_date' instead.
  warnings.warn(_create_deprecation_warning(key, self._deprecation_replacements[key]))

[2022-08-29 19:26:07,170] {warnings.py:110} WARNING - /home/***/.local/lib/python3.7/site-packages/***/utils/context.py:152: AirflowContextDeprecationWarning: Accessing 'next_ds' from the template is deprecated and will be removed in a future version. Please use '{{ data_interval_end | ds }}' instead.
  warnings.warn(_create_deprecation_warning(key, self._deprecation_replacements[key]))

[2022-08-29 19:26:07,172] {warnings.py:110} WARNING - /home/***/.local/lib/python3.7/site-packages/***/utils/context.py:152: AirflowContextDeprecationWarning: Accessing 'next_ds_nodash' from the template is deprecated and will be removed in a future version. Please use '{{ data_interval_end | ds_nodash }}' instead.
  warnings.warn(_create_deprecation_warning(key, self._deprecation_replacements[key]))

[2022-08-29 19:26:07,173] {warnings.py:110} WARNING - /home/***/.local/lib/python3.7/site-packages/***/utils/context.py:152: AirflowContextDeprecationWarning: Accessing 'next_execution_date' from the template is deprecated and will be removed in a future version. Please use 'data_interval_end' instead.
  warnings.warn(_create_deprecation_warning(key, self._deprecation_replacements[key]))

[2022-08-29 19:26:07,176] {warnings.py:110} WARNING - /home/***/.local/lib/python3.7/site-packages/***/utils/context.py:152: AirflowContextDeprecationWarning: Accessing 'prev_ds' from the template is deprecated and will be removed in a future version.
  warnings.warn(_create_deprecation_warning(key, self._deprecation_replacements[key]))

[2022-08-29 19:26:07,177] {warnings.py:110} WARNING - /home/***/.local/lib/python3.7/site-packages/***/utils/context.py:152: AirflowContextDeprecationWarning: Accessing 'prev_ds_nodash' from the template is deprecated and will be removed in a future version.
  warnings.warn(_create_deprecation_warning(key, self._deprecation_replacements[key]))

[2022-08-29 19:26:07,178] {warnings.py:110} WARNING - /home/***/.local/lib/python3.7/site-packages/***/utils/context.py:152: AirflowContextDeprecationWarning: Accessing 'prev_execution_date' from the template is deprecated and will be removed in a future version.
  warnings.warn(_create_deprecation_warning(key, self._deprecation_replacements[key]))

[2022-08-29 19:26:07,181] {warnings.py:110} WARNING - /home/***/.local/lib/python3.7/site-packages/***/utils/context.py:152: AirflowContextDeprecationWarning: Accessing 'prev_execution_date_success' from the template is deprecated and will be removed in a future version. Please use 'prev_data_interval_start_success' instead.
  warnings.warn(_create_deprecation_warning(key, self._deprecation_replacements[key]))

[2022-08-29 19:26:07,182] {warnings.py:110} WARNING - /home/***/.local/lib/python3.7/site-packages/***/utils/context.py:152: AirflowContextDeprecationWarning: Accessing 'tomorrow_ds' from the template is deprecated and will be removed in a future version.
  warnings.warn(_create_deprecation_warning(key, self._deprecation_replacements[key]))

[2022-08-29 19:26:07,183] {warnings.py:110} WARNING - /home/***/.local/lib/python3.7/site-packages/***/utils/context.py:152: AirflowContextDeprecationWarning: Accessing 'tomorrow_ds_nodash' from the template is deprecated and will be removed in a future version.
  warnings.warn(_create_deprecation_warning(key, self._deprecation_replacements[key]))

[2022-08-29 19:26:07,185] {warnings.py:110} WARNING - /home/***/.local/lib/python3.7/site-packages/***/utils/context.py:152: AirflowContextDeprecationWarning: Accessing 'yesterday_ds' from the template is deprecated and will be removed in a future version.
  warnings.warn(_create_deprecation_warning(key, self._deprecation_replacements[key]))

[2022-08-29 19:26:07,186] {warnings.py:110} WARNING - /home/***/.local/lib/python3.7/site-packages/***/utils/context.py:152: AirflowContextDeprecationWarning: Accessing 'yesterday_ds_nodash' from the template is deprecated and will be removed in a future version.
  warnings.warn(_create_deprecation_warning(key, self._deprecation_replacements[key]))

[2022-08-29 19:26:07,257] {python.py:175} INFO - Done. Returned value was: None
[2022-08-29 19:26:07,609] {taskinstance.py:1277} INFO - Marking task as SUCCESS. dag_id=h1b_lca_data_v4, task_id=entry_task, execution_date=20220410T060000, start_date=20220829T192606, end_date=20220829T192607
[2022-08-29 19:26:07,715] {local_task_job.py:154} INFO - Task exited with return code 0
[2022-08-29 19:26:07,886] {local_task_job.py:264} INFO - 1 downstream tasks scheduled from follow-on schedule check
