[2022-08-29 19:43:12,113] {taskinstance.py:1032} INFO - Dependencies all met for <TaskInstance: h1b_lca_data_v4.format_csv_to_parquet_task scheduled__2022-01-10T06:00:00+00:00 [queued]>
[2022-08-29 19:43:12,172] {taskinstance.py:1032} INFO - Dependencies all met for <TaskInstance: h1b_lca_data_v4.format_csv_to_parquet_task scheduled__2022-01-10T06:00:00+00:00 [queued]>
[2022-08-29 19:43:12,174] {taskinstance.py:1238} INFO - 
--------------------------------------------------------------------------------
[2022-08-29 19:43:12,174] {taskinstance.py:1239} INFO - Starting attempt 1 of 1
[2022-08-29 19:43:12,175] {taskinstance.py:1240} INFO - 
--------------------------------------------------------------------------------
[2022-08-29 19:43:12,206] {taskinstance.py:1259} INFO - Executing <Task(PythonOperator): format_csv_to_parquet_task> on 2022-01-10 06:00:00+00:00
[2022-08-29 19:43:12,214] {standard_task_runner.py:52} INFO - Started process 8080 to run task
[2022-08-29 19:43:12,237] {standard_task_runner.py:76} INFO - Running: ['***', 'tasks', 'run', 'h1b_lca_data_v4', 'format_csv_to_parquet_task', 'scheduled__2022-01-10T06:00:00+00:00', '--job-id', '1747', '--raw', '--subdir', 'DAGS_FOLDER/upload_h1b_data_to_gcp.py', '--cfg-path', '/tmp/tmp1um0qw6x', '--error-file', '/tmp/tmpp92o5yli']
[2022-08-29 19:43:12,240] {standard_task_runner.py:77} INFO - Job 1747: Subtask format_csv_to_parquet_task
[2022-08-29 19:43:12,608] {logging_mixin.py:109} INFO - Running <TaskInstance: h1b_lca_data_v4.format_csv_to_parquet_task scheduled__2022-01-10T06:00:00+00:00 [running]> on host f153c6531160
[2022-08-29 19:43:12,770] {warnings.py:110} WARNING - /home/***/.local/lib/python3.7/site-packages/***/utils/context.py:152: AirflowContextDeprecationWarning: Accessing 'execution_date' from the template is deprecated and will be removed in a future version. Please use 'data_interval_start' or 'logical_date' instead.
  warnings.warn(_create_deprecation_warning(key, self._deprecation_replacements[key]))

[2022-08-29 19:43:12,871] {taskinstance.py:1426} INFO - Exporting the following env vars:
AIRFLOW_CTX_DAG_OWNER=***
AIRFLOW_CTX_DAG_ID=h1b_lca_data_v4
AIRFLOW_CTX_TASK_ID=format_csv_to_parquet_task
AIRFLOW_CTX_EXECUTION_DATE=2022-01-10T06:00:00+00:00
AIRFLOW_CTX_DAG_RUN_ID=scheduled__2022-01-10T06:00:00+00:00
[2022-08-29 19:43:13,004] {logging_mixin.py:109} INFO - Source file to be fetched for format_csv_to_parquet:  /opt/***/LCA_Disclosure_Data_FY2022_Q1.csv
[2022-08-29 19:43:13,006] {logging_mixin.py:109} INFO - Source file: /opt/***/LCA_Disclosure_Data_FY2022_Q1.csv
[2022-08-29 19:43:19,677] {logging_mixin.py:109} INFO - read from csv to df successful
[2022-08-29 19:43:20,879] {python.py:175} INFO - Done. Returned value was: None
[2022-08-29 19:43:20,900] {taskinstance.py:1277} INFO - Marking task as SUCCESS. dag_id=h1b_lca_data_v4, task_id=format_csv_to_parquet_task, execution_date=20220110T060000, start_date=20220829T194312, end_date=20220829T194320
[2022-08-29 19:43:21,025] {local_task_job.py:154} INFO - Task exited with return code 0
[2022-08-29 19:43:21,086] {local_task_job.py:264} INFO - 1 downstream tasks scheduled from follow-on schedule check
