[2022-08-29 19:24:36,835] {taskinstance.py:1032} INFO - Dependencies all met for <TaskInstance: h1b_lca_data_v4.download_data_task scheduled__2021-07-10T06:00:00+00:00 [queued]>
[2022-08-29 19:24:36,878] {taskinstance.py:1032} INFO - Dependencies all met for <TaskInstance: h1b_lca_data_v4.download_data_task scheduled__2021-07-10T06:00:00+00:00 [queued]>
[2022-08-29 19:24:36,883] {taskinstance.py:1238} INFO - 
--------------------------------------------------------------------------------
[2022-08-29 19:24:36,884] {taskinstance.py:1239} INFO - Starting attempt 3 of 3
[2022-08-29 19:24:36,887] {taskinstance.py:1240} INFO - 
--------------------------------------------------------------------------------
[2022-08-29 19:24:36,922] {taskinstance.py:1259} INFO - Executing <Task(BashOperator): download_data_task> on 2021-07-10 06:00:00+00:00
[2022-08-29 19:24:36,935] {standard_task_runner.py:52} INFO - Started process 7280 to run task
[2022-08-29 19:24:36,955] {standard_task_runner.py:76} INFO - Running: ['***', 'tasks', 'run', 'h1b_lca_data_v4', 'download_data_task', 'scheduled__2021-07-10T06:00:00+00:00', '--job-id', '1716', '--raw', '--subdir', 'DAGS_FOLDER/upload_h1b_data_to_gcp.py', '--cfg-path', '/tmp/tmplgy4bw38', '--error-file', '/tmp/tmpfym84z80']
[2022-08-29 19:24:36,958] {standard_task_runner.py:77} INFO - Job 1716: Subtask download_data_task
[2022-08-29 19:24:37,184] {logging_mixin.py:109} INFO - Running <TaskInstance: h1b_lca_data_v4.download_data_task scheduled__2021-07-10T06:00:00+00:00 [running]> on host f153c6531160
[2022-08-29 19:24:37,346] {warnings.py:110} WARNING - /home/***/.local/lib/python3.7/site-packages/***/utils/context.py:152: AirflowContextDeprecationWarning: Accessing 'execution_date' from the template is deprecated and will be removed in a future version. Please use 'data_interval_start' or 'logical_date' instead.
  warnings.warn(_create_deprecation_warning(key, self._deprecation_replacements[key]))

[2022-08-29 19:24:37,418] {taskinstance.py:1426} INFO - Exporting the following env vars:
AIRFLOW_CTX_DAG_OWNER=***
AIRFLOW_CTX_DAG_ID=h1b_lca_data_v4
AIRFLOW_CTX_TASK_ID=download_data_task
AIRFLOW_CTX_EXECUTION_DATE=2021-07-10T06:00:00+00:00
AIRFLOW_CTX_DAG_RUN_ID=scheduled__2021-07-10T06:00:00+00:00
[2022-08-29 19:24:37,421] {subprocess.py:62} INFO - Tmp dir root location: 
 /tmp
[2022-08-29 19:24:37,423] {subprocess.py:74} INFO - Running command: ['bash', '-c', 'curl -sSL https://www.dol.gov/sites/dolgov/files/ETA/oflc/pdfs/LCA_Disclosure_Data_FY2021_QNone.xlsx>/opt/***/LCA_Disclosure_Data_FY2021_QNone.xlsx']
[2022-08-29 19:24:37,442] {subprocess.py:85} INFO - Output:
[2022-08-29 19:24:38,735] {subprocess.py:93} INFO - Command exited with return code 0
[2022-08-29 19:24:38,921] {taskinstance.py:1277} INFO - Marking task as SUCCESS. dag_id=h1b_lca_data_v4, task_id=download_data_task, execution_date=20210710T060000, start_date=20220829T192436, end_date=20220829T192438
[2022-08-29 19:24:38,997] {local_task_job.py:154} INFO - Task exited with return code 0
[2022-08-29 19:24:39,105] {local_task_job.py:264} INFO - 1 downstream tasks scheduled from follow-on schedule check
