[2022-08-25 18:52:56,904] {taskinstance.py:1032} INFO - Dependencies all met for <TaskInstance: api_dag.get_posts scheduled__2022-08-24T00:00:00+00:00 [queued]>
[2022-08-25 18:52:56,957] {taskinstance.py:1032} INFO - Dependencies all met for <TaskInstance: api_dag.get_posts scheduled__2022-08-24T00:00:00+00:00 [queued]>
[2022-08-25 18:52:56,962] {taskinstance.py:1238} INFO - 
--------------------------------------------------------------------------------
[2022-08-25 18:52:56,963] {taskinstance.py:1239} INFO - Starting attempt 1 of 1
[2022-08-25 18:52:56,964] {taskinstance.py:1240} INFO - 
--------------------------------------------------------------------------------
[2022-08-25 18:52:57,042] {taskinstance.py:1259} INFO - Executing <Task(SimpleHttpOperator): get_posts> on 2022-08-24 00:00:00+00:00
[2022-08-25 18:52:57,096] {standard_task_runner.py:52} INFO - Started process 79 to run task
[2022-08-25 18:52:57,214] {standard_task_runner.py:76} INFO - Running: ['***', 'tasks', 'run', 'api_dag', 'get_posts', 'scheduled__2022-08-24T00:00:00+00:00', '--job-id', '273', '--raw', '--subdir', 'DAGS_FOLDER/api_dag.py', '--cfg-path', '/tmp/tmpqj_b21o4', '--error-file', '/tmp/tmp2bskoen5']
[2022-08-25 18:52:57,221] {standard_task_runner.py:77} INFO - Job 273: Subtask get_posts
[2022-08-25 18:52:58,182] {logging_mixin.py:109} INFO - Running <TaskInstance: api_dag.get_posts scheduled__2022-08-24T00:00:00+00:00 [running]> on host 7dedb8b41d8d
[2022-08-25 18:52:58,404] {taskinstance.py:1426} INFO - Exporting the following env vars:
AIRFLOW_CTX_DAG_OWNER=***
AIRFLOW_CTX_DAG_ID=api_dag
AIRFLOW_CTX_TASK_ID=get_posts
AIRFLOW_CTX_EXECUTION_DATE=2022-08-24T00:00:00+00:00
AIRFLOW_CTX_DAG_RUN_ID=scheduled__2022-08-24T00:00:00+00:00
[2022-08-25 18:52:58,407] {http.py:111} INFO - Calling HTTP method
[2022-08-25 18:52:58,434] {base.py:79} INFO - Using connection to: id: api_posts. Host: https://gorest.co.in/public/v2/, Port: None, Schema: , Login: , Password: None, extra: {}
[2022-08-25 18:52:58,446] {http.py:140} INFO - Sending 'GET' to url: https://gorest.co.in/public/v2/posts/
[2022-08-25 18:52:58,945] {http.py:115} INFO - [{"id":1394,"user_id":2821,"title":"Sopor caries reprehenderit quibusdam denego utrimque asporto molestias adstringo sollers textus suscipit patria vigor accipio capillus nobis.","body":"Corpus decens ducimus. Allatus sumptus quibusdam. Armarium tergum attero. Apud suspendo una. Decor sunt cubitum. Voluntarius considero aspicio. Solus laborum avaritia. Cui viduata alias. Arto decet catena. Pauci demens enim. Vallum spargo exercitationem. Arguo averto taceo. Non crustulum deludo. Tergum depono crepusculum. Somniculosus pauci color. Vapulus vir thalassinus. Cura ait capto. Paulatim caecus quia. Consequatur volva nisi."},{"id":1393,"user_id":2820,"title":"Crux cura velit vorax abutor cervus cum benigne atque.","body":"Ustulo dedecor credo. Aut curatio quam. Tabesco taceo spes. Est conor audio. Cubo vita tibi. Tibi iusto utor. Contabesco civis barba. Cauda sum quae. Tripudio mollitia correptius. Veritas calcar aliquid. Clamo careo adficio. Vulnero apostolus conatus. Utrum tenus vestigium. Depulso depopulo adhuc. Amitto ver asper. Et peccatus voluptatum. Curis eaque succedo. Thymum pecco dolores. Auditor adulatio amplitudo."},{"id":1392,"user_id":2820,"title":"Desolo quod delectatio basium advenio suffragium stella aduro culpo acidus amaritudo consequatur aut asporto acquiro aeger cauda carbo.","body":"Tunc aureus deleniti. Atrox curvo suus. Sed subvenio viriliter. Sodalitas vigor possimus. Talio confido clamo. Stillicidium crepusculum vitae. Territo laborum ademptio. Pecus totidem sulum. Curto vel validus. Aegrus celer audentia. Conventus tenus crinis. Condico delicate templum. Cunabula vitium est. Ter viduata pauper. Vicissitudo pecco ex. Pel ago audacia. Voco veritatis spiritus."},{"id":1391,"user_id":2818,"title":"Auditor bestia verus suscipio curis dolor subnecto ad quaerat vito praesentium valde catena possimus aequitas cuppedia adsuesco aut ait.","body":"Cognomen correptius capio. Carus impedit pauci. Crustulum capitulus abduco. Tubineus delectus sopor. Vinco viduo aliqua. Commodo calculus triduana. Aufero sulum aspernatur. Cedo delectatio damno. Debeo damno adimpleo. Solium abutor tumultus. Summopere dignissimos combibo. Pecco tracto arcesso. Thesis sodalitas nam. Titulus alveus alioqui. Aequitas suppono armarium. Volup tergiversatio utrimque. Animus tergeo crux. Tristis demum usque. Vomica aut odio. Cultellus mollitia vox."},{"id":1390,"user_id":2816,"title":"Nam surgo ex valens curiositas convoco talio depono cursim cupiditate tibi vaco talus cumque.","body":"Tam verbum tamquam. Denuncio cubicularis caveo. Nisi absconditus vinum. Aer vesica temperantia. Quo deorsum testimonium. Sub audacia cunae. Textus cibo depono. Conscendo viduo sed. Decipio consequuntur coruscus. Comedo aspernatur voluptas. Capitulus cogo sollicito. Veniam vir ara. Advenio demens uterque. Cum clarus voco. Cunctatio adinventitias vapulus. Vilicus sublime nam."},{"id":1389,"user_id":2815,"title":"Reiciendis rerum uredo minima damnatio beatae comparo demens sonitus spectaculum volaticus vita dolorem altus umerus coma.","body":"Eius titulus asper. Dolores adversus abbas. Subnecto civitas absorbeo. Avaritia admoneo desipio. Adsum corrupti dapifer. Admoveo ultio tot. Corrigo valetudo tempore. Votum denego textus. Aequitas demoror comburo. Compello pax nisi. Caries vix videlicet. Armarium comparo quo. Quo tunc alias. Supra cena ara. Urbs asperiores causa."},{"id":1388,"user_id":2813,"title":"Tantillus hic solvo certo thorax validus eum curriculum terebro damnatio.","body":"Audio vulgo appositus. Compono odit sophismata. Bonus aduro texo. Odit vergo vulgaris. Corroboro verbum vado. Somnus laborum adulatio. Curriculum arbitro suggero. Vinitor adfero vobis. Comparo atrocitas bis. Templum comedo quos. Absens virtus apud. Uterque ater dolorem. Contra caterva virgo. Aqua sursum suffoco. Eligendi substantia voluptates."},{"id":1387,"user_id":2811,"title":"Colligo et absens minima celer et vulgus cavus defaeco credo defleo minus curiositas.","body":"Sit sto artificiose. Arguo velociter dignissimos. Cursus aureus harum. Vomica excepturi libero. Adstringo vestrum debilito. Amplus sit ustulo. Vergo villa fugiat. Voluptas molestiae arcesso. Timor cupressus minus. Et architecto tunc. Viscus venio admitto. Traho speciosus callide. Vilicus conqueror molestiae. Pecco colo eaque. Denuo exercitationem verumtamen. Similique versus uterque. Fugiat beatae hic. Ubi depulso benigne. Complectus spiculum comminor. Voluptates temperantia abeo."},{"id":1385,"user_id":2808,"title":"Uxor confugo subnecto tempora excepturi aedificium tubineus acquiro aurum solus cometes vestrum demergo acervus.","body":"Capillus trucido comprehendo. Damno cresco calco. Deludo ustulo atavus. Aut trepide amissio. Necessitatibus comparo ulciscor. Nulla comprehendo depromo. Cubicularis et balbus. Abeo casus voluptas. Deserunt uterque ratione. Demum vox aut. Ciminatio charisma allatus. Attero culpa aureus. Crepusculum theologus quisquam. Dens calcar defendo. Vulgo solvo adicio. Ambulo thorax sunt. Vulnus comprehendo uterque."},{"id":1384,"user_id":2807,"title":"Cubitum debitis delibero collum cuppedia aliqua ademptio alter aestas.","body":"Itaque bardus quasi. Pauper abundans animus. Taceo ustilo cauda. Casus crepusculum tepidus. Deorsum stips terga. Crapula confero corrupti. Acidus eum conculco. Condico culpo provident. Clarus tero causa. Tum ut capillus. Amissio absum communis. Est vado adfectus. Templum deduco vinco. Culpa tepidus nobis. Adultus amissio valde. Nostrum libero sequi. Antiquus beneficium alienus. Vivo patruus amiculum."}]
[2022-08-25 18:52:58,955] {warnings.py:110} WARNING - /home/***/.local/lib/python3.7/site-packages/***/utils/context.py:152: AirflowContextDeprecationWarning: Accessing 'execution_date' from the template is deprecated and will be removed in a future version. Please use 'data_interval_start' or 'logical_date' instead.
  warnings.warn(_create_deprecation_warning(key, self._deprecation_replacements[key]))

[2022-08-25 18:52:58,956] {warnings.py:110} WARNING - /home/***/.local/lib/python3.7/site-packages/***/utils/context.py:152: AirflowContextDeprecationWarning: Accessing 'next_ds' from the template is deprecated and will be removed in a future version. Please use '{{ data_interval_end | ds }}' instead.
  warnings.warn(_create_deprecation_warning(key, self._deprecation_replacements[key]))

[2022-08-25 18:52:58,958] {warnings.py:110} WARNING - /home/***/.local/lib/python3.7/site-packages/***/utils/context.py:152: AirflowContextDeprecationWarning: Accessing 'next_ds_nodash' from the template is deprecated and will be removed in a future version. Please use '{{ data_interval_end | ds_nodash }}' instead.
  warnings.warn(_create_deprecation_warning(key, self._deprecation_replacements[key]))

[2022-08-25 18:52:58,960] {warnings.py:110} WARNING - /home/***/.local/lib/python3.7/site-packages/***/utils/context.py:152: AirflowContextDeprecationWarning: Accessing 'next_execution_date' from the template is deprecated and will be removed in a future version. Please use 'data_interval_end' instead.
  warnings.warn(_create_deprecation_warning(key, self._deprecation_replacements[key]))

[2022-08-25 18:52:58,964] {warnings.py:110} WARNING - /home/***/.local/lib/python3.7/site-packages/***/utils/context.py:152: AirflowContextDeprecationWarning: Accessing 'prev_ds' from the template is deprecated and will be removed in a future version.
  warnings.warn(_create_deprecation_warning(key, self._deprecation_replacements[key]))

[2022-08-25 18:52:58,965] {warnings.py:110} WARNING - /home/***/.local/lib/python3.7/site-packages/***/utils/context.py:152: AirflowContextDeprecationWarning: Accessing 'prev_ds_nodash' from the template is deprecated and will be removed in a future version.
  warnings.warn(_create_deprecation_warning(key, self._deprecation_replacements[key]))

[2022-08-25 18:52:58,966] {warnings.py:110} WARNING - /home/***/.local/lib/python3.7/site-packages/***/utils/context.py:152: AirflowContextDeprecationWarning: Accessing 'prev_execution_date' from the template is deprecated and will be removed in a future version.
  warnings.warn(_create_deprecation_warning(key, self._deprecation_replacements[key]))

[2022-08-25 18:52:58,968] {warnings.py:110} WARNING - /home/***/.local/lib/python3.7/site-packages/***/utils/context.py:152: AirflowContextDeprecationWarning: Accessing 'prev_execution_date_success' from the template is deprecated and will be removed in a future version. Please use 'prev_data_interval_start_success' instead.
  warnings.warn(_create_deprecation_warning(key, self._deprecation_replacements[key]))

[2022-08-25 18:52:58,970] {warnings.py:110} WARNING - /home/***/.local/lib/python3.7/site-packages/***/utils/context.py:152: AirflowContextDeprecationWarning: Accessing 'tomorrow_ds' from the template is deprecated and will be removed in a future version.
  warnings.warn(_create_deprecation_warning(key, self._deprecation_replacements[key]))

[2022-08-25 18:52:58,971] {warnings.py:110} WARNING - /home/***/.local/lib/python3.7/site-packages/***/utils/context.py:152: AirflowContextDeprecationWarning: Accessing 'tomorrow_ds_nodash' from the template is deprecated and will be removed in a future version.
  warnings.warn(_create_deprecation_warning(key, self._deprecation_replacements[key]))

[2022-08-25 18:52:58,973] {warnings.py:110} WARNING - /home/***/.local/lib/python3.7/site-packages/***/utils/context.py:152: AirflowContextDeprecationWarning: Accessing 'yesterday_ds' from the template is deprecated and will be removed in a future version.
  warnings.warn(_create_deprecation_warning(key, self._deprecation_replacements[key]))

[2022-08-25 18:52:58,974] {warnings.py:110} WARNING - /home/***/.local/lib/python3.7/site-packages/***/utils/context.py:152: AirflowContextDeprecationWarning: Accessing 'yesterday_ds_nodash' from the template is deprecated and will be removed in a future version.
  warnings.warn(_create_deprecation_warning(key, self._deprecation_replacements[key]))

[2022-08-25 18:52:59,124] {taskinstance.py:1277} INFO - Marking task as SUCCESS. dag_id=api_dag, task_id=get_posts, execution_date=20220824T000000, start_date=20220825T185256, end_date=20220825T185259
[2022-08-25 18:52:59,199] {local_task_job.py:154} INFO - Task exited with return code 0
[2022-08-25 18:52:59,280] {local_task_job.py:264} INFO - 1 downstream tasks scheduled from follow-on schedule check
