[2022-08-23 16:05:16,523] {taskinstance.py:1032} INFO - Dependencies all met for <TaskInstance: api_dag.get_posts scheduled__2022-08-22T00:00:00+00:00 [queued]>
[2022-08-23 16:05:16,543] {taskinstance.py:1032} INFO - Dependencies all met for <TaskInstance: api_dag.get_posts scheduled__2022-08-22T00:00:00+00:00 [queued]>
[2022-08-23 16:05:16,544] {taskinstance.py:1238} INFO - 
--------------------------------------------------------------------------------
[2022-08-23 16:05:16,546] {taskinstance.py:1239} INFO - Starting attempt 3 of 3
[2022-08-23 16:05:16,547] {taskinstance.py:1240} INFO - 
--------------------------------------------------------------------------------
[2022-08-23 16:05:16,565] {taskinstance.py:1259} INFO - Executing <Task(SimpleHttpOperator): get_posts> on 2022-08-22 00:00:00+00:00
[2022-08-23 16:05:16,572] {standard_task_runner.py:52} INFO - Started process 1001 to run task
[2022-08-23 16:05:16,578] {standard_task_runner.py:76} INFO - Running: ['***', 'tasks', 'run', 'api_dag', 'get_posts', 'scheduled__2022-08-22T00:00:00+00:00', '--job-id', '259', '--raw', '--subdir', 'DAGS_FOLDER/api_dag.py', '--cfg-path', '/tmp/tmp_ytwtc23', '--error-file', '/tmp/tmpyjvdr31h']
[2022-08-23 16:05:16,580] {standard_task_runner.py:77} INFO - Job 259: Subtask get_posts
[2022-08-23 16:05:16,659] {logging_mixin.py:109} INFO - Running <TaskInstance: api_dag.get_posts scheduled__2022-08-22T00:00:00+00:00 [running]> on host 7dedb8b41d8d
[2022-08-23 16:05:16,730] {taskinstance.py:1426} INFO - Exporting the following env vars:
AIRFLOW_CTX_DAG_OWNER=***
AIRFLOW_CTX_DAG_ID=api_dag
AIRFLOW_CTX_TASK_ID=get_posts
AIRFLOW_CTX_EXECUTION_DATE=2022-08-22T00:00:00+00:00
AIRFLOW_CTX_DAG_RUN_ID=scheduled__2022-08-22T00:00:00+00:00
[2022-08-23 16:05:16,732] {http.py:111} INFO - Calling HTTP method
[2022-08-23 16:05:16,744] {base.py:79} INFO - Using connection to: id: api_posts. Host: https://gorest.co.in/public/v2/, Port: None, Schema: , Login: , Password: None, extra: {}
[2022-08-23 16:05:16,749] {http.py:140} INFO - Sending 'GET' to url: https://gorest.co.in/public/v2/posts/
[2022-08-23 16:05:17,544] {http.py:115} INFO - [{"id":1159,"user_id":2378,"title":"Derelinquo benigne torqueo sollers occaecati cruentus est comminor debilito.","body":"Tonsor studio id. A ustilo cubitum. Eos canis suasoria. Est tubineus vomito. Molestias trado quasi. Est adflicto varietas. Summa vestrum ab. Voluptas arca consuasor. Tamdiu ut tibi. Autem subiungo utilis. Subito balbus tepesco. Capillus viridis tolero. Comptus tempora deserunt. Ventito cuppedia patrocinor. Conturbo animi caterva."},{"id":1158,"user_id":2378,"title":"Dolorem deficio territo amicitia enim aestus arto delego utrimque validus et audeo quam.","body":"Et calculus illo. Ullus calcar atqui. Tamdiu pax aliquid. Alveus cuppedia turbo. Accendo voluptatibus cultellus. Defero corrumpo tempore. Optio vigilo solio. Vindico amissio recusandae. Ultra dolores antea. Tremo in conventus. Perferendis suppono animi. Triginta alveus verus. Bellicus aetas agnosco. Adulescens conspergo abduco. Itaque vivo vero. Ustulo angelus adipisci. Aut adficio atqui. Asporto coaegresco abstergo."},{"id":1157,"user_id":2377,"title":"Nostrum sapiente arbitro theatrum curatio assumenda carmen comitatus crastinus cedo defetiscor sed turpis nemo.","body":"Testimonium temperantia collum. Argentum ullam aptus. Viriliter terga cras. Adfectus tamen traho. Iusto cognomen patruus. Dignissimos deinde acceptus. Ancilla amiculum atqui. Ceno angustus deputo. Apto ambitus vivo. Tonsor tunc taceo. Vitae teres tollo. Comes alius tametsi. Terga cilicium venustas. Iusto carbo caelestis. Sortitus delectatio provident. Audax altus delectatio. Cogito casso rerum."},{"id":1156,"user_id":2373,"title":"Consequatur accusator adamo timidus acidus vetus sui subiungo tenax ter coerceo civis.","body":"Cometes varius unde. Quod convoco tamen. Deficio attollo quia. Balbus calco id. Commodi appello dolores. Rerum debilito cribro. Annus adficio qui. Acidus derelinquo cupressus. Abscido acsi adinventitias. Caelum catena assumenda. Celer timor texo. Vilis vester solvo. Repellat ceno cum. Calamitas crinis aggero. Et confido tracto. Magnam depulso cultura. Pauper torrens alienus. Et bos cruciamentum."},{"id":1155,"user_id":2373,"title":"Corrumpo deleniti odit tantum aurum correptius pectus.","body":"Placeat autus vapulus. Quaerat beatus libero. Sed ventosus vapulus. Argentum volutabrum cursus. Et terminatio conitor. Sapiente vorax vero. Qui contego adamo. Sumptus tametsi damnatio. Totidem aegrotatio vaco. Comitatus deserunt cohibeo. Armo cohors mollitia. Amplus toties ver. Adduco derelinquo placeat. Cruentus cerno cedo. Contigo animi degero."},{"id":1154,"user_id":2371,"title":"Defessus deprecator sumptus vester illum abeo cinis ceno tricesimus bellum solutio maxime tener claustrum adultus tam.","body":"Theca quis vobis. Cum thymbra conicio. Compello aeger pecto. Summisse cohibeo soleo. Modi demonstro abstergo. Basium officia nulla. Qui tyrannus summopere. Advenio paulatim depromo. Creber ulciscor capitulus. Qui volup villa. Appono quis corrupti. Dolor cursim causa. Tremo sperno acer. Uberrime uter assumenda. Centum ager celer. Tremo maxime summa. Armo celer acervus. Viscus abbas impedit. Confugo venio arca."},{"id":1153,"user_id":2370,"title":"Caelestis depopulo cur tabernus temperantia supplanto asporto solum caterva aestas coniecto textus consequatur alter templum aeger cras stabilis thymbra.","body":"Cresco vulpes nobis. Contigo vespillo carbo. Vulpes odit antepono. Verus uter depraedor. Vero volaticus velit. Desolo cibus aedificium. Comptus uter vestigium. Vicinus armo sollers. Auris defero tergiversatio. Alo autus viscus. Carmen ara aptus. Timidus templum nemo. Tandem demo excepturi. Fuga spiritus timidus. Volup tamquam strues. Suadeo nobis appello. Colloco viduo damnatio. Verbum verecundia summopere."},{"id":1152,"user_id":2370,"title":"Sustineo caritas sint patior accusamus cilicium calculus.","body":"Commodi spoliatio sit. Civitas et viridis. Odio quos aut. Canonicus coruscus viriliter. Comedo curvus color. Consequatur quibusdam abundans. Adopto agnosco qui. Vulgaris creta aeneus. Utor considero maxime. Cura nobis compono. Curtus stabilis theatrum. Surculus vinum aegre. Dolores spargo defigo. Sodalitas aeternus tenax. Depraedor vito coerceo. Creo vulpes autus. Conicio creptio statua. Arceo rerum clibanus. Tabesco demoror distinctio. Aggero verbera temptatio."},{"id":1150,"user_id":2361,"title":"Statua universe laborum tamisium thesaurus cognomen cavus vomica suggero acerbitas curis.","body":"Vix solitudo et. Tabernus vitium arma. Decor doloremque vesper. Vespillo varietas peccatus. Velum thesis provident. Stultus debilito cinis. Deduco nisi benevolentia. Adiuvo concedo patrocinor. Addo ut ceno. Ustilo deputo maiores. Comburo addo vel. Celebrer accusamus corrigo. Terra acies tenax. Et attonbitus eos. Autem deporto repellat. Cado cenaculum vulnus. Callide volva consequatur. Conduco solum demonstro. Cubitum temporibus creator."},{"id":1149,"user_id":2359,"title":"Umerus solus vado comptus acervus ustilo volva adstringo somnus urbanus abduco contra summa caste campana.","body":"Depopulo recusandae defungo. Atque ademptio armarium. Anser cultellus venustas. Architecto crebro strenuus. Una sono volup. Error depono stipes. Corona deficio cum. Pauci caries contra. Abbas amiculum tertius. Tabella curo sit. Aliquid crebro distinctio. Sub ultio cuppedia. Texo subito cicuta. Conturbo delinquo tripudio. Creo utilis peior. Depulso natus certus. Socius celer ustilo. Nam coerceo deficio. Cimentarius tutamen terminatio. Aeneus ut demo."}]
[2022-08-23 16:05:17,546] {warnings.py:110} WARNING - /home/***/.local/lib/python3.7/site-packages/***/utils/context.py:152: AirflowContextDeprecationWarning: Accessing 'execution_date' from the template is deprecated and will be removed in a future version. Please use 'data_interval_start' or 'logical_date' instead.
  warnings.warn(_create_deprecation_warning(key, self._deprecation_replacements[key]))

[2022-08-23 16:05:17,547] {warnings.py:110} WARNING - /home/***/.local/lib/python3.7/site-packages/***/utils/context.py:152: AirflowContextDeprecationWarning: Accessing 'next_ds' from the template is deprecated and will be removed in a future version. Please use '{{ data_interval_end | ds }}' instead.
  warnings.warn(_create_deprecation_warning(key, self._deprecation_replacements[key]))

[2022-08-23 16:05:17,548] {warnings.py:110} WARNING - /home/***/.local/lib/python3.7/site-packages/***/utils/context.py:152: AirflowContextDeprecationWarning: Accessing 'next_ds_nodash' from the template is deprecated and will be removed in a future version. Please use '{{ data_interval_end | ds_nodash }}' instead.
  warnings.warn(_create_deprecation_warning(key, self._deprecation_replacements[key]))

[2022-08-23 16:05:17,549] {warnings.py:110} WARNING - /home/***/.local/lib/python3.7/site-packages/***/utils/context.py:152: AirflowContextDeprecationWarning: Accessing 'next_execution_date' from the template is deprecated and will be removed in a future version. Please use 'data_interval_end' instead.
  warnings.warn(_create_deprecation_warning(key, self._deprecation_replacements[key]))

[2022-08-23 16:05:17,550] {warnings.py:110} WARNING - /home/***/.local/lib/python3.7/site-packages/***/utils/context.py:152: AirflowContextDeprecationWarning: Accessing 'prev_ds' from the template is deprecated and will be removed in a future version.
  warnings.warn(_create_deprecation_warning(key, self._deprecation_replacements[key]))

[2022-08-23 16:05:17,551] {warnings.py:110} WARNING - /home/***/.local/lib/python3.7/site-packages/***/utils/context.py:152: AirflowContextDeprecationWarning: Accessing 'prev_ds_nodash' from the template is deprecated and will be removed in a future version.
  warnings.warn(_create_deprecation_warning(key, self._deprecation_replacements[key]))

[2022-08-23 16:05:17,552] {warnings.py:110} WARNING - /home/***/.local/lib/python3.7/site-packages/***/utils/context.py:152: AirflowContextDeprecationWarning: Accessing 'prev_execution_date' from the template is deprecated and will be removed in a future version.
  warnings.warn(_create_deprecation_warning(key, self._deprecation_replacements[key]))

[2022-08-23 16:05:17,553] {warnings.py:110} WARNING - /home/***/.local/lib/python3.7/site-packages/***/utils/context.py:152: AirflowContextDeprecationWarning: Accessing 'prev_execution_date_success' from the template is deprecated and will be removed in a future version. Please use 'prev_data_interval_start_success' instead.
  warnings.warn(_create_deprecation_warning(key, self._deprecation_replacements[key]))

[2022-08-23 16:05:17,554] {warnings.py:110} WARNING - /home/***/.local/lib/python3.7/site-packages/***/utils/context.py:152: AirflowContextDeprecationWarning: Accessing 'tomorrow_ds' from the template is deprecated and will be removed in a future version.
  warnings.warn(_create_deprecation_warning(key, self._deprecation_replacements[key]))

[2022-08-23 16:05:17,555] {warnings.py:110} WARNING - /home/***/.local/lib/python3.7/site-packages/***/utils/context.py:152: AirflowContextDeprecationWarning: Accessing 'tomorrow_ds_nodash' from the template is deprecated and will be removed in a future version.
  warnings.warn(_create_deprecation_warning(key, self._deprecation_replacements[key]))

[2022-08-23 16:05:17,556] {warnings.py:110} WARNING - /home/***/.local/lib/python3.7/site-packages/***/utils/context.py:152: AirflowContextDeprecationWarning: Accessing 'yesterday_ds' from the template is deprecated and will be removed in a future version.
  warnings.warn(_create_deprecation_warning(key, self._deprecation_replacements[key]))

[2022-08-23 16:05:17,557] {warnings.py:110} WARNING - /home/***/.local/lib/python3.7/site-packages/***/utils/context.py:152: AirflowContextDeprecationWarning: Accessing 'yesterday_ds_nodash' from the template is deprecated and will be removed in a future version.
  warnings.warn(_create_deprecation_warning(key, self._deprecation_replacements[key]))

[2022-08-23 16:05:17,589] {taskinstance.py:1277} INFO - Marking task as SUCCESS. dag_id=api_dag, task_id=get_posts, execution_date=20220822T000000, start_date=20220823T160516, end_date=20220823T160517
[2022-08-23 16:05:17,618] {local_task_job.py:154} INFO - Task exited with return code 0
[2022-08-23 16:05:17,656] {local_task_job.py:264} INFO - 0 downstream tasks scheduled from follow-on schedule check
