[2022-08-25 20:53:08,904] {taskinstance.py:1032} INFO - Dependencies all met for <TaskInstance: h1b_lca_data.format_xlsx_to_csv_task scheduled__2021-01-10T06:00:00+00:00 [queued]>
[2022-08-25 20:53:08,927] {taskinstance.py:1032} INFO - Dependencies all met for <TaskInstance: h1b_lca_data.format_xlsx_to_csv_task scheduled__2021-01-10T06:00:00+00:00 [queued]>
[2022-08-25 20:53:08,929] {taskinstance.py:1238} INFO - 
--------------------------------------------------------------------------------
[2022-08-25 20:53:08,930] {taskinstance.py:1239} INFO - Starting attempt 21 of 21
[2022-08-25 20:53:08,936] {taskinstance.py:1240} INFO - 
--------------------------------------------------------------------------------
[2022-08-25 20:53:08,961] {taskinstance.py:1259} INFO - Executing <Task(PythonOperator): format_xlsx_to_csv_task> on 2021-01-10 06:00:00+00:00
[2022-08-25 20:53:08,970] {standard_task_runner.py:52} INFO - Started process 1506 to run task
[2022-08-25 20:53:08,981] {standard_task_runner.py:76} INFO - Running: ['***', 'tasks', 'run', 'h1b_lca_data', 'format_xlsx_to_csv_task', 'scheduled__2021-01-10T06:00:00+00:00', '--job-id', '325', '--raw', '--subdir', 'DAGS_FOLDER/upload_h1b_data_to_gcp.py', '--cfg-path', '/tmp/tmpfdab6p6e', '--error-file', '/tmp/tmptwv_f3tw']
[2022-08-25 20:53:08,983] {standard_task_runner.py:77} INFO - Job 325: Subtask format_xlsx_to_csv_task
[2022-08-25 20:53:09,086] {logging_mixin.py:109} INFO - Running <TaskInstance: h1b_lca_data.format_xlsx_to_csv_task scheduled__2021-01-10T06:00:00+00:00 [running]> on host c8cac1ea6d9c
[2022-08-25 20:53:09,169] {warnings.py:110} WARNING - /home/***/.local/lib/python3.7/site-packages/***/utils/context.py:152: AirflowContextDeprecationWarning: Accessing 'execution_date' from the template is deprecated and will be removed in a future version. Please use 'data_interval_start' or 'logical_date' instead.
  warnings.warn(_create_deprecation_warning(key, self._deprecation_replacements[key]))

[2022-08-25 20:53:09,220] {taskinstance.py:1426} INFO - Exporting the following env vars:
AIRFLOW_CTX_DAG_OWNER=***
AIRFLOW_CTX_DAG_ID=h1b_lca_data
AIRFLOW_CTX_TASK_ID=format_xlsx_to_csv_task
AIRFLOW_CTX_EXECUTION_DATE=2021-01-10T06:00:00+00:00
AIRFLOW_CTX_DAG_RUN_ID=scheduled__2021-01-10T06:00:00+00:00
[2022-08-25 20:53:18,868] {logging_mixin.py:109} INFO - Source file:  /opt/***/LCA_Disclosure_Data_FY2021_Q1.xlsx
[2022-08-25 20:56:22,265] {logging_mixin.py:109} INFO - attempting to write dataframe to csv format)
[2022-08-25 20:56:29,231] {python.py:175} INFO - Done. Returned value was: None
[2022-08-25 20:56:29,262] {taskinstance.py:1277} INFO - Marking task as SUCCESS. dag_id=h1b_lca_data, task_id=format_xlsx_to_csv_task, execution_date=20210110T060000, start_date=20220825T205308, end_date=20220825T205629
[2022-08-25 20:56:29,424] {local_task_job.py:154} INFO - Task exited with return code 0
[2022-08-25 20:56:29,952] {local_task_job.py:264} INFO - 1 downstream tasks scheduled from follow-on schedule check
