[2022-08-25 21:23:25,253] {taskinstance.py:1032} INFO - Dependencies all met for <TaskInstance: h1b_lca_data.format_xlsx_to_csv_task scheduled__2021-01-10T06:00:00+00:00 [queued]>
[2022-08-25 21:23:25,266] {taskinstance.py:1032} INFO - Dependencies all met for <TaskInstance: h1b_lca_data.format_xlsx_to_csv_task scheduled__2021-01-10T06:00:00+00:00 [queued]>
[2022-08-25 21:23:25,267] {taskinstance.py:1238} INFO - 
--------------------------------------------------------------------------------
[2022-08-25 21:23:25,268] {taskinstance.py:1239} INFO - Starting attempt 24 of 24
[2022-08-25 21:23:25,269] {taskinstance.py:1240} INFO - 
--------------------------------------------------------------------------------
[2022-08-25 21:23:25,283] {taskinstance.py:1259} INFO - Executing <Task(PythonOperator): format_xlsx_to_csv_task> on 2021-01-10 06:00:00+00:00
[2022-08-25 21:23:25,289] {standard_task_runner.py:52} INFO - Started process 2860 to run task
[2022-08-25 21:23:25,294] {standard_task_runner.py:76} INFO - Running: ['***', 'tasks', 'run', 'h1b_lca_data', 'format_xlsx_to_csv_task', 'scheduled__2021-01-10T06:00:00+00:00', '--job-id', '333', '--raw', '--subdir', 'DAGS_FOLDER/upload_h1b_data_to_gcp.py', '--cfg-path', '/tmp/tmpscr3pmeb', '--error-file', '/tmp/tmpx_6c11ye']
[2022-08-25 21:23:25,295] {standard_task_runner.py:77} INFO - Job 333: Subtask format_xlsx_to_csv_task
[2022-08-25 21:23:25,366] {logging_mixin.py:109} INFO - Running <TaskInstance: h1b_lca_data.format_xlsx_to_csv_task scheduled__2021-01-10T06:00:00+00:00 [running]> on host c8cac1ea6d9c
[2022-08-25 21:23:25,410] {warnings.py:110} WARNING - /home/***/.local/lib/python3.7/site-packages/***/utils/context.py:152: AirflowContextDeprecationWarning: Accessing 'execution_date' from the template is deprecated and will be removed in a future version. Please use 'data_interval_start' or 'logical_date' instead.
  warnings.warn(_create_deprecation_warning(key, self._deprecation_replacements[key]))

[2022-08-25 21:23:25,432] {taskinstance.py:1426} INFO - Exporting the following env vars:
AIRFLOW_CTX_DAG_OWNER=***
AIRFLOW_CTX_DAG_ID=h1b_lca_data
AIRFLOW_CTX_TASK_ID=format_xlsx_to_csv_task
AIRFLOW_CTX_EXECUTION_DATE=2021-01-10T06:00:00+00:00
AIRFLOW_CTX_DAG_RUN_ID=scheduled__2021-01-10T06:00:00+00:00
[2022-08-25 21:23:32,154] {logging_mixin.py:109} INFO - Source file:  /opt/***/LCA_Disclosure_Data_FY2021_Q1.xlsx
[2022-08-25 21:26:16,031] {logging_mixin.py:109} INFO - attempting to write dataframe to csv format)
[2022-08-25 21:26:21,199] {logging_mixin.py:109} INFO - Wrote to file:  /opt/***/LCA_Disclosure_Data_FY2021_Q1.csv
[2022-08-25 21:26:21,270] {python.py:175} INFO - Done. Returned value was: None
[2022-08-25 21:26:21,288] {taskinstance.py:1277} INFO - Marking task as SUCCESS. dag_id=h1b_lca_data, task_id=format_xlsx_to_csv_task, execution_date=20210110T060000, start_date=20220825T212325, end_date=20220825T212621
[2022-08-25 21:26:21,366] {local_task_job.py:154} INFO - Task exited with return code 0
[2022-08-25 21:26:21,408] {local_task_job.py:264} INFO - 1 downstream tasks scheduled from follow-on schedule check
