[2022-08-29 14:53:05,721] {taskinstance.py:1032} INFO - Dependencies all met for <TaskInstance: h1b_lca_data_v3.local_to_gcs_task scheduled__2021-01-10T06:00:00+00:00 [queued]>
[2022-08-29 14:53:05,746] {taskinstance.py:1032} INFO - Dependencies all met for <TaskInstance: h1b_lca_data_v3.local_to_gcs_task scheduled__2021-01-10T06:00:00+00:00 [queued]>
[2022-08-29 14:53:05,747] {taskinstance.py:1238} INFO - 
--------------------------------------------------------------------------------
[2022-08-29 14:53:05,748] {taskinstance.py:1239} INFO - Starting attempt 1 of 1
[2022-08-29 14:53:05,750] {taskinstance.py:1240} INFO - 
--------------------------------------------------------------------------------
[2022-08-29 14:53:05,780] {taskinstance.py:1259} INFO - Executing <Task(PythonOperator): local_to_gcs_task> on 2021-01-10 06:00:00+00:00
[2022-08-29 14:53:05,789] {standard_task_runner.py:52} INFO - Started process 9437 to run task
[2022-08-29 14:53:05,804] {standard_task_runner.py:76} INFO - Running: ['***', 'tasks', 'run', 'h1b_lca_data_v3', 'local_to_gcs_task', 'scheduled__2021-01-10T06:00:00+00:00', '--job-id', '1460', '--raw', '--subdir', 'DAGS_FOLDER/upload_h1b_data_to_gcp.py', '--cfg-path', '/tmp/tmpxvpre_1q', '--error-file', '/tmp/tmpggq8fbll']
[2022-08-29 14:53:05,807] {standard_task_runner.py:77} INFO - Job 1460: Subtask local_to_gcs_task
[2022-08-29 14:53:05,897] {logging_mixin.py:109} INFO - Running <TaskInstance: h1b_lca_data_v3.local_to_gcs_task scheduled__2021-01-10T06:00:00+00:00 [running]> on host efb24f1b01c6
[2022-08-29 14:53:05,950] {warnings.py:110} WARNING - /home/***/.local/lib/python3.7/site-packages/***/utils/context.py:152: AirflowContextDeprecationWarning: Accessing 'execution_date' from the template is deprecated and will be removed in a future version. Please use 'data_interval_start' or 'logical_date' instead.
  warnings.warn(_create_deprecation_warning(key, self._deprecation_replacements[key]))

[2022-08-29 14:53:05,986] {taskinstance.py:1426} INFO - Exporting the following env vars:
AIRFLOW_CTX_DAG_OWNER=***
AIRFLOW_CTX_DAG_ID=h1b_lca_data_v3
AIRFLOW_CTX_TASK_ID=local_to_gcs_task
AIRFLOW_CTX_EXECUTION_DATE=2021-01-10T06:00:00+00:00
AIRFLOW_CTX_DAG_RUN_ID=scheduled__2021-01-10T06:00:00+00:00
[2022-08-29 14:54:10,346] {python.py:175} INFO - Done. Returned value was: None
[2022-08-29 14:54:10,387] {taskinstance.py:1277} INFO - Marking task as SUCCESS. dag_id=h1b_lca_data_v3, task_id=local_to_gcs_task, execution_date=20210110T060000, start_date=20220829T145305, end_date=20220829T145410
[2022-08-29 14:54:10,471] {local_task_job.py:154} INFO - Task exited with return code 0
[2022-08-29 14:54:10,547] {local_task_job.py:264} INFO - 1 downstream tasks scheduled from follow-on schedule check
