[2022-08-25 20:56:31,912] {taskinstance.py:1032} INFO - Dependencies all met for <TaskInstance: h1b_lca_data.format_csv_to_parquet_task scheduled__2021-01-10T06:00:00+00:00 [queued]>
[2022-08-25 20:56:31,933] {taskinstance.py:1032} INFO - Dependencies all met for <TaskInstance: h1b_lca_data.format_csv_to_parquet_task scheduled__2021-01-10T06:00:00+00:00 [queued]>
[2022-08-25 20:56:31,935] {taskinstance.py:1238} INFO - 
--------------------------------------------------------------------------------
[2022-08-25 20:56:31,935] {taskinstance.py:1239} INFO - Starting attempt 1 of 1
[2022-08-25 20:56:31,937] {taskinstance.py:1240} INFO - 
--------------------------------------------------------------------------------
[2022-08-25 20:56:31,959] {taskinstance.py:1259} INFO - Executing <Task(PythonOperator): format_csv_to_parquet_task> on 2021-01-10 06:00:00+00:00
[2022-08-25 20:56:31,976] {standard_task_runner.py:52} INFO - Started process 1653 to run task
[2022-08-25 20:56:31,984] {standard_task_runner.py:76} INFO - Running: ['***', 'tasks', 'run', 'h1b_lca_data', 'format_csv_to_parquet_task', 'scheduled__2021-01-10T06:00:00+00:00', '--job-id', '326', '--raw', '--subdir', 'DAGS_FOLDER/upload_h1b_data_to_gcp.py', '--cfg-path', '/tmp/tmp45k25dpz', '--error-file', '/tmp/tmpdvrv9r21']
[2022-08-25 20:56:31,987] {standard_task_runner.py:77} INFO - Job 326: Subtask format_csv_to_parquet_task
[2022-08-25 20:56:32,099] {logging_mixin.py:109} INFO - Running <TaskInstance: h1b_lca_data.format_csv_to_parquet_task scheduled__2021-01-10T06:00:00+00:00 [running]> on host c8cac1ea6d9c
[2022-08-25 20:56:32,200] {warnings.py:110} WARNING - /home/***/.local/lib/python3.7/site-packages/***/utils/context.py:152: AirflowContextDeprecationWarning: Accessing 'execution_date' from the template is deprecated and will be removed in a future version. Please use 'data_interval_start' or 'logical_date' instead.
  warnings.warn(_create_deprecation_warning(key, self._deprecation_replacements[key]))

[2022-08-25 20:56:32,258] {taskinstance.py:1426} INFO - Exporting the following env vars:
AIRFLOW_CTX_DAG_OWNER=***
AIRFLOW_CTX_DAG_ID=h1b_lca_data
AIRFLOW_CTX_TASK_ID=format_csv_to_parquet_task
AIRFLOW_CTX_EXECUTION_DATE=2021-01-10T06:00:00+00:00
AIRFLOW_CTX_DAG_RUN_ID=scheduled__2021-01-10T06:00:00+00:00
[2022-08-25 20:56:32,263] {upload_h1b_data_to_gcp.py:79} ERROR - Can only accept source files in CSV format, for the moment
[2022-08-25 20:56:32,265] {python.py:175} INFO - Done. Returned value was: None
[2022-08-25 20:56:32,297] {taskinstance.py:1277} INFO - Marking task as SUCCESS. dag_id=h1b_lca_data, task_id=format_csv_to_parquet_task, execution_date=20210110T060000, start_date=20220825T205631, end_date=20220825T205632
[2022-08-25 20:56:32,363] {local_task_job.py:154} INFO - Task exited with return code 0
[2022-08-25 20:56:32,457] {local_task_job.py:264} INFO - 0 downstream tasks scheduled from follow-on schedule check
