[2022-08-25 21:04:00,517] {taskinstance.py:1032} INFO - Dependencies all met for <TaskInstance: h1b_lca_data.format_csv_to_parquet_task scheduled__2021-01-10T06:00:00+00:00 [queued]>
[2022-08-25 21:04:00,532] {taskinstance.py:1032} INFO - Dependencies all met for <TaskInstance: h1b_lca_data.format_csv_to_parquet_task scheduled__2021-01-10T06:00:00+00:00 [queued]>
[2022-08-25 21:04:00,534] {taskinstance.py:1238} INFO - 
--------------------------------------------------------------------------------
[2022-08-25 21:04:00,534] {taskinstance.py:1239} INFO - Starting attempt 2 of 2
[2022-08-25 21:04:00,535] {taskinstance.py:1240} INFO - 
--------------------------------------------------------------------------------
[2022-08-25 21:04:00,551] {taskinstance.py:1259} INFO - Executing <Task(PythonOperator): format_csv_to_parquet_task> on 2021-01-10 06:00:00+00:00
[2022-08-25 21:04:00,558] {standard_task_runner.py:52} INFO - Started process 1986 to run task
[2022-08-25 21:04:00,563] {standard_task_runner.py:76} INFO - Running: ['***', 'tasks', 'run', 'h1b_lca_data', 'format_csv_to_parquet_task', 'scheduled__2021-01-10T06:00:00+00:00', '--job-id', '328', '--raw', '--subdir', 'DAGS_FOLDER/upload_h1b_data_to_gcp.py', '--cfg-path', '/tmp/tmp95q7rh7w', '--error-file', '/tmp/tmpkjbv1c03']
[2022-08-25 21:04:00,565] {standard_task_runner.py:77} INFO - Job 328: Subtask format_csv_to_parquet_task
[2022-08-25 21:04:00,633] {logging_mixin.py:109} INFO - Running <TaskInstance: h1b_lca_data.format_csv_to_parquet_task scheduled__2021-01-10T06:00:00+00:00 [running]> on host c8cac1ea6d9c
[2022-08-25 21:04:00,695] {warnings.py:110} WARNING - /home/***/.local/lib/python3.7/site-packages/***/utils/context.py:152: AirflowContextDeprecationWarning: Accessing 'execution_date' from the template is deprecated and will be removed in a future version. Please use 'data_interval_start' or 'logical_date' instead.
  warnings.warn(_create_deprecation_warning(key, self._deprecation_replacements[key]))

[2022-08-25 21:04:00,720] {taskinstance.py:1426} INFO - Exporting the following env vars:
AIRFLOW_CTX_DAG_OWNER=***
AIRFLOW_CTX_DAG_ID=h1b_lca_data
AIRFLOW_CTX_TASK_ID=format_csv_to_parquet_task
AIRFLOW_CTX_EXECUTION_DATE=2021-01-10T06:00:00+00:00
AIRFLOW_CTX_DAG_RUN_ID=scheduled__2021-01-10T06:00:00+00:00
[2022-08-25 21:04:00,722] {upload_h1b_data_to_gcp.py:79} ERROR - Can only accept source files in CSV format, for the moment
[2022-08-25 21:04:00,723] {python.py:175} INFO - Done. Returned value was: None
[2022-08-25 21:04:00,743] {taskinstance.py:1277} INFO - Marking task as SUCCESS. dag_id=h1b_lca_data, task_id=format_csv_to_parquet_task, execution_date=20210110T060000, start_date=20220825T210400, end_date=20220825T210400
[2022-08-25 21:04:00,817] {local_task_job.py:154} INFO - Task exited with return code 0
[2022-08-25 21:04:00,867] {local_task_job.py:264} INFO - 0 downstream tasks scheduled from follow-on schedule check
