[2022-08-17 15:51:54,983] {taskinstance.py:1032} INFO - Dependencies all met for <TaskInstance: bar_data_dag.entry_task manual__2022-08-17T15:51:53.623971+00:00 [queued]>
[2022-08-17 15:51:55,000] {taskinstance.py:1032} INFO - Dependencies all met for <TaskInstance: bar_data_dag.entry_task manual__2022-08-17T15:51:53.623971+00:00 [queued]>
[2022-08-17 15:51:55,001] {taskinstance.py:1238} INFO - 
--------------------------------------------------------------------------------
[2022-08-17 15:51:55,002] {taskinstance.py:1239} INFO - Starting attempt 1 of 1
[2022-08-17 15:51:55,002] {taskinstance.py:1240} INFO - 
--------------------------------------------------------------------------------
[2022-08-17 15:51:55,019] {taskinstance.py:1259} INFO - Executing <Task(BashOperator): entry_task> on 2022-08-17 15:51:53.623971+00:00
[2022-08-17 15:51:55,027] {standard_task_runner.py:52} INFO - Started process 2777 to run task
[2022-08-17 15:51:55,033] {standard_task_runner.py:76} INFO - Running: ['***', 'tasks', 'run', 'bar_data_dag', 'entry_task', 'manual__2022-08-17T15:51:53.623971+00:00', '--job-id', '167', '--raw', '--subdir', 'DAGS_FOLDER/upload_bar_data.py', '--cfg-path', '/tmp/tmpsb717_sp', '--error-file', '/tmp/tmp_h_0lne3']
[2022-08-17 15:51:55,035] {standard_task_runner.py:77} INFO - Job 167: Subtask entry_task
[2022-08-17 15:51:55,146] {logging_mixin.py:109} INFO - Running <TaskInstance: bar_data_dag.entry_task manual__2022-08-17T15:51:53.623971+00:00 [running]> on host 68a051b485fc
[2022-08-17 15:51:55,250] {taskinstance.py:1426} INFO - Exporting the following env vars:
AIRFLOW_CTX_DAG_OWNER=***
AIRFLOW_CTX_DAG_ID=bar_data_dag
AIRFLOW_CTX_TASK_ID=entry_task
AIRFLOW_CTX_EXECUTION_DATE=2022-08-17T15:51:53.623971+00:00
AIRFLOW_CTX_DAG_RUN_ID=manual__2022-08-17T15:51:53.623971+00:00
[2022-08-17 15:51:55,256] {subprocess.py:62} INFO - Tmp dir root location: 
 /tmp
[2022-08-17 15:51:55,258] {subprocess.py:74} INFO - Running command: ['bash', '-c', 'echo entering the dag']
[2022-08-17 15:51:55,286] {subprocess.py:85} INFO - Output:
[2022-08-17 15:51:55,298] {subprocess.py:89} INFO - entering the dag
[2022-08-17 15:51:55,300] {subprocess.py:93} INFO - Command exited with return code 0
[2022-08-17 15:51:55,371] {taskinstance.py:1277} INFO - Marking task as SUCCESS. dag_id=bar_data_dag, task_id=entry_task, execution_date=20220817T155153, start_date=20220817T155154, end_date=20220817T155155
[2022-08-17 15:51:55,419] {local_task_job.py:154} INFO - Task exited with return code 0
[2022-08-17 15:51:55,585] {local_task_job.py:264} INFO - 1 downstream tasks scheduled from follow-on schedule check
