[2022-08-25 21:39:59,308] {taskinstance.py:1032} INFO - Dependencies all met for <TaskInstance: h1b_lca_data.local_to_gcs_task scheduled__2021-01-10T06:00:00+00:00 [queued]>
[2022-08-25 21:39:59,320] {taskinstance.py:1032} INFO - Dependencies all met for <TaskInstance: h1b_lca_data.local_to_gcs_task scheduled__2021-01-10T06:00:00+00:00 [queued]>
[2022-08-25 21:39:59,321] {taskinstance.py:1238} INFO - 
--------------------------------------------------------------------------------
[2022-08-25 21:39:59,322] {taskinstance.py:1239} INFO - Starting attempt 1 of 1
[2022-08-25 21:39:59,323] {taskinstance.py:1240} INFO - 
--------------------------------------------------------------------------------
[2022-08-25 21:39:59,335] {taskinstance.py:1259} INFO - Executing <Task(PythonOperator): local_to_gcs_task> on 2021-01-10 06:00:00+00:00
[2022-08-25 21:39:59,342] {standard_task_runner.py:52} INFO - Started process 3613 to run task
[2022-08-25 21:39:59,347] {standard_task_runner.py:76} INFO - Running: ['***', 'tasks', 'run', 'h1b_lca_data', 'local_to_gcs_task', 'scheduled__2021-01-10T06:00:00+00:00', '--job-id', '339', '--raw', '--subdir', 'DAGS_FOLDER/upload_h1b_data_to_gcp.py', '--cfg-path', '/tmp/tmpc3nmo5wq', '--error-file', '/tmp/tmp4z8f6qyi']
[2022-08-25 21:39:59,348] {standard_task_runner.py:77} INFO - Job 339: Subtask local_to_gcs_task
[2022-08-25 21:39:59,420] {logging_mixin.py:109} INFO - Running <TaskInstance: h1b_lca_data.local_to_gcs_task scheduled__2021-01-10T06:00:00+00:00 [running]> on host c8cac1ea6d9c
[2022-08-25 21:39:59,473] {warnings.py:110} WARNING - /home/***/.local/lib/python3.7/site-packages/***/utils/context.py:152: AirflowContextDeprecationWarning: Accessing 'execution_date' from the template is deprecated and will be removed in a future version. Please use 'data_interval_start' or 'logical_date' instead.
  warnings.warn(_create_deprecation_warning(key, self._deprecation_replacements[key]))

[2022-08-25 21:39:59,500] {taskinstance.py:1426} INFO - Exporting the following env vars:
AIRFLOW_CTX_DAG_OWNER=***
AIRFLOW_CTX_DAG_ID=h1b_lca_data
AIRFLOW_CTX_TASK_ID=local_to_gcs_task
AIRFLOW_CTX_EXECUTION_DATE=2021-01-10T06:00:00+00:00
AIRFLOW_CTX_DAG_RUN_ID=scheduled__2021-01-10T06:00:00+00:00
[2022-08-25 21:41:02,642] {python.py:175} INFO - Done. Returned value was: None
[2022-08-25 21:41:02,661] {taskinstance.py:1277} INFO - Marking task as SUCCESS. dag_id=h1b_lca_data, task_id=local_to_gcs_task, execution_date=20210110T060000, start_date=20220825T213959, end_date=20220825T214102
[2022-08-25 21:41:02,954] {local_task_job.py:154} INFO - Task exited with return code 0
[2022-08-25 21:41:03,004] {local_task_job.py:264} INFO - 0 downstream tasks scheduled from follow-on schedule check
