[2022-08-27 20:01:55,475] {processor.py:163} INFO - Started process (PID=1993) to work on /opt/airflow/dags/nyt_caller.py
[2022-08-27 20:01:55,480] {processor.py:642} INFO - Processing file /opt/airflow/dags/nyt_caller.py for tasks to queue
[2022-08-27 20:01:55,482] {logging_mixin.py:109} INFO - [2022-08-27 20:01:55,482] {dagbag.py:500} INFO - Filling up the DagBag from /opt/airflow/dags/nyt_caller.py
[2022-08-27 20:01:55,529] {processor.py:654} INFO - DAG(s) dict_keys(['weatherServiceCall']) retrieved from /opt/airflow/dags/nyt_caller.py
[2022-08-27 20:01:55,759] {logging_mixin.py:109} INFO - [2022-08-27 20:01:55,758] {dag.py:2396} INFO - Sync 1 DAGs
[2022-08-27 20:01:55,783] {logging_mixin.py:109} INFO - [2022-08-27 20:01:55,783] {dag.py:2935} INFO - Setting next_dagrun for weatherServiceCall to 2022-08-27T20:00:00+00:00
[2022-08-27 20:01:55,802] {processor.py:171} INFO - Processing /opt/airflow/dags/nyt_caller.py took 0.338 seconds
[2022-08-27 20:02:10,292] {processor.py:163} INFO - Started process (PID=2010) to work on /opt/airflow/dags/nyt_caller.py
[2022-08-27 20:02:10,294] {processor.py:642} INFO - Processing file /opt/airflow/dags/nyt_caller.py for tasks to queue
[2022-08-27 20:02:10,296] {logging_mixin.py:109} INFO - [2022-08-27 20:02:10,296] {dagbag.py:500} INFO - Filling up the DagBag from /opt/airflow/dags/nyt_caller.py
[2022-08-27 20:02:10,342] {processor.py:654} INFO - DAG(s) dict_keys(['NYTPopularArticles']) retrieved from /opt/airflow/dags/nyt_caller.py
[2022-08-27 20:02:13,988] {logging_mixin.py:109} INFO - [2022-08-27 20:02:13,987] {manager.py:496} INFO - Created Permission View: can edit on DAG:NYTPopularArticles
[2022-08-27 20:02:14,004] {logging_mixin.py:109} INFO - [2022-08-27 20:02:14,004] {manager.py:496} INFO - Created Permission View: can read on DAG:NYTPopularArticles
[2022-08-27 20:02:14,011] {logging_mixin.py:109} INFO - [2022-08-27 20:02:14,011] {dag.py:2396} INFO - Sync 1 DAGs
[2022-08-27 20:02:14,036] {logging_mixin.py:109} INFO - [2022-08-27 20:02:14,035] {dag.py:2415} INFO - Creating ORM DAG for NYTPopularArticles
[2022-08-27 20:02:14,070] {logging_mixin.py:109} INFO - [2022-08-27 20:02:14,070] {dag.py:2935} INFO - Setting next_dagrun for NYTPopularArticles to 2022-08-26T00:00:00+00:00
[2022-08-27 20:02:14,122] {processor.py:171} INFO - Processing /opt/airflow/dags/nyt_caller.py took 3.834 seconds
[2022-08-27 20:02:44,825] {processor.py:163} INFO - Started process (PID=2050) to work on /opt/airflow/dags/nyt_caller.py
[2022-08-27 20:02:44,828] {processor.py:642} INFO - Processing file /opt/airflow/dags/nyt_caller.py for tasks to queue
[2022-08-27 20:02:44,830] {logging_mixin.py:109} INFO - [2022-08-27 20:02:44,830] {dagbag.py:500} INFO - Filling up the DagBag from /opt/airflow/dags/nyt_caller.py
[2022-08-27 20:02:44,887] {processor.py:654} INFO - DAG(s) dict_keys(['NYTPopularArticles']) retrieved from /opt/airflow/dags/nyt_caller.py
[2022-08-27 20:02:44,908] {logging_mixin.py:109} INFO - [2022-08-27 20:02:44,908] {dag.py:2396} INFO - Sync 1 DAGs
[2022-08-27 20:02:44,941] {logging_mixin.py:109} INFO - [2022-08-27 20:02:44,941] {dag.py:2935} INFO - Setting next_dagrun for NYTPopularArticles to 2022-08-26T00:30:00+00:00
[2022-08-27 20:02:44,954] {processor.py:171} INFO - Processing /opt/airflow/dags/nyt_caller.py took 0.136 seconds
[2022-08-27 20:03:15,072] {processor.py:163} INFO - Started process (PID=2076) to work on /opt/airflow/dags/nyt_caller.py
[2022-08-27 20:03:15,073] {processor.py:642} INFO - Processing file /opt/airflow/dags/nyt_caller.py for tasks to queue
[2022-08-27 20:03:15,075] {logging_mixin.py:109} INFO - [2022-08-27 20:03:15,075] {dagbag.py:500} INFO - Filling up the DagBag from /opt/airflow/dags/nyt_caller.py
[2022-08-27 20:03:15,121] {processor.py:654} INFO - DAG(s) dict_keys(['NYTPopularArticles']) retrieved from /opt/airflow/dags/nyt_caller.py
[2022-08-27 20:03:15,132] {logging_mixin.py:109} INFO - [2022-08-27 20:03:15,132] {dag.py:2396} INFO - Sync 1 DAGs
[2022-08-27 20:03:15,162] {logging_mixin.py:109} INFO - [2022-08-27 20:03:15,162] {dag.py:2935} INFO - Setting next_dagrun for NYTPopularArticles to 2022-08-26T00:30:00+00:00
[2022-08-27 20:03:15,179] {processor.py:171} INFO - Processing /opt/airflow/dags/nyt_caller.py took 0.111 seconds
[2022-08-27 20:03:45,432] {processor.py:163} INFO - Started process (PID=2102) to work on /opt/airflow/dags/nyt_caller.py
[2022-08-27 20:03:45,437] {processor.py:642} INFO - Processing file /opt/airflow/dags/nyt_caller.py for tasks to queue
[2022-08-27 20:03:45,438] {logging_mixin.py:109} INFO - [2022-08-27 20:03:45,438] {dagbag.py:500} INFO - Filling up the DagBag from /opt/airflow/dags/nyt_caller.py
[2022-08-27 20:03:45,512] {processor.py:654} INFO - DAG(s) dict_keys(['NYTPopularArticles']) retrieved from /opt/airflow/dags/nyt_caller.py
[2022-08-27 20:03:46,461] {logging_mixin.py:109} INFO - [2022-08-27 20:03:46,461] {dag.py:2396} INFO - Sync 1 DAGs
[2022-08-27 20:03:46,528] {logging_mixin.py:109} INFO - [2022-08-27 20:03:46,528] {dag.py:2935} INFO - Setting next_dagrun for NYTPopularArticles to 2022-08-26 16:05:00+00:00
[2022-08-27 20:03:46,602] {processor.py:171} INFO - Processing /opt/airflow/dags/nyt_caller.py took 1.183 seconds
[2022-08-27 20:04:10,533] {processor.py:163} INFO - Started process (PID=2124) to work on /opt/airflow/dags/nyt_caller.py
[2022-08-27 20:04:10,537] {processor.py:642} INFO - Processing file /opt/airflow/dags/nyt_caller.py for tasks to queue
[2022-08-27 20:04:10,540] {logging_mixin.py:109} INFO - [2022-08-27 20:04:10,539] {dagbag.py:500} INFO - Filling up the DagBag from /opt/airflow/dags/nyt_caller.py
[2022-08-27 20:04:10,603] {processor.py:654} INFO - DAG(s) dict_keys(['NYTPopularArticles']) retrieved from /opt/airflow/dags/nyt_caller.py
[2022-08-27 20:04:10,611] {logging_mixin.py:109} INFO - [2022-08-27 20:04:10,611] {dag.py:2396} INFO - Sync 1 DAGs
[2022-08-27 20:04:10,640] {logging_mixin.py:109} INFO - [2022-08-27 20:04:10,640] {dag.py:2935} INFO - Setting next_dagrun for NYTPopularArticles to 2022-08-27T16:05:00+00:00
[2022-08-27 20:04:10,669] {processor.py:171} INFO - Processing /opt/airflow/dags/nyt_caller.py took 0.141 seconds
[2022-08-27 20:04:18,760] {processor.py:163} INFO - Started process (PID=2131) to work on /opt/airflow/dags/nyt_caller.py
[2022-08-27 20:04:18,762] {processor.py:642} INFO - Processing file /opt/airflow/dags/nyt_caller.py for tasks to queue
[2022-08-27 20:04:18,764] {logging_mixin.py:109} INFO - [2022-08-27 20:04:18,763] {dagbag.py:500} INFO - Filling up the DagBag from /opt/airflow/dags/nyt_caller.py
[2022-08-27 20:04:18,810] {processor.py:654} INFO - DAG(s) dict_keys(['NYTPopularArticles']) retrieved from /opt/airflow/dags/nyt_caller.py
[2022-08-27 20:04:19,021] {logging_mixin.py:109} INFO - [2022-08-27 20:04:19,020] {dag.py:2396} INFO - Sync 1 DAGs
[2022-08-27 20:04:19,039] {logging_mixin.py:109} INFO - [2022-08-27 20:04:19,039] {dag.py:2935} INFO - Setting next_dagrun for NYTPopularArticles to 2022-08-27T16:05:00+00:00
[2022-08-27 20:04:19,054] {processor.py:171} INFO - Processing /opt/airflow/dags/nyt_caller.py took 0.301 seconds
[2022-08-27 20:04:49,862] {processor.py:163} INFO - Started process (PID=2172) to work on /opt/airflow/dags/nyt_caller.py
[2022-08-27 20:04:49,864] {processor.py:642} INFO - Processing file /opt/airflow/dags/nyt_caller.py for tasks to queue
[2022-08-27 20:04:49,866] {logging_mixin.py:109} INFO - [2022-08-27 20:04:49,866] {dagbag.py:500} INFO - Filling up the DagBag from /opt/airflow/dags/nyt_caller.py
[2022-08-27 20:04:49,906] {processor.py:654} INFO - DAG(s) dict_keys(['NYTPopularArticles']) retrieved from /opt/airflow/dags/nyt_caller.py
[2022-08-27 20:04:49,919] {logging_mixin.py:109} INFO - [2022-08-27 20:04:49,919] {dag.py:2396} INFO - Sync 1 DAGs
[2022-08-27 20:04:49,940] {logging_mixin.py:109} INFO - [2022-08-27 20:04:49,940] {dag.py:2935} INFO - Setting next_dagrun for NYTPopularArticles to 2022-08-27T16:05:00+00:00
[2022-08-27 20:04:49,950] {processor.py:171} INFO - Processing /opt/airflow/dags/nyt_caller.py took 0.093 seconds
[2022-08-27 20:05:07,880] {processor.py:163} INFO - Started process (PID=2182) to work on /opt/airflow/dags/nyt_caller.py
[2022-08-27 20:05:07,883] {processor.py:642} INFO - Processing file /opt/airflow/dags/nyt_caller.py for tasks to queue
[2022-08-27 20:05:07,884] {logging_mixin.py:109} INFO - [2022-08-27 20:05:07,884] {dagbag.py:500} INFO - Filling up the DagBag from /opt/airflow/dags/nyt_caller.py
[2022-08-27 20:05:07,936] {processor.py:654} INFO - DAG(s) dict_keys(['NYTPopularArticles']) retrieved from /opt/airflow/dags/nyt_caller.py
[2022-08-27 20:05:08,164] {logging_mixin.py:109} INFO - [2022-08-27 20:05:08,164] {dag.py:2396} INFO - Sync 1 DAGs
[2022-08-27 20:05:08,186] {logging_mixin.py:109} INFO - [2022-08-27 20:05:08,186] {dag.py:2935} INFO - Setting next_dagrun for NYTPopularArticles to 2022-08-27T16:05:00+00:00
[2022-08-27 20:05:08,204] {processor.py:171} INFO - Processing /opt/airflow/dags/nyt_caller.py took 0.328 seconds
[2022-08-27 20:05:38,467] {processor.py:163} INFO - Started process (PID=2220) to work on /opt/airflow/dags/nyt_caller.py
[2022-08-27 20:05:38,470] {processor.py:642} INFO - Processing file /opt/airflow/dags/nyt_caller.py for tasks to queue
[2022-08-27 20:05:38,471] {logging_mixin.py:109} INFO - [2022-08-27 20:05:38,471] {dagbag.py:500} INFO - Filling up the DagBag from /opt/airflow/dags/nyt_caller.py
[2022-08-27 20:05:38,519] {processor.py:654} INFO - DAG(s) dict_keys(['NYTPopularArticles']) retrieved from /opt/airflow/dags/nyt_caller.py
[2022-08-27 20:05:38,542] {logging_mixin.py:109} INFO - [2022-08-27 20:05:38,542] {dag.py:2396} INFO - Sync 1 DAGs
[2022-08-27 20:05:38,577] {logging_mixin.py:109} INFO - [2022-08-27 20:05:38,577] {dag.py:2935} INFO - Setting next_dagrun for NYTPopularArticles to 2022-08-27T16:05:00+00:00
[2022-08-27 20:05:38,597] {processor.py:171} INFO - Processing /opt/airflow/dags/nyt_caller.py took 0.134 seconds
[2022-08-27 20:05:53,427] {processor.py:163} INFO - Started process (PID=2238) to work on /opt/airflow/dags/nyt_caller.py
[2022-08-27 20:05:53,429] {processor.py:642} INFO - Processing file /opt/airflow/dags/nyt_caller.py for tasks to queue
[2022-08-27 20:05:53,430] {logging_mixin.py:109} INFO - [2022-08-27 20:05:53,430] {dagbag.py:500} INFO - Filling up the DagBag from /opt/airflow/dags/nyt_caller.py
[2022-08-27 20:05:53,478] {processor.py:654} INFO - DAG(s) dict_keys(['NYTPopularArticles']) retrieved from /opt/airflow/dags/nyt_caller.py
[2022-08-27 20:05:53,714] {logging_mixin.py:109} INFO - [2022-08-27 20:05:53,714] {dag.py:2396} INFO - Sync 1 DAGs
[2022-08-27 20:05:53,734] {logging_mixin.py:109} INFO - [2022-08-27 20:05:53,733] {dag.py:2935} INFO - Setting next_dagrun for NYTPopularArticles to 2022-08-27T16:05:00+00:00
[2022-08-27 20:05:53,749] {processor.py:171} INFO - Processing /opt/airflow/dags/nyt_caller.py took 0.326 seconds
[2022-08-27 20:06:23,872] {processor.py:163} INFO - Started process (PID=2265) to work on /opt/airflow/dags/nyt_caller.py
[2022-08-27 20:06:23,874] {processor.py:642} INFO - Processing file /opt/airflow/dags/nyt_caller.py for tasks to queue
[2022-08-27 20:06:23,875] {logging_mixin.py:109} INFO - [2022-08-27 20:06:23,875] {dagbag.py:500} INFO - Filling up the DagBag from /opt/airflow/dags/nyt_caller.py
[2022-08-27 20:06:23,911] {processor.py:654} INFO - DAG(s) dict_keys(['NYTPopularArticles']) retrieved from /opt/airflow/dags/nyt_caller.py
[2022-08-27 20:06:23,925] {logging_mixin.py:109} INFO - [2022-08-27 20:06:23,925] {dag.py:2396} INFO - Sync 1 DAGs
[2022-08-27 20:06:23,946] {logging_mixin.py:109} INFO - [2022-08-27 20:06:23,946] {dag.py:2935} INFO - Setting next_dagrun for NYTPopularArticles to 2022-08-27T16:05:00+00:00
[2022-08-27 20:06:23,956] {processor.py:171} INFO - Processing /opt/airflow/dags/nyt_caller.py took 0.088 seconds
[2022-08-27 20:06:54,181] {processor.py:163} INFO - Started process (PID=2292) to work on /opt/airflow/dags/nyt_caller.py
[2022-08-27 20:06:54,184] {processor.py:642} INFO - Processing file /opt/airflow/dags/nyt_caller.py for tasks to queue
[2022-08-27 20:06:54,185] {logging_mixin.py:109} INFO - [2022-08-27 20:06:54,185] {dagbag.py:500} INFO - Filling up the DagBag from /opt/airflow/dags/nyt_caller.py
[2022-08-27 20:06:54,227] {processor.py:654} INFO - DAG(s) dict_keys(['NYTPopularArticles']) retrieved from /opt/airflow/dags/nyt_caller.py
[2022-08-27 20:06:54,238] {logging_mixin.py:109} INFO - [2022-08-27 20:06:54,238] {dag.py:2396} INFO - Sync 1 DAGs
[2022-08-27 20:06:54,258] {logging_mixin.py:109} INFO - [2022-08-27 20:06:54,258] {dag.py:2935} INFO - Setting next_dagrun for NYTPopularArticles to 2022-08-27T16:05:00+00:00
[2022-08-27 20:06:54,268] {processor.py:171} INFO - Processing /opt/airflow/dags/nyt_caller.py took 0.092 seconds
[2022-08-27 20:07:24,311] {processor.py:163} INFO - Started process (PID=2330) to work on /opt/airflow/dags/nyt_caller.py
[2022-08-27 20:07:24,314] {processor.py:642} INFO - Processing file /opt/airflow/dags/nyt_caller.py for tasks to queue
[2022-08-27 20:07:24,315] {logging_mixin.py:109} INFO - [2022-08-27 20:07:24,315] {dagbag.py:500} INFO - Filling up the DagBag from /opt/airflow/dags/nyt_caller.py
[2022-08-27 20:07:24,354] {processor.py:654} INFO - DAG(s) dict_keys(['NYTPopularArticles']) retrieved from /opt/airflow/dags/nyt_caller.py
[2022-08-27 20:07:24,366] {logging_mixin.py:109} INFO - [2022-08-27 20:07:24,366] {dag.py:2396} INFO - Sync 1 DAGs
[2022-08-27 20:07:24,388] {logging_mixin.py:109} INFO - [2022-08-27 20:07:24,388] {dag.py:2935} INFO - Setting next_dagrun for NYTPopularArticles to 2022-08-27T16:05:00+00:00
[2022-08-27 20:07:24,399] {processor.py:171} INFO - Processing /opt/airflow/dags/nyt_caller.py took 0.092 seconds
[2022-08-27 20:07:54,907] {processor.py:163} INFO - Started process (PID=2358) to work on /opt/airflow/dags/nyt_caller.py
[2022-08-27 20:07:55,065] {processor.py:642} INFO - Processing file /opt/airflow/dags/nyt_caller.py for tasks to queue
[2022-08-27 20:07:55,103] {logging_mixin.py:109} INFO - [2022-08-27 20:07:55,097] {dagbag.py:500} INFO - Filling up the DagBag from /opt/airflow/dags/nyt_caller.py
[2022-08-27 20:07:55,764] {processor.py:654} INFO - DAG(s) dict_keys(['NYTPopularArticles']) retrieved from /opt/airflow/dags/nyt_caller.py
[2022-08-27 20:07:55,915] {logging_mixin.py:109} INFO - [2022-08-27 20:07:55,914] {dag.py:2396} INFO - Sync 1 DAGs
[2022-08-27 20:07:56,480] {logging_mixin.py:109} INFO - [2022-08-27 20:07:56,479] {dag.py:2935} INFO - Setting next_dagrun for NYTPopularArticles to 2022-08-27T16:05:00+00:00
[2022-08-27 20:07:56,643] {processor.py:171} INFO - Processing /opt/airflow/dags/nyt_caller.py took 1.777 seconds
[2022-08-27 20:28:04,141] {processor.py:163} INFO - Started process (PID=2359) to work on /opt/airflow/dags/nyt_caller.py
[2022-08-27 20:28:04,238] {processor.py:642} INFO - Processing file /opt/airflow/dags/nyt_caller.py for tasks to queue
[2022-08-27 20:28:04,317] {logging_mixin.py:109} INFO - [2022-08-27 20:28:04,292] {dagbag.py:500} INFO - Filling up the DagBag from /opt/airflow/dags/nyt_caller.py
[2022-08-27 20:28:05,701] {processor.py:654} INFO - DAG(s) dict_keys(['NYTPopularArticles']) retrieved from /opt/airflow/dags/nyt_caller.py
[2022-08-27 20:28:06,081] {logging_mixin.py:109} INFO - [2022-08-27 20:28:06,080] {dag.py:2396} INFO - Sync 1 DAGs
[2022-08-27 20:28:07,099] {logging_mixin.py:109} INFO - [2022-08-27 20:28:07,095] {dag.py:2935} INFO - Setting next_dagrun for NYTPopularArticles to 2022-08-27T16:05:00+00:00
[2022-08-27 20:28:07,459] {processor.py:171} INFO - Processing /opt/airflow/dags/nyt_caller.py took 3.510 seconds
