[2022-08-27 19:15:53,833] {processor.py:163} INFO - Started process (PID=38) to work on /opt/airflow/dags/upload_h1b_data_to_gcp.py
[2022-08-27 19:15:53,836] {processor.py:642} INFO - Processing file /opt/airflow/dags/upload_h1b_data_to_gcp.py for tasks to queue
[2022-08-27 19:15:53,839] {logging_mixin.py:109} INFO - [2022-08-27 19:15:53,838] {dagbag.py:500} INFO - Filling up the DagBag from /opt/airflow/dags/upload_h1b_data_to_gcp.py
[2022-08-27 19:15:55,579] {processor.py:654} INFO - DAG(s) dict_keys(['h1b_lca_data']) retrieved from /opt/airflow/dags/upload_h1b_data_to_gcp.py
[2022-08-27 19:15:55,593] {logging_mixin.py:109} INFO - [2022-08-27 19:15:55,593] {dag.py:2396} INFO - Sync 1 DAGs
[2022-08-27 19:15:55,614] {logging_mixin.py:109} INFO - [2022-08-27 19:15:55,613] {dag.py:2935} INFO - Setting next_dagrun for h1b_lca_data to 2022-07-10T06:00:00+00:00
[2022-08-27 19:15:55,629] {processor.py:171} INFO - Processing /opt/airflow/dags/upload_h1b_data_to_gcp.py took 1.811 seconds
[2022-08-27 19:16:25,785] {processor.py:163} INFO - Started process (PID=64) to work on /opt/airflow/dags/upload_h1b_data_to_gcp.py
[2022-08-27 19:16:25,788] {processor.py:642} INFO - Processing file /opt/airflow/dags/upload_h1b_data_to_gcp.py for tasks to queue
[2022-08-27 19:16:25,790] {logging_mixin.py:109} INFO - [2022-08-27 19:16:25,790] {dagbag.py:500} INFO - Filling up the DagBag from /opt/airflow/dags/upload_h1b_data_to_gcp.py
[2022-08-27 19:16:26,408] {processor.py:654} INFO - DAG(s) dict_keys(['h1b_lca_data']) retrieved from /opt/airflow/dags/upload_h1b_data_to_gcp.py
[2022-08-27 19:16:26,420] {logging_mixin.py:109} INFO - [2022-08-27 19:16:26,419] {dag.py:2396} INFO - Sync 1 DAGs
[2022-08-27 19:16:26,437] {logging_mixin.py:109} INFO - [2022-08-27 19:16:26,437] {dag.py:2935} INFO - Setting next_dagrun for h1b_lca_data to 2022-07-10T06:00:00+00:00
[2022-08-27 19:16:26,448] {processor.py:171} INFO - Processing /opt/airflow/dags/upload_h1b_data_to_gcp.py took 0.670 seconds
[2022-08-27 19:16:56,554] {processor.py:163} INFO - Started process (PID=99) to work on /opt/airflow/dags/upload_h1b_data_to_gcp.py
[2022-08-27 19:16:56,556] {processor.py:642} INFO - Processing file /opt/airflow/dags/upload_h1b_data_to_gcp.py for tasks to queue
[2022-08-27 19:16:56,557] {logging_mixin.py:109} INFO - [2022-08-27 19:16:56,557] {dagbag.py:500} INFO - Filling up the DagBag from /opt/airflow/dags/upload_h1b_data_to_gcp.py
[2022-08-27 19:16:57,232] {processor.py:654} INFO - DAG(s) dict_keys(['h1b_lca_data']) retrieved from /opt/airflow/dags/upload_h1b_data_to_gcp.py
[2022-08-27 19:16:57,245] {logging_mixin.py:109} INFO - [2022-08-27 19:16:57,245] {dag.py:2396} INFO - Sync 1 DAGs
[2022-08-27 19:16:57,271] {logging_mixin.py:109} INFO - [2022-08-27 19:16:57,271] {dag.py:2935} INFO - Setting next_dagrun for h1b_lca_data to 2022-07-10T06:00:00+00:00
[2022-08-27 19:16:57,283] {processor.py:171} INFO - Processing /opt/airflow/dags/upload_h1b_data_to_gcp.py took 0.734 seconds
[2022-08-27 19:17:27,426] {processor.py:163} INFO - Started process (PID=124) to work on /opt/airflow/dags/upload_h1b_data_to_gcp.py
[2022-08-27 19:17:27,429] {processor.py:642} INFO - Processing file /opt/airflow/dags/upload_h1b_data_to_gcp.py for tasks to queue
[2022-08-27 19:17:27,431] {logging_mixin.py:109} INFO - [2022-08-27 19:17:27,431] {dagbag.py:500} INFO - Filling up the DagBag from /opt/airflow/dags/upload_h1b_data_to_gcp.py
[2022-08-27 19:17:28,580] {processor.py:654} INFO - DAG(s) dict_keys(['h1b_lca_data']) retrieved from /opt/airflow/dags/upload_h1b_data_to_gcp.py
[2022-08-27 19:17:28,598] {logging_mixin.py:109} INFO - [2022-08-27 19:17:28,597] {dag.py:2396} INFO - Sync 1 DAGs
[2022-08-27 19:17:28,630] {logging_mixin.py:109} INFO - [2022-08-27 19:17:28,629] {dag.py:2935} INFO - Setting next_dagrun for h1b_lca_data to 2022-07-10T06:00:00+00:00
[2022-08-27 19:17:28,685] {processor.py:171} INFO - Processing /opt/airflow/dags/upload_h1b_data_to_gcp.py took 1.263 seconds
[2022-08-27 19:17:58,806] {processor.py:163} INFO - Started process (PID=158) to work on /opt/airflow/dags/upload_h1b_data_to_gcp.py
[2022-08-27 19:17:58,808] {processor.py:642} INFO - Processing file /opt/airflow/dags/upload_h1b_data_to_gcp.py for tasks to queue
[2022-08-27 19:17:58,810] {logging_mixin.py:109} INFO - [2022-08-27 19:17:58,810] {dagbag.py:500} INFO - Filling up the DagBag from /opt/airflow/dags/upload_h1b_data_to_gcp.py
[2022-08-27 19:17:59,523] {processor.py:654} INFO - DAG(s) dict_keys(['h1b_lca_data']) retrieved from /opt/airflow/dags/upload_h1b_data_to_gcp.py
[2022-08-27 19:17:59,534] {logging_mixin.py:109} INFO - [2022-08-27 19:17:59,534] {dag.py:2396} INFO - Sync 1 DAGs
[2022-08-27 19:17:59,552] {logging_mixin.py:109} INFO - [2022-08-27 19:17:59,552] {dag.py:2935} INFO - Setting next_dagrun for h1b_lca_data to 2022-07-10T06:00:00+00:00
[2022-08-27 19:17:59,564] {processor.py:171} INFO - Processing /opt/airflow/dags/upload_h1b_data_to_gcp.py took 0.762 seconds
[2022-08-27 19:18:29,626] {processor.py:163} INFO - Started process (PID=184) to work on /opt/airflow/dags/upload_h1b_data_to_gcp.py
[2022-08-27 19:18:29,629] {processor.py:642} INFO - Processing file /opt/airflow/dags/upload_h1b_data_to_gcp.py for tasks to queue
[2022-08-27 19:18:29,631] {logging_mixin.py:109} INFO - [2022-08-27 19:18:29,631] {dagbag.py:500} INFO - Filling up the DagBag from /opt/airflow/dags/upload_h1b_data_to_gcp.py
[2022-08-27 19:18:30,227] {processor.py:654} INFO - DAG(s) dict_keys(['h1b_lca_data']) retrieved from /opt/airflow/dags/upload_h1b_data_to_gcp.py
[2022-08-27 19:18:30,238] {logging_mixin.py:109} INFO - [2022-08-27 19:18:30,237] {dag.py:2396} INFO - Sync 1 DAGs
[2022-08-27 19:18:30,255] {logging_mixin.py:109} INFO - [2022-08-27 19:18:30,255] {dag.py:2935} INFO - Setting next_dagrun for h1b_lca_data to 2022-07-10T06:00:00+00:00
[2022-08-27 19:18:30,265] {processor.py:171} INFO - Processing /opt/airflow/dags/upload_h1b_data_to_gcp.py took 0.643 seconds
[2022-08-27 19:26:53,680] {processor.py:163} INFO - Started process (PID=40) to work on /opt/airflow/dags/upload_h1b_data_to_gcp.py
[2022-08-27 19:26:53,682] {processor.py:642} INFO - Processing file /opt/airflow/dags/upload_h1b_data_to_gcp.py for tasks to queue
[2022-08-27 19:26:53,683] {logging_mixin.py:109} INFO - [2022-08-27 19:26:53,683] {dagbag.py:500} INFO - Filling up the DagBag from /opt/airflow/dags/upload_h1b_data_to_gcp.py
[2022-08-27 19:26:56,136] {processor.py:654} INFO - DAG(s) dict_keys(['h1b_lca_data']) retrieved from /opt/airflow/dags/upload_h1b_data_to_gcp.py
[2022-08-27 19:26:56,147] {logging_mixin.py:109} INFO - [2022-08-27 19:26:56,147] {dag.py:2396} INFO - Sync 1 DAGs
[2022-08-27 19:26:56,172] {logging_mixin.py:109} INFO - [2022-08-27 19:26:56,172] {dag.py:2935} INFO - Setting next_dagrun for h1b_lca_data to 2022-07-10T06:00:00+00:00
[2022-08-27 19:26:56,189] {processor.py:171} INFO - Processing /opt/airflow/dags/upload_h1b_data_to_gcp.py took 2.513 seconds
[2022-08-27 19:27:26,273] {processor.py:163} INFO - Started process (PID=65) to work on /opt/airflow/dags/upload_h1b_data_to_gcp.py
[2022-08-27 19:27:26,275] {processor.py:642} INFO - Processing file /opt/airflow/dags/upload_h1b_data_to_gcp.py for tasks to queue
[2022-08-27 19:27:26,277] {logging_mixin.py:109} INFO - [2022-08-27 19:27:26,277] {dagbag.py:500} INFO - Filling up the DagBag from /opt/airflow/dags/upload_h1b_data_to_gcp.py
[2022-08-27 19:27:26,905] {processor.py:654} INFO - DAG(s) dict_keys(['h1b_lca_data']) retrieved from /opt/airflow/dags/upload_h1b_data_to_gcp.py
[2022-08-27 19:27:26,915] {logging_mixin.py:109} INFO - [2022-08-27 19:27:26,915] {dag.py:2396} INFO - Sync 1 DAGs
[2022-08-27 19:27:26,932] {logging_mixin.py:109} INFO - [2022-08-27 19:27:26,932] {dag.py:2935} INFO - Setting next_dagrun for h1b_lca_data to 2022-07-10T06:00:00+00:00
[2022-08-27 19:27:26,941] {processor.py:171} INFO - Processing /opt/airflow/dags/upload_h1b_data_to_gcp.py took 0.673 seconds
[2022-08-27 19:27:57,017] {processor.py:163} INFO - Started process (PID=100) to work on /opt/airflow/dags/upload_h1b_data_to_gcp.py
[2022-08-27 19:27:57,019] {processor.py:642} INFO - Processing file /opt/airflow/dags/upload_h1b_data_to_gcp.py for tasks to queue
[2022-08-27 19:27:57,020] {logging_mixin.py:109} INFO - [2022-08-27 19:27:57,020] {dagbag.py:500} INFO - Filling up the DagBag from /opt/airflow/dags/upload_h1b_data_to_gcp.py
[2022-08-27 19:27:57,624] {processor.py:654} INFO - DAG(s) dict_keys(['h1b_lca_data']) retrieved from /opt/airflow/dags/upload_h1b_data_to_gcp.py
[2022-08-27 19:27:57,637] {logging_mixin.py:109} INFO - [2022-08-27 19:27:57,637] {dag.py:2396} INFO - Sync 1 DAGs
[2022-08-27 19:27:57,656] {logging_mixin.py:109} INFO - [2022-08-27 19:27:57,656] {dag.py:2935} INFO - Setting next_dagrun for h1b_lca_data to 2022-07-10T06:00:00+00:00
[2022-08-27 19:27:57,668] {processor.py:171} INFO - Processing /opt/airflow/dags/upload_h1b_data_to_gcp.py took 0.655 seconds
[2022-08-27 19:28:27,775] {processor.py:163} INFO - Started process (PID=126) to work on /opt/airflow/dags/upload_h1b_data_to_gcp.py
[2022-08-27 19:28:27,778] {processor.py:642} INFO - Processing file /opt/airflow/dags/upload_h1b_data_to_gcp.py for tasks to queue
[2022-08-27 19:28:27,779] {logging_mixin.py:109} INFO - [2022-08-27 19:28:27,779] {dagbag.py:500} INFO - Filling up the DagBag from /opt/airflow/dags/upload_h1b_data_to_gcp.py
[2022-08-27 19:28:28,370] {processor.py:654} INFO - DAG(s) dict_keys(['h1b_lca_data']) retrieved from /opt/airflow/dags/upload_h1b_data_to_gcp.py
[2022-08-27 19:28:28,381] {logging_mixin.py:109} INFO - [2022-08-27 19:28:28,380] {dag.py:2396} INFO - Sync 1 DAGs
[2022-08-27 19:28:28,398] {logging_mixin.py:109} INFO - [2022-08-27 19:28:28,398] {dag.py:2935} INFO - Setting next_dagrun for h1b_lca_data to 2022-07-10T06:00:00+00:00
[2022-08-27 19:28:28,409] {processor.py:171} INFO - Processing /opt/airflow/dags/upload_h1b_data_to_gcp.py took 0.638 seconds
[2022-08-27 19:28:58,492] {processor.py:163} INFO - Started process (PID=163) to work on /opt/airflow/dags/upload_h1b_data_to_gcp.py
[2022-08-27 19:28:58,495] {processor.py:642} INFO - Processing file /opt/airflow/dags/upload_h1b_data_to_gcp.py for tasks to queue
[2022-08-27 19:28:58,497] {logging_mixin.py:109} INFO - [2022-08-27 19:28:58,497] {dagbag.py:500} INFO - Filling up the DagBag from /opt/airflow/dags/upload_h1b_data_to_gcp.py
[2022-08-27 19:28:59,116] {processor.py:654} INFO - DAG(s) dict_keys(['h1b_lca_data']) retrieved from /opt/airflow/dags/upload_h1b_data_to_gcp.py
[2022-08-27 19:28:59,129] {logging_mixin.py:109} INFO - [2022-08-27 19:28:59,128] {dag.py:2396} INFO - Sync 1 DAGs
[2022-08-27 19:28:59,149] {logging_mixin.py:109} INFO - [2022-08-27 19:28:59,149] {dag.py:2935} INFO - Setting next_dagrun for h1b_lca_data to 2022-07-10T06:00:00+00:00
[2022-08-27 19:28:59,168] {processor.py:171} INFO - Processing /opt/airflow/dags/upload_h1b_data_to_gcp.py took 0.681 seconds
[2022-08-27 19:29:29,291] {processor.py:163} INFO - Started process (PID=186) to work on /opt/airflow/dags/upload_h1b_data_to_gcp.py
[2022-08-27 19:29:29,293] {processor.py:642} INFO - Processing file /opt/airflow/dags/upload_h1b_data_to_gcp.py for tasks to queue
[2022-08-27 19:29:29,295] {logging_mixin.py:109} INFO - [2022-08-27 19:29:29,295] {dagbag.py:500} INFO - Filling up the DagBag from /opt/airflow/dags/upload_h1b_data_to_gcp.py
[2022-08-27 19:29:30,036] {processor.py:654} INFO - DAG(s) dict_keys(['h1b_lca_data']) retrieved from /opt/airflow/dags/upload_h1b_data_to_gcp.py
[2022-08-27 19:29:30,047] {logging_mixin.py:109} INFO - [2022-08-27 19:29:30,047] {dag.py:2396} INFO - Sync 1 DAGs
[2022-08-27 19:29:30,065] {logging_mixin.py:109} INFO - [2022-08-27 19:29:30,065] {dag.py:2935} INFO - Setting next_dagrun for h1b_lca_data to 2022-07-10T06:00:00+00:00
[2022-08-27 19:29:30,077] {processor.py:171} INFO - Processing /opt/airflow/dags/upload_h1b_data_to_gcp.py took 0.792 seconds
[2022-08-27 19:30:00,174] {processor.py:163} INFO - Started process (PID=221) to work on /opt/airflow/dags/upload_h1b_data_to_gcp.py
[2022-08-27 19:30:00,177] {processor.py:642} INFO - Processing file /opt/airflow/dags/upload_h1b_data_to_gcp.py for tasks to queue
[2022-08-27 19:30:00,178] {logging_mixin.py:109} INFO - [2022-08-27 19:30:00,178] {dagbag.py:500} INFO - Filling up the DagBag from /opt/airflow/dags/upload_h1b_data_to_gcp.py
[2022-08-27 19:30:00,808] {processor.py:654} INFO - DAG(s) dict_keys(['h1b_lca_data']) retrieved from /opt/airflow/dags/upload_h1b_data_to_gcp.py
[2022-08-27 19:30:00,818] {logging_mixin.py:109} INFO - [2022-08-27 19:30:00,818] {dag.py:2396} INFO - Sync 1 DAGs
[2022-08-27 19:30:00,837] {logging_mixin.py:109} INFO - [2022-08-27 19:30:00,836] {dag.py:2935} INFO - Setting next_dagrun for h1b_lca_data to 2022-07-10T06:00:00+00:00
[2022-08-27 19:30:00,847] {processor.py:171} INFO - Processing /opt/airflow/dags/upload_h1b_data_to_gcp.py took 0.676 seconds
[2022-08-27 19:30:30,964] {processor.py:163} INFO - Started process (PID=247) to work on /opt/airflow/dags/upload_h1b_data_to_gcp.py
[2022-08-27 19:30:30,966] {processor.py:642} INFO - Processing file /opt/airflow/dags/upload_h1b_data_to_gcp.py for tasks to queue
[2022-08-27 19:30:30,968] {logging_mixin.py:109} INFO - [2022-08-27 19:30:30,968] {dagbag.py:500} INFO - Filling up the DagBag from /opt/airflow/dags/upload_h1b_data_to_gcp.py
[2022-08-27 19:30:31,776] {processor.py:654} INFO - DAG(s) dict_keys(['h1b_lca_data']) retrieved from /opt/airflow/dags/upload_h1b_data_to_gcp.py
[2022-08-27 19:30:31,787] {logging_mixin.py:109} INFO - [2022-08-27 19:30:31,786] {dag.py:2396} INFO - Sync 1 DAGs
[2022-08-27 19:30:31,820] {logging_mixin.py:109} INFO - [2022-08-27 19:30:31,820] {dag.py:2935} INFO - Setting next_dagrun for h1b_lca_data to 2022-07-10T06:00:00+00:00
[2022-08-27 19:30:31,835] {processor.py:171} INFO - Processing /opt/airflow/dags/upload_h1b_data_to_gcp.py took 0.877 seconds
[2022-08-27 19:31:02,827] {processor.py:163} INFO - Started process (PID=282) to work on /opt/airflow/dags/upload_h1b_data_to_gcp.py
[2022-08-27 19:31:02,829] {processor.py:642} INFO - Processing file /opt/airflow/dags/upload_h1b_data_to_gcp.py for tasks to queue
[2022-08-27 19:31:02,832] {logging_mixin.py:109} INFO - [2022-08-27 19:31:02,832] {dagbag.py:500} INFO - Filling up the DagBag from /opt/airflow/dags/upload_h1b_data_to_gcp.py
[2022-08-27 19:31:03,693] {processor.py:654} INFO - DAG(s) dict_keys(['h1b_lca_data']) retrieved from /opt/airflow/dags/upload_h1b_data_to_gcp.py
[2022-08-27 19:31:03,717] {logging_mixin.py:109} INFO - [2022-08-27 19:31:03,716] {dag.py:2396} INFO - Sync 1 DAGs
[2022-08-27 19:31:03,759] {logging_mixin.py:109} INFO - [2022-08-27 19:31:03,759] {dag.py:2935} INFO - Setting next_dagrun for h1b_lca_data to 2022-07-10T06:00:00+00:00
[2022-08-27 19:31:03,779] {processor.py:171} INFO - Processing /opt/airflow/dags/upload_h1b_data_to_gcp.py took 0.958 seconds
[2022-08-27 19:31:33,913] {processor.py:163} INFO - Started process (PID=308) to work on /opt/airflow/dags/upload_h1b_data_to_gcp.py
[2022-08-27 19:31:33,915] {processor.py:642} INFO - Processing file /opt/airflow/dags/upload_h1b_data_to_gcp.py for tasks to queue
[2022-08-27 19:31:33,916] {logging_mixin.py:109} INFO - [2022-08-27 19:31:33,916] {dagbag.py:500} INFO - Filling up the DagBag from /opt/airflow/dags/upload_h1b_data_to_gcp.py
[2022-08-27 19:31:34,552] {processor.py:654} INFO - DAG(s) dict_keys(['h1b_lca_data']) retrieved from /opt/airflow/dags/upload_h1b_data_to_gcp.py
[2022-08-27 19:31:34,562] {logging_mixin.py:109} INFO - [2022-08-27 19:31:34,562] {dag.py:2396} INFO - Sync 1 DAGs
[2022-08-27 19:31:34,563] {logging_mixin.py:109} INFO - [2022-08-27 19:31:34,563] {dag.py:2935} INFO - Setting next_dagrun for h1b_lca_data to 2022-07-10T06:00:00+00:00
[2022-08-27 19:31:34,574] {processor.py:171} INFO - Processing /opt/airflow/dags/upload_h1b_data_to_gcp.py took 0.687 seconds
[2022-08-27 19:32:04,781] {processor.py:163} INFO - Started process (PID=335) to work on /opt/airflow/dags/upload_h1b_data_to_gcp.py
[2022-08-27 19:32:04,783] {processor.py:642} INFO - Processing file /opt/airflow/dags/upload_h1b_data_to_gcp.py for tasks to queue
[2022-08-27 19:32:04,785] {logging_mixin.py:109} INFO - [2022-08-27 19:32:04,785] {dagbag.py:500} INFO - Filling up the DagBag from /opt/airflow/dags/upload_h1b_data_to_gcp.py
[2022-08-27 19:32:05,486] {processor.py:654} INFO - DAG(s) dict_keys(['h1b_lca_data']) retrieved from /opt/airflow/dags/upload_h1b_data_to_gcp.py
[2022-08-27 19:32:05,543] {logging_mixin.py:109} INFO - [2022-08-27 19:32:05,542] {dag.py:2396} INFO - Sync 1 DAGs
[2022-08-27 19:32:05,621] {logging_mixin.py:109} INFO - [2022-08-27 19:32:05,620] {dag.py:2935} INFO - Setting next_dagrun for h1b_lca_data to 2022-07-10T06:00:00+00:00
[2022-08-27 19:32:05,641] {processor.py:171} INFO - Processing /opt/airflow/dags/upload_h1b_data_to_gcp.py took 0.864 seconds
[2022-08-27 19:32:35,742] {processor.py:163} INFO - Started process (PID=367) to work on /opt/airflow/dags/upload_h1b_data_to_gcp.py
[2022-08-27 19:32:35,744] {processor.py:642} INFO - Processing file /opt/airflow/dags/upload_h1b_data_to_gcp.py for tasks to queue
[2022-08-27 19:32:35,746] {logging_mixin.py:109} INFO - [2022-08-27 19:32:35,745] {dagbag.py:500} INFO - Filling up the DagBag from /opt/airflow/dags/upload_h1b_data_to_gcp.py
[2022-08-27 19:32:36,452] {processor.py:654} INFO - DAG(s) dict_keys(['h1b_lca_data']) retrieved from /opt/airflow/dags/upload_h1b_data_to_gcp.py
[2022-08-27 19:32:36,465] {logging_mixin.py:109} INFO - [2022-08-27 19:32:36,465] {dag.py:2396} INFO - Sync 1 DAGs
[2022-08-27 19:32:36,493] {logging_mixin.py:109} INFO - [2022-08-27 19:32:36,493] {dag.py:2935} INFO - Setting next_dagrun for h1b_lca_data to 2022-07-10T06:00:00+00:00
[2022-08-27 19:32:36,509] {processor.py:171} INFO - Processing /opt/airflow/dags/upload_h1b_data_to_gcp.py took 0.772 seconds
[2022-08-27 19:33:06,637] {processor.py:163} INFO - Started process (PID=391) to work on /opt/airflow/dags/upload_h1b_data_to_gcp.py
[2022-08-27 19:33:06,639] {processor.py:642} INFO - Processing file /opt/airflow/dags/upload_h1b_data_to_gcp.py for tasks to queue
[2022-08-27 19:33:06,641] {logging_mixin.py:109} INFO - [2022-08-27 19:33:06,641] {dagbag.py:500} INFO - Filling up the DagBag from /opt/airflow/dags/upload_h1b_data_to_gcp.py
[2022-08-27 19:33:07,355] {processor.py:654} INFO - DAG(s) dict_keys(['h1b_lca_data']) retrieved from /opt/airflow/dags/upload_h1b_data_to_gcp.py
[2022-08-27 19:33:07,367] {logging_mixin.py:109} INFO - [2022-08-27 19:33:07,367] {dag.py:2396} INFO - Sync 1 DAGs
[2022-08-27 19:33:07,389] {logging_mixin.py:109} INFO - [2022-08-27 19:33:07,388] {dag.py:2935} INFO - Setting next_dagrun for h1b_lca_data to 2022-07-10T06:00:00+00:00
[2022-08-27 19:33:07,400] {processor.py:171} INFO - Processing /opt/airflow/dags/upload_h1b_data_to_gcp.py took 0.767 seconds
[2022-08-27 19:33:37,501] {processor.py:163} INFO - Started process (PID=428) to work on /opt/airflow/dags/upload_h1b_data_to_gcp.py
[2022-08-27 19:33:37,503] {processor.py:642} INFO - Processing file /opt/airflow/dags/upload_h1b_data_to_gcp.py for tasks to queue
[2022-08-27 19:33:37,504] {logging_mixin.py:109} INFO - [2022-08-27 19:33:37,504] {dagbag.py:500} INFO - Filling up the DagBag from /opt/airflow/dags/upload_h1b_data_to_gcp.py
[2022-08-27 19:33:38,099] {processor.py:654} INFO - DAG(s) dict_keys(['h1b_lca_data']) retrieved from /opt/airflow/dags/upload_h1b_data_to_gcp.py
[2022-08-27 19:33:38,109] {logging_mixin.py:109} INFO - [2022-08-27 19:33:38,109] {dag.py:2396} INFO - Sync 1 DAGs
[2022-08-27 19:33:38,127] {logging_mixin.py:109} INFO - [2022-08-27 19:33:38,127] {dag.py:2935} INFO - Setting next_dagrun for h1b_lca_data to 2022-07-10T06:00:00+00:00
[2022-08-27 19:33:38,138] {processor.py:171} INFO - Processing /opt/airflow/dags/upload_h1b_data_to_gcp.py took 0.641 seconds
[2022-08-27 19:34:08,249] {processor.py:163} INFO - Started process (PID=455) to work on /opt/airflow/dags/upload_h1b_data_to_gcp.py
[2022-08-27 19:34:08,252] {processor.py:642} INFO - Processing file /opt/airflow/dags/upload_h1b_data_to_gcp.py for tasks to queue
[2022-08-27 19:34:08,253] {logging_mixin.py:109} INFO - [2022-08-27 19:34:08,253] {dagbag.py:500} INFO - Filling up the DagBag from /opt/airflow/dags/upload_h1b_data_to_gcp.py
[2022-08-27 19:34:09,089] {processor.py:654} INFO - DAG(s) dict_keys(['h1b_lca_data']) retrieved from /opt/airflow/dags/upload_h1b_data_to_gcp.py
[2022-08-27 19:34:09,100] {logging_mixin.py:109} INFO - [2022-08-27 19:34:09,100] {dag.py:2396} INFO - Sync 1 DAGs
[2022-08-27 19:34:09,118] {logging_mixin.py:109} INFO - [2022-08-27 19:34:09,118] {dag.py:2935} INFO - Setting next_dagrun for h1b_lca_data to 2022-07-10T06:00:00+00:00
[2022-08-27 19:34:09,131] {processor.py:171} INFO - Processing /opt/airflow/dags/upload_h1b_data_to_gcp.py took 0.895 seconds
[2022-08-27 19:34:39,274] {processor.py:163} INFO - Started process (PID=489) to work on /opt/airflow/dags/upload_h1b_data_to_gcp.py
[2022-08-27 19:34:39,276] {processor.py:642} INFO - Processing file /opt/airflow/dags/upload_h1b_data_to_gcp.py for tasks to queue
[2022-08-27 19:34:39,278] {logging_mixin.py:109} INFO - [2022-08-27 19:34:39,278] {dagbag.py:500} INFO - Filling up the DagBag from /opt/airflow/dags/upload_h1b_data_to_gcp.py
[2022-08-27 19:34:40,257] {processor.py:654} INFO - DAG(s) dict_keys(['h1b_lca_data']) retrieved from /opt/airflow/dags/upload_h1b_data_to_gcp.py
[2022-08-27 19:34:40,270] {logging_mixin.py:109} INFO - [2022-08-27 19:34:40,270] {dag.py:2396} INFO - Sync 1 DAGs
[2022-08-27 19:34:40,293] {logging_mixin.py:109} INFO - [2022-08-27 19:34:40,293] {dag.py:2935} INFO - Setting next_dagrun for h1b_lca_data to 2022-07-10T06:00:00+00:00
[2022-08-27 19:34:40,306] {processor.py:171} INFO - Processing /opt/airflow/dags/upload_h1b_data_to_gcp.py took 1.036 seconds
[2022-08-27 19:35:10,418] {processor.py:163} INFO - Started process (PID=516) to work on /opt/airflow/dags/upload_h1b_data_to_gcp.py
[2022-08-27 19:35:10,421] {processor.py:642} INFO - Processing file /opt/airflow/dags/upload_h1b_data_to_gcp.py for tasks to queue
[2022-08-27 19:35:10,424] {logging_mixin.py:109} INFO - [2022-08-27 19:35:10,424] {dagbag.py:500} INFO - Filling up the DagBag from /opt/airflow/dags/upload_h1b_data_to_gcp.py
[2022-08-27 19:35:11,365] {processor.py:654} INFO - DAG(s) dict_keys(['h1b_lca_data']) retrieved from /opt/airflow/dags/upload_h1b_data_to_gcp.py
[2022-08-27 19:35:11,379] {logging_mixin.py:109} INFO - [2022-08-27 19:35:11,378] {dag.py:2396} INFO - Sync 1 DAGs
[2022-08-27 19:35:11,397] {logging_mixin.py:109} INFO - [2022-08-27 19:35:11,397] {dag.py:2935} INFO - Setting next_dagrun for h1b_lca_data to 2022-07-10T06:00:00+00:00
[2022-08-27 19:35:11,406] {processor.py:171} INFO - Processing /opt/airflow/dags/upload_h1b_data_to_gcp.py took 0.992 seconds
[2022-08-27 19:35:41,517] {processor.py:163} INFO - Started process (PID=553) to work on /opt/airflow/dags/upload_h1b_data_to_gcp.py
[2022-08-27 19:35:41,519] {processor.py:642} INFO - Processing file /opt/airflow/dags/upload_h1b_data_to_gcp.py for tasks to queue
[2022-08-27 19:35:41,521] {logging_mixin.py:109} INFO - [2022-08-27 19:35:41,521] {dagbag.py:500} INFO - Filling up the DagBag from /opt/airflow/dags/upload_h1b_data_to_gcp.py
[2022-08-27 19:35:42,185] {processor.py:654} INFO - DAG(s) dict_keys(['h1b_lca_data']) retrieved from /opt/airflow/dags/upload_h1b_data_to_gcp.py
[2022-08-27 19:35:42,198] {logging_mixin.py:109} INFO - [2022-08-27 19:35:42,198] {dag.py:2396} INFO - Sync 1 DAGs
[2022-08-27 19:35:42,219] {logging_mixin.py:109} INFO - [2022-08-27 19:35:42,219] {dag.py:2935} INFO - Setting next_dagrun for h1b_lca_data to 2022-07-10T06:00:00+00:00
[2022-08-27 19:35:42,230] {processor.py:171} INFO - Processing /opt/airflow/dags/upload_h1b_data_to_gcp.py took 0.718 seconds
[2022-08-27 19:36:12,356] {processor.py:163} INFO - Started process (PID=580) to work on /opt/airflow/dags/upload_h1b_data_to_gcp.py
[2022-08-27 19:36:12,359] {processor.py:642} INFO - Processing file /opt/airflow/dags/upload_h1b_data_to_gcp.py for tasks to queue
[2022-08-27 19:36:12,361] {logging_mixin.py:109} INFO - [2022-08-27 19:36:12,360] {dagbag.py:500} INFO - Filling up the DagBag from /opt/airflow/dags/upload_h1b_data_to_gcp.py
[2022-08-27 19:36:13,232] {processor.py:654} INFO - DAG(s) dict_keys(['h1b_lca_data']) retrieved from /opt/airflow/dags/upload_h1b_data_to_gcp.py
[2022-08-27 19:36:13,249] {logging_mixin.py:109} INFO - [2022-08-27 19:36:13,248] {dag.py:2396} INFO - Sync 1 DAGs
[2022-08-27 19:36:13,286] {logging_mixin.py:109} INFO - [2022-08-27 19:36:13,286] {dag.py:2935} INFO - Setting next_dagrun for h1b_lca_data to 2022-07-10T06:00:00+00:00
[2022-08-27 19:36:13,297] {processor.py:171} INFO - Processing /opt/airflow/dags/upload_h1b_data_to_gcp.py took 0.948 seconds
[2022-08-27 19:36:43,438] {processor.py:163} INFO - Started process (PID=604) to work on /opt/airflow/dags/upload_h1b_data_to_gcp.py
[2022-08-27 19:36:43,441] {processor.py:642} INFO - Processing file /opt/airflow/dags/upload_h1b_data_to_gcp.py for tasks to queue
[2022-08-27 19:36:43,442] {logging_mixin.py:109} INFO - [2022-08-27 19:36:43,442] {dagbag.py:500} INFO - Filling up the DagBag from /opt/airflow/dags/upload_h1b_data_to_gcp.py
[2022-08-27 19:36:44,090] {processor.py:654} INFO - DAG(s) dict_keys(['h1b_lca_data']) retrieved from /opt/airflow/dags/upload_h1b_data_to_gcp.py
[2022-08-27 19:36:44,100] {logging_mixin.py:109} INFO - [2022-08-27 19:36:44,100] {dag.py:2396} INFO - Sync 1 DAGs
[2022-08-27 19:36:44,127] {logging_mixin.py:109} INFO - [2022-08-27 19:36:44,126] {dag.py:2935} INFO - Setting next_dagrun for h1b_lca_data to 2022-07-10T06:00:00+00:00
[2022-08-27 19:36:44,146] {processor.py:171} INFO - Processing /opt/airflow/dags/upload_h1b_data_to_gcp.py took 0.716 seconds
[2022-08-27 19:37:14,286] {processor.py:163} INFO - Started process (PID=644) to work on /opt/airflow/dags/upload_h1b_data_to_gcp.py
[2022-08-27 19:37:14,289] {processor.py:642} INFO - Processing file /opt/airflow/dags/upload_h1b_data_to_gcp.py for tasks to queue
[2022-08-27 19:37:14,291] {logging_mixin.py:109} INFO - [2022-08-27 19:37:14,291] {dagbag.py:500} INFO - Filling up the DagBag from /opt/airflow/dags/upload_h1b_data_to_gcp.py
[2022-08-27 19:37:14,931] {processor.py:654} INFO - DAG(s) dict_keys(['h1b_lca_data']) retrieved from /opt/airflow/dags/upload_h1b_data_to_gcp.py
[2022-08-27 19:37:14,941] {logging_mixin.py:109} INFO - [2022-08-27 19:37:14,940] {dag.py:2396} INFO - Sync 1 DAGs
[2022-08-27 19:37:14,958] {logging_mixin.py:109} INFO - [2022-08-27 19:37:14,958] {dag.py:2935} INFO - Setting next_dagrun for h1b_lca_data to 2022-07-10T06:00:00+00:00
[2022-08-27 19:37:14,967] {processor.py:171} INFO - Processing /opt/airflow/dags/upload_h1b_data_to_gcp.py took 0.685 seconds
[2022-08-27 19:37:45,144] {processor.py:163} INFO - Started process (PID=670) to work on /opt/airflow/dags/upload_h1b_data_to_gcp.py
[2022-08-27 19:37:45,146] {processor.py:642} INFO - Processing file /opt/airflow/dags/upload_h1b_data_to_gcp.py for tasks to queue
[2022-08-27 19:37:45,148] {logging_mixin.py:109} INFO - [2022-08-27 19:37:45,148] {dagbag.py:500} INFO - Filling up the DagBag from /opt/airflow/dags/upload_h1b_data_to_gcp.py
[2022-08-27 19:37:45,788] {processor.py:654} INFO - DAG(s) dict_keys(['h1b_lca_data']) retrieved from /opt/airflow/dags/upload_h1b_data_to_gcp.py
[2022-08-27 19:37:45,800] {logging_mixin.py:109} INFO - [2022-08-27 19:37:45,799] {dag.py:2396} INFO - Sync 1 DAGs
[2022-08-27 19:37:45,817] {logging_mixin.py:109} INFO - [2022-08-27 19:37:45,817] {dag.py:2935} INFO - Setting next_dagrun for h1b_lca_data to 2022-07-10T06:00:00+00:00
[2022-08-27 19:37:45,827] {processor.py:171} INFO - Processing /opt/airflow/dags/upload_h1b_data_to_gcp.py took 0.687 seconds
[2022-08-27 19:38:16,290] {processor.py:163} INFO - Started process (PID=707) to work on /opt/airflow/dags/upload_h1b_data_to_gcp.py
[2022-08-27 19:38:16,292] {processor.py:642} INFO - Processing file /opt/airflow/dags/upload_h1b_data_to_gcp.py for tasks to queue
[2022-08-27 19:38:16,294] {logging_mixin.py:109} INFO - [2022-08-27 19:38:16,293] {dagbag.py:500} INFO - Filling up the DagBag from /opt/airflow/dags/upload_h1b_data_to_gcp.py
[2022-08-27 19:38:16,912] {processor.py:654} INFO - DAG(s) dict_keys(['h1b_lca_data']) retrieved from /opt/airflow/dags/upload_h1b_data_to_gcp.py
[2022-08-27 19:38:16,925] {logging_mixin.py:109} INFO - [2022-08-27 19:38:16,925] {dag.py:2396} INFO - Sync 1 DAGs
[2022-08-27 19:38:16,951] {logging_mixin.py:109} INFO - [2022-08-27 19:38:16,951] {dag.py:2935} INFO - Setting next_dagrun for h1b_lca_data to 2022-07-10T06:00:00+00:00
[2022-08-27 19:38:16,964] {processor.py:171} INFO - Processing /opt/airflow/dags/upload_h1b_data_to_gcp.py took 0.680 seconds
[2022-08-27 19:38:47,408] {processor.py:163} INFO - Started process (PID=735) to work on /opt/airflow/dags/upload_h1b_data_to_gcp.py
[2022-08-27 19:38:47,409] {processor.py:642} INFO - Processing file /opt/airflow/dags/upload_h1b_data_to_gcp.py for tasks to queue
[2022-08-27 19:38:47,410] {logging_mixin.py:109} INFO - [2022-08-27 19:38:47,410] {dagbag.py:500} INFO - Filling up the DagBag from /opt/airflow/dags/upload_h1b_data_to_gcp.py
[2022-08-27 19:38:48,029] {processor.py:654} INFO - DAG(s) dict_keys(['h1b_lca_data']) retrieved from /opt/airflow/dags/upload_h1b_data_to_gcp.py
[2022-08-27 19:38:48,042] {logging_mixin.py:109} INFO - [2022-08-27 19:38:48,042] {dag.py:2396} INFO - Sync 1 DAGs
[2022-08-27 19:38:48,072] {logging_mixin.py:109} INFO - [2022-08-27 19:38:48,072] {dag.py:2935} INFO - Setting next_dagrun for h1b_lca_data to 2022-07-10T06:00:00+00:00
[2022-08-27 19:38:48,082] {processor.py:171} INFO - Processing /opt/airflow/dags/upload_h1b_data_to_gcp.py took 0.679 seconds
[2022-08-27 19:39:18,642] {processor.py:163} INFO - Started process (PID=774) to work on /opt/airflow/dags/upload_h1b_data_to_gcp.py
[2022-08-27 19:39:18,645] {processor.py:642} INFO - Processing file /opt/airflow/dags/upload_h1b_data_to_gcp.py for tasks to queue
[2022-08-27 19:39:18,647] {logging_mixin.py:109} INFO - [2022-08-27 19:39:18,646] {dagbag.py:500} INFO - Filling up the DagBag from /opt/airflow/dags/upload_h1b_data_to_gcp.py
[2022-08-27 19:39:19,525] {processor.py:654} INFO - DAG(s) dict_keys(['h1b_lca_data']) retrieved from /opt/airflow/dags/upload_h1b_data_to_gcp.py
[2022-08-27 19:39:19,545] {logging_mixin.py:109} INFO - [2022-08-27 19:39:19,544] {dag.py:2396} INFO - Sync 1 DAGs
[2022-08-27 19:39:19,574] {logging_mixin.py:109} INFO - [2022-08-27 19:39:19,574] {dag.py:2935} INFO - Setting next_dagrun for h1b_lca_data to 2022-07-10T06:00:00+00:00
[2022-08-27 19:39:19,585] {processor.py:171} INFO - Processing /opt/airflow/dags/upload_h1b_data_to_gcp.py took 0.947 seconds
[2022-08-27 19:39:49,747] {processor.py:163} INFO - Started process (PID=799) to work on /opt/airflow/dags/upload_h1b_data_to_gcp.py
[2022-08-27 19:39:49,750] {processor.py:642} INFO - Processing file /opt/airflow/dags/upload_h1b_data_to_gcp.py for tasks to queue
[2022-08-27 19:39:49,752] {logging_mixin.py:109} INFO - [2022-08-27 19:39:49,751] {dagbag.py:500} INFO - Filling up the DagBag from /opt/airflow/dags/upload_h1b_data_to_gcp.py
[2022-08-27 19:39:50,448] {processor.py:654} INFO - DAG(s) dict_keys(['h1b_lca_data']) retrieved from /opt/airflow/dags/upload_h1b_data_to_gcp.py
[2022-08-27 19:39:50,462] {logging_mixin.py:109} INFO - [2022-08-27 19:39:50,462] {dag.py:2396} INFO - Sync 1 DAGs
[2022-08-27 19:39:50,485] {logging_mixin.py:109} INFO - [2022-08-27 19:39:50,484] {dag.py:2935} INFO - Setting next_dagrun for h1b_lca_data to 2022-07-10T06:00:00+00:00
[2022-08-27 19:39:50,495] {processor.py:171} INFO - Processing /opt/airflow/dags/upload_h1b_data_to_gcp.py took 0.754 seconds
[2022-08-27 19:40:20,932] {processor.py:163} INFO - Started process (PID=825) to work on /opt/airflow/dags/upload_h1b_data_to_gcp.py
[2022-08-27 19:40:20,939] {processor.py:642} INFO - Processing file /opt/airflow/dags/upload_h1b_data_to_gcp.py for tasks to queue
[2022-08-27 19:40:20,942] {logging_mixin.py:109} INFO - [2022-08-27 19:40:20,941] {dagbag.py:500} INFO - Filling up the DagBag from /opt/airflow/dags/upload_h1b_data_to_gcp.py
[2022-08-27 19:40:21,956] {processor.py:654} INFO - DAG(s) dict_keys(['h1b_lca_data']) retrieved from /opt/airflow/dags/upload_h1b_data_to_gcp.py
[2022-08-27 19:40:21,988] {logging_mixin.py:109} INFO - [2022-08-27 19:40:21,987] {dag.py:2396} INFO - Sync 1 DAGs
[2022-08-27 19:40:22,033] {logging_mixin.py:109} INFO - [2022-08-27 19:40:22,033] {dag.py:2935} INFO - Setting next_dagrun for h1b_lca_data to 2022-07-10T06:00:00+00:00
[2022-08-27 19:40:22,053] {processor.py:171} INFO - Processing /opt/airflow/dags/upload_h1b_data_to_gcp.py took 1.127 seconds
[2022-08-27 19:40:52,185] {processor.py:163} INFO - Started process (PID=862) to work on /opt/airflow/dags/upload_h1b_data_to_gcp.py
[2022-08-27 19:40:52,189] {processor.py:642} INFO - Processing file /opt/airflow/dags/upload_h1b_data_to_gcp.py for tasks to queue
[2022-08-27 19:40:52,191] {logging_mixin.py:109} INFO - [2022-08-27 19:40:52,191] {dagbag.py:500} INFO - Filling up the DagBag from /opt/airflow/dags/upload_h1b_data_to_gcp.py
[2022-08-27 19:40:52,889] {processor.py:654} INFO - DAG(s) dict_keys(['h1b_lca_data']) retrieved from /opt/airflow/dags/upload_h1b_data_to_gcp.py
[2022-08-27 19:40:52,903] {logging_mixin.py:109} INFO - [2022-08-27 19:40:52,903] {dag.py:2396} INFO - Sync 1 DAGs
[2022-08-27 19:40:52,923] {logging_mixin.py:109} INFO - [2022-08-27 19:40:52,923] {dag.py:2935} INFO - Setting next_dagrun for h1b_lca_data to 2022-07-10T06:00:00+00:00
[2022-08-27 19:40:52,935] {processor.py:171} INFO - Processing /opt/airflow/dags/upload_h1b_data_to_gcp.py took 0.755 seconds
[2022-08-27 19:41:23,527] {processor.py:163} INFO - Started process (PID=893) to work on /opt/airflow/dags/upload_h1b_data_to_gcp.py
[2022-08-27 19:41:23,529] {processor.py:642} INFO - Processing file /opt/airflow/dags/upload_h1b_data_to_gcp.py for tasks to queue
[2022-08-27 19:41:23,531] {logging_mixin.py:109} INFO - [2022-08-27 19:41:23,531] {dagbag.py:500} INFO - Filling up the DagBag from /opt/airflow/dags/upload_h1b_data_to_gcp.py
[2022-08-27 19:41:24,192] {processor.py:654} INFO - DAG(s) dict_keys(['h1b_lca_data']) retrieved from /opt/airflow/dags/upload_h1b_data_to_gcp.py
[2022-08-27 19:41:24,204] {logging_mixin.py:109} INFO - [2022-08-27 19:41:24,204] {dag.py:2396} INFO - Sync 1 DAGs
[2022-08-27 19:41:24,223] {logging_mixin.py:109} INFO - [2022-08-27 19:41:24,223] {dag.py:2935} INFO - Setting next_dagrun for h1b_lca_data to 2022-07-10T06:00:00+00:00
[2022-08-27 19:41:24,233] {processor.py:171} INFO - Processing /opt/airflow/dags/upload_h1b_data_to_gcp.py took 0.711 seconds
[2022-08-27 19:41:54,851] {processor.py:163} INFO - Started process (PID=930) to work on /opt/airflow/dags/upload_h1b_data_to_gcp.py
[2022-08-27 19:41:54,854] {processor.py:642} INFO - Processing file /opt/airflow/dags/upload_h1b_data_to_gcp.py for tasks to queue
[2022-08-27 19:41:54,856] {logging_mixin.py:109} INFO - [2022-08-27 19:41:54,855] {dagbag.py:500} INFO - Filling up the DagBag from /opt/airflow/dags/upload_h1b_data_to_gcp.py
[2022-08-27 19:41:55,589] {processor.py:654} INFO - DAG(s) dict_keys(['h1b_lca_data']) retrieved from /opt/airflow/dags/upload_h1b_data_to_gcp.py
[2022-08-27 19:41:55,613] {logging_mixin.py:109} INFO - [2022-08-27 19:41:55,612] {dag.py:2396} INFO - Sync 1 DAGs
[2022-08-27 19:41:55,643] {logging_mixin.py:109} INFO - [2022-08-27 19:41:55,643] {dag.py:2935} INFO - Setting next_dagrun for h1b_lca_data to 2022-07-10T06:00:00+00:00
[2022-08-27 19:41:55,668] {processor.py:171} INFO - Processing /opt/airflow/dags/upload_h1b_data_to_gcp.py took 0.822 seconds
[2022-08-27 19:42:25,997] {processor.py:163} INFO - Started process (PID=960) to work on /opt/airflow/dags/upload_h1b_data_to_gcp.py
[2022-08-27 19:42:26,006] {processor.py:642} INFO - Processing file /opt/airflow/dags/upload_h1b_data_to_gcp.py for tasks to queue
[2022-08-27 19:42:26,009] {logging_mixin.py:109} INFO - [2022-08-27 19:42:26,009] {dagbag.py:500} INFO - Filling up the DagBag from /opt/airflow/dags/upload_h1b_data_to_gcp.py
[2022-08-27 19:42:27,859] {processor.py:654} INFO - DAG(s) dict_keys(['h1b_lca_data']) retrieved from /opt/airflow/dags/upload_h1b_data_to_gcp.py
[2022-08-27 19:42:27,871] {logging_mixin.py:109} INFO - [2022-08-27 19:42:27,871] {dag.py:2396} INFO - Sync 1 DAGs
[2022-08-27 19:42:27,911] {logging_mixin.py:109} INFO - [2022-08-27 19:42:27,910] {dag.py:2935} INFO - Setting next_dagrun for h1b_lca_data to 2022-07-10T06:00:00+00:00
[2022-08-27 19:42:27,930] {processor.py:171} INFO - Processing /opt/airflow/dags/upload_h1b_data_to_gcp.py took 1.945 seconds
[2022-08-27 19:42:58,391] {processor.py:163} INFO - Started process (PID=987) to work on /opt/airflow/dags/upload_h1b_data_to_gcp.py
[2022-08-27 19:42:58,410] {processor.py:642} INFO - Processing file /opt/airflow/dags/upload_h1b_data_to_gcp.py for tasks to queue
[2022-08-27 19:42:58,413] {logging_mixin.py:109} INFO - [2022-08-27 19:42:58,413] {dagbag.py:500} INFO - Filling up the DagBag from /opt/airflow/dags/upload_h1b_data_to_gcp.py
[2022-08-27 19:43:00,373] {processor.py:654} INFO - DAG(s) dict_keys(['h1b_lca_data']) retrieved from /opt/airflow/dags/upload_h1b_data_to_gcp.py
[2022-08-27 19:43:00,393] {logging_mixin.py:109} INFO - [2022-08-27 19:43:00,391] {dag.py:2396} INFO - Sync 1 DAGs
[2022-08-27 19:43:00,451] {logging_mixin.py:109} INFO - [2022-08-27 19:43:00,451] {dag.py:2935} INFO - Setting next_dagrun for h1b_lca_data to 2022-07-10T06:00:00+00:00
[2022-08-27 19:43:00,498] {processor.py:171} INFO - Processing /opt/airflow/dags/upload_h1b_data_to_gcp.py took 2.117 seconds
[2022-08-27 19:43:31,381] {processor.py:163} INFO - Started process (PID=1013) to work on /opt/airflow/dags/upload_h1b_data_to_gcp.py
[2022-08-27 19:43:31,388] {processor.py:642} INFO - Processing file /opt/airflow/dags/upload_h1b_data_to_gcp.py for tasks to queue
[2022-08-27 19:43:31,394] {logging_mixin.py:109} INFO - [2022-08-27 19:43:31,393] {dagbag.py:500} INFO - Filling up the DagBag from /opt/airflow/dags/upload_h1b_data_to_gcp.py
[2022-08-27 19:43:32,599] {processor.py:654} INFO - DAG(s) dict_keys(['h1b_lca_data']) retrieved from /opt/airflow/dags/upload_h1b_data_to_gcp.py
[2022-08-27 19:43:32,613] {logging_mixin.py:109} INFO - [2022-08-27 19:43:32,613] {dag.py:2396} INFO - Sync 1 DAGs
[2022-08-27 19:43:32,645] {logging_mixin.py:109} INFO - [2022-08-27 19:43:32,645] {dag.py:2935} INFO - Setting next_dagrun for h1b_lca_data to 2022-07-10T06:00:00+00:00
[2022-08-27 19:43:32,659] {processor.py:171} INFO - Processing /opt/airflow/dags/upload_h1b_data_to_gcp.py took 1.283 seconds
[2022-08-27 19:44:02,794] {processor.py:163} INFO - Started process (PID=1038) to work on /opt/airflow/dags/upload_h1b_data_to_gcp.py
[2022-08-27 19:44:02,801] {processor.py:642} INFO - Processing file /opt/airflow/dags/upload_h1b_data_to_gcp.py for tasks to queue
[2022-08-27 19:44:02,803] {logging_mixin.py:109} INFO - [2022-08-27 19:44:02,803] {dagbag.py:500} INFO - Filling up the DagBag from /opt/airflow/dags/upload_h1b_data_to_gcp.py
[2022-08-27 19:44:03,846] {processor.py:654} INFO - DAG(s) dict_keys(['h1b_lca_data']) retrieved from /opt/airflow/dags/upload_h1b_data_to_gcp.py
[2022-08-27 19:44:03,864] {logging_mixin.py:109} INFO - [2022-08-27 19:44:03,864] {dag.py:2396} INFO - Sync 1 DAGs
[2022-08-27 19:44:03,892] {logging_mixin.py:109} INFO - [2022-08-27 19:44:03,891] {dag.py:2935} INFO - Setting next_dagrun for h1b_lca_data to 2022-07-10T06:00:00+00:00
[2022-08-27 19:44:03,903] {processor.py:171} INFO - Processing /opt/airflow/dags/upload_h1b_data_to_gcp.py took 1.121 seconds
[2022-08-27 19:44:34,008] {processor.py:163} INFO - Started process (PID=1063) to work on /opt/airflow/dags/upload_h1b_data_to_gcp.py
[2022-08-27 19:44:34,010] {processor.py:642} INFO - Processing file /opt/airflow/dags/upload_h1b_data_to_gcp.py for tasks to queue
[2022-08-27 19:44:34,011] {logging_mixin.py:109} INFO - [2022-08-27 19:44:34,011] {dagbag.py:500} INFO - Filling up the DagBag from /opt/airflow/dags/upload_h1b_data_to_gcp.py
[2022-08-27 19:44:34,600] {processor.py:654} INFO - DAG(s) dict_keys(['h1b_lca_data']) retrieved from /opt/airflow/dags/upload_h1b_data_to_gcp.py
[2022-08-27 19:44:34,611] {logging_mixin.py:109} INFO - [2022-08-27 19:44:34,610] {dag.py:2396} INFO - Sync 1 DAGs
[2022-08-27 19:44:34,628] {logging_mixin.py:109} INFO - [2022-08-27 19:44:34,628] {dag.py:2935} INFO - Setting next_dagrun for h1b_lca_data to 2022-07-10T06:00:00+00:00
[2022-08-27 19:44:34,639] {processor.py:171} INFO - Processing /opt/airflow/dags/upload_h1b_data_to_gcp.py took 0.637 seconds
[2022-08-27 19:45:05,228] {processor.py:163} INFO - Started process (PID=1091) to work on /opt/airflow/dags/upload_h1b_data_to_gcp.py
[2022-08-27 19:45:05,231] {processor.py:642} INFO - Processing file /opt/airflow/dags/upload_h1b_data_to_gcp.py for tasks to queue
[2022-08-27 19:45:05,234] {logging_mixin.py:109} INFO - [2022-08-27 19:45:05,233] {dagbag.py:500} INFO - Filling up the DagBag from /opt/airflow/dags/upload_h1b_data_to_gcp.py
[2022-08-27 19:45:06,261] {processor.py:654} INFO - DAG(s) dict_keys(['h1b_lca_data']) retrieved from /opt/airflow/dags/upload_h1b_data_to_gcp.py
[2022-08-27 19:45:06,283] {logging_mixin.py:109} INFO - [2022-08-27 19:45:06,283] {dag.py:2396} INFO - Sync 1 DAGs
[2022-08-27 19:45:06,339] {logging_mixin.py:109} INFO - [2022-08-27 19:45:06,339] {dag.py:2935} INFO - Setting next_dagrun for h1b_lca_data to 2022-07-10T06:00:00+00:00
[2022-08-27 19:45:06,359] {processor.py:171} INFO - Processing /opt/airflow/dags/upload_h1b_data_to_gcp.py took 1.139 seconds
[2022-08-27 19:45:36,573] {processor.py:163} INFO - Started process (PID=1127) to work on /opt/airflow/dags/upload_h1b_data_to_gcp.py
[2022-08-27 19:45:36,577] {processor.py:642} INFO - Processing file /opt/airflow/dags/upload_h1b_data_to_gcp.py for tasks to queue
[2022-08-27 19:45:36,580] {logging_mixin.py:109} INFO - [2022-08-27 19:45:36,580] {dagbag.py:500} INFO - Filling up the DagBag from /opt/airflow/dags/upload_h1b_data_to_gcp.py
[2022-08-27 19:45:38,106] {processor.py:654} INFO - DAG(s) dict_keys(['h1b_lca_data']) retrieved from /opt/airflow/dags/upload_h1b_data_to_gcp.py
[2022-08-27 19:45:38,117] {logging_mixin.py:109} INFO - [2022-08-27 19:45:38,117] {dag.py:2396} INFO - Sync 1 DAGs
[2022-08-27 19:45:38,136] {logging_mixin.py:109} INFO - [2022-08-27 19:45:38,136] {dag.py:2935} INFO - Setting next_dagrun for h1b_lca_data to 2022-07-10T06:00:00+00:00
[2022-08-27 19:45:38,147] {processor.py:171} INFO - Processing /opt/airflow/dags/upload_h1b_data_to_gcp.py took 1.583 seconds
[2022-08-27 19:46:08,333] {processor.py:163} INFO - Started process (PID=1155) to work on /opt/airflow/dags/upload_h1b_data_to_gcp.py
[2022-08-27 19:46:08,336] {processor.py:642} INFO - Processing file /opt/airflow/dags/upload_h1b_data_to_gcp.py for tasks to queue
[2022-08-27 19:46:08,339] {logging_mixin.py:109} INFO - [2022-08-27 19:46:08,338] {dagbag.py:500} INFO - Filling up the DagBag from /opt/airflow/dags/upload_h1b_data_to_gcp.py
[2022-08-27 19:46:09,603] {processor.py:654} INFO - DAG(s) dict_keys(['h1b_lca_data']) retrieved from /opt/airflow/dags/upload_h1b_data_to_gcp.py
[2022-08-27 19:46:09,615] {logging_mixin.py:109} INFO - [2022-08-27 19:46:09,614] {dag.py:2396} INFO - Sync 1 DAGs
[2022-08-27 19:46:09,635] {logging_mixin.py:109} INFO - [2022-08-27 19:46:09,635] {dag.py:2935} INFO - Setting next_dagrun for h1b_lca_data to 2022-07-10T06:00:00+00:00
[2022-08-27 19:46:09,646] {processor.py:171} INFO - Processing /opt/airflow/dags/upload_h1b_data_to_gcp.py took 1.323 seconds
[2022-08-27 19:46:39,831] {processor.py:163} INFO - Started process (PID=1182) to work on /opt/airflow/dags/upload_h1b_data_to_gcp.py
[2022-08-27 19:46:39,834] {processor.py:642} INFO - Processing file /opt/airflow/dags/upload_h1b_data_to_gcp.py for tasks to queue
[2022-08-27 19:46:39,835] {logging_mixin.py:109} INFO - [2022-08-27 19:46:39,835] {dagbag.py:500} INFO - Filling up the DagBag from /opt/airflow/dags/upload_h1b_data_to_gcp.py
[2022-08-27 19:46:40,558] {processor.py:654} INFO - DAG(s) dict_keys(['h1b_lca_data']) retrieved from /opt/airflow/dags/upload_h1b_data_to_gcp.py
[2022-08-27 19:46:40,570] {logging_mixin.py:109} INFO - [2022-08-27 19:46:40,569] {dag.py:2396} INFO - Sync 1 DAGs
[2022-08-27 19:46:40,598] {logging_mixin.py:109} INFO - [2022-08-27 19:46:40,597] {dag.py:2935} INFO - Setting next_dagrun for h1b_lca_data to 2022-07-10T06:00:00+00:00
[2022-08-27 19:46:40,613] {processor.py:171} INFO - Processing /opt/airflow/dags/upload_h1b_data_to_gcp.py took 0.786 seconds
[2022-08-27 19:47:11,415] {processor.py:163} INFO - Started process (PID=1209) to work on /opt/airflow/dags/upload_h1b_data_to_gcp.py
[2022-08-27 19:47:11,420] {processor.py:642} INFO - Processing file /opt/airflow/dags/upload_h1b_data_to_gcp.py for tasks to queue
[2022-08-27 19:47:11,423] {logging_mixin.py:109} INFO - [2022-08-27 19:47:11,423] {dagbag.py:500} INFO - Filling up the DagBag from /opt/airflow/dags/upload_h1b_data_to_gcp.py
[2022-08-27 19:47:13,621] {processor.py:654} INFO - DAG(s) dict_keys(['h1b_lca_data']) retrieved from /opt/airflow/dags/upload_h1b_data_to_gcp.py
[2022-08-27 19:47:13,682] {logging_mixin.py:109} INFO - [2022-08-27 19:47:13,681] {dag.py:2396} INFO - Sync 1 DAGs
[2022-08-27 19:47:13,771] {logging_mixin.py:109} INFO - [2022-08-27 19:47:13,770] {dag.py:2935} INFO - Setting next_dagrun for h1b_lca_data to 2022-07-10T06:00:00+00:00
[2022-08-27 19:47:13,813] {processor.py:171} INFO - Processing /opt/airflow/dags/upload_h1b_data_to_gcp.py took 2.408 seconds
[2022-08-27 19:47:44,043] {processor.py:163} INFO - Started process (PID=1233) to work on /opt/airflow/dags/upload_h1b_data_to_gcp.py
[2022-08-27 19:47:44,063] {processor.py:642} INFO - Processing file /opt/airflow/dags/upload_h1b_data_to_gcp.py for tasks to queue
[2022-08-27 19:47:44,071] {logging_mixin.py:109} INFO - [2022-08-27 19:47:44,069] {dagbag.py:500} INFO - Filling up the DagBag from /opt/airflow/dags/upload_h1b_data_to_gcp.py
[2022-08-27 19:47:47,028] {processor.py:654} INFO - DAG(s) dict_keys(['h1b_lca_data']) retrieved from /opt/airflow/dags/upload_h1b_data_to_gcp.py
[2022-08-27 19:47:47,053] {logging_mixin.py:109} INFO - [2022-08-27 19:47:47,051] {dag.py:2396} INFO - Sync 1 DAGs
[2022-08-27 19:47:47,126] {logging_mixin.py:109} INFO - [2022-08-27 19:47:47,126] {dag.py:2935} INFO - Setting next_dagrun for h1b_lca_data to 2022-07-10T06:00:00+00:00
[2022-08-27 19:47:47,170] {processor.py:171} INFO - Processing /opt/airflow/dags/upload_h1b_data_to_gcp.py took 3.188 seconds
[2022-08-27 19:48:17,606] {processor.py:163} INFO - Started process (PID=1256) to work on /opt/airflow/dags/upload_h1b_data_to_gcp.py
[2022-08-27 19:48:17,611] {processor.py:642} INFO - Processing file /opt/airflow/dags/upload_h1b_data_to_gcp.py for tasks to queue
[2022-08-27 19:48:17,619] {logging_mixin.py:109} INFO - [2022-08-27 19:48:17,619] {dagbag.py:500} INFO - Filling up the DagBag from /opt/airflow/dags/upload_h1b_data_to_gcp.py
[2022-08-27 19:48:20,232] {processor.py:654} INFO - DAG(s) dict_keys(['h1b_lca_data']) retrieved from /opt/airflow/dags/upload_h1b_data_to_gcp.py
[2022-08-27 19:48:20,264] {logging_mixin.py:109} INFO - [2022-08-27 19:48:20,263] {dag.py:2396} INFO - Sync 1 DAGs
[2022-08-27 19:48:20,334] {logging_mixin.py:109} INFO - [2022-08-27 19:48:20,333] {dag.py:2935} INFO - Setting next_dagrun for h1b_lca_data to 2022-07-10T06:00:00+00:00
[2022-08-27 19:48:20,379] {processor.py:171} INFO - Processing /opt/airflow/dags/upload_h1b_data_to_gcp.py took 2.791 seconds
[2022-08-27 19:48:51,135] {processor.py:163} INFO - Started process (PID=1283) to work on /opt/airflow/dags/upload_h1b_data_to_gcp.py
[2022-08-27 19:48:51,148] {processor.py:642} INFO - Processing file /opt/airflow/dags/upload_h1b_data_to_gcp.py for tasks to queue
[2022-08-27 19:48:51,206] {logging_mixin.py:109} INFO - [2022-08-27 19:48:51,206] {dagbag.py:500} INFO - Filling up the DagBag from /opt/airflow/dags/upload_h1b_data_to_gcp.py
[2022-08-27 19:48:56,409] {processor.py:654} INFO - DAG(s) dict_keys(['h1b_lca_data']) retrieved from /opt/airflow/dags/upload_h1b_data_to_gcp.py
[2022-08-27 19:48:56,472] {logging_mixin.py:109} INFO - [2022-08-27 19:48:56,472] {dag.py:2396} INFO - Sync 1 DAGs
[2022-08-27 19:48:56,576] {logging_mixin.py:109} INFO - [2022-08-27 19:48:56,576] {dag.py:2935} INFO - Setting next_dagrun for h1b_lca_data to 2022-07-10T06:00:00+00:00
[2022-08-27 19:48:56,690] {processor.py:171} INFO - Processing /opt/airflow/dags/upload_h1b_data_to_gcp.py took 5.634 seconds
[2022-08-27 19:49:26,871] {processor.py:163} INFO - Started process (PID=1309) to work on /opt/airflow/dags/upload_h1b_data_to_gcp.py
[2022-08-27 19:49:26,880] {processor.py:642} INFO - Processing file /opt/airflow/dags/upload_h1b_data_to_gcp.py for tasks to queue
[2022-08-27 19:49:26,886] {logging_mixin.py:109} INFO - [2022-08-27 19:49:26,886] {dagbag.py:500} INFO - Filling up the DagBag from /opt/airflow/dags/upload_h1b_data_to_gcp.py
[2022-08-27 19:49:29,897] {processor.py:654} INFO - DAG(s) dict_keys(['h1b_lca_data']) retrieved from /opt/airflow/dags/upload_h1b_data_to_gcp.py
[2022-08-27 19:49:29,941] {logging_mixin.py:109} INFO - [2022-08-27 19:49:29,940] {dag.py:2396} INFO - Sync 1 DAGs
[2022-08-27 19:49:30,008] {logging_mixin.py:109} INFO - [2022-08-27 19:49:30,008] {dag.py:2935} INFO - Setting next_dagrun for h1b_lca_data to 2022-07-10T06:00:00+00:00
[2022-08-27 19:49:30,042] {processor.py:171} INFO - Processing /opt/airflow/dags/upload_h1b_data_to_gcp.py took 3.180 seconds
[2022-08-27 19:50:00,467] {processor.py:163} INFO - Started process (PID=1327) to work on /opt/airflow/dags/upload_h1b_data_to_gcp.py
[2022-08-27 19:50:00,473] {processor.py:642} INFO - Processing file /opt/airflow/dags/upload_h1b_data_to_gcp.py for tasks to queue
[2022-08-27 19:50:00,476] {logging_mixin.py:109} INFO - [2022-08-27 19:50:00,476] {dagbag.py:500} INFO - Filling up the DagBag from /opt/airflow/dags/upload_h1b_data_to_gcp.py
[2022-08-27 19:50:04,338] {processor.py:654} INFO - DAG(s) dict_keys(['h1b_lca_data']) retrieved from /opt/airflow/dags/upload_h1b_data_to_gcp.py
[2022-08-27 19:50:04,358] {logging_mixin.py:109} INFO - [2022-08-27 19:50:04,357] {dag.py:2396} INFO - Sync 1 DAGs
[2022-08-27 19:50:04,408] {logging_mixin.py:109} INFO - [2022-08-27 19:50:04,408] {dag.py:2935} INFO - Setting next_dagrun for h1b_lca_data to 2022-07-10T06:00:00+00:00
[2022-08-27 19:50:04,435] {processor.py:171} INFO - Processing /opt/airflow/dags/upload_h1b_data_to_gcp.py took 4.003 seconds
[2022-08-27 19:50:34,696] {processor.py:163} INFO - Started process (PID=1352) to work on /opt/airflow/dags/upload_h1b_data_to_gcp.py
[2022-08-27 19:50:34,702] {processor.py:642} INFO - Processing file /opt/airflow/dags/upload_h1b_data_to_gcp.py for tasks to queue
[2022-08-27 19:50:34,719] {logging_mixin.py:109} INFO - [2022-08-27 19:50:34,719] {dagbag.py:500} INFO - Filling up the DagBag from /opt/airflow/dags/upload_h1b_data_to_gcp.py
[2022-08-27 19:50:38,607] {processor.py:654} INFO - DAG(s) dict_keys(['h1b_lca_data']) retrieved from /opt/airflow/dags/upload_h1b_data_to_gcp.py
[2022-08-27 19:50:38,665] {logging_mixin.py:109} INFO - [2022-08-27 19:50:38,664] {dag.py:2396} INFO - Sync 1 DAGs
[2022-08-27 19:50:38,733] {logging_mixin.py:109} INFO - [2022-08-27 19:50:38,733] {dag.py:2935} INFO - Setting next_dagrun for h1b_lca_data to 2022-07-10T06:00:00+00:00
[2022-08-27 19:50:38,768] {processor.py:171} INFO - Processing /opt/airflow/dags/upload_h1b_data_to_gcp.py took 4.115 seconds
[2022-08-27 19:51:09,093] {processor.py:163} INFO - Started process (PID=1378) to work on /opt/airflow/dags/upload_h1b_data_to_gcp.py
[2022-08-27 19:51:09,110] {processor.py:642} INFO - Processing file /opt/airflow/dags/upload_h1b_data_to_gcp.py for tasks to queue
[2022-08-27 19:51:09,118] {logging_mixin.py:109} INFO - [2022-08-27 19:51:09,117] {dagbag.py:500} INFO - Filling up the DagBag from /opt/airflow/dags/upload_h1b_data_to_gcp.py
[2022-08-27 19:51:11,712] {processor.py:654} INFO - DAG(s) dict_keys(['h1b_lca_data']) retrieved from /opt/airflow/dags/upload_h1b_data_to_gcp.py
[2022-08-27 19:51:11,747] {logging_mixin.py:109} INFO - [2022-08-27 19:51:11,746] {dag.py:2396} INFO - Sync 1 DAGs
[2022-08-27 19:51:11,782] {logging_mixin.py:109} INFO - [2022-08-27 19:51:11,782] {dag.py:2935} INFO - Setting next_dagrun for h1b_lca_data to 2022-07-10T06:00:00+00:00
[2022-08-27 19:51:11,793] {processor.py:171} INFO - Processing /opt/airflow/dags/upload_h1b_data_to_gcp.py took 2.743 seconds
[2022-08-27 19:51:42,283] {processor.py:163} INFO - Started process (PID=1403) to work on /opt/airflow/dags/upload_h1b_data_to_gcp.py
[2022-08-27 19:51:42,300] {processor.py:642} INFO - Processing file /opt/airflow/dags/upload_h1b_data_to_gcp.py for tasks to queue
[2022-08-27 19:51:42,304] {logging_mixin.py:109} INFO - [2022-08-27 19:51:42,304] {dagbag.py:500} INFO - Filling up the DagBag from /opt/airflow/dags/upload_h1b_data_to_gcp.py
[2022-08-27 19:51:43,927] {processor.py:654} INFO - DAG(s) dict_keys(['h1b_lca_data']) retrieved from /opt/airflow/dags/upload_h1b_data_to_gcp.py
[2022-08-27 19:51:43,940] {logging_mixin.py:109} INFO - [2022-08-27 19:51:43,940] {dag.py:2396} INFO - Sync 1 DAGs
[2022-08-27 19:51:43,966] {logging_mixin.py:109} INFO - [2022-08-27 19:51:43,966] {dag.py:2935} INFO - Setting next_dagrun for h1b_lca_data to 2022-07-10T06:00:00+00:00
[2022-08-27 19:51:43,981] {processor.py:171} INFO - Processing /opt/airflow/dags/upload_h1b_data_to_gcp.py took 1.705 seconds
[2022-08-27 19:52:14,063] {processor.py:163} INFO - Started process (PID=1429) to work on /opt/airflow/dags/upload_h1b_data_to_gcp.py
[2022-08-27 19:52:14,066] {processor.py:642} INFO - Processing file /opt/airflow/dags/upload_h1b_data_to_gcp.py for tasks to queue
[2022-08-27 19:52:14,068] {logging_mixin.py:109} INFO - [2022-08-27 19:52:14,068] {dagbag.py:500} INFO - Filling up the DagBag from /opt/airflow/dags/upload_h1b_data_to_gcp.py
[2022-08-27 19:52:14,742] {processor.py:654} INFO - DAG(s) dict_keys(['h1b_lca_data']) retrieved from /opt/airflow/dags/upload_h1b_data_to_gcp.py
[2022-08-27 19:52:14,768] {logging_mixin.py:109} INFO - [2022-08-27 19:52:14,767] {dag.py:2396} INFO - Sync 1 DAGs
[2022-08-27 19:52:14,797] {logging_mixin.py:109} INFO - [2022-08-27 19:52:14,797] {dag.py:2935} INFO - Setting next_dagrun for h1b_lca_data to 2022-07-10T06:00:00+00:00
[2022-08-27 19:52:14,812] {processor.py:171} INFO - Processing /opt/airflow/dags/upload_h1b_data_to_gcp.py took 0.754 seconds
[2022-08-27 19:52:44,922] {processor.py:163} INFO - Started process (PID=1454) to work on /opt/airflow/dags/upload_h1b_data_to_gcp.py
[2022-08-27 19:52:44,924] {processor.py:642} INFO - Processing file /opt/airflow/dags/upload_h1b_data_to_gcp.py for tasks to queue
[2022-08-27 19:52:44,925] {logging_mixin.py:109} INFO - [2022-08-27 19:52:44,925] {dagbag.py:500} INFO - Filling up the DagBag from /opt/airflow/dags/upload_h1b_data_to_gcp.py
[2022-08-27 19:52:45,624] {processor.py:654} INFO - DAG(s) dict_keys(['h1b_lca_data']) retrieved from /opt/airflow/dags/upload_h1b_data_to_gcp.py
[2022-08-27 19:52:45,644] {logging_mixin.py:109} INFO - [2022-08-27 19:52:45,641] {dag.py:2396} INFO - Sync 1 DAGs
[2022-08-27 19:52:45,691] {logging_mixin.py:109} INFO - [2022-08-27 19:52:45,690] {dag.py:2935} INFO - Setting next_dagrun for h1b_lca_data to 2022-07-10T06:00:00+00:00
[2022-08-27 19:52:45,709] {processor.py:171} INFO - Processing /opt/airflow/dags/upload_h1b_data_to_gcp.py took 0.791 seconds
[2022-08-27 19:53:16,085] {processor.py:163} INFO - Started process (PID=1489) to work on /opt/airflow/dags/upload_h1b_data_to_gcp.py
[2022-08-27 19:53:16,087] {processor.py:642} INFO - Processing file /opt/airflow/dags/upload_h1b_data_to_gcp.py for tasks to queue
[2022-08-27 19:53:16,088] {logging_mixin.py:109} INFO - [2022-08-27 19:53:16,088] {dagbag.py:500} INFO - Filling up the DagBag from /opt/airflow/dags/upload_h1b_data_to_gcp.py
[2022-08-27 19:53:16,739] {processor.py:654} INFO - DAG(s) dict_keys(['h1b_lca_data']) retrieved from /opt/airflow/dags/upload_h1b_data_to_gcp.py
[2022-08-27 19:53:16,751] {logging_mixin.py:109} INFO - [2022-08-27 19:53:16,751] {dag.py:2396} INFO - Sync 1 DAGs
[2022-08-27 19:53:16,777] {logging_mixin.py:109} INFO - [2022-08-27 19:53:16,777] {dag.py:2935} INFO - Setting next_dagrun for h1b_lca_data to 2022-07-10T06:00:00+00:00
[2022-08-27 19:53:16,788] {processor.py:171} INFO - Processing /opt/airflow/dags/upload_h1b_data_to_gcp.py took 0.710 seconds
[2022-08-27 19:53:47,267] {processor.py:163} INFO - Started process (PID=1514) to work on /opt/airflow/dags/upload_h1b_data_to_gcp.py
[2022-08-27 19:53:47,270] {processor.py:642} INFO - Processing file /opt/airflow/dags/upload_h1b_data_to_gcp.py for tasks to queue
[2022-08-27 19:53:47,271] {logging_mixin.py:109} INFO - [2022-08-27 19:53:47,271] {dagbag.py:500} INFO - Filling up the DagBag from /opt/airflow/dags/upload_h1b_data_to_gcp.py
[2022-08-27 19:53:48,111] {processor.py:654} INFO - DAG(s) dict_keys(['h1b_lca_data']) retrieved from /opt/airflow/dags/upload_h1b_data_to_gcp.py
[2022-08-27 19:53:48,123] {logging_mixin.py:109} INFO - [2022-08-27 19:53:48,123] {dag.py:2396} INFO - Sync 1 DAGs
[2022-08-27 19:53:48,145] {logging_mixin.py:109} INFO - [2022-08-27 19:53:48,144] {dag.py:2935} INFO - Setting next_dagrun for h1b_lca_data to 2022-07-10T06:00:00+00:00
[2022-08-27 19:53:48,158] {processor.py:171} INFO - Processing /opt/airflow/dags/upload_h1b_data_to_gcp.py took 0.895 seconds
[2022-08-27 19:54:18,576] {processor.py:163} INFO - Started process (PID=1549) to work on /opt/airflow/dags/upload_h1b_data_to_gcp.py
[2022-08-27 19:54:18,578] {processor.py:642} INFO - Processing file /opt/airflow/dags/upload_h1b_data_to_gcp.py for tasks to queue
[2022-08-27 19:54:18,580] {logging_mixin.py:109} INFO - [2022-08-27 19:54:18,580] {dagbag.py:500} INFO - Filling up the DagBag from /opt/airflow/dags/upload_h1b_data_to_gcp.py
[2022-08-27 19:54:19,296] {processor.py:654} INFO - DAG(s) dict_keys(['h1b_lca_data']) retrieved from /opt/airflow/dags/upload_h1b_data_to_gcp.py
[2022-08-27 19:54:19,309] {logging_mixin.py:109} INFO - [2022-08-27 19:54:19,309] {dag.py:2396} INFO - Sync 1 DAGs
[2022-08-27 19:54:19,332] {logging_mixin.py:109} INFO - [2022-08-27 19:54:19,332] {dag.py:2935} INFO - Setting next_dagrun for h1b_lca_data to 2022-07-10T06:00:00+00:00
[2022-08-27 19:54:19,345] {processor.py:171} INFO - Processing /opt/airflow/dags/upload_h1b_data_to_gcp.py took 0.785 seconds
[2022-08-27 19:54:49,721] {processor.py:163} INFO - Started process (PID=1575) to work on /opt/airflow/dags/upload_h1b_data_to_gcp.py
[2022-08-27 19:54:49,723] {processor.py:642} INFO - Processing file /opt/airflow/dags/upload_h1b_data_to_gcp.py for tasks to queue
[2022-08-27 19:54:49,725] {logging_mixin.py:109} INFO - [2022-08-27 19:54:49,725] {dagbag.py:500} INFO - Filling up the DagBag from /opt/airflow/dags/upload_h1b_data_to_gcp.py
[2022-08-27 19:54:50,430] {processor.py:654} INFO - DAG(s) dict_keys(['h1b_lca_data']) retrieved from /opt/airflow/dags/upload_h1b_data_to_gcp.py
[2022-08-27 19:54:50,441] {logging_mixin.py:109} INFO - [2022-08-27 19:54:50,441] {dag.py:2396} INFO - Sync 1 DAGs
[2022-08-27 19:54:50,461] {logging_mixin.py:109} INFO - [2022-08-27 19:54:50,460] {dag.py:2935} INFO - Setting next_dagrun for h1b_lca_data to 2022-07-10T06:00:00+00:00
[2022-08-27 19:54:50,471] {processor.py:171} INFO - Processing /opt/airflow/dags/upload_h1b_data_to_gcp.py took 0.754 seconds
[2022-08-27 19:55:20,923] {processor.py:163} INFO - Started process (PID=1613) to work on /opt/airflow/dags/upload_h1b_data_to_gcp.py
[2022-08-27 19:55:20,927] {processor.py:642} INFO - Processing file /opt/airflow/dags/upload_h1b_data_to_gcp.py for tasks to queue
[2022-08-27 19:55:20,930] {logging_mixin.py:109} INFO - [2022-08-27 19:55:20,930] {dagbag.py:500} INFO - Filling up the DagBag from /opt/airflow/dags/upload_h1b_data_to_gcp.py
[2022-08-27 19:55:21,782] {processor.py:654} INFO - DAG(s) dict_keys(['h1b_lca_data']) retrieved from /opt/airflow/dags/upload_h1b_data_to_gcp.py
[2022-08-27 19:55:21,797] {logging_mixin.py:109} INFO - [2022-08-27 19:55:21,796] {dag.py:2396} INFO - Sync 1 DAGs
[2022-08-27 19:55:21,912] {logging_mixin.py:109} INFO - [2022-08-27 19:55:21,912] {dag.py:2935} INFO - Setting next_dagrun for h1b_lca_data to 2022-07-10T06:00:00+00:00
[2022-08-27 19:55:21,923] {processor.py:171} INFO - Processing /opt/airflow/dags/upload_h1b_data_to_gcp.py took 1.010 seconds
[2022-08-27 19:55:52,058] {processor.py:163} INFO - Started process (PID=1640) to work on /opt/airflow/dags/upload_h1b_data_to_gcp.py
[2022-08-27 19:55:52,060] {processor.py:642} INFO - Processing file /opt/airflow/dags/upload_h1b_data_to_gcp.py for tasks to queue
[2022-08-27 19:55:52,061] {logging_mixin.py:109} INFO - [2022-08-27 19:55:52,061] {dagbag.py:500} INFO - Filling up the DagBag from /opt/airflow/dags/upload_h1b_data_to_gcp.py
[2022-08-27 19:55:52,692] {processor.py:654} INFO - DAG(s) dict_keys(['h1b_lca_data']) retrieved from /opt/airflow/dags/upload_h1b_data_to_gcp.py
[2022-08-27 19:55:52,703] {logging_mixin.py:109} INFO - [2022-08-27 19:55:52,703] {dag.py:2396} INFO - Sync 1 DAGs
[2022-08-27 19:55:52,801] {logging_mixin.py:109} INFO - [2022-08-27 19:55:52,801] {dag.py:2935} INFO - Setting next_dagrun for h1b_lca_data to 2022-07-10T06:00:00+00:00
[2022-08-27 19:55:52,812] {processor.py:171} INFO - Processing /opt/airflow/dags/upload_h1b_data_to_gcp.py took 0.759 seconds
[2022-08-27 19:56:23,308] {processor.py:163} INFO - Started process (PID=1676) to work on /opt/airflow/dags/upload_h1b_data_to_gcp.py
[2022-08-27 19:56:23,310] {processor.py:642} INFO - Processing file /opt/airflow/dags/upload_h1b_data_to_gcp.py for tasks to queue
[2022-08-27 19:56:23,312] {logging_mixin.py:109} INFO - [2022-08-27 19:56:23,311] {dagbag.py:500} INFO - Filling up the DagBag from /opt/airflow/dags/upload_h1b_data_to_gcp.py
[2022-08-27 19:56:24,007] {processor.py:654} INFO - DAG(s) dict_keys(['h1b_lca_data']) retrieved from /opt/airflow/dags/upload_h1b_data_to_gcp.py
[2022-08-27 19:56:24,023] {logging_mixin.py:109} INFO - [2022-08-27 19:56:24,023] {dag.py:2396} INFO - Sync 1 DAGs
[2022-08-27 19:56:24,205] {logging_mixin.py:109} INFO - [2022-08-27 19:56:24,204] {dag.py:2935} INFO - Setting next_dagrun for h1b_lca_data to 2022-07-10T06:00:00+00:00
[2022-08-27 19:56:24,217] {processor.py:171} INFO - Processing /opt/airflow/dags/upload_h1b_data_to_gcp.py took 0.915 seconds
[2022-08-27 19:56:54,677] {processor.py:163} INFO - Started process (PID=1702) to work on /opt/airflow/dags/upload_h1b_data_to_gcp.py
[2022-08-27 19:56:54,680] {processor.py:642} INFO - Processing file /opt/airflow/dags/upload_h1b_data_to_gcp.py for tasks to queue
[2022-08-27 19:56:54,682] {logging_mixin.py:109} INFO - [2022-08-27 19:56:54,682] {dagbag.py:500} INFO - Filling up the DagBag from /opt/airflow/dags/upload_h1b_data_to_gcp.py
[2022-08-27 19:56:55,539] {processor.py:654} INFO - DAG(s) dict_keys(['h1b_lca_data']) retrieved from /opt/airflow/dags/upload_h1b_data_to_gcp.py
[2022-08-27 19:56:55,552] {logging_mixin.py:109} INFO - [2022-08-27 19:56:55,552] {dag.py:2396} INFO - Sync 1 DAGs
[2022-08-27 19:56:55,650] {logging_mixin.py:109} INFO - [2022-08-27 19:56:55,650] {dag.py:2935} INFO - Setting next_dagrun for h1b_lca_data to 2022-07-10T06:00:00+00:00
[2022-08-27 19:56:55,664] {processor.py:171} INFO - Processing /opt/airflow/dags/upload_h1b_data_to_gcp.py took 0.994 seconds
[2022-08-27 19:57:25,937] {processor.py:163} INFO - Started process (PID=1729) to work on /opt/airflow/dags/upload_h1b_data_to_gcp.py
[2022-08-27 19:57:25,941] {processor.py:642} INFO - Processing file /opt/airflow/dags/upload_h1b_data_to_gcp.py for tasks to queue
[2022-08-27 19:57:25,942] {logging_mixin.py:109} INFO - [2022-08-27 19:57:25,942] {dagbag.py:500} INFO - Filling up the DagBag from /opt/airflow/dags/upload_h1b_data_to_gcp.py
[2022-08-27 19:57:26,629] {processor.py:654} INFO - DAG(s) dict_keys(['h1b_lca_data']) retrieved from /opt/airflow/dags/upload_h1b_data_to_gcp.py
[2022-08-27 19:57:26,642] {logging_mixin.py:109} INFO - [2022-08-27 19:57:26,642] {dag.py:2396} INFO - Sync 1 DAGs
[2022-08-27 19:57:26,731] {logging_mixin.py:109} INFO - [2022-08-27 19:57:26,731] {dag.py:2935} INFO - Setting next_dagrun for h1b_lca_data to 2022-07-10T06:00:00+00:00
[2022-08-27 19:57:26,741] {processor.py:171} INFO - Processing /opt/airflow/dags/upload_h1b_data_to_gcp.py took 0.808 seconds
[2022-08-27 19:57:57,374] {processor.py:163} INFO - Started process (PID=1765) to work on /opt/airflow/dags/upload_h1b_data_to_gcp.py
[2022-08-27 19:57:57,384] {processor.py:642} INFO - Processing file /opt/airflow/dags/upload_h1b_data_to_gcp.py for tasks to queue
[2022-08-27 19:57:57,387] {logging_mixin.py:109} INFO - [2022-08-27 19:57:57,387] {dagbag.py:500} INFO - Filling up the DagBag from /opt/airflow/dags/upload_h1b_data_to_gcp.py
[2022-08-27 19:57:58,078] {processor.py:654} INFO - DAG(s) dict_keys(['h1b_lca_data']) retrieved from /opt/airflow/dags/upload_h1b_data_to_gcp.py
[2022-08-27 19:57:58,164] {logging_mixin.py:109} INFO - [2022-08-27 19:57:58,163] {dag.py:2396} INFO - Sync 1 DAGs
[2022-08-27 19:57:58,182] {logging_mixin.py:109} INFO - [2022-08-27 19:57:58,182] {dag.py:2935} INFO - Setting next_dagrun for h1b_lca_data to 2022-07-10T06:00:00+00:00
[2022-08-27 19:57:58,194] {processor.py:171} INFO - Processing /opt/airflow/dags/upload_h1b_data_to_gcp.py took 0.826 seconds
[2022-08-27 19:58:28,695] {processor.py:163} INFO - Started process (PID=1790) to work on /opt/airflow/dags/upload_h1b_data_to_gcp.py
[2022-08-27 19:58:28,698] {processor.py:642} INFO - Processing file /opt/airflow/dags/upload_h1b_data_to_gcp.py for tasks to queue
[2022-08-27 19:58:28,699] {logging_mixin.py:109} INFO - [2022-08-27 19:58:28,699] {dagbag.py:500} INFO - Filling up the DagBag from /opt/airflow/dags/upload_h1b_data_to_gcp.py
[2022-08-27 19:58:29,318] {processor.py:654} INFO - DAG(s) dict_keys(['h1b_lca_data']) retrieved from /opt/airflow/dags/upload_h1b_data_to_gcp.py
[2022-08-27 19:58:29,328] {logging_mixin.py:109} INFO - [2022-08-27 19:58:29,328] {dag.py:2396} INFO - Sync 1 DAGs
[2022-08-27 19:58:29,346] {logging_mixin.py:109} INFO - [2022-08-27 19:58:29,346] {dag.py:2935} INFO - Setting next_dagrun for h1b_lca_data to 2022-07-10T06:00:00+00:00
[2022-08-27 19:58:29,362] {processor.py:171} INFO - Processing /opt/airflow/dags/upload_h1b_data_to_gcp.py took 0.671 seconds
[2022-08-27 19:58:59,988] {processor.py:163} INFO - Started process (PID=1825) to work on /opt/airflow/dags/upload_h1b_data_to_gcp.py
[2022-08-27 19:58:59,991] {processor.py:642} INFO - Processing file /opt/airflow/dags/upload_h1b_data_to_gcp.py for tasks to queue
[2022-08-27 19:58:59,996] {logging_mixin.py:109} INFO - [2022-08-27 19:58:59,996] {dagbag.py:500} INFO - Filling up the DagBag from /opt/airflow/dags/upload_h1b_data_to_gcp.py
[2022-08-27 19:59:00,795] {processor.py:654} INFO - DAG(s) dict_keys(['h1b_lca_data']) retrieved from /opt/airflow/dags/upload_h1b_data_to_gcp.py
[2022-08-27 19:59:00,808] {logging_mixin.py:109} INFO - [2022-08-27 19:59:00,808] {dag.py:2396} INFO - Sync 1 DAGs
[2022-08-27 19:59:00,828] {logging_mixin.py:109} INFO - [2022-08-27 19:59:00,828] {dag.py:2935} INFO - Setting next_dagrun for h1b_lca_data to 2022-07-10T06:00:00+00:00
[2022-08-27 19:59:00,841] {processor.py:171} INFO - Processing /opt/airflow/dags/upload_h1b_data_to_gcp.py took 0.857 seconds
[2022-08-27 19:59:31,318] {processor.py:163} INFO - Started process (PID=1853) to work on /opt/airflow/dags/upload_h1b_data_to_gcp.py
[2022-08-27 19:59:31,321] {processor.py:642} INFO - Processing file /opt/airflow/dags/upload_h1b_data_to_gcp.py for tasks to queue
[2022-08-27 19:59:31,322] {logging_mixin.py:109} INFO - [2022-08-27 19:59:31,322] {dagbag.py:500} INFO - Filling up the DagBag from /opt/airflow/dags/upload_h1b_data_to_gcp.py
[2022-08-27 19:59:31,987] {processor.py:654} INFO - DAG(s) dict_keys(['h1b_lca_data']) retrieved from /opt/airflow/dags/upload_h1b_data_to_gcp.py
[2022-08-27 19:59:32,028] {logging_mixin.py:109} INFO - [2022-08-27 19:59:32,027] {dag.py:2396} INFO - Sync 1 DAGs
[2022-08-27 19:59:32,061] {logging_mixin.py:109} INFO - [2022-08-27 19:59:32,061] {dag.py:2935} INFO - Setting next_dagrun for h1b_lca_data to 2022-07-10T06:00:00+00:00
[2022-08-27 19:59:32,083] {processor.py:171} INFO - Processing /opt/airflow/dags/upload_h1b_data_to_gcp.py took 0.769 seconds
[2022-08-27 20:00:02,548] {processor.py:163} INFO - Started process (PID=1889) to work on /opt/airflow/dags/upload_h1b_data_to_gcp.py
[2022-08-27 20:00:02,556] {processor.py:642} INFO - Processing file /opt/airflow/dags/upload_h1b_data_to_gcp.py for tasks to queue
[2022-08-27 20:00:02,560] {logging_mixin.py:109} INFO - [2022-08-27 20:00:02,559] {dagbag.py:500} INFO - Filling up the DagBag from /opt/airflow/dags/upload_h1b_data_to_gcp.py
[2022-08-27 20:00:03,471] {processor.py:654} INFO - DAG(s) dict_keys(['h1b_lca_data']) retrieved from /opt/airflow/dags/upload_h1b_data_to_gcp.py
[2022-08-27 20:00:03,484] {logging_mixin.py:109} INFO - [2022-08-27 20:00:03,484] {dag.py:2396} INFO - Sync 1 DAGs
[2022-08-27 20:00:03,507] {logging_mixin.py:109} INFO - [2022-08-27 20:00:03,507] {dag.py:2935} INFO - Setting next_dagrun for h1b_lca_data to 2022-07-10T06:00:00+00:00
[2022-08-27 20:00:03,518] {processor.py:171} INFO - Processing /opt/airflow/dags/upload_h1b_data_to_gcp.py took 1.009 seconds
[2022-08-27 20:00:33,679] {processor.py:163} INFO - Started process (PID=1914) to work on /opt/airflow/dags/upload_h1b_data_to_gcp.py
[2022-08-27 20:00:33,682] {processor.py:642} INFO - Processing file /opt/airflow/dags/upload_h1b_data_to_gcp.py for tasks to queue
[2022-08-27 20:00:33,683] {logging_mixin.py:109} INFO - [2022-08-27 20:00:33,683] {dagbag.py:500} INFO - Filling up the DagBag from /opt/airflow/dags/upload_h1b_data_to_gcp.py
[2022-08-27 20:00:34,292] {processor.py:654} INFO - DAG(s) dict_keys(['h1b_lca_data']) retrieved from /opt/airflow/dags/upload_h1b_data_to_gcp.py
[2022-08-27 20:00:34,302] {logging_mixin.py:109} INFO - [2022-08-27 20:00:34,302] {dag.py:2396} INFO - Sync 1 DAGs
[2022-08-27 20:00:34,319] {logging_mixin.py:109} INFO - [2022-08-27 20:00:34,319] {dag.py:2935} INFO - Setting next_dagrun for h1b_lca_data to 2022-07-10T06:00:00+00:00
[2022-08-27 20:00:34,330] {processor.py:171} INFO - Processing /opt/airflow/dags/upload_h1b_data_to_gcp.py took 0.655 seconds
[2022-08-27 20:01:04,859] {processor.py:163} INFO - Started process (PID=1941) to work on /opt/airflow/dags/upload_h1b_data_to_gcp.py
[2022-08-27 20:01:04,863] {processor.py:642} INFO - Processing file /opt/airflow/dags/upload_h1b_data_to_gcp.py for tasks to queue
[2022-08-27 20:01:04,865] {logging_mixin.py:109} INFO - [2022-08-27 20:01:04,864] {dagbag.py:500} INFO - Filling up the DagBag from /opt/airflow/dags/upload_h1b_data_to_gcp.py
[2022-08-27 20:01:05,528] {processor.py:654} INFO - DAG(s) dict_keys(['h1b_lca_data']) retrieved from /opt/airflow/dags/upload_h1b_data_to_gcp.py
[2022-08-27 20:01:05,539] {logging_mixin.py:109} INFO - [2022-08-27 20:01:05,539] {dag.py:2396} INFO - Sync 1 DAGs
[2022-08-27 20:01:05,577] {logging_mixin.py:109} INFO - [2022-08-27 20:01:05,576] {dag.py:2935} INFO - Setting next_dagrun for h1b_lca_data to 2022-07-10T06:00:00+00:00
[2022-08-27 20:01:05,590] {processor.py:171} INFO - Processing /opt/airflow/dags/upload_h1b_data_to_gcp.py took 0.737 seconds
[2022-08-27 20:01:36,141] {processor.py:163} INFO - Started process (PID=1978) to work on /opt/airflow/dags/upload_h1b_data_to_gcp.py
[2022-08-27 20:01:36,143] {processor.py:642} INFO - Processing file /opt/airflow/dags/upload_h1b_data_to_gcp.py for tasks to queue
[2022-08-27 20:01:36,145] {logging_mixin.py:109} INFO - [2022-08-27 20:01:36,144] {dagbag.py:500} INFO - Filling up the DagBag from /opt/airflow/dags/upload_h1b_data_to_gcp.py
[2022-08-27 20:01:36,802] {processor.py:654} INFO - DAG(s) dict_keys(['h1b_lca_data']) retrieved from /opt/airflow/dags/upload_h1b_data_to_gcp.py
[2022-08-27 20:01:36,814] {logging_mixin.py:109} INFO - [2022-08-27 20:01:36,814] {dag.py:2396} INFO - Sync 1 DAGs
[2022-08-27 20:01:36,838] {logging_mixin.py:109} INFO - [2022-08-27 20:01:36,837] {dag.py:2935} INFO - Setting next_dagrun for h1b_lca_data to 2022-07-10T06:00:00+00:00
[2022-08-27 20:01:36,852] {processor.py:171} INFO - Processing /opt/airflow/dags/upload_h1b_data_to_gcp.py took 0.718 seconds
[2022-08-27 20:02:07,511] {processor.py:163} INFO - Started process (PID=2005) to work on /opt/airflow/dags/upload_h1b_data_to_gcp.py
[2022-08-27 20:02:07,514] {processor.py:642} INFO - Processing file /opt/airflow/dags/upload_h1b_data_to_gcp.py for tasks to queue
[2022-08-27 20:02:07,515] {logging_mixin.py:109} INFO - [2022-08-27 20:02:07,515] {dagbag.py:500} INFO - Filling up the DagBag from /opt/airflow/dags/upload_h1b_data_to_gcp.py
[2022-08-27 20:02:08,195] {processor.py:654} INFO - DAG(s) dict_keys(['h1b_lca_data']) retrieved from /opt/airflow/dags/upload_h1b_data_to_gcp.py
[2022-08-27 20:02:08,209] {logging_mixin.py:109} INFO - [2022-08-27 20:02:08,208] {dag.py:2396} INFO - Sync 1 DAGs
[2022-08-27 20:02:08,229] {logging_mixin.py:109} INFO - [2022-08-27 20:02:08,228] {dag.py:2935} INFO - Setting next_dagrun for h1b_lca_data to 2022-07-10T06:00:00+00:00
[2022-08-27 20:02:08,239] {processor.py:171} INFO - Processing /opt/airflow/dags/upload_h1b_data_to_gcp.py took 0.739 seconds
[2022-08-27 20:02:38,765] {processor.py:163} INFO - Started process (PID=2036) to work on /opt/airflow/dags/upload_h1b_data_to_gcp.py
[2022-08-27 20:02:38,773] {processor.py:642} INFO - Processing file /opt/airflow/dags/upload_h1b_data_to_gcp.py for tasks to queue
[2022-08-27 20:02:38,776] {logging_mixin.py:109} INFO - [2022-08-27 20:02:38,775] {dagbag.py:500} INFO - Filling up the DagBag from /opt/airflow/dags/upload_h1b_data_to_gcp.py
[2022-08-27 20:02:39,671] {processor.py:654} INFO - DAG(s) dict_keys(['h1b_lca_data']) retrieved from /opt/airflow/dags/upload_h1b_data_to_gcp.py
[2022-08-27 20:02:39,700] {logging_mixin.py:109} INFO - [2022-08-27 20:02:39,700] {dag.py:2396} INFO - Sync 1 DAGs
[2022-08-27 20:02:39,774] {logging_mixin.py:109} INFO - [2022-08-27 20:02:39,774] {dag.py:2935} INFO - Setting next_dagrun for h1b_lca_data to 2022-07-10T06:00:00+00:00
[2022-08-27 20:02:39,787] {processor.py:171} INFO - Processing /opt/airflow/dags/upload_h1b_data_to_gcp.py took 1.033 seconds
[2022-08-27 20:03:10,009] {processor.py:163} INFO - Started process (PID=2071) to work on /opt/airflow/dags/upload_h1b_data_to_gcp.py
[2022-08-27 20:03:10,012] {processor.py:642} INFO - Processing file /opt/airflow/dags/upload_h1b_data_to_gcp.py for tasks to queue
[2022-08-27 20:03:10,013] {logging_mixin.py:109} INFO - [2022-08-27 20:03:10,013] {dagbag.py:500} INFO - Filling up the DagBag from /opt/airflow/dags/upload_h1b_data_to_gcp.py
[2022-08-27 20:03:10,940] {processor.py:654} INFO - DAG(s) dict_keys(['h1b_lca_data']) retrieved from /opt/airflow/dags/upload_h1b_data_to_gcp.py
[2022-08-27 20:03:10,956] {logging_mixin.py:109} INFO - [2022-08-27 20:03:10,955] {dag.py:2396} INFO - Sync 1 DAGs
[2022-08-27 20:03:10,991] {logging_mixin.py:109} INFO - [2022-08-27 20:03:10,991] {dag.py:2935} INFO - Setting next_dagrun for h1b_lca_data to 2022-07-10T06:00:00+00:00
[2022-08-27 20:03:11,022] {processor.py:171} INFO - Processing /opt/airflow/dags/upload_h1b_data_to_gcp.py took 1.017 seconds
[2022-08-27 20:03:41,473] {processor.py:163} INFO - Started process (PID=2097) to work on /opt/airflow/dags/upload_h1b_data_to_gcp.py
[2022-08-27 20:03:41,478] {processor.py:642} INFO - Processing file /opt/airflow/dags/upload_h1b_data_to_gcp.py for tasks to queue
[2022-08-27 20:03:41,479] {logging_mixin.py:109} INFO - [2022-08-27 20:03:41,479] {dagbag.py:500} INFO - Filling up the DagBag from /opt/airflow/dags/upload_h1b_data_to_gcp.py
[2022-08-27 20:03:43,334] {processor.py:654} INFO - DAG(s) dict_keys(['h1b_lca_data']) retrieved from /opt/airflow/dags/upload_h1b_data_to_gcp.py
[2022-08-27 20:03:43,345] {logging_mixin.py:109} INFO - [2022-08-27 20:03:43,344] {dag.py:2396} INFO - Sync 1 DAGs
[2022-08-27 20:03:43,364] {logging_mixin.py:109} INFO - [2022-08-27 20:03:43,364] {dag.py:2935} INFO - Setting next_dagrun for h1b_lca_data to 2022-07-10T06:00:00+00:00
[2022-08-27 20:03:43,378] {processor.py:171} INFO - Processing /opt/airflow/dags/upload_h1b_data_to_gcp.py took 1.913 seconds
[2022-08-27 20:04:13,734] {processor.py:163} INFO - Started process (PID=2126) to work on /opt/airflow/dags/upload_h1b_data_to_gcp.py
[2022-08-27 20:04:13,739] {processor.py:642} INFO - Processing file /opt/airflow/dags/upload_h1b_data_to_gcp.py for tasks to queue
[2022-08-27 20:04:13,742] {logging_mixin.py:109} INFO - [2022-08-27 20:04:13,741] {dagbag.py:500} INFO - Filling up the DagBag from /opt/airflow/dags/upload_h1b_data_to_gcp.py
[2022-08-27 20:04:14,747] {processor.py:654} INFO - DAG(s) dict_keys(['h1b_lca_data']) retrieved from /opt/airflow/dags/upload_h1b_data_to_gcp.py
[2022-08-27 20:04:14,760] {logging_mixin.py:109} INFO - [2022-08-27 20:04:14,760] {dag.py:2396} INFO - Sync 1 DAGs
[2022-08-27 20:04:14,783] {logging_mixin.py:109} INFO - [2022-08-27 20:04:14,783] {dag.py:2935} INFO - Setting next_dagrun for h1b_lca_data to 2022-07-10T06:00:00+00:00
[2022-08-27 20:04:14,798] {processor.py:171} INFO - Processing /opt/airflow/dags/upload_h1b_data_to_gcp.py took 1.075 seconds
[2022-08-27 20:04:44,960] {processor.py:163} INFO - Started process (PID=2165) to work on /opt/airflow/dags/upload_h1b_data_to_gcp.py
[2022-08-27 20:04:44,967] {processor.py:642} INFO - Processing file /opt/airflow/dags/upload_h1b_data_to_gcp.py for tasks to queue
[2022-08-27 20:04:44,970] {logging_mixin.py:109} INFO - [2022-08-27 20:04:44,970] {dagbag.py:500} INFO - Filling up the DagBag from /opt/airflow/dags/upload_h1b_data_to_gcp.py
[2022-08-27 20:04:45,763] {processor.py:654} INFO - DAG(s) dict_keys(['h1b_lca_data']) retrieved from /opt/airflow/dags/upload_h1b_data_to_gcp.py
[2022-08-27 20:04:45,774] {logging_mixin.py:109} INFO - [2022-08-27 20:04:45,773] {dag.py:2396} INFO - Sync 1 DAGs
[2022-08-27 20:04:45,795] {logging_mixin.py:109} INFO - [2022-08-27 20:04:45,795] {dag.py:2935} INFO - Setting next_dagrun for h1b_lca_data to 2022-07-10T06:00:00+00:00
[2022-08-27 20:04:45,807] {processor.py:171} INFO - Processing /opt/airflow/dags/upload_h1b_data_to_gcp.py took 0.856 seconds
[2022-08-27 20:05:16,283] {processor.py:163} INFO - Started process (PID=2193) to work on /opt/airflow/dags/upload_h1b_data_to_gcp.py
[2022-08-27 20:05:16,291] {processor.py:642} INFO - Processing file /opt/airflow/dags/upload_h1b_data_to_gcp.py for tasks to queue
[2022-08-27 20:05:16,295] {logging_mixin.py:109} INFO - [2022-08-27 20:05:16,295] {dagbag.py:500} INFO - Filling up the DagBag from /opt/airflow/dags/upload_h1b_data_to_gcp.py
[2022-08-27 20:05:16,989] {processor.py:654} INFO - DAG(s) dict_keys(['h1b_lca_data']) retrieved from /opt/airflow/dags/upload_h1b_data_to_gcp.py
[2022-08-27 20:05:17,006] {logging_mixin.py:109} INFO - [2022-08-27 20:05:17,006] {dag.py:2396} INFO - Sync 1 DAGs
[2022-08-27 20:05:17,025] {logging_mixin.py:109} INFO - [2022-08-27 20:05:17,025] {dag.py:2935} INFO - Setting next_dagrun for h1b_lca_data to 2022-07-10T06:00:00+00:00
[2022-08-27 20:05:17,038] {processor.py:171} INFO - Processing /opt/airflow/dags/upload_h1b_data_to_gcp.py took 0.761 seconds
[2022-08-27 20:05:47,530] {processor.py:163} INFO - Started process (PID=2222) to work on /opt/airflow/dags/upload_h1b_data_to_gcp.py
[2022-08-27 20:05:47,534] {processor.py:642} INFO - Processing file /opt/airflow/dags/upload_h1b_data_to_gcp.py for tasks to queue
[2022-08-27 20:05:47,537] {logging_mixin.py:109} INFO - [2022-08-27 20:05:47,536] {dagbag.py:500} INFO - Filling up the DagBag from /opt/airflow/dags/upload_h1b_data_to_gcp.py
[2022-08-27 20:05:48,324] {processor.py:654} INFO - DAG(s) dict_keys(['h1b_lca_data']) retrieved from /opt/airflow/dags/upload_h1b_data_to_gcp.py
[2022-08-27 20:05:48,334] {logging_mixin.py:109} INFO - [2022-08-27 20:05:48,333] {dag.py:2396} INFO - Sync 1 DAGs
[2022-08-27 20:05:48,353] {logging_mixin.py:109} INFO - [2022-08-27 20:05:48,353] {dag.py:2935} INFO - Setting next_dagrun for h1b_lca_data to 2022-07-10T06:00:00+00:00
[2022-08-27 20:05:48,362] {processor.py:171} INFO - Processing /opt/airflow/dags/upload_h1b_data_to_gcp.py took 0.839 seconds
[2022-08-27 20:06:18,842] {processor.py:163} INFO - Started process (PID=2260) to work on /opt/airflow/dags/upload_h1b_data_to_gcp.py
[2022-08-27 20:06:18,843] {processor.py:642} INFO - Processing file /opt/airflow/dags/upload_h1b_data_to_gcp.py for tasks to queue
[2022-08-27 20:06:18,845] {logging_mixin.py:109} INFO - [2022-08-27 20:06:18,844] {dagbag.py:500} INFO - Filling up the DagBag from /opt/airflow/dags/upload_h1b_data_to_gcp.py
[2022-08-27 20:06:19,527] {processor.py:654} INFO - DAG(s) dict_keys(['h1b_lca_data']) retrieved from /opt/airflow/dags/upload_h1b_data_to_gcp.py
[2022-08-27 20:06:19,539] {logging_mixin.py:109} INFO - [2022-08-27 20:06:19,538] {dag.py:2396} INFO - Sync 1 DAGs
[2022-08-27 20:06:19,561] {logging_mixin.py:109} INFO - [2022-08-27 20:06:19,560] {dag.py:2935} INFO - Setting next_dagrun for h1b_lca_data to 2022-07-10T06:00:00+00:00
[2022-08-27 20:06:19,573] {processor.py:171} INFO - Processing /opt/airflow/dags/upload_h1b_data_to_gcp.py took 0.736 seconds
[2022-08-27 20:06:50,050] {processor.py:163} INFO - Started process (PID=2287) to work on /opt/airflow/dags/upload_h1b_data_to_gcp.py
[2022-08-27 20:06:50,053] {processor.py:642} INFO - Processing file /opt/airflow/dags/upload_h1b_data_to_gcp.py for tasks to queue
[2022-08-27 20:06:50,055] {logging_mixin.py:109} INFO - [2022-08-27 20:06:50,054] {dagbag.py:500} INFO - Filling up the DagBag from /opt/airflow/dags/upload_h1b_data_to_gcp.py
[2022-08-27 20:06:50,677] {processor.py:654} INFO - DAG(s) dict_keys(['h1b_lca_data']) retrieved from /opt/airflow/dags/upload_h1b_data_to_gcp.py
[2022-08-27 20:06:50,687] {logging_mixin.py:109} INFO - [2022-08-27 20:06:50,687] {dag.py:2396} INFO - Sync 1 DAGs
[2022-08-27 20:06:50,704] {logging_mixin.py:109} INFO - [2022-08-27 20:06:50,704] {dag.py:2935} INFO - Setting next_dagrun for h1b_lca_data to 2022-07-10T06:00:00+00:00
[2022-08-27 20:06:50,714] {processor.py:171} INFO - Processing /opt/airflow/dags/upload_h1b_data_to_gcp.py took 0.668 seconds
[2022-08-27 20:07:21,360] {processor.py:163} INFO - Started process (PID=2325) to work on /opt/airflow/dags/upload_h1b_data_to_gcp.py
[2022-08-27 20:07:21,363] {processor.py:642} INFO - Processing file /opt/airflow/dags/upload_h1b_data_to_gcp.py for tasks to queue
[2022-08-27 20:07:21,365] {logging_mixin.py:109} INFO - [2022-08-27 20:07:21,365] {dagbag.py:500} INFO - Filling up the DagBag from /opt/airflow/dags/upload_h1b_data_to_gcp.py
[2022-08-27 20:07:22,196] {processor.py:654} INFO - DAG(s) dict_keys(['h1b_lca_data']) retrieved from /opt/airflow/dags/upload_h1b_data_to_gcp.py
[2022-08-27 20:07:22,216] {logging_mixin.py:109} INFO - [2022-08-27 20:07:22,215] {dag.py:2396} INFO - Sync 1 DAGs
[2022-08-27 20:07:22,245] {logging_mixin.py:109} INFO - [2022-08-27 20:07:22,245] {dag.py:2935} INFO - Setting next_dagrun for h1b_lca_data to 2022-07-10T06:00:00+00:00
[2022-08-27 20:07:22,261] {processor.py:171} INFO - Processing /opt/airflow/dags/upload_h1b_data_to_gcp.py took 0.906 seconds
[2022-08-27 20:07:52,645] {processor.py:163} INFO - Started process (PID=2353) to work on /opt/airflow/dags/upload_h1b_data_to_gcp.py
[2022-08-27 20:07:52,662] {processor.py:642} INFO - Processing file /opt/airflow/dags/upload_h1b_data_to_gcp.py for tasks to queue
[2022-08-27 20:07:52,672] {logging_mixin.py:109} INFO - [2022-08-27 20:07:52,671] {dagbag.py:500} INFO - Filling up the DagBag from /opt/airflow/dags/upload_h1b_data_to_gcp.py
[2022-08-27 20:28:02,392] {processor.py:654} INFO - DAG(s) dict_keys(['h1b_lca_data']) retrieved from /opt/airflow/dags/upload_h1b_data_to_gcp.py
[2022-08-27 20:28:02,940] {logging_mixin.py:109} INFO - [2022-08-27 20:28:02,933] {dag.py:2396} INFO - Sync 1 DAGs
