[2022-08-23 03:43:51,874] {taskinstance.py:1032} INFO - Dependencies all met for <TaskInstance: h1b_lca_data.entry_task2 scheduled__2021-04-10T06:00:00+00:00 [queued]>
[2022-08-23 03:43:51,890] {taskinstance.py:1032} INFO - Dependencies all met for <TaskInstance: h1b_lca_data.entry_task2 scheduled__2021-04-10T06:00:00+00:00 [queued]>
[2022-08-23 03:43:51,891] {taskinstance.py:1238} INFO - 
--------------------------------------------------------------------------------
[2022-08-23 03:43:51,892] {taskinstance.py:1239} INFO - Starting attempt 1 of 1
[2022-08-23 03:43:51,893] {taskinstance.py:1240} INFO - 
--------------------------------------------------------------------------------
[2022-08-23 03:43:51,908] {taskinstance.py:1259} INFO - Executing <Task(PythonOperator): entry_task2> on 2021-04-10 06:00:00+00:00
[2022-08-23 03:43:51,916] {standard_task_runner.py:52} INFO - Started process 1943 to run task
[2022-08-23 03:43:51,921] {standard_task_runner.py:76} INFO - Running: ['***', 'tasks', 'run', 'h1b_lca_data', 'entry_task2', 'scheduled__2021-04-10T06:00:00+00:00', '--job-id', '231', '--raw', '--subdir', 'DAGS_FOLDER/upload_h1b_data_to_gcp.py', '--cfg-path', '/tmp/tmpzhn7p3xp', '--error-file', '/tmp/tmp0lk4qt_4']
[2022-08-23 03:43:51,923] {standard_task_runner.py:77} INFO - Job 231: Subtask entry_task2
[2022-08-23 03:43:52,004] {logging_mixin.py:109} INFO - Running <TaskInstance: h1b_lca_data.entry_task2 scheduled__2021-04-10T06:00:00+00:00 [running]> on host 0afddbd69de7
[2022-08-23 03:43:52,295] {taskinstance.py:1426} INFO - Exporting the following env vars:
AIRFLOW_CTX_DAG_OWNER=***
AIRFLOW_CTX_DAG_ID=h1b_lca_data
AIRFLOW_CTX_TASK_ID=entry_task2
AIRFLOW_CTX_EXECUTION_DATE=2021-04-10T06:00:00+00:00
AIRFLOW_CTX_DAG_RUN_ID=scheduled__2021-04-10T06:00:00+00:00
[2022-08-23 03:43:52,297] {logging_mixin.py:109} INFO - {{ execution_date.strftime('%-m') }}
[2022-08-23 03:43:52,299] {python.py:175} INFO - Done. Returned value was: None
[2022-08-23 03:43:52,317] {taskinstance.py:1277} INFO - Marking task as SUCCESS. dag_id=h1b_lca_data, task_id=entry_task2, execution_date=20210410T060000, start_date=20220823T034351, end_date=20220823T034352
[2022-08-23 03:43:52,379] {local_task_job.py:154} INFO - Task exited with return code 0
[2022-08-23 03:43:52,469] {local_task_job.py:264} INFO - 1 downstream tasks scheduled from follow-on schedule check
