[2022-08-17 15:19:12,486] {taskinstance.py:1032} INFO - Dependencies all met for <TaskInstance: bar_data_dag.download_data_task manual__2022-08-17T15:19:09.283611+00:00 [queued]>
[2022-08-17 15:19:12,506] {taskinstance.py:1032} INFO - Dependencies all met for <TaskInstance: bar_data_dag.download_data_task manual__2022-08-17T15:19:09.283611+00:00 [queued]>
[2022-08-17 15:19:12,507] {taskinstance.py:1238} INFO - 
--------------------------------------------------------------------------------
[2022-08-17 15:19:12,508] {taskinstance.py:1239} INFO - Starting attempt 1 of 1
[2022-08-17 15:19:12,509] {taskinstance.py:1240} INFO - 
--------------------------------------------------------------------------------
[2022-08-17 15:19:12,528] {taskinstance.py:1259} INFO - Executing <Task(BashOperator): download_data_task> on 2022-08-17 15:19:09.283611+00:00
[2022-08-17 15:19:12,538] {standard_task_runner.py:52} INFO - Started process 1315 to run task
[2022-08-17 15:19:12,544] {standard_task_runner.py:76} INFO - Running: ['***', 'tasks', 'run', 'bar_data_dag', 'download_data_task', 'manual__2022-08-17T15:19:09.283611+00:00', '--job-id', '159', '--raw', '--subdir', 'DAGS_FOLDER/upload_bar_data.py', '--cfg-path', '/tmp/tmpgg31mjp4', '--error-file', '/tmp/tmp7u5e39s7']
[2022-08-17 15:19:12,548] {standard_task_runner.py:77} INFO - Job 159: Subtask download_data_task
[2022-08-17 15:19:12,643] {logging_mixin.py:109} INFO - Running <TaskInstance: bar_data_dag.download_data_task manual__2022-08-17T15:19:09.283611+00:00 [running]> on host 68a051b485fc
[2022-08-17 15:19:12,759] {taskinstance.py:1426} INFO - Exporting the following env vars:
AIRFLOW_CTX_DAG_OWNER=***
AIRFLOW_CTX_DAG_ID=bar_data_dag
AIRFLOW_CTX_TASK_ID=download_data_task
AIRFLOW_CTX_EXECUTION_DATE=2022-08-17T15:19:09.283611+00:00
AIRFLOW_CTX_DAG_RUN_ID=manual__2022-08-17T15:19:09.283611+00:00
[2022-08-17 15:19:12,763] {subprocess.py:62} INFO - Tmp dir root location: 
 /tmp
[2022-08-17 15:19:12,765] {subprocess.py:74} INFO - Running command: ['bash', '-c', 'curl -sSL https://data.cityofnewyork.us/api/views/43nn-pn8j/rows.csv?accessType=DOWNLOAD > /opt/***/DOHMH_New_York_City_Restaurant_Inspection_Results.csv']
[2022-08-17 15:19:12,788] {subprocess.py:85} INFO - Output:
[2022-08-17 15:20:03,395] {subprocess.py:93} INFO - Command exited with return code 0
[2022-08-17 15:20:03,480] {taskinstance.py:1277} INFO - Marking task as SUCCESS. dag_id=bar_data_dag, task_id=download_data_task, execution_date=20220817T151909, start_date=20220817T151912, end_date=20220817T152003
[2022-08-17 15:20:03,513] {local_task_job.py:154} INFO - Task exited with return code 0
[2022-08-17 15:20:03,574] {local_task_job.py:264} INFO - 0 downstream tasks scheduled from follow-on schedule check
