[2022-08-23 03:08:49,527] {taskinstance.py:1032} INFO - Dependencies all met for <TaskInstance: h1b_lca_data.entry_task scheduled__2021-07-10T06:00:00+00:00 [queued]>
[2022-08-23 03:08:49,593] {taskinstance.py:1032} INFO - Dependencies all met for <TaskInstance: h1b_lca_data.entry_task scheduled__2021-07-10T06:00:00+00:00 [queued]>
[2022-08-23 03:08:49,600] {taskinstance.py:1238} INFO - 
--------------------------------------------------------------------------------
[2022-08-23 03:08:49,602] {taskinstance.py:1239} INFO - Starting attempt 1 of 1
[2022-08-23 03:08:49,604] {taskinstance.py:1240} INFO - 
--------------------------------------------------------------------------------
[2022-08-23 03:08:49,653] {taskinstance.py:1259} INFO - Executing <Task(BashOperator): entry_task> on 2021-07-10 06:00:00+00:00
[2022-08-23 03:08:49,670] {standard_task_runner.py:52} INFO - Started process 244 to run task
[2022-08-23 03:08:49,701] {standard_task_runner.py:76} INFO - Running: ['***', 'tasks', 'run', 'h1b_lca_data', 'entry_task', 'scheduled__2021-07-10T06:00:00+00:00', '--job-id', '189', '--raw', '--subdir', 'DAGS_FOLDER/upload_h1b_data_to_gcp.py', '--cfg-path', '/tmp/tmp182u3dq_', '--error-file', '/tmp/tmp_t5id1l5']
[2022-08-23 03:08:49,709] {standard_task_runner.py:77} INFO - Job 189: Subtask entry_task
[2022-08-23 03:08:51,663] {logging_mixin.py:109} INFO - Running <TaskInstance: h1b_lca_data.entry_task scheduled__2021-07-10T06:00:00+00:00 [running]> on host 0afddbd69de7
[2022-08-23 03:08:52,531] {taskinstance.py:1426} INFO - Exporting the following env vars:
AIRFLOW_CTX_DAG_OWNER=***
AIRFLOW_CTX_DAG_ID=h1b_lca_data
AIRFLOW_CTX_TASK_ID=entry_task
AIRFLOW_CTX_EXECUTION_DATE=2021-07-10T06:00:00+00:00
AIRFLOW_CTX_DAG_RUN_ID=scheduled__2021-07-10T06:00:00+00:00
[2022-08-23 03:08:52,541] {subprocess.py:62} INFO - Tmp dir root location: 
 /tmp
[2022-08-23 03:08:52,550] {subprocess.py:74} INFO - Running command: ['bash', '-c', 'echo entering the dag']
[2022-08-23 03:08:52,755] {subprocess.py:85} INFO - Output:
[2022-08-23 03:08:52,784] {subprocess.py:89} INFO - entering the dag
[2022-08-23 03:08:52,785] {subprocess.py:93} INFO - Command exited with return code 0
[2022-08-23 03:08:52,915] {taskinstance.py:1277} INFO - Marking task as SUCCESS. dag_id=h1b_lca_data, task_id=entry_task, execution_date=20210710T060000, start_date=20220823T030849, end_date=20220823T030852
[2022-08-23 03:08:53,405] {local_task_job.py:154} INFO - Task exited with return code 0
[2022-08-23 03:08:54,154] {local_task_job.py:264} INFO - 0 downstream tasks scheduled from follow-on schedule check
