[2022-08-17 15:13:58,991] {taskinstance.py:1032} INFO - Dependencies all met for <TaskInstance: bar_data_dag.format_to_parquet_task manual__2022-08-17T14:40:34.710367+00:00 [queued]>
[2022-08-17 15:13:59,007] {taskinstance.py:1032} INFO - Dependencies all met for <TaskInstance: bar_data_dag.format_to_parquet_task manual__2022-08-17T14:40:34.710367+00:00 [queued]>
[2022-08-17 15:13:59,008] {taskinstance.py:1238} INFO - 
--------------------------------------------------------------------------------
[2022-08-17 15:13:59,009] {taskinstance.py:1239} INFO - Starting attempt 10 of 10
[2022-08-17 15:13:59,010] {taskinstance.py:1240} INFO - 
--------------------------------------------------------------------------------
[2022-08-17 15:13:59,027] {taskinstance.py:1259} INFO - Executing <Task(PythonOperator): format_to_parquet_task> on 2022-08-17 14:40:34.710367+00:00
[2022-08-17 15:13:59,036] {standard_task_runner.py:52} INFO - Started process 1076 to run task
[2022-08-17 15:13:59,042] {standard_task_runner.py:76} INFO - Running: ['***', 'tasks', 'run', 'bar_data_dag', 'format_to_parquet_task', 'manual__2022-08-17T14:40:34.710367+00:00', '--job-id', '156', '--raw', '--subdir', 'DAGS_FOLDER/upload_bar_data.py', '--cfg-path', '/tmp/tmpxai2tq13', '--error-file', '/tmp/tmpuykbfvv8']
[2022-08-17 15:13:59,044] {standard_task_runner.py:77} INFO - Job 156: Subtask format_to_parquet_task
[2022-08-17 15:13:59,114] {logging_mixin.py:109} INFO - Running <TaskInstance: bar_data_dag.format_to_parquet_task manual__2022-08-17T14:40:34.710367+00:00 [running]> on host 68a051b485fc
[2022-08-17 15:13:59,172] {taskinstance.py:1426} INFO - Exporting the following env vars:
AIRFLOW_CTX_DAG_OWNER=***
AIRFLOW_CTX_DAG_ID=bar_data_dag
AIRFLOW_CTX_TASK_ID=format_to_parquet_task
AIRFLOW_CTX_EXECUTION_DATE=2022-08-17T14:40:34.710367+00:00
AIRFLOW_CTX_DAG_RUN_ID=manual__2022-08-17T14:40:34.710367+00:00
[2022-08-17 15:13:59,174] {logging_mixin.py:109} INFO - Source file: /opt/***/DOHMH_New_York_City_Restaurant_Inspection_Results.csv
[2022-08-17 15:14:00,324] {python.py:175} INFO - Done. Returned value was: None
[2022-08-17 15:14:00,341] {taskinstance.py:1277} INFO - Marking task as SUCCESS. dag_id=bar_data_dag, task_id=format_to_parquet_task, execution_date=20220817T144034, start_date=20220817T151358, end_date=20220817T151400
[2022-08-17 15:14:00,427] {local_task_job.py:154} INFO - Task exited with return code 0
[2022-08-17 15:14:00,469] {local_task_job.py:264} INFO - 1 downstream tasks scheduled from follow-on schedule check
