[2022-08-29 18:44:18,537] {taskinstance.py:1032} INFO - Dependencies all met for <TaskInstance: h1b_lca_data_v3.entry_task2 scheduled__2022-01-10T06:00:00+00:00 [queued]>
[2022-08-29 18:44:18,550] {taskinstance.py:1032} INFO - Dependencies all met for <TaskInstance: h1b_lca_data_v3.entry_task2 scheduled__2022-01-10T06:00:00+00:00 [queued]>
[2022-08-29 18:44:18,552] {taskinstance.py:1238} INFO - 
--------------------------------------------------------------------------------
[2022-08-29 18:44:18,553] {taskinstance.py:1239} INFO - Starting attempt 1 of 1
[2022-08-29 18:44:18,554] {taskinstance.py:1240} INFO - 
--------------------------------------------------------------------------------
[2022-08-29 18:44:18,572] {taskinstance.py:1259} INFO - Executing <Task(BashOperator): entry_task2> on 2022-01-10 06:00:00+00:00
[2022-08-29 18:44:18,581] {standard_task_runner.py:52} INFO - Started process 5386 to run task
[2022-08-29 18:44:18,586] {standard_task_runner.py:76} INFO - Running: ['***', 'tasks', 'run', 'h1b_lca_data_v3', 'entry_task2', 'scheduled__2022-01-10T06:00:00+00:00', '--job-id', '1658', '--raw', '--subdir', 'DAGS_FOLDER/upload_h1b_data_to_gcp.py', '--cfg-path', '/tmp/tmp17sjh00r', '--error-file', '/tmp/tmpbs1by_6h']
[2022-08-29 18:44:18,588] {standard_task_runner.py:77} INFO - Job 1658: Subtask entry_task2
[2022-08-29 18:44:18,676] {logging_mixin.py:109} INFO - Running <TaskInstance: h1b_lca_data_v3.entry_task2 scheduled__2022-01-10T06:00:00+00:00 [running]> on host f153c6531160
[2022-08-29 18:44:18,810] {taskinstance.py:1426} INFO - Exporting the following env vars:
AIRFLOW_CTX_DAG_OWNER=***
AIRFLOW_CTX_DAG_ID=h1b_lca_data_v3
AIRFLOW_CTX_TASK_ID=entry_task2
AIRFLOW_CTX_EXECUTION_DATE=2022-01-10T06:00:00+00:00
AIRFLOW_CTX_DAG_RUN_ID=scheduled__2022-01-10T06:00:00+00:00
[2022-08-29 18:44:18,813] {subprocess.py:62} INFO - Tmp dir root location: 
 /tmp
[2022-08-29 18:44:18,816] {subprocess.py:74} INFO - Running command: ['bash', '-c', 'echo "None"']
[2022-08-29 18:44:18,841] {subprocess.py:85} INFO - Output:
[2022-08-29 18:44:18,845] {subprocess.py:89} INFO - None
[2022-08-29 18:44:18,846] {subprocess.py:93} INFO - Command exited with return code 0
[2022-08-29 18:44:18,906] {taskinstance.py:1277} INFO - Marking task as SUCCESS. dag_id=h1b_lca_data_v3, task_id=entry_task2, execution_date=20220110T060000, start_date=20220829T184418, end_date=20220829T184418
[2022-08-29 18:44:18,965] {local_task_job.py:154} INFO - Task exited with return code 0
[2022-08-29 18:44:19,027] {local_task_job.py:264} INFO - 1 downstream tasks scheduled from follow-on schedule check
