[2022-08-29 18:44:57,494] {taskinstance.py:1032} INFO - Dependencies all met for <TaskInstance: h1b_lca_data_v3.entry_task2 scheduled__2022-01-10T06:00:00+00:00 [queued]>
[2022-08-29 18:44:57,514] {taskinstance.py:1032} INFO - Dependencies all met for <TaskInstance: h1b_lca_data_v3.entry_task2 scheduled__2022-01-10T06:00:00+00:00 [queued]>
[2022-08-29 18:44:57,516] {taskinstance.py:1238} INFO - 
--------------------------------------------------------------------------------
[2022-08-29 18:44:57,517] {taskinstance.py:1239} INFO - Starting attempt 2 of 2
[2022-08-29 18:44:57,518] {taskinstance.py:1240} INFO - 
--------------------------------------------------------------------------------
[2022-08-29 18:44:57,536] {taskinstance.py:1259} INFO - Executing <Task(BashOperator): entry_task2> on 2022-01-10 06:00:00+00:00
[2022-08-29 18:44:57,545] {standard_task_runner.py:52} INFO - Started process 5429 to run task
[2022-08-29 18:44:57,552] {standard_task_runner.py:76} INFO - Running: ['***', 'tasks', 'run', 'h1b_lca_data_v3', 'entry_task2', 'scheduled__2022-01-10T06:00:00+00:00', '--job-id', '1661', '--raw', '--subdir', 'DAGS_FOLDER/upload_h1b_data_to_gcp.py', '--cfg-path', '/tmp/tmp78ajm2l0', '--error-file', '/tmp/tmpoc1w2utx']
[2022-08-29 18:44:57,554] {standard_task_runner.py:77} INFO - Job 1661: Subtask entry_task2
[2022-08-29 18:44:57,643] {logging_mixin.py:109} INFO - Running <TaskInstance: h1b_lca_data_v3.entry_task2 scheduled__2022-01-10T06:00:00+00:00 [running]> on host f153c6531160
[2022-08-29 18:44:57,750] {taskinstance.py:1426} INFO - Exporting the following env vars:
AIRFLOW_CTX_DAG_OWNER=***
AIRFLOW_CTX_DAG_ID=h1b_lca_data_v3
AIRFLOW_CTX_TASK_ID=entry_task2
AIRFLOW_CTX_EXECUTION_DATE=2022-01-10T06:00:00+00:00
AIRFLOW_CTX_DAG_RUN_ID=scheduled__2022-01-10T06:00:00+00:00
[2022-08-29 18:44:57,756] {subprocess.py:62} INFO - Tmp dir root location: 
 /tmp
[2022-08-29 18:44:57,758] {subprocess.py:74} INFO - Running command: ['bash', '-c', 'echo "1"']
[2022-08-29 18:44:57,779] {subprocess.py:85} INFO - Output:
[2022-08-29 18:44:57,789] {subprocess.py:89} INFO - 1
[2022-08-29 18:44:57,791] {subprocess.py:93} INFO - Command exited with return code 0
[2022-08-29 18:44:57,840] {taskinstance.py:1277} INFO - Marking task as SUCCESS. dag_id=h1b_lca_data_v3, task_id=entry_task2, execution_date=20220110T060000, start_date=20220829T184457, end_date=20220829T184457
[2022-08-29 18:44:57,889] {local_task_job.py:154} INFO - Task exited with return code 0
[2022-08-29 18:44:57,937] {local_task_job.py:264} INFO - 1 downstream tasks scheduled from follow-on schedule check
