[2022-08-29 19:43:44,383] {taskinstance.py:1032} INFO - Dependencies all met for <TaskInstance: h1b_lca_data_v4.bigquery_external_table_task scheduled__2022-01-10T06:00:00+00:00 [queued]>
[2022-08-29 19:43:44,406] {taskinstance.py:1032} INFO - Dependencies all met for <TaskInstance: h1b_lca_data_v4.bigquery_external_table_task scheduled__2022-01-10T06:00:00+00:00 [queued]>
[2022-08-29 19:43:44,410] {taskinstance.py:1238} INFO - 
--------------------------------------------------------------------------------
[2022-08-29 19:43:44,413] {taskinstance.py:1239} INFO - Starting attempt 1 of 1
[2022-08-29 19:43:44,416] {taskinstance.py:1240} INFO - 
--------------------------------------------------------------------------------
[2022-08-29 19:43:44,447] {taskinstance.py:1259} INFO - Executing <Task(BigQueryCreateExternalTableOperator): bigquery_external_table_task> on 2022-01-10 06:00:00+00:00
[2022-08-29 19:43:44,462] {standard_task_runner.py:52} INFO - Started process 8100 to run task
[2022-08-29 19:43:44,477] {standard_task_runner.py:76} INFO - Running: ['***', 'tasks', 'run', 'h1b_lca_data_v4', 'bigquery_external_table_task', 'scheduled__2022-01-10T06:00:00+00:00', '--job-id', '1749', '--raw', '--subdir', 'DAGS_FOLDER/upload_h1b_data_to_gcp.py', '--cfg-path', '/tmp/tmptgczisnp', '--error-file', '/tmp/tmp_jkr5rdf']
[2022-08-29 19:43:44,490] {standard_task_runner.py:77} INFO - Job 1749: Subtask bigquery_external_table_task
[2022-08-29 19:43:44,777] {logging_mixin.py:109} INFO - Running <TaskInstance: h1b_lca_data_v4.bigquery_external_table_task scheduled__2022-01-10T06:00:00+00:00 [running]> on host f153c6531160
[2022-08-29 19:43:45,101] {warnings.py:110} WARNING - /home/***/.local/lib/python3.7/site-packages/***/utils/context.py:152: AirflowContextDeprecationWarning: Accessing 'execution_date' from the template is deprecated and will be removed in a future version. Please use 'data_interval_start' or 'logical_date' instead.
  warnings.warn(_create_deprecation_warning(key, self._deprecation_replacements[key]))

[2022-08-29 19:43:45,184] {taskinstance.py:1426} INFO - Exporting the following env vars:
AIRFLOW_CTX_DAG_OWNER=***
AIRFLOW_CTX_DAG_ID=h1b_lca_data_v4
AIRFLOW_CTX_TASK_ID=bigquery_external_table_task
AIRFLOW_CTX_EXECUTION_DATE=2022-01-10T06:00:00+00:00
AIRFLOW_CTX_DAG_RUN_ID=scheduled__2022-01-10T06:00:00+00:00
[2022-08-29 19:43:45,187] {crypto.py:82} WARNING - empty cryptography key - values will not be stored encrypted.
[2022-08-29 19:43:46,193] {taskinstance.py:1277} INFO - Marking task as SUCCESS. dag_id=h1b_lca_data_v4, task_id=bigquery_external_table_task, execution_date=20220110T060000, start_date=20220829T194344, end_date=20220829T194346
[2022-08-29 19:43:46,370] {local_task_job.py:154} INFO - Task exited with return code 0
[2022-08-29 19:43:46,508] {local_task_job.py:264} INFO - 0 downstream tasks scheduled from follow-on schedule check
