[2022-08-23 03:45:56,652] {taskinstance.py:1032} INFO - Dependencies all met for <TaskInstance: h1b_lca_data.entry_task2 scheduled__2021-01-10T06:00:00+00:00 [queued]>
[2022-08-23 03:45:56,675] {taskinstance.py:1032} INFO - Dependencies all met for <TaskInstance: h1b_lca_data.entry_task2 scheduled__2021-01-10T06:00:00+00:00 [queued]>
[2022-08-23 03:45:56,677] {taskinstance.py:1238} INFO - 
--------------------------------------------------------------------------------
[2022-08-23 03:45:56,679] {taskinstance.py:1239} INFO - Starting attempt 2 of 2
[2022-08-23 03:45:56,680] {taskinstance.py:1240} INFO - 
--------------------------------------------------------------------------------
[2022-08-23 03:45:56,708] {taskinstance.py:1259} INFO - Executing <Task(PythonOperator): entry_task2> on 2021-01-10 06:00:00+00:00
[2022-08-23 03:45:56,720] {standard_task_runner.py:52} INFO - Started process 2050 to run task
[2022-08-23 03:45:56,739] {standard_task_runner.py:76} INFO - Running: ['***', 'tasks', 'run', 'h1b_lca_data', 'entry_task2', 'scheduled__2021-01-10T06:00:00+00:00', '--job-id', '234', '--raw', '--subdir', 'DAGS_FOLDER/upload_h1b_data_to_gcp.py', '--cfg-path', '/tmp/tmp23anaxer', '--error-file', '/tmp/tmpr0l1zx1w']
[2022-08-23 03:45:56,743] {standard_task_runner.py:77} INFO - Job 234: Subtask entry_task2
[2022-08-23 03:45:56,899] {logging_mixin.py:109} INFO - Running <TaskInstance: h1b_lca_data.entry_task2 scheduled__2021-01-10T06:00:00+00:00 [running]> on host 0afddbd69de7
[2022-08-23 03:45:57,125] {taskinstance.py:1426} INFO - Exporting the following env vars:
AIRFLOW_CTX_DAG_OWNER=***
AIRFLOW_CTX_DAG_ID=h1b_lca_data
AIRFLOW_CTX_TASK_ID=entry_task2
AIRFLOW_CTX_EXECUTION_DATE=2021-01-10T06:00:00+00:00
AIRFLOW_CTX_DAG_RUN_ID=scheduled__2021-01-10T06:00:00+00:00
[2022-08-23 03:45:57,128] {logging_mixin.py:109} INFO - {{ execution_date.strftime('%-m') }}
[2022-08-23 03:45:57,129] {python.py:175} INFO - Done. Returned value was: None
[2022-08-23 03:45:57,155] {taskinstance.py:1277} INFO - Marking task as SUCCESS. dag_id=h1b_lca_data, task_id=entry_task2, execution_date=20210110T060000, start_date=20220823T034556, end_date=20220823T034557
[2022-08-23 03:45:57,226] {local_task_job.py:154} INFO - Task exited with return code 0
[2022-08-23 03:45:57,306] {local_task_job.py:264} INFO - 0 downstream tasks scheduled from follow-on schedule check
