[2022-08-29 18:52:29,976] {taskinstance.py:1032} INFO - Dependencies all met for <TaskInstance: h1b_lca_data_v4.format_xlsx_to_csv_task scheduled__2021-01-10T06:00:00+00:00 [queued]>
[2022-08-29 18:52:29,997] {taskinstance.py:1032} INFO - Dependencies all met for <TaskInstance: h1b_lca_data_v4.format_xlsx_to_csv_task scheduled__2021-01-10T06:00:00+00:00 [queued]>
[2022-08-29 18:52:29,998] {taskinstance.py:1238} INFO - 
--------------------------------------------------------------------------------
[2022-08-29 18:52:29,999] {taskinstance.py:1239} INFO - Starting attempt 1 of 1
[2022-08-29 18:52:30,000] {taskinstance.py:1240} INFO - 
--------------------------------------------------------------------------------
[2022-08-29 18:52:30,020] {taskinstance.py:1259} INFO - Executing <Task(PythonOperator): format_xlsx_to_csv_task> on 2021-01-10 06:00:00+00:00
[2022-08-29 18:52:30,031] {standard_task_runner.py:52} INFO - Started process 5864 to run task
[2022-08-29 18:52:30,042] {standard_task_runner.py:76} INFO - Running: ['***', 'tasks', 'run', 'h1b_lca_data_v4', 'format_xlsx_to_csv_task', 'scheduled__2021-01-10T06:00:00+00:00', '--job-id', '1691', '--raw', '--subdir', 'DAGS_FOLDER/upload_h1b_data_to_gcp.py', '--cfg-path', '/tmp/tmp856ttxe5', '--error-file', '/tmp/tmpozygeepb']
[2022-08-29 18:52:30,044] {standard_task_runner.py:77} INFO - Job 1691: Subtask format_xlsx_to_csv_task
[2022-08-29 18:52:30,151] {logging_mixin.py:109} INFO - Running <TaskInstance: h1b_lca_data_v4.format_xlsx_to_csv_task scheduled__2021-01-10T06:00:00+00:00 [running]> on host f153c6531160
[2022-08-29 18:52:30,222] {warnings.py:110} WARNING - /home/***/.local/lib/python3.7/site-packages/***/utils/context.py:152: AirflowContextDeprecationWarning: Accessing 'execution_date' from the template is deprecated and will be removed in a future version. Please use 'data_interval_start' or 'logical_date' instead.
  warnings.warn(_create_deprecation_warning(key, self._deprecation_replacements[key]))

[2022-08-29 18:52:30,282] {taskinstance.py:1426} INFO - Exporting the following env vars:
AIRFLOW_CTX_DAG_OWNER=***
AIRFLOW_CTX_DAG_ID=h1b_lca_data_v4
AIRFLOW_CTX_TASK_ID=format_xlsx_to_csv_task
AIRFLOW_CTX_EXECUTION_DATE=2021-01-10T06:00:00+00:00
AIRFLOW_CTX_DAG_RUN_ID=scheduled__2021-01-10T06:00:00+00:00
[2022-08-29 18:52:41,163] {logging_mixin.py:109} INFO - Source file:  /opt/***/LCA_Disclosure_Data_FY2021_Q1.xlsx
[2022-08-29 18:56:25,549] {logging_mixin.py:109} INFO - attempting to write dataframe to csv format
[2022-08-29 18:56:31,418] {logging_mixin.py:109} INFO - Wrote to file:  /opt/***/LCA_Disclosure_Data_FY2021_Q1.csv
[2022-08-29 18:56:31,494] {python.py:175} INFO - Done. Returned value was: None
[2022-08-29 18:56:31,517] {taskinstance.py:1277} INFO - Marking task as SUCCESS. dag_id=h1b_lca_data_v4, task_id=format_xlsx_to_csv_task, execution_date=20210110T060000, start_date=20220829T185229, end_date=20220829T185631
[2022-08-29 18:56:31,641] {local_task_job.py:154} INFO - Task exited with return code 0
[2022-08-29 18:56:31,700] {local_task_job.py:264} INFO - 0 downstream tasks scheduled from follow-on schedule check
