[2022-08-17 15:20:04,257] {taskinstance.py:1032} INFO - Dependencies all met for <TaskInstance: bar_data_dag.format_to_parquet_task manual__2022-08-17T15:19:09.283611+00:00 [queued]>
[2022-08-17 15:20:04,276] {taskinstance.py:1032} INFO - Dependencies all met for <TaskInstance: bar_data_dag.format_to_parquet_task manual__2022-08-17T15:19:09.283611+00:00 [queued]>
[2022-08-17 15:20:04,282] {taskinstance.py:1238} INFO - 
--------------------------------------------------------------------------------
[2022-08-17 15:20:04,283] {taskinstance.py:1239} INFO - Starting attempt 1 of 1
[2022-08-17 15:20:04,285] {taskinstance.py:1240} INFO - 
--------------------------------------------------------------------------------
[2022-08-17 15:20:04,302] {taskinstance.py:1259} INFO - Executing <Task(PythonOperator): format_to_parquet_task> on 2022-08-17 15:19:09.283611+00:00
[2022-08-17 15:20:04,311] {standard_task_runner.py:52} INFO - Started process 1361 to run task
[2022-08-17 15:20:04,317] {standard_task_runner.py:76} INFO - Running: ['***', 'tasks', 'run', 'bar_data_dag', 'format_to_parquet_task', 'manual__2022-08-17T15:19:09.283611+00:00', '--job-id', '160', '--raw', '--subdir', 'DAGS_FOLDER/upload_bar_data.py', '--cfg-path', '/tmp/tmpshqvdzll', '--error-file', '/tmp/tmpci1q9ky3']
[2022-08-17 15:20:04,319] {standard_task_runner.py:77} INFO - Job 160: Subtask format_to_parquet_task
[2022-08-17 15:20:04,415] {logging_mixin.py:109} INFO - Running <TaskInstance: bar_data_dag.format_to_parquet_task manual__2022-08-17T15:19:09.283611+00:00 [running]> on host 68a051b485fc
[2022-08-17 15:20:04,502] {taskinstance.py:1426} INFO - Exporting the following env vars:
AIRFLOW_CTX_DAG_OWNER=***
AIRFLOW_CTX_DAG_ID=bar_data_dag
AIRFLOW_CTX_TASK_ID=format_to_parquet_task
AIRFLOW_CTX_EXECUTION_DATE=2022-08-17T15:19:09.283611+00:00
AIRFLOW_CTX_DAG_RUN_ID=manual__2022-08-17T15:19:09.283611+00:00
[2022-08-17 15:20:04,505] {logging_mixin.py:109} INFO - Source file: /opt/***/DOHMH_New_York_City_Restaurant_Inspection_Results.csv
[2022-08-17 15:20:05,981] {python.py:175} INFO - Done. Returned value was: None
[2022-08-17 15:20:06,003] {taskinstance.py:1277} INFO - Marking task as SUCCESS. dag_id=bar_data_dag, task_id=format_to_parquet_task, execution_date=20220817T151909, start_date=20220817T152004, end_date=20220817T152006
[2022-08-17 15:20:06,142] {local_task_job.py:154} INFO - Task exited with return code 0
[2022-08-17 15:20:06,190] {local_task_job.py:264} INFO - 1 downstream tasks scheduled from follow-on schedule check
