[2022-08-17 15:14:01,631] {taskinstance.py:1032} INFO - Dependencies all met for <TaskInstance: bar_data_dag.local_to_gcs_task manual__2022-08-17T14:40:34.710367+00:00 [queued]>
[2022-08-17 15:14:01,646] {taskinstance.py:1032} INFO - Dependencies all met for <TaskInstance: bar_data_dag.local_to_gcs_task manual__2022-08-17T14:40:34.710367+00:00 [queued]>
[2022-08-17 15:14:01,647] {taskinstance.py:1238} INFO - 
--------------------------------------------------------------------------------
[2022-08-17 15:14:01,648] {taskinstance.py:1239} INFO - Starting attempt 1 of 1
[2022-08-17 15:14:01,649] {taskinstance.py:1240} INFO - 
--------------------------------------------------------------------------------
[2022-08-17 15:14:01,665] {taskinstance.py:1259} INFO - Executing <Task(PythonOperator): local_to_gcs_task> on 2022-08-17 14:40:34.710367+00:00
[2022-08-17 15:14:01,672] {standard_task_runner.py:52} INFO - Started process 1085 to run task
[2022-08-17 15:14:01,678] {standard_task_runner.py:76} INFO - Running: ['***', 'tasks', 'run', 'bar_data_dag', 'local_to_gcs_task', 'manual__2022-08-17T14:40:34.710367+00:00', '--job-id', '157', '--raw', '--subdir', 'DAGS_FOLDER/upload_bar_data.py', '--cfg-path', '/tmp/tmpx6z7hwwk', '--error-file', '/tmp/tmp7ojh3dw2']
[2022-08-17 15:14:01,680] {standard_task_runner.py:77} INFO - Job 157: Subtask local_to_gcs_task
[2022-08-17 15:14:01,752] {logging_mixin.py:109} INFO - Running <TaskInstance: bar_data_dag.local_to_gcs_task manual__2022-08-17T14:40:34.710367+00:00 [running]> on host 68a051b485fc
[2022-08-17 15:14:01,811] {taskinstance.py:1426} INFO - Exporting the following env vars:
AIRFLOW_CTX_DAG_OWNER=***
AIRFLOW_CTX_DAG_ID=bar_data_dag
AIRFLOW_CTX_TASK_ID=local_to_gcs_task
AIRFLOW_CTX_EXECUTION_DATE=2022-08-17T14:40:34.710367+00:00
AIRFLOW_CTX_DAG_RUN_ID=manual__2022-08-17T14:40:34.710367+00:00
[2022-08-17 15:15:50,153] {python.py:175} INFO - Done. Returned value was: None
[2022-08-17 15:15:50,183] {taskinstance.py:1277} INFO - Marking task as SUCCESS. dag_id=bar_data_dag, task_id=local_to_gcs_task, execution_date=20220817T144034, start_date=20220817T151401, end_date=20220817T151550
[2022-08-17 15:15:50,258] {local_task_job.py:154} INFO - Task exited with return code 0
[2022-08-17 15:15:50,324] {local_task_job.py:264} INFO - 0 downstream tasks scheduled from follow-on schedule check
