[2022-08-29 15:03:29,881] {taskinstance.py:1032} INFO - Dependencies all met for <TaskInstance: h1b_lca_data_v3.entry_task scheduled__2021-07-10T06:00:00+00:00 [queued]>
[2022-08-29 15:03:29,895] {taskinstance.py:1032} INFO - Dependencies all met for <TaskInstance: h1b_lca_data_v3.entry_task scheduled__2021-07-10T06:00:00+00:00 [queued]>
[2022-08-29 15:03:29,896] {taskinstance.py:1238} INFO - 
--------------------------------------------------------------------------------
[2022-08-29 15:03:29,897] {taskinstance.py:1239} INFO - Starting attempt 2 of 2
[2022-08-29 15:03:29,898] {taskinstance.py:1240} INFO - 
--------------------------------------------------------------------------------
[2022-08-29 15:03:29,917] {taskinstance.py:1259} INFO - Executing <Task(BashOperator): entry_task> on 2021-07-10 06:00:00+00:00
[2022-08-29 15:03:29,925] {standard_task_runner.py:52} INFO - Started process 9941 to run task
[2022-08-29 15:03:29,931] {standard_task_runner.py:76} INFO - Running: ['***', 'tasks', 'run', 'h1b_lca_data_v3', 'entry_task', 'scheduled__2021-07-10T06:00:00+00:00', '--job-id', '1473', '--raw', '--subdir', 'DAGS_FOLDER/upload_h1b_data_to_gcp.py', '--cfg-path', '/tmp/tmpa8acwimk', '--error-file', '/tmp/tmpwe_i3hv2']
[2022-08-29 15:03:29,933] {standard_task_runner.py:77} INFO - Job 1473: Subtask entry_task
[2022-08-29 15:03:30,016] {logging_mixin.py:109} INFO - Running <TaskInstance: h1b_lca_data_v3.entry_task scheduled__2021-07-10T06:00:00+00:00 [running]> on host efb24f1b01c6
[2022-08-29 15:03:30,071] {warnings.py:110} WARNING - /home/***/.local/lib/python3.7/site-packages/***/utils/context.py:152: AirflowContextDeprecationWarning: Accessing 'execution_date' from the template is deprecated and will be removed in a future version. Please use 'data_interval_start' or 'logical_date' instead.
  warnings.warn(_create_deprecation_warning(key, self._deprecation_replacements[key]))

[2022-08-29 15:03:30,106] {taskinstance.py:1426} INFO - Exporting the following env vars:
AIRFLOW_CTX_DAG_OWNER=***
AIRFLOW_CTX_DAG_ID=h1b_lca_data_v3
AIRFLOW_CTX_TASK_ID=entry_task
AIRFLOW_CTX_EXECUTION_DATE=2021-07-10T06:00:00+00:00
AIRFLOW_CTX_DAG_RUN_ID=scheduled__2021-07-10T06:00:00+00:00
[2022-08-29 15:03:30,108] {subprocess.py:62} INFO - Tmp dir root location: 
 /tmp
[2022-08-29 15:03:30,111] {subprocess.py:74} INFO - Running command: ['bash', '-c', 'echo 2021_Q%-q.xlsx']
[2022-08-29 15:03:30,129] {subprocess.py:85} INFO - Output:
[2022-08-29 15:03:30,132] {subprocess.py:89} INFO - 2021_Q%-q.xlsx
[2022-08-29 15:03:30,133] {subprocess.py:93} INFO - Command exited with return code 0
[2022-08-29 15:03:30,169] {taskinstance.py:1277} INFO - Marking task as SUCCESS. dag_id=h1b_lca_data_v3, task_id=entry_task, execution_date=20210710T060000, start_date=20220829T150329, end_date=20220829T150330
[2022-08-29 15:03:30,227] {local_task_job.py:154} INFO - Task exited with return code 0
[2022-08-29 15:03:30,271] {local_task_job.py:264} INFO - 0 downstream tasks scheduled from follow-on schedule check
