[2022-08-29 14:31:32,504] {taskinstance.py:1032} INFO - Dependencies all met for <TaskInstance: h1b_lca_data_v2.entry_task manual__2022-08-29T14:31:31.276624+00:00 [queued]>
[2022-08-29 14:31:32,519] {taskinstance.py:1032} INFO - Dependencies all met for <TaskInstance: h1b_lca_data_v2.entry_task manual__2022-08-29T14:31:31.276624+00:00 [queued]>
[2022-08-29 14:31:32,521] {taskinstance.py:1238} INFO - 
--------------------------------------------------------------------------------
[2022-08-29 14:31:32,522] {taskinstance.py:1239} INFO - Starting attempt 1 of 1
[2022-08-29 14:31:32,523] {taskinstance.py:1240} INFO - 
--------------------------------------------------------------------------------
[2022-08-29 14:31:32,538] {taskinstance.py:1259} INFO - Executing <Task(BashOperator): entry_task> on 2022-08-29 14:31:31.276624+00:00
[2022-08-29 14:31:32,544] {standard_task_runner.py:52} INFO - Started process 8337 to run task
[2022-08-29 14:31:32,552] {standard_task_runner.py:76} INFO - Running: ['***', 'tasks', 'run', 'h1b_lca_data_v2', 'entry_task', 'manual__2022-08-29T14:31:31.276624+00:00', '--job-id', '1428', '--raw', '--subdir', 'DAGS_FOLDER/upload_h1b_data_to_gcp.py', '--cfg-path', '/tmp/tmpluqrevb6', '--error-file', '/tmp/tmpog2z8lfz']
[2022-08-29 14:31:32,553] {standard_task_runner.py:77} INFO - Job 1428: Subtask entry_task
[2022-08-29 14:31:32,629] {logging_mixin.py:109} INFO - Running <TaskInstance: h1b_lca_data_v2.entry_task manual__2022-08-29T14:31:31.276624+00:00 [running]> on host efb24f1b01c6
[2022-08-29 14:31:32,680] {warnings.py:110} WARNING - /home/***/.local/lib/python3.7/site-packages/***/utils/context.py:152: AirflowContextDeprecationWarning: Accessing 'execution_date' from the template is deprecated and will be removed in a future version. Please use 'data_interval_start' or 'logical_date' instead.
  warnings.warn(_create_deprecation_warning(key, self._deprecation_replacements[key]))

[2022-08-29 14:31:32,705] {taskinstance.py:1426} INFO - Exporting the following env vars:
AIRFLOW_CTX_DAG_OWNER=***
AIRFLOW_CTX_DAG_ID=h1b_lca_data_v2
AIRFLOW_CTX_TASK_ID=entry_task
AIRFLOW_CTX_EXECUTION_DATE=2022-08-29T14:31:31.276624+00:00
AIRFLOW_CTX_DAG_RUN_ID=manual__2022-08-29T14:31:31.276624+00:00
[2022-08-29 14:31:32,707] {subprocess.py:62} INFO - Tmp dir root location: 
 /tmp
[2022-08-29 14:31:32,712] {subprocess.py:74} INFO - Running command: ['bash', '-c', 'echo /opt/***/LCA_Disclosure_Data_FY2022_Q8.xlsx ']
[2022-08-29 14:31:32,729] {subprocess.py:85} INFO - Output:
[2022-08-29 14:31:32,747] {subprocess.py:89} INFO - /opt/***/LCA_Disclosure_Data_FY2022_Q8.xlsx
[2022-08-29 14:31:32,748] {subprocess.py:93} INFO - Command exited with return code 0
[2022-08-29 14:31:32,782] {taskinstance.py:1277} INFO - Marking task as SUCCESS. dag_id=h1b_lca_data_v2, task_id=entry_task, execution_date=20220829T143131, start_date=20220829T143132, end_date=20220829T143132
[2022-08-29 14:31:32,844] {local_task_job.py:154} INFO - Task exited with return code 0
[2022-08-29 14:31:32,924] {local_task_job.py:264} INFO - 1 downstream tasks scheduled from follow-on schedule check
