[2022-08-17 15:51:56,523] {taskinstance.py:1032} INFO - Dependencies all met for <TaskInstance: bar_data_dag.download_data_task manual__2022-08-17T15:51:53.623971+00:00 [queued]>
[2022-08-17 15:51:56,554] {taskinstance.py:1032} INFO - Dependencies all met for <TaskInstance: bar_data_dag.download_data_task manual__2022-08-17T15:51:53.623971+00:00 [queued]>
[2022-08-17 15:51:56,556] {taskinstance.py:1238} INFO - 
--------------------------------------------------------------------------------
[2022-08-17 15:51:56,557] {taskinstance.py:1239} INFO - Starting attempt 1 of 1
[2022-08-17 15:51:56,559] {taskinstance.py:1240} INFO - 
--------------------------------------------------------------------------------
[2022-08-17 15:51:56,585] {taskinstance.py:1259} INFO - Executing <Task(BashOperator): download_data_task> on 2022-08-17 15:51:53.623971+00:00
[2022-08-17 15:51:56,596] {standard_task_runner.py:52} INFO - Started process 2791 to run task
[2022-08-17 15:51:56,606] {standard_task_runner.py:76} INFO - Running: ['***', 'tasks', 'run', 'bar_data_dag', 'download_data_task', 'manual__2022-08-17T15:51:53.623971+00:00', '--job-id', '168', '--raw', '--subdir', 'DAGS_FOLDER/upload_bar_data.py', '--cfg-path', '/tmp/tmp6wmznmod', '--error-file', '/tmp/tmpzbpl5uka']
[2022-08-17 15:51:56,609] {standard_task_runner.py:77} INFO - Job 168: Subtask download_data_task
[2022-08-17 15:51:56,726] {logging_mixin.py:109} INFO - Running <TaskInstance: bar_data_dag.download_data_task manual__2022-08-17T15:51:53.623971+00:00 [running]> on host 68a051b485fc
[2022-08-17 15:51:56,827] {taskinstance.py:1426} INFO - Exporting the following env vars:
AIRFLOW_CTX_DAG_OWNER=***
AIRFLOW_CTX_DAG_ID=bar_data_dag
AIRFLOW_CTX_TASK_ID=download_data_task
AIRFLOW_CTX_EXECUTION_DATE=2022-08-17T15:51:53.623971+00:00
AIRFLOW_CTX_DAG_RUN_ID=manual__2022-08-17T15:51:53.623971+00:00
[2022-08-17 15:51:56,830] {subprocess.py:62} INFO - Tmp dir root location: 
 /tmp
[2022-08-17 15:51:56,832] {subprocess.py:74} INFO - Running command: ['bash', '-c', 'curl -sSL https://data.cityofnewyork.us/api/views/43nn-pn8j/rows.csv?accessType=DOWNLOAD > /opt/***/DOHMH_New_York_City_Restaurant_Inspection_Results.csv']
[2022-08-17 15:51:56,857] {subprocess.py:85} INFO - Output:
[2022-08-17 15:53:39,429] {subprocess.py:93} INFO - Command exited with return code 0
[2022-08-17 15:53:39,519] {taskinstance.py:1277} INFO - Marking task as SUCCESS. dag_id=bar_data_dag, task_id=download_data_task, execution_date=20220817T155153, start_date=20220817T155156, end_date=20220817T155339
[2022-08-17 15:53:39,596] {local_task_job.py:154} INFO - Task exited with return code 0
[2022-08-17 15:53:39,653] {local_task_job.py:264} INFO - 1 downstream tasks scheduled from follow-on schedule check
