[2022-08-29 14:55:32,291] {taskinstance.py:1032} INFO - Dependencies all met for <TaskInstance: h1b_lca_data_v3.format_csv_to_parquet_task scheduled__2022-01-10T06:00:00+00:00 [queued]>
[2022-08-29 14:55:32,306] {taskinstance.py:1032} INFO - Dependencies all met for <TaskInstance: h1b_lca_data_v3.format_csv_to_parquet_task scheduled__2022-01-10T06:00:00+00:00 [queued]>
[2022-08-29 14:55:32,307] {taskinstance.py:1238} INFO - 
--------------------------------------------------------------------------------
[2022-08-29 14:55:32,309] {taskinstance.py:1239} INFO - Starting attempt 1 of 1
[2022-08-29 14:55:32,310] {taskinstance.py:1240} INFO - 
--------------------------------------------------------------------------------
[2022-08-29 14:55:32,328] {taskinstance.py:1259} INFO - Executing <Task(PythonOperator): format_csv_to_parquet_task> on 2022-01-10 06:00:00+00:00
[2022-08-29 14:55:32,337] {standard_task_runner.py:52} INFO - Started process 9540 to run task
[2022-08-29 14:55:32,344] {standard_task_runner.py:76} INFO - Running: ['***', 'tasks', 'run', 'h1b_lca_data_v3', 'format_csv_to_parquet_task', 'scheduled__2022-01-10T06:00:00+00:00', '--job-id', '1463', '--raw', '--subdir', 'DAGS_FOLDER/upload_h1b_data_to_gcp.py', '--cfg-path', '/tmp/tmped1zqdn3', '--error-file', '/tmp/tmp1k5zejyz']
[2022-08-29 14:55:32,346] {standard_task_runner.py:77} INFO - Job 1463: Subtask format_csv_to_parquet_task
[2022-08-29 14:55:32,426] {logging_mixin.py:109} INFO - Running <TaskInstance: h1b_lca_data_v3.format_csv_to_parquet_task scheduled__2022-01-10T06:00:00+00:00 [running]> on host efb24f1b01c6
[2022-08-29 14:55:32,489] {warnings.py:110} WARNING - /home/***/.local/lib/python3.7/site-packages/***/utils/context.py:152: AirflowContextDeprecationWarning: Accessing 'execution_date' from the template is deprecated and will be removed in a future version. Please use 'data_interval_start' or 'logical_date' instead.
  warnings.warn(_create_deprecation_warning(key, self._deprecation_replacements[key]))

[2022-08-29 14:55:32,522] {taskinstance.py:1426} INFO - Exporting the following env vars:
AIRFLOW_CTX_DAG_OWNER=***
AIRFLOW_CTX_DAG_ID=h1b_lca_data_v3
AIRFLOW_CTX_TASK_ID=format_csv_to_parquet_task
AIRFLOW_CTX_EXECUTION_DATE=2022-01-10T06:00:00+00:00
AIRFLOW_CTX_DAG_RUN_ID=scheduled__2022-01-10T06:00:00+00:00
[2022-08-29 14:55:32,546] {logging_mixin.py:109} INFO - Source file to be fetched for format_csv_to_parquet:  /opt/***/LCA_Disclosure_Data_FY2022_Q1.csv
[2022-08-29 14:55:32,548] {logging_mixin.py:109} INFO - Source file: /opt/***/LCA_Disclosure_Data_FY2022_Q1.csv
[2022-08-29 14:55:36,824] {logging_mixin.py:109} INFO - read from csv to df successful
[2022-08-29 14:55:37,942] {python.py:175} INFO - Done. Returned value was: None
[2022-08-29 14:55:37,961] {taskinstance.py:1277} INFO - Marking task as SUCCESS. dag_id=h1b_lca_data_v3, task_id=format_csv_to_parquet_task, execution_date=20220110T060000, start_date=20220829T145532, end_date=20220829T145537
[2022-08-29 14:55:38,095] {local_task_job.py:154} INFO - Task exited with return code 0
[2022-08-29 14:55:38,176] {local_task_job.py:264} INFO - 1 downstream tasks scheduled from follow-on schedule check
