[2022-08-29 14:49:02,559] {taskinstance.py:1032} INFO - Dependencies all met for <TaskInstance: h1b_lca_data_v3.format_xlsx_to_csv_task scheduled__2021-01-10T06:00:00+00:00 [queued]>
[2022-08-29 14:49:02,583] {taskinstance.py:1032} INFO - Dependencies all met for <TaskInstance: h1b_lca_data_v3.format_xlsx_to_csv_task scheduled__2021-01-10T06:00:00+00:00 [queued]>
[2022-08-29 14:49:02,585] {taskinstance.py:1238} INFO - 
--------------------------------------------------------------------------------
[2022-08-29 14:49:02,586] {taskinstance.py:1239} INFO - Starting attempt 1 of 1
[2022-08-29 14:49:02,587] {taskinstance.py:1240} INFO - 
--------------------------------------------------------------------------------
[2022-08-29 14:49:02,610] {taskinstance.py:1259} INFO - Executing <Task(PythonOperator): format_xlsx_to_csv_task> on 2021-01-10 06:00:00+00:00
[2022-08-29 14:49:02,619] {standard_task_runner.py:52} INFO - Started process 9241 to run task
[2022-08-29 14:49:02,626] {standard_task_runner.py:76} INFO - Running: ['***', 'tasks', 'run', 'h1b_lca_data_v3', 'format_xlsx_to_csv_task', 'scheduled__2021-01-10T06:00:00+00:00', '--job-id', '1455', '--raw', '--subdir', 'DAGS_FOLDER/upload_h1b_data_to_gcp.py', '--cfg-path', '/tmp/tmpuxlhftmz', '--error-file', '/tmp/tmpmvh7xhv2']
[2022-08-29 14:49:02,629] {standard_task_runner.py:77} INFO - Job 1455: Subtask format_xlsx_to_csv_task
[2022-08-29 14:49:02,720] {logging_mixin.py:109} INFO - Running <TaskInstance: h1b_lca_data_v3.format_xlsx_to_csv_task scheduled__2021-01-10T06:00:00+00:00 [running]> on host efb24f1b01c6
[2022-08-29 14:49:02,793] {warnings.py:110} WARNING - /home/***/.local/lib/python3.7/site-packages/***/utils/context.py:152: AirflowContextDeprecationWarning: Accessing 'execution_date' from the template is deprecated and will be removed in a future version. Please use 'data_interval_start' or 'logical_date' instead.
  warnings.warn(_create_deprecation_warning(key, self._deprecation_replacements[key]))

[2022-08-29 14:49:02,861] {taskinstance.py:1426} INFO - Exporting the following env vars:
AIRFLOW_CTX_DAG_OWNER=***
AIRFLOW_CTX_DAG_ID=h1b_lca_data_v3
AIRFLOW_CTX_TASK_ID=format_xlsx_to_csv_task
AIRFLOW_CTX_EXECUTION_DATE=2021-01-10T06:00:00+00:00
AIRFLOW_CTX_DAG_RUN_ID=scheduled__2021-01-10T06:00:00+00:00
[2022-08-29 14:49:15,642] {logging_mixin.py:109} INFO - Source file:  /opt/***/LCA_Disclosure_Data_FY2021_Q1.xlsx
[2022-08-29 14:52:45,933] {logging_mixin.py:109} INFO - attempting to write dataframe to csv format
[2022-08-29 14:52:54,291] {logging_mixin.py:109} INFO - Wrote to file:  /opt/***/LCA_Disclosure_Data_FY2021_Q1.csv
[2022-08-29 14:52:54,474] {python.py:175} INFO - Done. Returned value was: None
[2022-08-29 14:52:54,530] {taskinstance.py:1277} INFO - Marking task as SUCCESS. dag_id=h1b_lca_data_v3, task_id=format_xlsx_to_csv_task, execution_date=20210110T060000, start_date=20220829T144902, end_date=20220829T145254
[2022-08-29 14:52:54,665] {local_task_job.py:154} INFO - Task exited with return code 0
[2022-08-29 14:52:54,763] {local_task_job.py:264} INFO - 1 downstream tasks scheduled from follow-on schedule check
