[2022-08-29 18:56:40,111] {taskinstance.py:1032} INFO - Dependencies all met for <TaskInstance: h1b_lca_data_v4.local_to_gcs_task scheduled__2021-01-10T06:00:00+00:00 [queued]>
[2022-08-29 18:56:40,128] {taskinstance.py:1032} INFO - Dependencies all met for <TaskInstance: h1b_lca_data_v4.local_to_gcs_task scheduled__2021-01-10T06:00:00+00:00 [queued]>
[2022-08-29 18:56:40,129] {taskinstance.py:1238} INFO - 
--------------------------------------------------------------------------------
[2022-08-29 18:56:40,130] {taskinstance.py:1239} INFO - Starting attempt 1 of 1
[2022-08-29 18:56:40,131] {taskinstance.py:1240} INFO - 
--------------------------------------------------------------------------------
[2022-08-29 18:56:40,153] {taskinstance.py:1259} INFO - Executing <Task(PythonOperator): local_to_gcs_task> on 2021-01-10 06:00:00+00:00
[2022-08-29 18:56:40,165] {standard_task_runner.py:52} INFO - Started process 6064 to run task
[2022-08-29 18:56:40,172] {standard_task_runner.py:76} INFO - Running: ['***', 'tasks', 'run', 'h1b_lca_data_v4', 'local_to_gcs_task', 'scheduled__2021-01-10T06:00:00+00:00', '--job-id', '1696', '--raw', '--subdir', 'DAGS_FOLDER/upload_h1b_data_to_gcp.py', '--cfg-path', '/tmp/tmpvd_knk61', '--error-file', '/tmp/tmpkyd8b11r']
[2022-08-29 18:56:40,175] {standard_task_runner.py:77} INFO - Job 1696: Subtask local_to_gcs_task
[2022-08-29 18:56:40,262] {logging_mixin.py:109} INFO - Running <TaskInstance: h1b_lca_data_v4.local_to_gcs_task scheduled__2021-01-10T06:00:00+00:00 [running]> on host f153c6531160
[2022-08-29 18:56:40,317] {warnings.py:110} WARNING - /home/***/.local/lib/python3.7/site-packages/***/utils/context.py:152: AirflowContextDeprecationWarning: Accessing 'execution_date' from the template is deprecated and will be removed in a future version. Please use 'data_interval_start' or 'logical_date' instead.
  warnings.warn(_create_deprecation_warning(key, self._deprecation_replacements[key]))

[2022-08-29 18:56:40,361] {taskinstance.py:1426} INFO - Exporting the following env vars:
AIRFLOW_CTX_DAG_OWNER=***
AIRFLOW_CTX_DAG_ID=h1b_lca_data_v4
AIRFLOW_CTX_TASK_ID=local_to_gcs_task
AIRFLOW_CTX_EXECUTION_DATE=2021-01-10T06:00:00+00:00
AIRFLOW_CTX_DAG_RUN_ID=scheduled__2021-01-10T06:00:00+00:00
[2022-08-29 18:56:53,052] {python.py:175} INFO - Done. Returned value was: None
[2022-08-29 18:56:53,076] {taskinstance.py:1277} INFO - Marking task as SUCCESS. dag_id=h1b_lca_data_v4, task_id=local_to_gcs_task, execution_date=20210110T060000, start_date=20220829T185640, end_date=20220829T185653
[2022-08-29 18:56:53,133] {local_task_job.py:154} INFO - Task exited with return code 0
[2022-08-29 18:56:53,192] {local_task_job.py:264} INFO - 1 downstream tasks scheduled from follow-on schedule check
