[2022-08-29 19:19:51,094] {taskinstance.py:1032} INFO - Dependencies all met for <TaskInstance: h1b_lca_data_v4.local_to_gcs_task scheduled__2021-01-10T06:00:00+00:00 [queued]>
[2022-08-29 19:19:51,110] {taskinstance.py:1032} INFO - Dependencies all met for <TaskInstance: h1b_lca_data_v4.local_to_gcs_task scheduled__2021-01-10T06:00:00+00:00 [queued]>
[2022-08-29 19:19:51,111] {taskinstance.py:1238} INFO - 
--------------------------------------------------------------------------------
[2022-08-29 19:19:51,112] {taskinstance.py:1239} INFO - Starting attempt 4 of 4
[2022-08-29 19:19:51,113] {taskinstance.py:1240} INFO - 
--------------------------------------------------------------------------------
[2022-08-29 19:19:51,128] {taskinstance.py:1259} INFO - Executing <Task(PythonOperator): local_to_gcs_task> on 2021-01-10 06:00:00+00:00
[2022-08-29 19:19:51,136] {standard_task_runner.py:52} INFO - Started process 7067 to run task
[2022-08-29 19:19:51,141] {standard_task_runner.py:76} INFO - Running: ['***', 'tasks', 'run', 'h1b_lca_data_v4', 'local_to_gcs_task', 'scheduled__2021-01-10T06:00:00+00:00', '--job-id', '1712', '--raw', '--subdir', 'DAGS_FOLDER/upload_h1b_data_to_gcp.py', '--cfg-path', '/tmp/tmpr588hpff', '--error-file', '/tmp/tmpoueopbk6']
[2022-08-29 19:19:51,143] {standard_task_runner.py:77} INFO - Job 1712: Subtask local_to_gcs_task
[2022-08-29 19:19:51,225] {logging_mixin.py:109} INFO - Running <TaskInstance: h1b_lca_data_v4.local_to_gcs_task scheduled__2021-01-10T06:00:00+00:00 [running]> on host f153c6531160
[2022-08-29 19:19:51,285] {warnings.py:110} WARNING - /home/***/.local/lib/python3.7/site-packages/***/utils/context.py:152: AirflowContextDeprecationWarning: Accessing 'execution_date' from the template is deprecated and will be removed in a future version. Please use 'data_interval_start' or 'logical_date' instead.
  warnings.warn(_create_deprecation_warning(key, self._deprecation_replacements[key]))

[2022-08-29 19:19:51,352] {taskinstance.py:1426} INFO - Exporting the following env vars:
AIRFLOW_CTX_DAG_OWNER=***
AIRFLOW_CTX_DAG_ID=h1b_lca_data_v4
AIRFLOW_CTX_TASK_ID=local_to_gcs_task
AIRFLOW_CTX_EXECUTION_DATE=2021-01-10T06:00:00+00:00
AIRFLOW_CTX_DAG_RUN_ID=scheduled__2021-01-10T06:00:00+00:00
[2022-08-29 19:19:51,356] {logging_mixin.py:109} INFO - Source file to be fetched to upload to GCS:  /opt/***/LCA_Disclosure_Data_FY2021_Q1.parquet
[2022-08-29 19:20:01,802] {python.py:175} INFO - Done. Returned value was: None
[2022-08-29 19:20:01,839] {taskinstance.py:1277} INFO - Marking task as SUCCESS. dag_id=h1b_lca_data_v4, task_id=local_to_gcs_task, execution_date=20210110T060000, start_date=20220829T191951, end_date=20220829T192001
[2022-08-29 19:20:01,929] {local_task_job.py:154} INFO - Task exited with return code 0
[2022-08-29 19:20:02,028] {local_task_job.py:264} INFO - 1 downstream tasks scheduled from follow-on schedule check
