[2022-08-23 16:10:01,237] {taskinstance.py:1032} INFO - Dependencies all met for <TaskInstance: api_dag.save_posts scheduled__2022-08-22T00:00:00+00:00 [queued]>
[2022-08-23 16:10:01,252] {taskinstance.py:1032} INFO - Dependencies all met for <TaskInstance: api_dag.save_posts scheduled__2022-08-22T00:00:00+00:00 [queued]>
[2022-08-23 16:10:01,253] {taskinstance.py:1238} INFO - 
--------------------------------------------------------------------------------
[2022-08-23 16:10:01,254] {taskinstance.py:1239} INFO - Starting attempt 5 of 5
[2022-08-23 16:10:01,255] {taskinstance.py:1240} INFO - 
--------------------------------------------------------------------------------
[2022-08-23 16:10:01,271] {taskinstance.py:1259} INFO - Executing <Task(PythonOperator): save_posts> on 2022-08-22 00:00:00+00:00
[2022-08-23 16:10:01,277] {standard_task_runner.py:52} INFO - Started process 1227 to run task
[2022-08-23 16:10:01,282] {standard_task_runner.py:76} INFO - Running: ['***', 'tasks', 'run', 'api_dag', 'save_posts', 'scheduled__2022-08-22T00:00:00+00:00', '--job-id', '267', '--raw', '--subdir', 'DAGS_FOLDER/api_dag.py', '--cfg-path', '/tmp/tmpk9wzdax_', '--error-file', '/tmp/tmp7i7k1h5i']
[2022-08-23 16:10:01,284] {standard_task_runner.py:77} INFO - Job 267: Subtask save_posts
[2022-08-23 16:10:01,360] {logging_mixin.py:109} INFO - Running <TaskInstance: api_dag.save_posts scheduled__2022-08-22T00:00:00+00:00 [running]> on host 7dedb8b41d8d
[2022-08-23 16:10:01,442] {taskinstance.py:1426} INFO - Exporting the following env vars:
AIRFLOW_CTX_DAG_OWNER=***
AIRFLOW_CTX_DAG_ID=api_dag
AIRFLOW_CTX_TASK_ID=save_posts
AIRFLOW_CTX_EXECUTION_DATE=2022-08-22T00:00:00+00:00
AIRFLOW_CTX_DAG_RUN_ID=scheduled__2022-08-22T00:00:00+00:00
[2022-08-23 16:10:01,457] {python.py:175} INFO - Done. Returned value was: None
[2022-08-23 16:10:01,476] {taskinstance.py:1277} INFO - Marking task as SUCCESS. dag_id=api_dag, task_id=save_posts, execution_date=20220822T000000, start_date=20220823T161001, end_date=20220823T161001
[2022-08-23 16:10:01,539] {local_task_job.py:154} INFO - Task exited with return code 0
[2022-08-23 16:10:01,600] {local_task_job.py:264} INFO - 0 downstream tasks scheduled from follow-on schedule check
